                      :-) GROMACS - gmx mdrun, 2021.2 (-:

                            GROMACS is written by:
     Andrey Alekseenko              Emile Apol              Rossen Apostolov     
         Paul Bauer           Herman J.C. Berendsen           Par Bjelkmar       
       Christian Blau           Viacheslav Bolnykh             Kevin Boyd        
     Aldert van Buuren           Rudi van Drunen             Anton Feenstra      
    Gilles Gouaillardet             Alan Gray               Gerrit Groenhof      
       Anca Hamuraru            Vincent Hindriksen          M. Eric Irrgang      
      Aleksei Iupinov           Christoph Junghans             Joe Jordan        
    Dimitrios Karkoulis            Peter Kasson                Jiri Kraus        
      Carsten Kutzner              Per Larsson              Justin A. Lemkul     
       Viveca Lindahl            Magnus Lundborg             Erik Marklund       
        Pascal Merz             Pieter Meulenhoff            Teemu Murtola       
        Szilard Pall               Sander Pronk              Roland Schulz       
       Michael Shirts            Alexey Shvetsov             Alfons Sijbers      
       Peter Tieleman              Jon Vincent              Teemu Virolainen     
     Christian Wennberg            Maarten Wolf              Artem Zhmurov       
                           and the project leaders:
        Mark Abraham, Berk Hess, Erik Lindahl, and David van der Spoel

Copyright (c) 1991-2000, University of Groningen, The Netherlands.
Copyright (c) 2001-2019, The GROMACS development team at
Uppsala University, Stockholm University and
the Royal Institute of Technology, Sweden.
check out http://www.gromacs.org for more information.

GROMACS is free software; you can redistribute it and/or modify it
under the terms of the GNU Lesser General Public License
as published by the Free Software Foundation; either version 2.1
of the License, or (at your option) any later version.

GROMACS:      gmx mdrun, version 2021.2
Executable:   /gpfs/opt/apps/gromacs-2021.2/bin/gmx
Data prefix:  /gpfs/opt/apps/gromacs-2021.2
Working dir:  /gpfs/work/tuk27574/fragment_builder
Process ID:   754
Command line:
  gmx mdrun -s ./combo_folder/PAA/nvt_PAA15.tpr -deffnm ./combo_folder/PAA/combo_nvt_PAA15

GROMACS version:    2021.2
Verified release checksum is d91a739522d82c53dc47c2276b9ac5fae3b2119283e84e3a1c7bed8ce741fda2
Precision:          mixed
Memory model:       64 bit
MPI library:        thread_mpi
OpenMP support:     enabled (GMX_OPENMP_MAX_THREADS = 64)
GPU support:        disabled
SIMD instructions:  SSE4.1
FFT library:        fftw-3.3.3-sse2
RDTSCP usage:       enabled
TNG support:        enabled
Hwloc support:      disabled
Tracing support:    disabled
C compiler:         /gpfs/opt/tools/gcc-8.4.0/bin/gcc GNU 8.4.0
C compiler flags:   -msse4.1 -Wno-missing-field-initializers -fexcess-precision=fast -funroll-all-loops -O3 -DNDEBUG
C++ compiler:       /gpfs/opt/tools/gcc-8.4.0/bin/g++ GNU 8.4.0
C++ compiler flags: -msse4.1 -Wno-missing-field-initializers -fexcess-precision=fast -funroll-all-loops -fopenmp -O3 -DNDEBUG


Running on 1 node with total 28 cores, 28 logical cores
Hardware detected:
  CPU info:
    Vendor: Intel
    Brand:  Intel(R) Xeon(R) CPU E5-2690 v4 @ 2.60GHz
    Family: 6   Model: 79   Stepping: 1
    Features: aes apic avx avx2 clfsh cmov cx8 cx16 f16c fma hle htt intel lahf mmx msr nonstop_tsc pcid pclmuldq pdcm pdpe1gb popcnt pse rdrnd rdtscp rtm sse2 sse3 sse4.1 sse4.2 ssse3 tdt x2apic
  Hardware topology: Basic
    Sockets, cores, and logical processors:
      Socket  0: [   0] [   2] [   4] [   6] [   8] [  10] [  12] [  14] [  16] [  18] [  20] [  22] [  24] [  26]
      Socket  1: [   1] [   3] [   5] [   7] [   9] [  11] [  13] [  15] [  17] [  19] [  21] [  23] [  25] [  27]

Highest SIMD level requested by all nodes in run: AVX2_256
SIMD instructions selected at compile time:       SSE4.1
This program was compiled for different hardware than you are running on,
which could influence performance.

++++ PLEASE READ AND CITE THE FOLLOWING REFERENCE ++++
M. J. Abraham, T. Murtola, R. Schulz, S. Páll, J. C. Smith, B. Hess, E.
Lindahl
GROMACS: High performance molecular simulations through multi-level
parallelism from laptops to supercomputers
SoftwareX 1 (2015) pp. 19-25
-------- -------- --- Thank You --- -------- --------


++++ PLEASE READ AND CITE THE FOLLOWING REFERENCE ++++
S. Páll, M. J. Abraham, C. Kutzner, B. Hess, E. Lindahl
Tackling Exascale Software Challenges in Molecular Dynamics Simulations with
GROMACS
In S. Markidis & E. Laure (Eds.), Solving Software Challenges for Exascale 8759 (2015) pp. 3-27
-------- -------- --- Thank You --- -------- --------


++++ PLEASE READ AND CITE THE FOLLOWING REFERENCE ++++
S. Pronk, S. Páll, R. Schulz, P. Larsson, P. Bjelkmar, R. Apostolov, M. R.
Shirts, J. C. Smith, P. M. Kasson, D. van der Spoel, B. Hess, and E. Lindahl
GROMACS 4.5: a high-throughput and highly parallel open source molecular
simulation toolkit
Bioinformatics 29 (2013) pp. 845-54
-------- -------- --- Thank You --- -------- --------


++++ PLEASE READ AND CITE THE FOLLOWING REFERENCE ++++
B. Hess and C. Kutzner and D. van der Spoel and E. Lindahl
GROMACS 4: Algorithms for highly efficient, load-balanced, and scalable
molecular simulation
J. Chem. Theory Comput. 4 (2008) pp. 435-447
-------- -------- --- Thank You --- -------- --------


++++ PLEASE READ AND CITE THE FOLLOWING REFERENCE ++++
D. van der Spoel, E. Lindahl, B. Hess, G. Groenhof, A. E. Mark and H. J. C.
Berendsen
GROMACS: Fast, Flexible and Free
J. Comp. Chem. 26 (2005) pp. 1701-1719
-------- -------- --- Thank You --- -------- --------


++++ PLEASE READ AND CITE THE FOLLOWING REFERENCE ++++
E. Lindahl and B. Hess and D. van der Spoel
GROMACS 3.0: A package for molecular simulation and trajectory analysis
J. Mol. Mod. 7 (2001) pp. 306-317
-------- -------- --- Thank You --- -------- --------


++++ PLEASE READ AND CITE THE FOLLOWING REFERENCE ++++
H. J. C. Berendsen, D. van der Spoel and R. van Drunen
GROMACS: A message-passing parallel molecular dynamics implementation
Comp. Phys. Comm. 91 (1995) pp. 43-56
-------- -------- --- Thank You --- -------- --------


++++ PLEASE CITE THE DOI FOR THIS VERSION OF GROMACS ++++
https://doi.org/10.5281/zenodo.4723562
-------- -------- --- Thank You --- -------- --------


The number of OpenMP threads was set by environment variable OMP_NUM_THREADS to 1

Input Parameters:
   integrator                     = md
   tinit                          = 0
   dt                             = 0.002
   nsteps                         = 10000
   init-step                      = 0
   simulation-part                = 1
   mts                            = false
   comm-mode                      = Linear
   nstcomm                        = 100
   bd-fric                        = 0
   ld-seed                        = -4964452
   emtol                          = 10
   emstep                         = 0.01
   niter                          = 20
   fcstep                         = 0
   nstcgsteep                     = 1000
   nbfgscorr                      = 10
   rtpi                           = 0.05
   nstxout                        = 0
   nstvout                        = 0
   nstfout                        = 0
   nstlog                         = 500
   nstcalcenergy                  = 100
   nstenergy                      = 500
   nstxout-compressed             = 500
   compressed-x-precision         = 1000
   cutoff-scheme                  = Verlet
   nstlist                        = 20
   pbc                            = xyz
   periodic-molecules             = false
   verlet-buffer-tolerance        = 0.005
   rlist                          = 1.221
   coulombtype                    = PME
   coulomb-modifier               = Potential-shift
   rcoulomb-switch                = 0
   rcoulomb                       = 1.2
   epsilon-r                      = 1
   epsilon-rf                     = inf
   vdw-type                       = Cut-off
   vdw-modifier                   = Force-switch
   rvdw-switch                    = 1
   rvdw                           = 1.2
   DispCorr                       = No
   table-extension                = 1
   fourierspacing                 = 0.16
   fourier-nx                     = 72
   fourier-ny                     = 72
   fourier-nz                     = 72
   pme-order                      = 4
   ewald-rtol                     = 1e-05
   ewald-rtol-lj                  = 0.001
   lj-pme-comb-rule               = Geometric
   ewald-geometry                 = 0
   epsilon-surface                = 0
   tcoupl                         = V-rescale
   nsttcouple                     = 10
   nh-chain-length                = 0
   print-nose-hoover-chain-variables = false
   pcoupl                         = No
   pcoupltype                     = Isotropic
   nstpcouple                     = -1
   tau-p                          = 1
   compressibility (3x3):
      compressibility[    0]={ 0.00000e+00,  0.00000e+00,  0.00000e+00}
      compressibility[    1]={ 0.00000e+00,  0.00000e+00,  0.00000e+00}
      compressibility[    2]={ 0.00000e+00,  0.00000e+00,  0.00000e+00}
   ref-p (3x3):
      ref-p[    0]={ 0.00000e+00,  0.00000e+00,  0.00000e+00}
      ref-p[    1]={ 0.00000e+00,  0.00000e+00,  0.00000e+00}
      ref-p[    2]={ 0.00000e+00,  0.00000e+00,  0.00000e+00}
   refcoord-scaling               = No
   posres-com (3):
      posres-com[0]= 0.00000e+00
      posres-com[1]= 0.00000e+00
      posres-com[2]= 0.00000e+00
   posres-comB (3):
      posres-comB[0]= 0.00000e+00
      posres-comB[1]= 0.00000e+00
      posres-comB[2]= 0.00000e+00
   QMMM                           = false
qm-opts:
   ngQM                           = 0
   constraint-algorithm           = Lincs
   continuation                   = false
   Shake-SOR                      = false
   shake-tol                      = 0.0001
   lincs-order                    = 4
   lincs-iter                     = 1
   lincs-warnangle                = 30
   nwall                          = 0
   wall-type                      = 9-3
   wall-r-linpot                  = -1
   wall-atomtype[0]               = -1
   wall-atomtype[1]               = -1
   wall-density[0]                = 0
   wall-density[1]                = 0
   wall-ewald-zfac                = 3
   pull                           = false
   awh                            = false
   rotation                       = false
   interactiveMD                  = false
   disre                          = No
   disre-weighting                = Conservative
   disre-mixed                    = false
   dr-fc                          = 1000
   dr-tau                         = 0
   nstdisreout                    = 100
   orire-fc                       = 0
   orire-tau                      = 0
   nstorireout                    = 100
   free-energy                    = no
   cos-acceleration               = 0
   deform (3x3):
      deform[    0]={ 0.00000e+00,  0.00000e+00,  0.00000e+00}
      deform[    1]={ 0.00000e+00,  0.00000e+00,  0.00000e+00}
      deform[    2]={ 0.00000e+00,  0.00000e+00,  0.00000e+00}
   simulated-tempering            = false
   swapcoords                     = no
   userint1                       = 0
   userint2                       = 0
   userint3                       = 0
   userint4                       = 0
   userreal1                      = 0
   userreal2                      = 0
   userreal3                      = 0
   userreal4                      = 0
   applied-forces:
     electric-field:
       x:
         E0                       = 0
         omega                    = 0
         t0                       = 0
         sigma                    = 0
       y:
         E0                       = 0
         omega                    = 0
         t0                       = 0
         sigma                    = 0
       z:
         E0                       = 0
         omega                    = 0
         t0                       = 0
         sigma                    = 0
     density-guided-simulation:
       active                     = false
       group                      = protein
       similarity-measure         = inner-product
       atom-spreading-weight      = unity
       force-constant             = 1e+09
       gaussian-transform-spreading-width = 0.2
       gaussian-transform-spreading-range-in-multiples-of-width = 4
       reference-density-filename = reference.mrc
       nst                        = 1
       normalize-densities        = true
       adaptive-force-scaling     = false
       adaptive-force-scaling-time-constant = 4
       shift-vector               = 
       transformation-matrix      = 
grpopts:
   nrdf:     23287.7     689.991      216381
   ref-t:         300         300         300
   tau-t:         0.1         0.1         0.1
annealing:          No          No          No
annealing-npoints:           0           0           0
   acc:	           0           0           0
   nfreeze:           N           N           N
   energygrp-flags[  0]: 0

Changing nstlist from 20 to 80, rlist from 1.221 to 1.317


Initializing Domain Decomposition on 28 ranks
Dynamic load balancing: auto
Minimum cell size due to atom displacement: 0.649 nm
Initial maximum distances in bonded interactions:
    two-body bonded interactions: 0.424 nm, LJ-14, atoms 2530 2538
  multi-body bonded interactions: 0.424 nm, Proper Dih., atoms 2530 2538
Minimum cell size due to bonded interactions: 0.466 nm
Maximum distance for 5 constraints, at 120 deg. angles, all-trans: 0.219 nm
Estimated maximum distance required for P-LINCS: 0.219 nm
Scaling the initial minimum size with 1/0.8 (option -dds) = 1.25
Guess for relative PME load: 0.09
Will use 24 particle-particle and 4 PME only ranks
This is a guess, check the performance at the end of the log file
Using 4 separate PME ranks, as guessed by mdrun
Optimizing the DD grid for 24 cells with a minimum initial size of 0.811 nm
The maximum allowed number of cells is: X 13 Y 13 Z 13
Domain decomposition grid 4 x 3 x 2, separate PME ranks 4
PME domain decomposition: 4 x 1 x 1
Interleaving PP and PME ranks
This rank does only particle-particle work.
Domain decomposition rank 0, coordinates 0 0 0

The initial number of communication pulses is: X 1 Y 1 Z 1
The initial domain decomposition cell size is: X 2.66 nm Y 3.54 nm Z 5.31 nm

The maximum allowed distance for atoms involved in interactions is:
                 non-bonded interactions           1.317 nm
            two-body bonded interactions  (-rdd)   1.317 nm
          multi-body bonded interactions  (-rdd)   1.317 nm
  atoms separated by up to 5 constraints  (-rcon)  2.656 nm

When dynamic load balancing gets turned on, these settings will change to:
The maximum number of communication pulses is: X 1 Y 1 Z 1
The minimum size for domain decomposition cells is 1.317 nm
The requested allowed shrink of DD cells (option -dds) is: 0.80
The allowed shrink of domain decomposition cells is: X 0.50 Y 0.37 Z 0.25
The maximum allowed distance for atoms involved in interactions is:
                 non-bonded interactions           1.317 nm
            two-body bonded interactions  (-rdd)   1.317 nm
          multi-body bonded interactions  (-rdd)   1.317 nm
  atoms separated by up to 5 constraints  (-rcon)  1.317 nm

Using 28 MPI threads
Using 1 OpenMP thread per tMPI thread

Pinning threads with an auto-selected logical core stride of 1
System total charge: 0.000
Will do PME sum in reciprocal space for electrostatic interactions.

++++ PLEASE READ AND CITE THE FOLLOWING REFERENCE ++++
U. Essmann, L. Perera, M. L. Berkowitz, T. Darden, H. Lee and L. G. Pedersen 
A smooth particle mesh Ewald method
J. Chem. Phys. 103 (1995) pp. 8577-8592
-------- -------- --- Thank You --- -------- --------

Using a Gaussian width (1/beta) of 0.384195 nm for Ewald
Potential shift: LJ r^-12: -2.648e-01 r^-6: -5.349e-01, Ewald -8.333e-06
Initialized non-bonded Ewald tables, spacing: 1.02e-03 size: 1176

Generated table with 1158 data points for 1-4 COUL.
Tabscale = 500 points/nm
Generated table with 1158 data points for 1-4 LJ6.
Tabscale = 500 points/nm
Generated table with 1158 data points for 1-4 LJ12.
Tabscale = 500 points/nm


Using SIMD 4x4 nonbonded short-range kernels

Using a dual 4x4 pair-list setup updated with dynamic pruning:
  outer list: updated every 80 steps, buffer 0.117 nm, rlist 1.317 nm
  inner list: updated every 13 steps, buffer 0.001 nm, rlist 1.201 nm
At tolerance 0.005 kJ/mol/ps per atom, equivalent classical 1x1 list would be:
  outer list: updated every 80 steps, buffer 0.261 nm, rlist 1.461 nm
  inner list: updated every 13 steps, buffer 0.051 nm, rlist 1.251 nm
Removing pbc first time

Initializing Parallel LINear Constraint Solver

++++ PLEASE READ AND CITE THE FOLLOWING REFERENCE ++++
B. Hess
P-LINCS: A Parallel Linear Constraint Solver for molecular simulation
J. Chem. Theory Comput. 4 (2008) pp. 116-122
-------- -------- --- Thank You --- -------- --------

The number of constraints is 4765
There are constraints between atoms in different decomposition domains,
will communicate selected coordinates each lincs iteration

++++ PLEASE READ AND CITE THE FOLLOWING REFERENCE ++++
S. Miyamoto and P. A. Kollman
SETTLE: An Analytical Version of the SHAKE and RATTLE Algorithms for Rigid
Water Models
J. Comp. Chem. 13 (1992) pp. 952-962
-------- -------- --- Thank You --- -------- --------


Linking all bonded interactions to atoms


Intra-simulation communication will occur every 10 steps.

++++ PLEASE READ AND CITE THE FOLLOWING REFERENCE ++++
G. Bussi, D. Donadio and M. Parrinello
Canonical sampling through velocity rescaling
J. Chem. Phys. 126 (2007) pp. 014101
-------- -------- --- Thank You --- -------- --------

There are: 117700 Atoms
Atom distribution over 24 domains: av 4904 stddev 79 min 4827 max 5074

Constraining the starting coordinates (step 0)

Constraining the coordinates at t0-dt (step 0)
Center of mass motion removal mode is Linear
We have the following groups for center of mass motion removal:
  0:  rest
RMS relative constraint deviation after constraining: 2.57e-06
Initial temperature: 300.732 K

Started mdrun on rank 0 Fri Jun 24 06:52:44 2022

           Step           Time
              0        0.00000

   Energies (kJ/mol)
           Bond          Angle    Proper Dih.  Improper Dih.          LJ-14
    1.44484e+03    7.04509e+03    2.83256e+04    2.18452e+02    8.03421e+03
     Coulomb-14        LJ (SR)   Coulomb (SR)   Coul. recip.      Potential
    9.92880e+04    2.26800e+05   -2.25686e+06    3.09993e+03   -1.88260e+06
    Kinetic En.   Total Energy  Conserved En.    Temperature Pressure (bar)
    3.00561e+05   -1.58204e+06   -1.58204e+06    3.00793e+02   -4.67532e+03
   Constr. rmsd
    3.16179e-06


DD  step 79 load imb.: force 11.8%  pme mesh/force 2.180
step  480: timed with pme grid 72 72 72, coulomb cutoff 1.200: 84045.9 M-cycles
           Step           Time
            500        1.00000

   Energies (kJ/mol)
           Bond          Angle    Proper Dih.  Improper Dih.          LJ-14
    7.34475e+03    2.17895e+04    3.15294e+04    1.17435e+03    9.28832e+03
     Coulomb-14        LJ (SR)   Coulomb (SR)   Coul. recip.      Potential
    9.94491e+04    2.07192e+05   -1.93884e+06    4.13421e+03   -1.55694e+06
    Kinetic En.   Total Energy  Conserved En.    Temperature Pressure (bar)
    2.96908e+05   -1.26004e+06   -1.57917e+06    2.97137e+02    6.54635e+00
   Constr. rmsd
    3.34133e-06

step  640: timed with pme grid 60 60 60, coulomb cutoff 1.328: 109458.0 M-cycles
step  800: timed with pme grid 64 64 64, coulomb cutoff 1.245: 107473.9 M-cycles
step  960: timed with pme grid 72 72 72, coulomb cutoff 1.200: 121661.3 M-cycles
              optimal pme grid 72 72 72, coulomb cutoff 1.200
           Step           Time
           1000        2.00000

   Energies (kJ/mol)
           Bond          Angle    Proper Dih.  Improper Dih.          LJ-14
    7.45892e+03    2.17489e+04    3.13229e+04    1.11477e+03    9.26153e+03
     Coulomb-14        LJ (SR)   Coulomb (SR)   Coul. recip.      Potential
    9.87482e+04    2.04464e+05   -1.93037e+06    6.00549e+03   -1.55025e+06
    Kinetic En.   Total Energy  Conserved En.    Temperature Pressure (bar)
    2.98276e+05   -1.25197e+06   -1.57910e+06    2.98507e+02   -8.43070e+01
   Constr. rmsd
    3.14864e-06

Writing checkpoint, step 1440 at Fri Jun 24 07:08:36 2022


           Step           Time
           1500        3.00000

   Energies (kJ/mol)
           Bond          Angle    Proper Dih.  Improper Dih.          LJ-14
    7.02739e+03    2.12421e+04    3.14866e+04    1.22925e+03    9.24833e+03
     Coulomb-14        LJ (SR)   Coulomb (SR)   Coul. recip.      Potential
    9.91080e+04    2.04261e+05   -1.93089e+06    5.93091e+03   -1.55136e+06
    Kinetic En.   Total Energy  Conserved En.    Temperature Pressure (bar)
    2.99493e+05   -1.25186e+06   -1.57915e+06    2.99724e+02   -1.20776e+02
   Constr. rmsd
    3.20182e-06


DD  step 1999 load imb.: force  3.1%  pme mesh/force 2.283
           Step           Time
           2000        4.00000

   Energies (kJ/mol)
           Bond          Angle    Proper Dih.  Improper Dih.          LJ-14
    7.60672e+03    2.16328e+04    3.12267e+04    1.08300e+03    9.27492e+03
     Coulomb-14        LJ (SR)   Coulomb (SR)   Coul. recip.      Potential
    9.93947e+04    2.02787e+05   -1.92642e+06    5.86791e+03   -1.54754e+06
    Kinetic En.   Total Energy  Conserved En.    Temperature Pressure (bar)
    3.00199e+05   -1.24734e+06   -1.57907e+06    3.00431e+02   -1.26889e+02
   Constr. rmsd
    3.36717e-06

Writing checkpoint, step 2320 at Fri Jun 24 07:23:37 2022


           Step           Time
           2500        5.00000

   Energies (kJ/mol)
           Bond          Angle    Proper Dih.  Improper Dih.          LJ-14
    7.08990e+03    2.12263e+04    3.13343e+04    1.09732e+03    9.24406e+03
     Coulomb-14        LJ (SR)   Coulomb (SR)   Coul. recip.      Potential
    9.89234e+04    2.03503e+05   -1.92957e+06    6.12011e+03   -1.55104e+06
    Kinetic En.   Total Energy  Conserved En.    Temperature Pressure (bar)
    2.97644e+05   -1.25339e+06   -1.57907e+06    2.97874e+02   -1.14446e+02
   Constr. rmsd
    3.26416e-06

           Step           Time
           3000        6.00000

   Energies (kJ/mol)
           Bond          Angle    Proper Dih.  Improper Dih.          LJ-14
    7.18980e+03    2.15440e+04    3.12681e+04    1.08683e+03    9.15563e+03
     Coulomb-14        LJ (SR)   Coulomb (SR)   Coul. recip.      Potential
    9.90874e+04    2.05632e+05   -1.93202e+06    6.14591e+03   -1.55091e+06
    Kinetic En.   Total Energy  Conserved En.    Temperature Pressure (bar)
    2.99508e+05   -1.25140e+06   -1.57906e+06    2.99740e+02   -7.94430e+01
   Constr. rmsd
    3.49418e-06

Writing checkpoint, step 3200 at Fri Jun 24 07:38:35 2022


           Step           Time
           3500        7.00000

   Energies (kJ/mol)
           Bond          Angle    Proper Dih.  Improper Dih.          LJ-14
    7.22441e+03    2.16196e+04    3.13629e+04    1.08202e+03    9.19134e+03
     Coulomb-14        LJ (SR)   Coulomb (SR)   Coul. recip.      Potential
    9.90604e+04    2.03561e+05   -1.92942e+06    5.89277e+03   -1.55042e+06
    Kinetic En.   Total Energy  Conserved En.    Temperature Pressure (bar)
    2.99802e+05   -1.25062e+06   -1.57904e+06    3.00034e+02   -1.19590e+02
   Constr. rmsd
    3.32838e-06


DD  step 3999 load imb.: force  3.4%  pme mesh/force 2.292
           Step           Time
           4000        8.00000

   Energies (kJ/mol)
           Bond          Angle    Proper Dih.  Improper Dih.          LJ-14
    7.50898e+03    2.12673e+04    3.15732e+04    1.16164e+03    9.25144e+03
     Coulomb-14        LJ (SR)   Coulomb (SR)   Coul. recip.      Potential
    9.90908e+04    2.03180e+05   -1.92783e+06    5.94881e+03   -1.54885e+06
    Kinetic En.   Total Energy  Conserved En.    Temperature Pressure (bar)
    3.00207e+05   -1.24865e+06   -1.57904e+06    3.00439e+02   -1.61895e+02
   Constr. rmsd
    3.23506e-06

Writing checkpoint, step 4080 at Fri Jun 24 07:53:37 2022


           Step           Time
           4500        9.00000

   Energies (kJ/mol)
           Bond          Angle    Proper Dih.  Improper Dih.          LJ-14
    7.57598e+03    2.14363e+04    3.13996e+04    1.15010e+03    9.32400e+03
     Coulomb-14        LJ (SR)   Coulomb (SR)   Coul. recip.      Potential
    9.91105e+04    2.04156e+05   -1.92667e+06    6.10828e+03   -1.54641e+06
    Kinetic En.   Total Energy  Conserved En.    Temperature Pressure (bar)
    3.01700e+05   -1.24471e+06   -1.57904e+06    3.01934e+02   -3.58559e+01
   Constr. rmsd
    3.38965e-06

Writing checkpoint, step 4960 at Fri Jun 24 08:08:38 2022


           Step           Time
           5000       10.00000

   Energies (kJ/mol)
           Bond          Angle    Proper Dih.  Improper Dih.          LJ-14
    7.14987e+03    2.17963e+04    3.14093e+04    1.22488e+03    9.35478e+03
     Coulomb-14        LJ (SR)   Coulomb (SR)   Coul. recip.      Potential
    9.91348e+04    2.02183e+05   -1.92687e+06    5.93118e+03   -1.54868e+06
    Kinetic En.   Total Energy  Conserved En.    Temperature Pressure (bar)
    3.00914e+05   -1.24777e+06   -1.57901e+06    3.01146e+02   -9.34185e+01
   Constr. rmsd
    3.30900e-06

           Step           Time
           5500       11.00000

   Energies (kJ/mol)
           Bond          Angle    Proper Dih.  Improper Dih.          LJ-14
    6.96102e+03    2.14465e+04    3.13317e+04    1.11443e+03    9.32520e+03
     Coulomb-14        LJ (SR)   Coulomb (SR)   Coul. recip.      Potential
    9.91755e+04    2.04716e+05   -1.93051e+06    5.87120e+03   -1.55057e+06
    Kinetic En.   Total Energy  Conserved En.    Temperature Pressure (bar)
    3.00241e+05   -1.25033e+06   -1.57903e+06    3.00473e+02   -1.21139e+00
   Constr. rmsd
    3.31191e-06

Writing checkpoint, step 5840 at Fri Jun 24 08:23:42 2022



DD  step 5999 load imb.: force  2.9%  pme mesh/force 2.262
           Step           Time
           6000       12.00000

   Energies (kJ/mol)
           Bond          Angle    Proper Dih.  Improper Dih.          LJ-14
    7.26189e+03    2.17732e+04    3.13983e+04    1.17583e+03    9.34520e+03
     Coulomb-14        LJ (SR)   Coulomb (SR)   Coul. recip.      Potential
    9.96071e+04    2.04562e+05   -1.93003e+06    5.98307e+03   -1.54892e+06
    Kinetic En.   Total Energy  Conserved En.    Temperature Pressure (bar)
    3.00128e+05   -1.24879e+06   -1.57893e+06    3.00360e+02   -5.01678e+01
   Constr. rmsd
    3.25210e-06

           Step           Time
           6500       13.00000

   Energies (kJ/mol)
           Bond          Angle    Proper Dih.  Improper Dih.          LJ-14
    7.36439e+03    2.13403e+04    3.13617e+04    1.15614e+03    9.31506e+03
     Coulomb-14        LJ (SR)   Coulomb (SR)   Coul. recip.      Potential
    9.90410e+04    2.02939e+05   -1.92742e+06    5.87159e+03   -1.54903e+06
    Kinetic En.   Total Energy  Conserved En.    Temperature Pressure (bar)
    2.99289e+05   -1.24975e+06   -1.57897e+06    2.99521e+02   -1.35683e+02
   Constr. rmsd
    3.30288e-06

Writing checkpoint, step 6720 at Fri Jun 24 08:38:42 2022


           Step           Time
           7000       14.00000

   Energies (kJ/mol)
           Bond          Angle    Proper Dih.  Improper Dih.          LJ-14
    7.33374e+03    2.18148e+04    3.14257e+04    1.22298e+03    9.23070e+03
     Coulomb-14        LJ (SR)   Coulomb (SR)   Coul. recip.      Potential
    9.91677e+04    2.04517e+05   -1.92940e+06    5.95323e+03   -1.54873e+06
    Kinetic En.   Total Energy  Conserved En.    Temperature Pressure (bar)
    2.99088e+05   -1.24964e+06   -1.57890e+06    2.99319e+02   -8.79664e+01
   Constr. rmsd
    3.27808e-06

           Step           Time
           7500       15.00000

   Energies (kJ/mol)
           Bond          Angle    Proper Dih.  Improper Dih.          LJ-14
    7.25438e+03    2.11909e+04    3.13064e+04    1.12106e+03    9.49361e+03
     Coulomb-14        LJ (SR)   Coulomb (SR)   Coul. recip.      Potential
    9.92901e+04    1.99666e+05   -1.92493e+06    5.99413e+03   -1.54961e+06
    Kinetic En.   Total Energy  Conserved En.    Temperature Pressure (bar)
    3.00184e+05   -1.24943e+06   -1.57895e+06    3.00416e+02   -2.22350e+02
   Constr. rmsd
    3.24583e-06

Writing checkpoint, step 7600 at Fri Jun 24 08:53:44 2022



DD  step 7999 load imb.: force  3.4%  pme mesh/force 2.254
           Step           Time
           8000       16.00000

   Energies (kJ/mol)
           Bond          Angle    Proper Dih.  Improper Dih.          LJ-14
    7.25769e+03    2.13882e+04    3.13139e+04    1.15220e+03    9.28940e+03
     Coulomb-14        LJ (SR)   Coulomb (SR)   Coul. recip.      Potential
    9.88875e+04    2.03940e+05   -1.92968e+06    5.94353e+03   -1.55051e+06
    Kinetic En.   Total Energy  Conserved En.    Temperature Pressure (bar)
    3.00182e+05   -1.25033e+06   -1.57892e+06    3.00414e+02   -8.59347e+01
   Constr. rmsd
    3.33673e-06

Writing checkpoint, step 8480 at Fri Jun 24 09:08:44 2022


           Step           Time
           8500       17.00000

   Energies (kJ/mol)
           Bond          Angle    Proper Dih.  Improper Dih.          LJ-14
    7.37567e+03    2.11655e+04    3.14305e+04    1.17323e+03    9.19560e+03
     Coulomb-14        LJ (SR)   Coulomb (SR)   Coul. recip.      Potential
    9.93424e+04    2.04293e+05   -1.93130e+06    5.80557e+03   -1.55152e+06
    Kinetic En.   Total Energy  Conserved En.    Temperature Pressure (bar)
    2.99112e+05   -1.25241e+06   -1.57890e+06    2.99343e+02   -2.39289e+02
   Constr. rmsd
    3.29290e-06

           Step           Time
           9000       18.00000

   Energies (kJ/mol)
           Bond          Angle    Proper Dih.  Improper Dih.          LJ-14
    7.17196e+03    2.14999e+04    3.12056e+04    1.15425e+03    9.27013e+03
     Coulomb-14        LJ (SR)   Coulomb (SR)   Coul. recip.      Potential
    9.90753e+04    2.03530e+05   -1.92944e+06    6.00050e+03   -1.55054e+06
    Kinetic En.   Total Energy  Conserved En.    Temperature Pressure (bar)
    3.00158e+05   -1.25038e+06   -1.57886e+06    3.00390e+02   -1.55825e+02
   Constr. rmsd
    3.36612e-06

Writing checkpoint, step 9360 at Fri Jun 24 09:23:45 2022


           Step           Time
           9500       19.00000

   Energies (kJ/mol)
           Bond          Angle    Proper Dih.  Improper Dih.          LJ-14
    7.42598e+03    2.15058e+04    3.12955e+04    1.21005e+03    9.24998e+03
     Coulomb-14        LJ (SR)   Coulomb (SR)   Coul. recip.      Potential
    9.88371e+04    2.02194e+05   -1.92646e+06    6.02360e+03   -1.54872e+06
    Kinetic En.   Total Energy  Conserved En.    Temperature Pressure (bar)
    2.98582e+05   -1.25013e+06   -1.57885e+06    2.98812e+02   -1.93399e+02
   Constr. rmsd
    3.20274e-06


DD  step 9999 load imb.: force  3.9%  pme mesh/force 2.216
           Step           Time
          10000       20.00000

Writing checkpoint, step 10000 at Fri Jun 24 09:34:42 2022


   Energies (kJ/mol)
           Bond          Angle    Proper Dih.  Improper Dih.          LJ-14
    7.11903e+03    2.16154e+04    3.14287e+04    1.09860e+03    9.25296e+03
     Coulomb-14        LJ (SR)   Coulomb (SR)   Coul. recip.      Potential
    9.88557e+04    2.04338e+05   -1.92930e+06    6.03373e+03   -1.54956e+06
    Kinetic En.   Total Energy  Conserved En.    Temperature Pressure (bar)
    3.00223e+05   -1.24933e+06   -1.57882e+06    3.00455e+02   -4.24476e+01
   Constr. rmsd
    3.42564e-06


Energy conservation over simulation part #1 of length 20 ns, time 0 to 20 ns
  Conserved energy drift: 1.37e-03 kJ/mol/ps per atom


	<======  ###############  ==>
	<====  A V E R A G E S  ====>
	<==  ###############  ======>

	Statistics over 10001 steps using 101 frames

   Energies (kJ/mol)
           Bond          Angle    Proper Dih.  Improper Dih.          LJ-14
    7.23598e+03    2.13104e+04    3.13395e+04    1.13989e+03    9.23503e+03
     Coulomb-14        LJ (SR)   Coulomb (SR)   Coul. recip.      Potential
    9.91187e+04    2.04274e+05   -1.93474e+06    5.88406e+03   -1.55521e+06
    Kinetic En.   Total Energy  Conserved En.    Temperature Pressure (bar)
    2.98643e+05   -1.25656e+06   -1.57903e+06    2.98874e+02   -1.90077e+02
   Constr. rmsd
    0.00000e+00

   Total Virial (kJ/mol)
    1.06164e+05    3.84675e+01    2.21678e+02
    3.83966e+01    1.06673e+05    2.73761e+02
    2.22177e+02    2.75184e+02    1.06385e+05

   Pressure (bar)
   -1.83618e+02   -2.50417e+00   -7.04519e+00
   -2.50221e+00   -1.96297e+02   -6.00751e+00
   -7.05902e+00   -6.04695e+00   -1.90317e+02

      T-Protein          T-PAAT-Water_and_ions
    2.99353e+02    2.98432e+02    2.98824e+02


	M E G A - F L O P S   A C C O U N T I N G

 NB=Group-cutoff nonbonded kernels    NxN=N-by-N cluster Verlet kernels
 RF=Reaction-Field  VdW=Van der Waals  QSTab=quadratic-spline table
 W3=SPC/TIP3p  W4=TIP4p (single or pairs)
 V&F=Potential and force  V=Potential only  F=Force only

 Computing:                               M-Number         M-Flops  % Flops
-----------------------------------------------------------------------------
 Pair Search distance check            7017.248674       63155.238     0.1
 NxN QSTab Elec. + LJ [F]            496268.616176    26302236.657    61.1
 NxN QSTab Elec. + LJ [V&F]            5064.967080      410262.333     1.0
 NxN QSTab Elec. [F]                 410668.489328    13962728.637    32.4
 NxN QSTab Elec. [V&F]                 4191.427320      171848.520     0.4
 1,4 nonbonded interactions             250.285026       22525.652     0.1
 Calc Weights                          3531.353100      127128.712     0.3
 Spread Q Bspline                     75335.532800      150671.066     0.4
 Gather F Bspline                     75335.532800      452013.197     1.1
 3D-FFT                              136501.748672     1092013.989     2.5
 Solve PME                               51.417664        3290.730     0.0
 Reset In Box                            14.830200          44.491     0.0
 CG-CoM                                  14.947900          44.844     0.0
 Bonds                                   49.204920        2903.090     0.0
 Angles                                 174.677466       29345.814     0.1
 Propers                                316.521649       72483.458     0.2
 Impropers                               19.201920        3993.999     0.0
 Virial                                  11.996780         215.942     0.0
 Stop-CM                                 12.005400         120.054     0.0
 Calc-Ekin                              235.635400        6362.156     0.0
 Lincs                                   51.332648        3079.959     0.0
 Lincs-Mat                              278.366328        1113.465     0.0
 Constraint-V                          1260.523884       11344.715     0.0
 Constraint-Vir                          12.210405         293.050     0.0
 Settle                                 385.994833      142818.088     0.3
-----------------------------------------------------------------------------
 Total                                                43032037.857   100.0
-----------------------------------------------------------------------------


    D O M A I N   D E C O M P O S I T I O N   S T A T I S T I C S

 av. #atoms communicated per step for force:  2 x 171685.3
 av. #atoms communicated per step for LINCS:  2 x 8442.2


Dynamic load balancing report:
 DLB was off during the run due to low measured imbalance.
 Average load imbalance: 4.5%.
 The balanceable part of the MD step is 37%, load imbalance is computed from this.
 Part of the total run time spent waiting due to load imbalance: 1.7%.
 Average PME mesh/force load: 2.254
 Part of the total run time spent waiting due to PP/PME imbalance: 33.0 %

NOTE: 33.0 % performance was lost because the PME ranks
      had more work to do than the PP ranks.
      You might want to increase the number of PME ranks
      or increase the cut-off and the grid spacing.


     R E A L   C Y C L E   A N D   T I M E   A C C O U N T I N G

On 24 MPI ranks doing PP, and
on 4 MPI ranks doing PME

 Computing:          Num   Num      Call    Wall time         Giga-Cycles
                     Ranks Threads  Count      (s)         total sum    %
-----------------------------------------------------------------------------
 Domain decomp.        24    1        126     324.120      20177.815   2.9
 DD comm. load         24    1          7       0.453         28.213   0.0
 Send X to PME         24    1      10001     588.812      36656.000   5.2
 Neighbor search       24    1        126      21.677       1349.453   0.2
 Comm. coord.          24    1       9875    1667.745     103824.110  14.7
 Force                 24    1      10001    1180.046      73462.793  10.4
 Wait + Comm. F        24    1      10001    1727.612     107551.111  15.2
 PME mesh *             4    1      10001    6717.479      69698.546   9.9
 PME wait for PP *                           3003.406      31162.441   4.4
 Wait + Recv. PME F    24    1      10001    2252.660     140237.531  19.9
 NB X/F buffer ops.    24    1      29751       1.885        117.320   0.0
 Write traj.           24    1         31       6.207        386.423   0.1
 Update                24    1      10001       0.408         25.410   0.0
 Constraints           24    1      10003    1702.908     106013.180  15.0
 Comm. energies        24    1       1001     245.514      15284.246   2.2
 Rest                                           1.932        120.248   0.0
-----------------------------------------------------------------------------
 Total                                       9721.976     706106.164 100.0
-----------------------------------------------------------------------------
(*) Note that with separate PME ranks, the walltime column actually sums to
    twice the total reported, but the cycle count total and % are correct.
-----------------------------------------------------------------------------
 Breakdown of PME mesh computation
-----------------------------------------------------------------------------
 PME redist. X/F        4    1      20002    4413.389      45792.002   6.5
 PME spread             4    1      10001     567.893       5892.290   0.8
 PME gather             4    1      10001     569.734       5911.385   0.8
 PME 3D-FFT             4    1      20002      15.194        157.651   0.0
 PME 3D-FFT Comm.       4    1      20002    1149.738      11929.336   1.7
 PME solve Elec         4    1      10001       1.485         15.412   0.0
-----------------------------------------------------------------------------

               Core t (s)   Wall t (s)        (%)
       Time:   272208.504     9721.976     2799.9
                         2h42:01
                 (ns/day)    (hour/ns)
Performance:        0.178      135.014
Finished mdrun on rank 0 Fri Jun 24 09:34:48 2022

