                      :-) GROMACS - gmx mdrun, 2021.2 (-:

                            GROMACS is written by:
     Andrey Alekseenko              Emile Apol              Rossen Apostolov     
         Paul Bauer           Herman J.C. Berendsen           Par Bjelkmar       
       Christian Blau           Viacheslav Bolnykh             Kevin Boyd        
     Aldert van Buuren           Rudi van Drunen             Anton Feenstra      
    Gilles Gouaillardet             Alan Gray               Gerrit Groenhof      
       Anca Hamuraru            Vincent Hindriksen          M. Eric Irrgang      
      Aleksei Iupinov           Christoph Junghans             Joe Jordan        
    Dimitrios Karkoulis            Peter Kasson                Jiri Kraus        
      Carsten Kutzner              Per Larsson              Justin A. Lemkul     
       Viveca Lindahl            Magnus Lundborg             Erik Marklund       
        Pascal Merz             Pieter Meulenhoff            Teemu Murtola       
        Szilard Pall               Sander Pronk              Roland Schulz       
       Michael Shirts            Alexey Shvetsov             Alfons Sijbers      
       Peter Tieleman              Jon Vincent              Teemu Virolainen     
     Christian Wennberg            Maarten Wolf              Artem Zhmurov       
                           and the project leaders:
        Mark Abraham, Berk Hess, Erik Lindahl, and David van der Spoel

Copyright (c) 1991-2000, University of Groningen, The Netherlands.
Copyright (c) 2001-2019, The GROMACS development team at
Uppsala University, Stockholm University and
the Royal Institute of Technology, Sweden.
check out http://www.gromacs.org for more information.

GROMACS is free software; you can redistribute it and/or modify it
under the terms of the GNU Lesser General Public License
as published by the Free Software Foundation; either version 2.1
of the License, or (at your option) any later version.

GROMACS:      gmx mdrun, version 2021.2
Executable:   /gpfs/opt/apps/gromacs-2021.2/bin/gmx
Data prefix:  /gpfs/opt/apps/gromacs-2021.2
Working dir:  /gpfs/work/tuk27574/fragment_builder
Process ID:   1250
Command line:
  gmx mdrun -s ./combo_folder/PAA/nvt_PAA25.tpr -deffnm ./combo_folder/PAA/combo_nvt_PAA25

GROMACS version:    2021.2
Verified release checksum is d91a739522d82c53dc47c2276b9ac5fae3b2119283e84e3a1c7bed8ce741fda2
Precision:          mixed
Memory model:       64 bit
MPI library:        thread_mpi
OpenMP support:     enabled (GMX_OPENMP_MAX_THREADS = 64)
GPU support:        disabled
SIMD instructions:  SSE4.1
FFT library:        fftw-3.3.3-sse2
RDTSCP usage:       enabled
TNG support:        enabled
Hwloc support:      disabled
Tracing support:    disabled
C compiler:         /gpfs/opt/tools/gcc-8.4.0/bin/gcc GNU 8.4.0
C compiler flags:   -msse4.1 -Wno-missing-field-initializers -fexcess-precision=fast -funroll-all-loops -O3 -DNDEBUG
C++ compiler:       /gpfs/opt/tools/gcc-8.4.0/bin/g++ GNU 8.4.0
C++ compiler flags: -msse4.1 -Wno-missing-field-initializers -fexcess-precision=fast -funroll-all-loops -fopenmp -O3 -DNDEBUG


Running on 1 node with total 28 cores, 28 logical cores
Hardware detected:
  CPU info:
    Vendor: Intel
    Brand:  Intel(R) Xeon(R) CPU E5-2690 v4 @ 2.60GHz
    Family: 6   Model: 79   Stepping: 1
    Features: aes apic avx avx2 clfsh cmov cx8 cx16 f16c fma hle htt intel lahf mmx msr nonstop_tsc pcid pclmuldq pdcm pdpe1gb popcnt pse rdrnd rdtscp rtm sse2 sse3 sse4.1 sse4.2 ssse3 tdt x2apic
  Hardware topology: Basic
    Sockets, cores, and logical processors:
      Socket  0: [   0] [   2] [   4] [   6] [   8] [  10] [  12] [  14] [  16] [  18] [  20] [  22] [  24] [  26]
      Socket  1: [   1] [   3] [   5] [   7] [   9] [  11] [  13] [  15] [  17] [  19] [  21] [  23] [  25] [  27]

Highest SIMD level requested by all nodes in run: AVX2_256
SIMD instructions selected at compile time:       SSE4.1
This program was compiled for different hardware than you are running on,
which could influence performance.

++++ PLEASE READ AND CITE THE FOLLOWING REFERENCE ++++
M. J. Abraham, T. Murtola, R. Schulz, S. Páll, J. C. Smith, B. Hess, E.
Lindahl
GROMACS: High performance molecular simulations through multi-level
parallelism from laptops to supercomputers
SoftwareX 1 (2015) pp. 19-25
-------- -------- --- Thank You --- -------- --------


++++ PLEASE READ AND CITE THE FOLLOWING REFERENCE ++++
S. Páll, M. J. Abraham, C. Kutzner, B. Hess, E. Lindahl
Tackling Exascale Software Challenges in Molecular Dynamics Simulations with
GROMACS
In S. Markidis & E. Laure (Eds.), Solving Software Challenges for Exascale 8759 (2015) pp. 3-27
-------- -------- --- Thank You --- -------- --------


++++ PLEASE READ AND CITE THE FOLLOWING REFERENCE ++++
S. Pronk, S. Páll, R. Schulz, P. Larsson, P. Bjelkmar, R. Apostolov, M. R.
Shirts, J. C. Smith, P. M. Kasson, D. van der Spoel, B. Hess, and E. Lindahl
GROMACS 4.5: a high-throughput and highly parallel open source molecular
simulation toolkit
Bioinformatics 29 (2013) pp. 845-54
-------- -------- --- Thank You --- -------- --------


++++ PLEASE READ AND CITE THE FOLLOWING REFERENCE ++++
B. Hess and C. Kutzner and D. van der Spoel and E. Lindahl
GROMACS 4: Algorithms for highly efficient, load-balanced, and scalable
molecular simulation
J. Chem. Theory Comput. 4 (2008) pp. 435-447
-------- -------- --- Thank You --- -------- --------


++++ PLEASE READ AND CITE THE FOLLOWING REFERENCE ++++
D. van der Spoel, E. Lindahl, B. Hess, G. Groenhof, A. E. Mark and H. J. C.
Berendsen
GROMACS: Fast, Flexible and Free
J. Comp. Chem. 26 (2005) pp. 1701-1719
-------- -------- --- Thank You --- -------- --------


++++ PLEASE READ AND CITE THE FOLLOWING REFERENCE ++++
E. Lindahl and B. Hess and D. van der Spoel
GROMACS 3.0: A package for molecular simulation and trajectory analysis
J. Mol. Mod. 7 (2001) pp. 306-317
-------- -------- --- Thank You --- -------- --------


++++ PLEASE READ AND CITE THE FOLLOWING REFERENCE ++++
H. J. C. Berendsen, D. van der Spoel and R. van Drunen
GROMACS: A message-passing parallel molecular dynamics implementation
Comp. Phys. Comm. 91 (1995) pp. 43-56
-------- -------- --- Thank You --- -------- --------


++++ PLEASE CITE THE DOI FOR THIS VERSION OF GROMACS ++++
https://doi.org/10.5281/zenodo.4723562
-------- -------- --- Thank You --- -------- --------


The number of OpenMP threads was set by environment variable OMP_NUM_THREADS to 1

Input Parameters:
   integrator                     = md
   tinit                          = 0
   dt                             = 0.002
   nsteps                         = 10000
   init-step                      = 0
   simulation-part                = 1
   mts                            = false
   comm-mode                      = Linear
   nstcomm                        = 100
   bd-fric                        = 0
   ld-seed                        = -1543510547
   emtol                          = 10
   emstep                         = 0.01
   niter                          = 20
   fcstep                         = 0
   nstcgsteep                     = 1000
   nbfgscorr                      = 10
   rtpi                           = 0.05
   nstxout                        = 0
   nstvout                        = 0
   nstfout                        = 0
   nstlog                         = 500
   nstcalcenergy                  = 100
   nstenergy                      = 500
   nstxout-compressed             = 500
   compressed-x-precision         = 1000
   cutoff-scheme                  = Verlet
   nstlist                        = 20
   pbc                            = xyz
   periodic-molecules             = false
   verlet-buffer-tolerance        = 0.005
   rlist                          = 1.221
   coulombtype                    = PME
   coulomb-modifier               = Potential-shift
   rcoulomb-switch                = 0
   rcoulomb                       = 1.2
   epsilon-r                      = 1
   epsilon-rf                     = inf
   vdw-type                       = Cut-off
   vdw-modifier                   = Force-switch
   rvdw-switch                    = 1
   rvdw                           = 1.2
   DispCorr                       = No
   table-extension                = 1
   fourierspacing                 = 0.16
   fourier-nx                     = 72
   fourier-ny                     = 72
   fourier-nz                     = 72
   pme-order                      = 4
   ewald-rtol                     = 1e-05
   ewald-rtol-lj                  = 0.001
   lj-pme-comb-rule               = Geometric
   ewald-geometry                 = 0
   epsilon-surface                = 0
   tcoupl                         = V-rescale
   nsttcouple                     = 10
   nh-chain-length                = 0
   print-nose-hoover-chain-variables = false
   pcoupl                         = No
   pcoupltype                     = Isotropic
   nstpcouple                     = -1
   tau-p                          = 1
   compressibility (3x3):
      compressibility[    0]={ 0.00000e+00,  0.00000e+00,  0.00000e+00}
      compressibility[    1]={ 0.00000e+00,  0.00000e+00,  0.00000e+00}
      compressibility[    2]={ 0.00000e+00,  0.00000e+00,  0.00000e+00}
   ref-p (3x3):
      ref-p[    0]={ 0.00000e+00,  0.00000e+00,  0.00000e+00}
      ref-p[    1]={ 0.00000e+00,  0.00000e+00,  0.00000e+00}
      ref-p[    2]={ 0.00000e+00,  0.00000e+00,  0.00000e+00}
   refcoord-scaling               = No
   posres-com (3):
      posres-com[0]= 0.00000e+00
      posres-com[1]= 0.00000e+00
      posres-com[2]= 0.00000e+00
   posres-comB (3):
      posres-comB[0]= 0.00000e+00
      posres-comB[1]= 0.00000e+00
      posres-comB[2]= 0.00000e+00
   QMMM                           = false
qm-opts:
   ngQM                           = 0
   constraint-algorithm           = Lincs
   continuation                   = false
   Shake-SOR                      = false
   shake-tol                      = 0.0001
   lincs-order                    = 4
   lincs-iter                     = 1
   lincs-warnangle                = 30
   nwall                          = 0
   wall-type                      = 9-3
   wall-r-linpot                  = -1
   wall-atomtype[0]               = -1
   wall-atomtype[1]               = -1
   wall-density[0]                = 0
   wall-density[1]                = 0
   wall-ewald-zfac                = 3
   pull                           = false
   awh                            = false
   rotation                       = false
   interactiveMD                  = false
   disre                          = No
   disre-weighting                = Conservative
   disre-mixed                    = false
   dr-fc                          = 1000
   dr-tau                         = 0
   nstdisreout                    = 100
   orire-fc                       = 0
   orire-tau                      = 0
   nstorireout                    = 100
   free-energy                    = no
   cos-acceleration               = 0
   deform (3x3):
      deform[    0]={ 0.00000e+00,  0.00000e+00,  0.00000e+00}
      deform[    1]={ 0.00000e+00,  0.00000e+00,  0.00000e+00}
      deform[    2]={ 0.00000e+00,  0.00000e+00,  0.00000e+00}
   simulated-tempering            = false
   swapcoords                     = no
   userint1                       = 0
   userint2                       = 0
   userint3                       = 0
   userint4                       = 0
   userreal1                      = 0
   userreal2                      = 0
   userreal3                      = 0
   userreal4                      = 0
   applied-forces:
     electric-field:
       x:
         E0                       = 0
         omega                    = 0
         t0                       = 0
         sigma                    = 0
       y:
         E0                       = 0
         omega                    = 0
         t0                       = 0
         sigma                    = 0
       z:
         E0                       = 0
         omega                    = 0
         t0                       = 0
         sigma                    = 0
     density-guided-simulation:
       active                     = false
       group                      = protein
       similarity-measure         = inner-product
       atom-spreading-weight      = unity
       force-constant             = 1e+09
       gaussian-transform-spreading-width = 0.2
       gaussian-transform-spreading-range-in-multiples-of-width = 4
       reference-density-filename = reference.mrc
       nst                        = 1
       normalize-densities        = true
       adaptive-force-scaling     = false
       adaptive-force-scaling-time-constant = 4
       shift-vector               = 
       transformation-matrix      = 
grpopts:
   nrdf:     23287.7     1149.99      215853
   ref-t:         300         300         300
   tau-t:         0.1         0.1         0.1
annealing:          No          No          No
annealing-npoints:           0           0           0
   acc:	           0           0           0
   nfreeze:           N           N           N
   energygrp-flags[  0]: 0

Changing nstlist from 20 to 80, rlist from 1.221 to 1.316


Initializing Domain Decomposition on 28 ranks
Dynamic load balancing: auto
Minimum cell size due to atom displacement: 0.649 nm
Initial maximum distances in bonded interactions:
    two-body bonded interactions: 0.424 nm, LJ-14, atoms 2530 2538
  multi-body bonded interactions: 0.424 nm, Proper Dih., atoms 2530 2538
Minimum cell size due to bonded interactions: 0.466 nm
Maximum distance for 5 constraints, at 120 deg. angles, all-trans: 0.219 nm
Estimated maximum distance required for P-LINCS: 0.219 nm
Scaling the initial minimum size with 1/0.8 (option -dds) = 1.25
Guess for relative PME load: 0.09
Will use 24 particle-particle and 4 PME only ranks
This is a guess, check the performance at the end of the log file
Using 4 separate PME ranks, as guessed by mdrun
Optimizing the DD grid for 24 cells with a minimum initial size of 0.811 nm
The maximum allowed number of cells is: X 13 Y 13 Z 13
Domain decomposition grid 4 x 3 x 2, separate PME ranks 4
PME domain decomposition: 4 x 1 x 1
Interleaving PP and PME ranks
This rank does only particle-particle work.
Domain decomposition rank 0, coordinates 0 0 0

The initial number of communication pulses is: X 1 Y 1 Z 1
The initial domain decomposition cell size is: X 2.66 nm Y 3.54 nm Z 5.31 nm

The maximum allowed distance for atoms involved in interactions is:
                 non-bonded interactions           1.316 nm
            two-body bonded interactions  (-rdd)   1.316 nm
          multi-body bonded interactions  (-rdd)   1.316 nm
  atoms separated by up to 5 constraints  (-rcon)  2.656 nm

When dynamic load balancing gets turned on, these settings will change to:
The maximum number of communication pulses is: X 1 Y 1 Z 1
The minimum size for domain decomposition cells is 1.316 nm
The requested allowed shrink of DD cells (option -dds) is: 0.80
The allowed shrink of domain decomposition cells is: X 0.50 Y 0.37 Z 0.25
The maximum allowed distance for atoms involved in interactions is:
                 non-bonded interactions           1.316 nm
            two-body bonded interactions  (-rdd)   1.316 nm
          multi-body bonded interactions  (-rdd)   1.316 nm
  atoms separated by up to 5 constraints  (-rcon)  1.316 nm

Using 28 MPI threads
Using 1 OpenMP thread per tMPI thread

Pinning threads with an auto-selected logical core stride of 1
System total charge: 0.000
Will do PME sum in reciprocal space for electrostatic interactions.

++++ PLEASE READ AND CITE THE FOLLOWING REFERENCE ++++
U. Essmann, L. Perera, M. L. Berkowitz, T. Darden, H. Lee and L. G. Pedersen 
A smooth particle mesh Ewald method
J. Chem. Phys. 103 (1995) pp. 8577-8592
-------- -------- --- Thank You --- -------- --------

Using a Gaussian width (1/beta) of 0.384195 nm for Ewald
Potential shift: LJ r^-12: -2.648e-01 r^-6: -5.349e-01, Ewald -8.333e-06
Initialized non-bonded Ewald tables, spacing: 1.02e-03 size: 1176

Generated table with 1158 data points for 1-4 COUL.
Tabscale = 500 points/nm
Generated table with 1158 data points for 1-4 LJ6.
Tabscale = 500 points/nm
Generated table with 1158 data points for 1-4 LJ12.
Tabscale = 500 points/nm


Using SIMD 4x4 nonbonded short-range kernels

Using a dual 4x4 pair-list setup updated with dynamic pruning:
  outer list: updated every 80 steps, buffer 0.116 nm, rlist 1.316 nm
  inner list: updated every 13 steps, buffer 0.001 nm, rlist 1.201 nm
At tolerance 0.005 kJ/mol/ps per atom, equivalent classical 1x1 list would be:
  outer list: updated every 80 steps, buffer 0.261 nm, rlist 1.461 nm
  inner list: updated every 13 steps, buffer 0.050 nm, rlist 1.250 nm
Removing pbc first time

Initializing Parallel LINear Constraint Solver

++++ PLEASE READ AND CITE THE FOLLOWING REFERENCE ++++
B. Hess
P-LINCS: A Parallel Linear Constraint Solver for molecular simulation
J. Chem. Theory Comput. 4 (2008) pp. 116-122
-------- -------- --- Thank You --- -------- --------

The number of constraints is 4875
There are constraints between atoms in different decomposition domains,
will communicate selected coordinates each lincs iteration

++++ PLEASE READ AND CITE THE FOLLOWING REFERENCE ++++
S. Miyamoto and P. A. Kollman
SETTLE: An Analytical Version of the SHAKE and RATTLE Algorithms for Rigid
Water Models
J. Comp. Chem. 13 (1992) pp. 952-962
-------- -------- --- Thank You --- -------- --------


Linking all bonded interactions to atoms


Intra-simulation communication will occur every 10 steps.

++++ PLEASE READ AND CITE THE FOLLOWING REFERENCE ++++
G. Bussi, D. Donadio and M. Parrinello
Canonical sampling through velocity rescaling
J. Chem. Phys. 126 (2007) pp. 014101
-------- -------- --- Thank You --- -------- --------

There are: 117626 Atoms
Atom distribution over 24 domains: av 4901 stddev 74 min 4830 max 5070

Constraining the starting coordinates (step 0)

Constraining the coordinates at t0-dt (step 0)
Center of mass motion removal mode is Linear
We have the following groups for center of mass motion removal:
  0:  rest
RMS relative constraint deviation after constraining: 2.60e-06
Initial temperature: 300.438 K

Started mdrun on rank 0 Fri Jun 24 07:00:36 2022

           Step           Time
              0        0.00000

   Energies (kJ/mol)
           Bond          Angle    Proper Dih.  Improper Dih.          LJ-14
    1.44553e+03    8.26912e+03    2.86128e+04    2.18005e+02    8.11062e+03
     Coulomb-14        LJ (SR)   Coulomb (SR)   Coul. recip.      Potential
    9.78239e+04    2.34447e+05   -2.26902e+06    3.16900e+03   -1.88692e+06
    Kinetic En.   Total Energy  Conserved En.    Temperature Pressure (bar)
    3.00161e+05   -1.58676e+06   -1.58676e+06    3.00478e+02   -4.44878e+03
   Constr. rmsd
    3.25931e-06


DD  step 79 load imb.: force  2.7%  pme mesh/force 2.257
step  480: timed with pme grid 72 72 72, coulomb cutoff 1.200: 171423.4 M-cycles
           Step           Time
            500        1.00000

   Energies (kJ/mol)
           Bond          Angle    Proper Dih.  Improper Dih.          LJ-14
    7.14723e+03    2.27024e+04    3.18465e+04    1.12318e+03    9.32343e+03
     Coulomb-14        LJ (SR)   Coulomb (SR)   Coul. recip.      Potential
    9.81276e+04    2.09934e+05   -1.94267e+06    4.17513e+03   -1.55830e+06
    Kinetic En.   Total Energy  Conserved En.    Temperature Pressure (bar)
    2.93804e+05   -1.26449e+06   -1.58387e+06    2.94115e+02   -2.04831e+01
   Constr. rmsd
    3.29999e-06

step  640: timed with pme grid 60 60 60, coulomb cutoff 1.328: 182602.9 M-cycles
step  800: timed with pme grid 52 52 52, coulomb cutoff 1.532: 182097.2 M-cycles
step  960: timed with pme grid 48 48 48, coulomb cutoff 1.660: 184575.5 M-cycles
           Step           Time
           1000        2.00000

   Energies (kJ/mol)
           Bond          Angle    Proper Dih.  Improper Dih.          LJ-14
    7.55412e+03    2.32152e+04    3.19094e+04    1.16745e+03    9.33239e+03
     Coulomb-14        LJ (SR)   Coulomb (SR)   Coul. recip.      Potential
    9.77424e+04    2.03144e+05   -1.92265e+06    1.56210e+03   -1.54702e+06
    Kinetic En.   Total Energy  Conserved En.    Temperature Pressure (bar)
    2.99351e+05   -1.24767e+06   -1.58386e+06    2.99667e+02   -1.06950e+02
   Constr. rmsd
    3.37157e-06

Writing checkpoint, step 1040 at Fri Jun 24 07:16:55 2022


step 1120: timed with pme grid 44 44 44, coulomb cutoff 1.811: 201776.6 M-cycles
step 1280: timed with pme grid 48 48 48, coulomb cutoff 1.660: 183843.1 M-cycles
step 1440: timed with pme grid 52 52 52, coulomb cutoff 1.532: 182045.3 M-cycles
           Step           Time
           1500        3.00000

   Energies (kJ/mol)
           Bond          Angle    Proper Dih.  Improper Dih.          LJ-14
    7.36560e+03    2.32044e+04    3.18061e+04    1.23040e+03    9.30700e+03
     Coulomb-14        LJ (SR)   Coulomb (SR)   Coul. recip.      Potential
    9.73113e+04    2.00252e+05   -1.92035e+06    3.41121e+03   -1.54646e+06
    Kinetic En.   Total Energy  Conserved En.    Temperature Pressure (bar)
    3.00031e+05   -1.24643e+06   -1.58393e+06    3.00348e+02   -2.60172e+02
   Constr. rmsd
    3.37988e-06

step 1600: timed with pme grid 56 56 56, coulomb cutoff 1.423: 181281.8 M-cycles
step 1760: timed with pme grid 60 60 60, coulomb cutoff 1.328: 182335.4 M-cycles
Writing checkpoint, step 1840 at Fri Jun 24 07:30:49 2022


step 1920: timed with pme grid 64 64 64, coulomb cutoff 1.245: 182244.0 M-cycles

DD  step 1999 load imb.: force  3.7%  pme mesh/force 2.249
           Step           Time
           2000        4.00000

   Energies (kJ/mol)
           Bond          Angle    Proper Dih.  Improper Dih.          LJ-14
    7.34103e+03    2.32778e+04    3.17324e+04    1.16751e+03    9.46483e+03
     Coulomb-14        LJ (SR)   Coulomb (SR)   Coul. recip.      Potential
    9.75627e+04    2.03931e+05   -1.92660e+06    5.86962e+03   -1.54626e+06
    Kinetic En.   Total Energy  Conserved En.    Temperature Pressure (bar)
    2.99535e+05   -1.24672e+06   -1.58377e+06    2.99852e+02   -3.77672e+01
   Constr. rmsd
    3.05070e-06

step 2080: timed with pme grid 72 72 72, coulomb cutoff 1.200: 182196.5 M-cycles
              optimal pme grid 72 72 72, coulomb cutoff 1.200
           Step           Time
           2500        5.00000

   Energies (kJ/mol)
           Bond          Angle    Proper Dih.  Improper Dih.          LJ-14
    7.21054e+03    2.30449e+04    3.18770e+04    1.22808e+03    9.27660e+03
     Coulomb-14        LJ (SR)   Coulomb (SR)   Coul. recip.      Potential
    9.77894e+04    2.04586e+05   -1.92572e+06    6.06397e+03   -1.54464e+06
    Kinetic En.   Total Energy  Conserved En.    Temperature Pressure (bar)
    2.98503e+05   -1.24614e+06   -1.58381e+06    2.98819e+02   -4.45538e+01
   Constr. rmsd
    3.29347e-06

Writing checkpoint, step 2720 at Fri Jun 24 07:45:51 2022


           Step           Time
           3000        6.00000

   Energies (kJ/mol)
           Bond          Angle    Proper Dih.  Improper Dih.          LJ-14
    7.59918e+03    2.32211e+04    3.18680e+04    1.11200e+03    9.37002e+03
     Coulomb-14        LJ (SR)   Coulomb (SR)   Coul. recip.      Potential
    9.76088e+04    2.00674e+05   -1.92019e+06    5.97575e+03   -1.54276e+06
    Kinetic En.   Total Energy  Conserved En.    Temperature Pressure (bar)
    2.99642e+05   -1.24312e+06   -1.58377e+06    2.99959e+02   -1.76553e+02
   Constr. rmsd
    3.40714e-06

           Step           Time
           3500        7.00000

   Energies (kJ/mol)
           Bond          Angle    Proper Dih.  Improper Dih.          LJ-14
    7.44665e+03    2.33554e+04    3.16153e+04    1.18074e+03    9.42234e+03
     Coulomb-14        LJ (SR)   Coulomb (SR)   Coul. recip.      Potential
    9.74759e+04    2.02229e+05   -1.92387e+06    5.94325e+03   -1.54520e+06
    Kinetic En.   Total Energy  Conserved En.    Temperature Pressure (bar)
    2.99337e+05   -1.24586e+06   -1.58375e+06    2.99653e+02   -1.82724e+02
   Constr. rmsd
    3.31124e-06

Writing checkpoint, step 3600 at Fri Jun 24 08:00:53 2022



DD  step 3999 load imb.: force  3.8%  pme mesh/force 2.262
           Step           Time
           4000        8.00000

   Energies (kJ/mol)
           Bond          Angle    Proper Dih.  Improper Dih.          LJ-14
    7.35457e+03    2.33158e+04    3.16729e+04    1.18644e+03    9.30725e+03
     Coulomb-14        LJ (SR)   Coulomb (SR)   Coul. recip.      Potential
    9.74610e+04    2.02522e+05   -1.92367e+06    5.95139e+03   -1.54490e+06
    Kinetic En.   Total Energy  Conserved En.    Temperature Pressure (bar)
    2.99401e+05   -1.24550e+06   -1.58370e+06    2.99717e+02   -1.31916e+02
   Constr. rmsd
    3.11359e-06

Writing checkpoint, step 4480 at Fri Jun 24 08:15:54 2022


           Step           Time
           4500        9.00000

   Energies (kJ/mol)
           Bond          Angle    Proper Dih.  Improper Dih.          LJ-14
    7.45337e+03    2.28785e+04    3.17562e+04    1.12992e+03    9.47237e+03
     Coulomb-14        LJ (SR)   Coulomb (SR)   Coul. recip.      Potential
    9.79778e+04    2.01247e+05   -1.92424e+06    5.98181e+03   -1.54634e+06
    Kinetic En.   Total Energy  Conserved En.    Temperature Pressure (bar)
    2.99916e+05   -1.24642e+06   -1.58373e+06    3.00233e+02   -1.95978e+02
   Constr. rmsd
    3.21613e-06

           Step           Time
           5000       10.00000

   Energies (kJ/mol)
           Bond          Angle    Proper Dih.  Improper Dih.          LJ-14
    7.37158e+03    2.28542e+04    3.17774e+04    1.10717e+03    9.47415e+03
     Coulomb-14        LJ (SR)   Coulomb (SR)   Coul. recip.      Potential
    9.76768e+04    2.03081e+05   -1.92639e+06    5.87753e+03   -1.54717e+06
    Kinetic En.   Total Energy  Conserved En.    Temperature Pressure (bar)
    2.99612e+05   -1.24756e+06   -1.58370e+06    2.99928e+02   -7.08265e+01
   Constr. rmsd
    3.23306e-06

Writing checkpoint, step 5360 at Fri Jun 24 08:30:55 2022


           Step           Time
           5500       11.00000

   Energies (kJ/mol)
           Bond          Angle    Proper Dih.  Improper Dih.          LJ-14
    7.42911e+03    2.32259e+04    3.18247e+04    1.23720e+03    9.32083e+03
     Coulomb-14        LJ (SR)   Coulomb (SR)   Coul. recip.      Potential
    9.76584e+04    2.02773e+05   -1.92341e+06    5.87993e+03   -1.54406e+06
    Kinetic En.   Total Energy  Conserved En.    Temperature Pressure (bar)
    2.98964e+05   -1.24509e+06   -1.58365e+06    2.99280e+02   -1.23331e+02
   Constr. rmsd
    3.35168e-06


DD  step 5999 load imb.: force  2.8%  pme mesh/force 2.269
           Step           Time
           6000       12.00000

   Energies (kJ/mol)
           Bond          Angle    Proper Dih.  Improper Dih.          LJ-14
    7.40353e+03    2.29901e+04    3.18088e+04    1.25038e+03    9.27074e+03
     Coulomb-14        LJ (SR)   Coulomb (SR)   Coul. recip.      Potential
    9.75760e+04    2.04187e+05   -1.92801e+06    5.92498e+03   -1.54760e+06
    Kinetic En.   Total Energy  Conserved En.    Temperature Pressure (bar)
    2.98326e+05   -1.24927e+06   -1.58367e+06    2.98641e+02   -1.76856e+02
   Constr. rmsd
    3.19173e-06

Writing checkpoint, step 6240 at Fri Jun 24 08:45:55 2022


           Step           Time
           6500       13.00000

   Energies (kJ/mol)
           Bond          Angle    Proper Dih.  Improper Dih.          LJ-14
    7.45950e+03    2.28518e+04    3.17914e+04    1.12390e+03    9.18762e+03
     Coulomb-14        LJ (SR)   Coulomb (SR)   Coul. recip.      Potential
    9.78338e+04    2.02093e+05   -1.92607e+06    6.00384e+03   -1.54772e+06
    Kinetic En.   Total Energy  Conserved En.    Temperature Pressure (bar)
    2.98231e+05   -1.24949e+06   -1.58367e+06    2.98545e+02   -3.15717e+02
   Constr. rmsd
    3.03749e-06

           Step           Time
           7000       14.00000

   Energies (kJ/mol)
           Bond          Angle    Proper Dih.  Improper Dih.          LJ-14
    7.63799e+03    2.29930e+04    3.17007e+04    1.17048e+03    9.41805e+03
     Coulomb-14        LJ (SR)   Coulomb (SR)   Coul. recip.      Potential
    9.74833e+04    2.01886e+05   -1.92349e+06    6.01807e+03   -1.54519e+06
    Kinetic En.   Total Energy  Conserved En.    Temperature Pressure (bar)
    2.99396e+05   -1.24579e+06   -1.58364e+06    2.99712e+02   -1.44715e+02
   Constr. rmsd
    3.27621e-06

Writing checkpoint, step 7120 at Fri Jun 24 09:00:56 2022


           Step           Time
           7500       15.00000

   Energies (kJ/mol)
           Bond          Angle    Proper Dih.  Improper Dih.          LJ-14
    7.70137e+03    2.30081e+04    3.18570e+04    1.18817e+03    9.29206e+03
     Coulomb-14        LJ (SR)   Coulomb (SR)   Coul. recip.      Potential
    9.78693e+04    2.00711e+05   -1.92527e+06    5.89740e+03   -1.54774e+06
    Kinetic En.   Total Energy  Conserved En.    Temperature Pressure (bar)
    2.99535e+05   -1.24821e+06   -1.58360e+06    2.99851e+02   -2.71470e+02
   Constr. rmsd
    3.23151e-06


DD  step 7999 load imb.: force  3.5%  pme mesh/force 2.246
           Step           Time
           8000       16.00000

Writing checkpoint, step 8000 at Fri Jun 24 09:15:58 2022


   Energies (kJ/mol)
           Bond          Angle    Proper Dih.  Improper Dih.          LJ-14
    7.30351e+03    2.31483e+04    3.19365e+04    1.16543e+03    9.16891e+03
     Coulomb-14        LJ (SR)   Coulomb (SR)   Coul. recip.      Potential
    9.75570e+04    2.01867e+05   -1.92304e+06    5.91330e+03   -1.54498e+06
    Kinetic En.   Total Energy  Conserved En.    Temperature Pressure (bar)
    2.98321e+05   -1.24666e+06   -1.58360e+06    2.98636e+02   -1.55615e+02
   Constr. rmsd
    3.24515e-06

           Step           Time
           8500       17.00000

   Energies (kJ/mol)
           Bond          Angle    Proper Dih.  Improper Dih.          LJ-14
    7.06994e+03    2.28588e+04    3.20713e+04    1.22970e+03    9.38994e+03
     Coulomb-14        LJ (SR)   Coulomb (SR)   Coul. recip.      Potential
    9.78704e+04    2.01366e+05   -1.92502e+06    5.91558e+03   -1.54724e+06
    Kinetic En.   Total Energy  Conserved En.    Temperature Pressure (bar)
    2.99535e+05   -1.24771e+06   -1.58363e+06    2.99851e+02   -1.96888e+02
   Constr. rmsd
    3.17531e-06

Writing checkpoint, step 8880 at Fri Jun 24 09:30:58 2022


           Step           Time
           9000       18.00000

   Energies (kJ/mol)
           Bond          Angle    Proper Dih.  Improper Dih.          LJ-14
    7.45112e+03    2.29554e+04    3.19419e+04    1.11550e+03    9.41888e+03
     Coulomb-14        LJ (SR)   Coulomb (SR)   Coul. recip.      Potential
    9.76541e+04    2.04251e+05   -1.92820e+06    5.90795e+03   -1.54750e+06
    Kinetic En.   Total Energy  Conserved En.    Temperature Pressure (bar)
    2.98406e+05   -1.24910e+06   -1.58357e+06    2.98721e+02   -6.18963e+01
   Constr. rmsd
    3.19503e-06

           Step           Time
           9500       19.00000

   Energies (kJ/mol)
           Bond          Angle    Proper Dih.  Improper Dih.          LJ-14
    7.52861e+03    2.30736e+04    3.19013e+04    1.30051e+03    9.30759e+03
     Coulomb-14        LJ (SR)   Coulomb (SR)   Coul. recip.      Potential
    9.74451e+04    2.01278e+05   -1.92320e+06    5.98245e+03   -1.54538e+06
    Kinetic En.   Total Energy  Conserved En.    Temperature Pressure (bar)
    2.99971e+05   -1.24541e+06   -1.58357e+06    3.00288e+02   -2.29478e+02
   Constr. rmsd
    3.26756e-06

Writing checkpoint, step 9920 at Fri Jun 24 09:46:41 2022



DD  step 9999 load imb.: force  4.3%  pme mesh/force 2.237
           Step           Time
          10000       20.00000

Writing checkpoint, step 10000 at Fri Jun 24 09:47:41 2022


   Energies (kJ/mol)
           Bond          Angle    Proper Dih.  Improper Dih.          LJ-14
    7.61590e+03    2.29270e+04    3.19781e+04    1.15295e+03    9.19170e+03
     Coulomb-14        LJ (SR)   Coulomb (SR)   Coul. recip.      Potential
    9.80789e+04    2.02955e+05   -1.92750e+06    5.99115e+03   -1.54761e+06
    Kinetic En.   Total Energy  Conserved En.    Temperature Pressure (bar)
    2.99566e+05   -1.24804e+06   -1.58351e+06    2.99883e+02   -2.85939e+02
   Constr. rmsd
    3.10877e-06


Energy conservation over simulation part #1 of length 20 ns, time 0 to 20 ns
  Conserved energy drift: 1.38e-03 kJ/mol/ps per atom


	<======  ###############  ==>
	<====  A V E R A G E S  ====>
	<==  ###############  ======>

	Statistics over 10001 steps using 101 frames

   Energies (kJ/mol)
           Bond          Angle    Proper Dih.  Improper Dih.          LJ-14
    7.36196e+03    2.28184e+04    3.17455e+04    1.15649e+03    9.33217e+03
     Coulomb-14        LJ (SR)   Coulomb (SR)   Coul. recip.      Potential
    9.77083e+04    2.03533e+05   -1.93116e+06    5.50257e+03   -1.55200e+06
    Kinetic En.   Total Energy  Conserved En.    Temperature Pressure (bar)
    2.98336e+05   -1.25366e+06   -1.58374e+06    2.98651e+02   -2.08163e+02
   Constr. rmsd
    0.00000e+00

   Total Virial (kJ/mol)
    1.07409e+05    1.09957e+02   -1.80542e+02
    1.08293e+02    1.06524e+05   -1.01976e+02
   -1.80986e+02   -1.01628e+02    1.06941e+05

   Pressure (bar)
   -2.21129e+02   -2.77757e+00    4.52060e+00
   -2.73146e+00   -1.96213e+02    3.28872e+00
    4.53289e+00    3.27905e+00   -2.07148e+02

      T-Protein          T-PAAT-Water_and_ions
    2.98656e+02    2.97713e+02    2.98656e+02


	M E G A - F L O P S   A C C O U N T I N G

 NB=Group-cutoff nonbonded kernels    NxN=N-by-N cluster Verlet kernels
 RF=Reaction-Field  VdW=Van der Waals  QSTab=quadratic-spline table
 W3=SPC/TIP3p  W4=TIP4p (single or pairs)
 V&F=Potential and force  V=Potential only  F=Force only

 Computing:                               M-Number         M-Flops  % Flops
-----------------------------------------------------------------------------
 Pair Search distance check            7408.169496       66673.525     0.1
 NxN QSTab Elec. + LJ [F]            546473.776896    28963110.175    61.6
 NxN QSTab Elec. + LJ [V&F]            5582.155488      452154.595     1.0
 NxN QSTab Elec. [F]                 450810.791712    15327566.918    32.6
 NxN QSTab Elec. [V&F]                 4605.003200      188805.131     0.4
 1,4 nonbonded interactions             254.685466       22921.692     0.0
 Calc Weights                          3529.132878      127048.784     0.3
 Spread Q Bspline                     75288.168064      150576.336     0.3
 Gather F Bspline                     75288.168064      451729.008     1.0
 3D-FFT                              126401.380672     1011211.045     2.1
 Solve PME                               48.601664        3110.506     0.0
 Reset In Box                            14.820876          44.463     0.0
 CG-CoM                                  14.938502          44.816     0.0
 Bonds                                   50.005000        2950.295     0.0
 Angles                                 178.277826       29950.675     0.1
 Propers                                324.822479       74384.348     0.2
 Impropers                               19.201920        3993.999     0.0
 Virial                                  11.989306         215.808     0.0
 Stop-CM                                 11.997852         119.979     0.0
 Calc-Ekin                              235.487252        6358.156     0.0
 Lincs                                   52.703142        3162.189     0.0
 Lincs-Mat                              288.376032        1153.504     0.0
 Constraint-V                          1260.223953       11342.016     0.0
 Constraint-Vir                          12.193715         292.649     0.0
 Settle                                 384.981184      142443.038     0.3
-----------------------------------------------------------------------------
 Total                                                47041363.649   100.0
-----------------------------------------------------------------------------


    D O M A I N   D E C O M P O S I T I O N   S T A T I S T I C S

 av. #atoms communicated per step for force:  2 x 178287.4
 av. #atoms communicated per step for LINCS:  2 x 8451.2


Dynamic load balancing report:
 DLB was off during the run due to low measured imbalance.
 Average load imbalance: 3.6%.
 The balanceable part of the MD step is 37%, load imbalance is computed from this.
 Part of the total run time spent waiting due to load imbalance: 1.3%.
 Average PME mesh/force load: 2.254
 Part of the total run time spent waiting due to PP/PME imbalance: 33.2 %

NOTE: 33.2 % performance was lost because the PME ranks
      had more work to do than the PP ranks.
      You might want to increase the number of PME ranks
      or increase the cut-off and the grid spacing.


     R E A L   C Y C L E   A N D   T I M E   A C C O U N T I N G

On 24 MPI ranks doing PP, and
on 4 MPI ranks doing PME

 Computing:          Num   Num      Call    Wall time         Giga-Cycles
                     Ranks Threads  Count      (s)         total sum    %
-----------------------------------------------------------------------------
 Domain decomp.        24    1        126     333.300      20749.367   2.8
 DD comm. load         24    1          7       0.453         28.196   0.0
 Send X to PME         24    1      10001     607.336      37809.227   5.2
 Neighbor search       24    1        126      23.863       1485.587   0.2
 Comm. coord.          24    1       9875    1711.989     106578.586  14.6
 Force                 24    1      10001    1391.593      86632.560  11.9
 Wait + Comm. F        24    1      10001    1789.933     111430.906  15.3
 PME mesh *             4    1      10001    6913.856      71736.135   9.8
 PME wait for PP *                           3112.859      32298.116   4.4
 Wait + Recv. PME F    24    1      10001    2147.420     133686.026  18.4
 NB X/F buffer ops.    24    1      29751       2.413        150.196   0.0
 Write traj.           24    1         31       6.439        400.829   0.1
 Update                24    1      10001       0.406         25.278   0.0
 Constraints           24    1      10003    1753.377     109155.141  15.0
 Comm. energies        24    1       1001     250.080      15568.521   2.1
 Rest                                           9.604        597.876   0.1
-----------------------------------------------------------------------------
 Total                                      10028.205     728348.011 100.0
-----------------------------------------------------------------------------
(*) Note that with separate PME ranks, the walltime column actually sums to
    twice the total reported, but the cycle count total and % are correct.
-----------------------------------------------------------------------------
 Breakdown of PME mesh computation
-----------------------------------------------------------------------------
 PME redist. X/F        4    1      20002    4544.296      47150.280   6.5
 PME spread             4    1      10001     583.815       6057.496   0.8
 PME gather             4    1      10001     587.371       6094.386   0.8
 PME 3D-FFT             4    1      20002      14.121        146.511   0.0
 PME 3D-FFT Comm.       4    1      20002    1182.808      12272.466   1.7
 PME solve Elec         4    1      10001       1.376         14.281   0.0
-----------------------------------------------------------------------------

               Core t (s)   Wall t (s)        (%)
       Time:   280783.906    10028.205     2799.9
                         2h47:08
                 (ns/day)    (hour/ns)
Performance:        0.172      139.267
Finished mdrun on rank 0 Fri Jun 24 09:47:45 2022

