                      :-) GROMACS - gmx mdrun, 2021.2 (-:

                            GROMACS is written by:
     Andrey Alekseenko              Emile Apol              Rossen Apostolov     
         Paul Bauer           Herman J.C. Berendsen           Par Bjelkmar       
       Christian Blau           Viacheslav Bolnykh             Kevin Boyd        
     Aldert van Buuren           Rudi van Drunen             Anton Feenstra      
    Gilles Gouaillardet             Alan Gray               Gerrit Groenhof      
       Anca Hamuraru            Vincent Hindriksen          M. Eric Irrgang      
      Aleksei Iupinov           Christoph Junghans             Joe Jordan        
    Dimitrios Karkoulis            Peter Kasson                Jiri Kraus        
      Carsten Kutzner              Per Larsson              Justin A. Lemkul     
       Viveca Lindahl            Magnus Lundborg             Erik Marklund       
        Pascal Merz             Pieter Meulenhoff            Teemu Murtola       
        Szilard Pall               Sander Pronk              Roland Schulz       
       Michael Shirts            Alexey Shvetsov             Alfons Sijbers      
       Peter Tieleman              Jon Vincent              Teemu Virolainen     
     Christian Wennberg            Maarten Wolf              Artem Zhmurov       
                           and the project leaders:
        Mark Abraham, Berk Hess, Erik Lindahl, and David van der Spoel

Copyright (c) 1991-2000, University of Groningen, The Netherlands.
Copyright (c) 2001-2019, The GROMACS development team at
Uppsala University, Stockholm University and
the Royal Institute of Technology, Sweden.
check out http://www.gromacs.org for more information.

GROMACS is free software; you can redistribute it and/or modify it
under the terms of the GNU Lesser General Public License
as published by the Free Software Foundation; either version 2.1
of the License, or (at your option) any later version.

GROMACS:      gmx mdrun, version 2021.2
Executable:   /gpfs/opt/apps/gromacs-2021.2/bin/gmx
Data prefix:  /gpfs/opt/apps/gromacs-2021.2
Working dir:  /gpfs/work/tuk27574/fragment_builder
Process ID:   1431
Command line:
  gmx mdrun -s ./combo_folder/PAA/nvt_PAA30.tpr -deffnm ./combo_folder/PAA/combo_nvt_PAA30

GROMACS version:    2021.2
Verified release checksum is d91a739522d82c53dc47c2276b9ac5fae3b2119283e84e3a1c7bed8ce741fda2
Precision:          mixed
Memory model:       64 bit
MPI library:        thread_mpi
OpenMP support:     enabled (GMX_OPENMP_MAX_THREADS = 64)
GPU support:        disabled
SIMD instructions:  SSE4.1
FFT library:        fftw-3.3.3-sse2
RDTSCP usage:       enabled
TNG support:        enabled
Hwloc support:      disabled
Tracing support:    disabled
C compiler:         /gpfs/opt/tools/gcc-8.4.0/bin/gcc GNU 8.4.0
C compiler flags:   -msse4.1 -Wno-missing-field-initializers -fexcess-precision=fast -funroll-all-loops -O3 -DNDEBUG
C++ compiler:       /gpfs/opt/tools/gcc-8.4.0/bin/g++ GNU 8.4.0
C++ compiler flags: -msse4.1 -Wno-missing-field-initializers -fexcess-precision=fast -funroll-all-loops -fopenmp -O3 -DNDEBUG


Running on 1 node with total 28 cores, 28 logical cores
Hardware detected:
  CPU info:
    Vendor: Intel
    Brand:  Intel(R) Xeon(R) CPU E5-2690 v4 @ 2.60GHz
    Family: 6   Model: 79   Stepping: 1
    Features: aes apic avx avx2 clfsh cmov cx8 cx16 f16c fma hle htt intel lahf mmx msr nonstop_tsc pcid pclmuldq pdcm pdpe1gb popcnt pse rdrnd rdtscp rtm sse2 sse3 sse4.1 sse4.2 ssse3 tdt x2apic
  Hardware topology: Basic
    Sockets, cores, and logical processors:
      Socket  0: [   0] [   2] [   4] [   6] [   8] [  10] [  12] [  14] [  16] [  18] [  20] [  22] [  24] [  26]
      Socket  1: [   1] [   3] [   5] [   7] [   9] [  11] [  13] [  15] [  17] [  19] [  21] [  23] [  25] [  27]

Highest SIMD level requested by all nodes in run: AVX2_256
SIMD instructions selected at compile time:       SSE4.1
This program was compiled for different hardware than you are running on,
which could influence performance.

++++ PLEASE READ AND CITE THE FOLLOWING REFERENCE ++++
M. J. Abraham, T. Murtola, R. Schulz, S. Páll, J. C. Smith, B. Hess, E.
Lindahl
GROMACS: High performance molecular simulations through multi-level
parallelism from laptops to supercomputers
SoftwareX 1 (2015) pp. 19-25
-------- -------- --- Thank You --- -------- --------


++++ PLEASE READ AND CITE THE FOLLOWING REFERENCE ++++
S. Páll, M. J. Abraham, C. Kutzner, B. Hess, E. Lindahl
Tackling Exascale Software Challenges in Molecular Dynamics Simulations with
GROMACS
In S. Markidis & E. Laure (Eds.), Solving Software Challenges for Exascale 8759 (2015) pp. 3-27
-------- -------- --- Thank You --- -------- --------


++++ PLEASE READ AND CITE THE FOLLOWING REFERENCE ++++
S. Pronk, S. Páll, R. Schulz, P. Larsson, P. Bjelkmar, R. Apostolov, M. R.
Shirts, J. C. Smith, P. M. Kasson, D. van der Spoel, B. Hess, and E. Lindahl
GROMACS 4.5: a high-throughput and highly parallel open source molecular
simulation toolkit
Bioinformatics 29 (2013) pp. 845-54
-------- -------- --- Thank You --- -------- --------


++++ PLEASE READ AND CITE THE FOLLOWING REFERENCE ++++
B. Hess and C. Kutzner and D. van der Spoel and E. Lindahl
GROMACS 4: Algorithms for highly efficient, load-balanced, and scalable
molecular simulation
J. Chem. Theory Comput. 4 (2008) pp. 435-447
-------- -------- --- Thank You --- -------- --------


++++ PLEASE READ AND CITE THE FOLLOWING REFERENCE ++++
D. van der Spoel, E. Lindahl, B. Hess, G. Groenhof, A. E. Mark and H. J. C.
Berendsen
GROMACS: Fast, Flexible and Free
J. Comp. Chem. 26 (2005) pp. 1701-1719
-------- -------- --- Thank You --- -------- --------


++++ PLEASE READ AND CITE THE FOLLOWING REFERENCE ++++
E. Lindahl and B. Hess and D. van der Spoel
GROMACS 3.0: A package for molecular simulation and trajectory analysis
J. Mol. Mod. 7 (2001) pp. 306-317
-------- -------- --- Thank You --- -------- --------


++++ PLEASE READ AND CITE THE FOLLOWING REFERENCE ++++
H. J. C. Berendsen, D. van der Spoel and R. van Drunen
GROMACS: A message-passing parallel molecular dynamics implementation
Comp. Phys. Comm. 91 (1995) pp. 43-56
-------- -------- --- Thank You --- -------- --------


++++ PLEASE CITE THE DOI FOR THIS VERSION OF GROMACS ++++
https://doi.org/10.5281/zenodo.4723562
-------- -------- --- Thank You --- -------- --------


The number of OpenMP threads was set by environment variable OMP_NUM_THREADS to 1

Input Parameters:
   integrator                     = md
   tinit                          = 0
   dt                             = 0.002
   nsteps                         = 10000
   init-step                      = 0
   simulation-part                = 1
   mts                            = false
   comm-mode                      = Linear
   nstcomm                        = 100
   bd-fric                        = 0
   ld-seed                        = -6426625
   emtol                          = 10
   emstep                         = 0.01
   niter                          = 20
   fcstep                         = 0
   nstcgsteep                     = 1000
   nbfgscorr                      = 10
   rtpi                           = 0.05
   nstxout                        = 0
   nstvout                        = 0
   nstfout                        = 0
   nstlog                         = 500
   nstcalcenergy                  = 100
   nstenergy                      = 500
   nstxout-compressed             = 500
   compressed-x-precision         = 1000
   cutoff-scheme                  = Verlet
   nstlist                        = 20
   pbc                            = xyz
   periodic-molecules             = false
   verlet-buffer-tolerance        = 0.005
   rlist                          = 1.221
   coulombtype                    = PME
   coulomb-modifier               = Potential-shift
   rcoulomb-switch                = 0
   rcoulomb                       = 1.2
   epsilon-r                      = 1
   epsilon-rf                     = inf
   vdw-type                       = Cut-off
   vdw-modifier                   = Force-switch
   rvdw-switch                    = 1
   rvdw                           = 1.2
   DispCorr                       = No
   table-extension                = 1
   fourierspacing                 = 0.16
   fourier-nx                     = 72
   fourier-ny                     = 72
   fourier-nz                     = 72
   pme-order                      = 4
   ewald-rtol                     = 1e-05
   ewald-rtol-lj                  = 0.001
   lj-pme-comb-rule               = Geometric
   ewald-geometry                 = 0
   epsilon-surface                = 0
   tcoupl                         = V-rescale
   nsttcouple                     = 10
   nh-chain-length                = 0
   print-nose-hoover-chain-variables = false
   pcoupl                         = No
   pcoupltype                     = Isotropic
   nstpcouple                     = -1
   tau-p                          = 1
   compressibility (3x3):
      compressibility[    0]={ 0.00000e+00,  0.00000e+00,  0.00000e+00}
      compressibility[    1]={ 0.00000e+00,  0.00000e+00,  0.00000e+00}
      compressibility[    2]={ 0.00000e+00,  0.00000e+00,  0.00000e+00}
   ref-p (3x3):
      ref-p[    0]={ 0.00000e+00,  0.00000e+00,  0.00000e+00}
      ref-p[    1]={ 0.00000e+00,  0.00000e+00,  0.00000e+00}
      ref-p[    2]={ 0.00000e+00,  0.00000e+00,  0.00000e+00}
   refcoord-scaling               = No
   posres-com (3):
      posres-com[0]= 0.00000e+00
      posres-com[1]= 0.00000e+00
      posres-com[2]= 0.00000e+00
   posres-comB (3):
      posres-comB[0]= 0.00000e+00
      posres-comB[1]= 0.00000e+00
      posres-comB[2]= 0.00000e+00
   QMMM                           = false
qm-opts:
   ngQM                           = 0
   constraint-algorithm           = Lincs
   continuation                   = false
   Shake-SOR                      = false
   shake-tol                      = 0.0001
   lincs-order                    = 4
   lincs-iter                     = 1
   lincs-warnangle                = 30
   nwall                          = 0
   wall-type                      = 9-3
   wall-r-linpot                  = -1
   wall-atomtype[0]               = -1
   wall-atomtype[1]               = -1
   wall-density[0]                = 0
   wall-density[1]                = 0
   wall-ewald-zfac                = 3
   pull                           = false
   awh                            = false
   rotation                       = false
   interactiveMD                  = false
   disre                          = No
   disre-weighting                = Conservative
   disre-mixed                    = false
   dr-fc                          = 1000
   dr-tau                         = 0
   nstdisreout                    = 100
   orire-fc                       = 0
   orire-tau                      = 0
   nstorireout                    = 100
   free-energy                    = no
   cos-acceleration               = 0
   deform (3x3):
      deform[    0]={ 0.00000e+00,  0.00000e+00,  0.00000e+00}
      deform[    1]={ 0.00000e+00,  0.00000e+00,  0.00000e+00}
      deform[    2]={ 0.00000e+00,  0.00000e+00,  0.00000e+00}
   simulated-tempering            = false
   swapcoords                     = no
   userint1                       = 0
   userint2                       = 0
   userint3                       = 0
   userint4                       = 0
   userreal1                      = 0
   userreal2                      = 0
   userreal3                      = 0
   userreal4                      = 0
   applied-forces:
     electric-field:
       x:
         E0                       = 0
         omega                    = 0
         t0                       = 0
         sigma                    = 0
       y:
         E0                       = 0
         omega                    = 0
         t0                       = 0
         sigma                    = 0
       z:
         E0                       = 0
         omega                    = 0
         t0                       = 0
         sigma                    = 0
     density-guided-simulation:
       active                     = false
       group                      = protein
       similarity-measure         = inner-product
       atom-spreading-weight      = unity
       force-constant             = 1e+09
       gaussian-transform-spreading-width = 0.2
       gaussian-transform-spreading-range-in-multiples-of-width = 4
       reference-density-filename = reference.mrc
       nst                        = 1
       normalize-densities        = true
       adaptive-force-scaling     = false
       adaptive-force-scaling-time-constant = 4
       shift-vector               = 
       transformation-matrix      = 
grpopts:
   nrdf:     23287.7     1379.98      215679
   ref-t:         300         300         300
   tau-t:         0.1         0.1         0.1
annealing:          No          No          No
annealing-npoints:           0           0           0
   acc:	           0           0           0
   nfreeze:           N           N           N
   energygrp-flags[  0]: 0

Changing nstlist from 20 to 80, rlist from 1.221 to 1.316


Initializing Domain Decomposition on 28 ranks
Dynamic load balancing: auto
Minimum cell size due to atom displacement: 0.649 nm
Initial maximum distances in bonded interactions:
    two-body bonded interactions: 0.423 nm, LJ-14, atoms 2530 2538
  multi-body bonded interactions: 0.423 nm, Proper Dih., atoms 2530 2538
Minimum cell size due to bonded interactions: 0.466 nm
Maximum distance for 5 constraints, at 120 deg. angles, all-trans: 0.219 nm
Estimated maximum distance required for P-LINCS: 0.219 nm
Scaling the initial minimum size with 1/0.8 (option -dds) = 1.25
Guess for relative PME load: 0.09
Will use 24 particle-particle and 4 PME only ranks
This is a guess, check the performance at the end of the log file
Using 4 separate PME ranks, as guessed by mdrun
Optimizing the DD grid for 24 cells with a minimum initial size of 0.811 nm
The maximum allowed number of cells is: X 13 Y 13 Z 13
Domain decomposition grid 4 x 3 x 2, separate PME ranks 4
PME domain decomposition: 4 x 1 x 1
Interleaving PP and PME ranks
This rank does only particle-particle work.
Domain decomposition rank 0, coordinates 0 0 0

The initial number of communication pulses is: X 1 Y 1 Z 1
The initial domain decomposition cell size is: X 2.66 nm Y 3.54 nm Z 5.31 nm

The maximum allowed distance for atoms involved in interactions is:
                 non-bonded interactions           1.316 nm
            two-body bonded interactions  (-rdd)   1.316 nm
          multi-body bonded interactions  (-rdd)   1.316 nm
  atoms separated by up to 5 constraints  (-rcon)  2.656 nm

When dynamic load balancing gets turned on, these settings will change to:
The maximum number of communication pulses is: X 1 Y 1 Z 1
The minimum size for domain decomposition cells is 1.316 nm
The requested allowed shrink of DD cells (option -dds) is: 0.80
The allowed shrink of domain decomposition cells is: X 0.50 Y 0.37 Z 0.25
The maximum allowed distance for atoms involved in interactions is:
                 non-bonded interactions           1.316 nm
            two-body bonded interactions  (-rdd)   1.316 nm
          multi-body bonded interactions  (-rdd)   1.316 nm
  atoms separated by up to 5 constraints  (-rcon)  1.316 nm

Using 28 MPI threads
Using 1 OpenMP thread per tMPI thread

Pinning threads with an auto-selected logical core stride of 1
System total charge: 0.000
Will do PME sum in reciprocal space for electrostatic interactions.

++++ PLEASE READ AND CITE THE FOLLOWING REFERENCE ++++
U. Essmann, L. Perera, M. L. Berkowitz, T. Darden, H. Lee and L. G. Pedersen 
A smooth particle mesh Ewald method
J. Chem. Phys. 103 (1995) pp. 8577-8592
-------- -------- --- Thank You --- -------- --------

Using a Gaussian width (1/beta) of 0.384195 nm for Ewald
Potential shift: LJ r^-12: -2.648e-01 r^-6: -5.349e-01, Ewald -8.333e-06
Initialized non-bonded Ewald tables, spacing: 1.02e-03 size: 1176

Generated table with 1158 data points for 1-4 COUL.
Tabscale = 500 points/nm
Generated table with 1158 data points for 1-4 LJ6.
Tabscale = 500 points/nm
Generated table with 1158 data points for 1-4 LJ12.
Tabscale = 500 points/nm


Using SIMD 4x4 nonbonded short-range kernels

Using a dual 4x4 pair-list setup updated with dynamic pruning:
  outer list: updated every 80 steps, buffer 0.116 nm, rlist 1.316 nm
  inner list: updated every 13 steps, buffer 0.001 nm, rlist 1.201 nm
At tolerance 0.005 kJ/mol/ps per atom, equivalent classical 1x1 list would be:
  outer list: updated every 80 steps, buffer 0.261 nm, rlist 1.461 nm
  inner list: updated every 13 steps, buffer 0.050 nm, rlist 1.250 nm
Removing pbc first time

Initializing Parallel LINear Constraint Solver

++++ PLEASE READ AND CITE THE FOLLOWING REFERENCE ++++
B. Hess
P-LINCS: A Parallel Linear Constraint Solver for molecular simulation
J. Chem. Theory Comput. 4 (2008) pp. 116-122
-------- -------- --- Thank You --- -------- --------

The number of constraints is 4930
There are constraints between atoms in different decomposition domains,
will communicate selected coordinates each lincs iteration

++++ PLEASE READ AND CITE THE FOLLOWING REFERENCE ++++
S. Miyamoto and P. A. Kollman
SETTLE: An Analytical Version of the SHAKE and RATTLE Algorithms for Rigid
Water Models
J. Comp. Chem. 13 (1992) pp. 952-962
-------- -------- --- Thank You --- -------- --------


Linking all bonded interactions to atoms


Intra-simulation communication will occur every 10 steps.

++++ PLEASE READ AND CITE THE FOLLOWING REFERENCE ++++
G. Bussi, D. Donadio and M. Parrinello
Canonical sampling through velocity rescaling
J. Chem. Phys. 126 (2007) pp. 014101
-------- -------- --- Thank You --- -------- --------

There are: 117634 Atoms
Atom distribution over 24 domains: av 4901 stddev 96 min 4821 max 5077

Constraining the starting coordinates (step 0)

Constraining the coordinates at t0-dt (step 0)
Center of mass motion removal mode is Linear
We have the following groups for center of mass motion removal:
  0:  rest
RMS relative constraint deviation after constraining: 3.12e-06
Initial temperature: 299.892 K

Started mdrun on rank 0 Fri Jun 24 07:03:51 2022

           Step           Time
              0        0.00000

   Energies (kJ/mol)
           Bond          Angle    Proper Dih.  Improper Dih.          LJ-14
    1.45957e+03    8.87704e+03    2.87695e+04    2.18196e+02    8.14323e+03
     Coulomb-14        LJ (SR)   Coulomb (SR)   Coul. recip.      Potential
    9.70834e+04    2.35427e+05   -2.26988e+06    3.19610e+03   -1.88671e+06
    Kinetic En.   Total Energy  Conserved En.    Temperature Pressure (bar)
    2.99676e+05   -1.58703e+06   -1.58703e+06    2.99923e+02   -4.41621e+03
   Constr. rmsd
    3.30884e-06


DD  step 79 load imb.: force  2.1%  pme mesh/force 2.234
step  480: timed with pme grid 72 72 72, coulomb cutoff 1.200: 181429.9 M-cycles
           Step           Time
            500        1.00000

   Energies (kJ/mol)
           Bond          Angle    Proper Dih.  Improper Dih.          LJ-14
    7.16596e+03    2.40560e+04    3.18750e+04    1.14416e+03    9.34742e+03
     Coulomb-14        LJ (SR)   Coulomb (SR)   Coul. recip.      Potential
    9.68141e+04    2.09523e+05   -1.94122e+06    4.19236e+03   -1.55710e+06
    Kinetic En.   Total Energy  Conserved En.    Temperature Pressure (bar)
    2.94073e+05   -1.26302e+06   -1.58409e+06    2.94315e+02   -3.73554e+01
   Constr. rmsd
    3.41835e-06

step  640: timed with pme grid 60 60 60, coulomb cutoff 1.328: 181246.1 M-cycles
step  800: timed with pme grid 52 52 52, coulomb cutoff 1.532: 183033.3 M-cycles
step  960: timed with pme grid 48 48 48, coulomb cutoff 1.660: 183084.4 M-cycles
Writing checkpoint, step 960 at Fri Jun 24 07:20:12 2022


           Step           Time
           1000        2.00000

   Energies (kJ/mol)
           Bond          Angle    Proper Dih.  Improper Dih.          LJ-14
    7.79974e+03    2.41937e+04    3.19141e+04    1.06767e+03    9.33600e+03
     Coulomb-14        LJ (SR)   Coulomb (SR)   Coul. recip.      Potential
    9.72813e+04    2.03197e+05   -1.92129e+06    1.66913e+03   -1.54483e+06
    Kinetic En.   Total Energy  Conserved En.    Temperature Pressure (bar)
    3.00415e+05   -1.24442e+06   -1.58406e+06    3.00662e+02   -8.52615e+01
   Constr. rmsd
    3.23958e-06

step 1120: timed with pme grid 44 44 44, coulomb cutoff 1.811: 196991.8 M-cycles
step 1120: the maximum allowed grid scaling limits the PME load balancing to a coulomb cut-off of 1.811
step 1280: timed with pme grid 44 44 44, coulomb cutoff 1.811: 197866.5 M-cycles
step 1440: timed with pme grid 48 48 48, coulomb cutoff 1.660: 184001.9 M-cycles
           Step           Time
           1500        3.00000

   Energies (kJ/mol)
           Bond          Angle    Proper Dih.  Improper Dih.          LJ-14
    7.76310e+03    2.44792e+04    3.18611e+04    1.20659e+03    9.36214e+03
     Coulomb-14        LJ (SR)   Coulomb (SR)   Coul. recip.      Potential
    9.71897e+04    2.00850e+05   -1.92024e+06    2.73901e+03   -1.54479e+06
    Kinetic En.   Total Energy  Conserved En.    Temperature Pressure (bar)
    3.00888e+05   -1.24390e+06   -1.58411e+06    3.01136e+02   -2.83897e+02
   Constr. rmsd
    3.40696e-06

step 1600: timed with pme grid 52 52 52, coulomb cutoff 1.532: 182234.9 M-cycles
step 1760: timed with pme grid 56 56 56, coulomb cutoff 1.423: 182772.2 M-cycles
Writing checkpoint, step 1760 at Fri Jun 24 07:34:26 2022


step 1920: timed with pme grid 60 60 60, coulomb cutoff 1.328: 182226.6 M-cycles

DD  step 1999 load imb.: force 12.5%  pme mesh/force 2.036
           Step           Time
           2000        4.00000

   Energies (kJ/mol)
           Bond          Angle    Proper Dih.  Improper Dih.          LJ-14
    7.60919e+03    2.35297e+04    3.18549e+04    1.18018e+03    9.45680e+03
     Coulomb-14        LJ (SR)   Coulomb (SR)   Coul. recip.      Potential
    9.72151e+04    2.04475e+05   -1.92725e+06    5.24592e+03   -1.54669e+06
    Kinetic En.   Total Energy  Conserved En.    Temperature Pressure (bar)
    2.99890e+05   -1.24680e+06   -1.58415e+06    3.00137e+02   -1.12085e+02
   Constr. rmsd
    3.19897e-06

step 2080: timed with pme grid 64 64 64, coulomb cutoff 1.245: 181804.0 M-cycles
step 2240: timed with pme grid 72 72 72, coulomb cutoff 1.200: 181999.7 M-cycles
              optimal pme grid 60 60 60, coulomb cutoff 1.328
           Step           Time
           2500        5.00000

   Energies (kJ/mol)
           Bond          Angle    Proper Dih.  Improper Dih.          LJ-14
    7.80062e+03    2.35174e+04    3.20576e+04    1.23179e+03    9.55679e+03
     Coulomb-14        LJ (SR)   Coulomb (SR)   Coul. recip.      Potential
    9.71886e+04    1.99439e+05   -1.91722e+06    4.23565e+03   -1.54219e+06
    Kinetic En.   Total Energy  Conserved En.    Temperature Pressure (bar)
    2.99309e+05   -1.24288e+06   -1.58407e+06    2.99555e+02   -1.94788e+02
   Constr. rmsd
    3.47187e-06

Writing checkpoint, step 2640 at Fri Jun 24 07:49:30 2022


           Step           Time
           3000        6.00000

   Energies (kJ/mol)
           Bond          Angle    Proper Dih.  Improper Dih.          LJ-14
    7.33932e+03    2.35051e+04    3.19706e+04    1.21563e+03    9.44637e+03
     Coulomb-14        LJ (SR)   Coulomb (SR)   Coul. recip.      Potential
    9.71639e+04    2.03130e+05   -1.92502e+06    4.22546e+03   -1.54702e+06
    Kinetic En.   Total Energy  Conserved En.    Temperature Pressure (bar)
    3.01142e+05   -1.24588e+06   -1.58409e+06    3.01389e+02   -1.04163e+02
   Constr. rmsd
    3.40364e-06

           Step           Time
           3500        7.00000

   Energies (kJ/mol)
           Bond          Angle    Proper Dih.  Improper Dih.          LJ-14
    7.63149e+03    2.37318e+04    3.21359e+04    1.22243e+03    9.35248e+03
     Coulomb-14        LJ (SR)   Coulomb (SR)   Coul. recip.      Potential
    9.69942e+04    2.02980e+05   -1.91967e+06    4.39102e+03   -1.54123e+06
    Kinetic En.   Total Energy  Conserved En.    Temperature Pressure (bar)
    3.01508e+05   -1.23972e+06   -1.58406e+06    3.01756e+02   -1.23218e+02
   Constr. rmsd
    3.29940e-06

Writing checkpoint, step 3520 at Fri Jun 24 08:04:33 2022



DD  step 3999 load imb.: force  2.6%  pme mesh/force 1.872
           Step           Time
           4000        8.00000

   Energies (kJ/mol)
           Bond          Angle    Proper Dih.  Improper Dih.          LJ-14
    7.37888e+03    2.36108e+04    3.21261e+04    1.18684e+03    9.36597e+03
     Coulomb-14        LJ (SR)   Coulomb (SR)   Coul. recip.      Potential
    9.68461e+04    2.02858e+05   -1.92416e+06    4.13716e+03   -1.54665e+06
    Kinetic En.   Total Energy  Conserved En.    Temperature Pressure (bar)
    2.99834e+05   -1.24681e+06   -1.58405e+06    3.00080e+02   -1.55625e+02
   Constr. rmsd
    3.41647e-06

Writing checkpoint, step 4400 at Fri Jun 24 08:19:34 2022


           Step           Time
           4500        9.00000

   Energies (kJ/mol)
           Bond          Angle    Proper Dih.  Improper Dih.          LJ-14
    7.57129e+03    2.42027e+04    3.18845e+04    1.13120e+03    9.24508e+03
     Coulomb-14        LJ (SR)   Coulomb (SR)   Coul. recip.      Potential
    9.67432e+04    2.00995e+05   -1.91976e+06    4.32026e+03   -1.54366e+06
    Kinetic En.   Total Energy  Conserved En.    Temperature Pressure (bar)
    2.98602e+05   -1.24506e+06   -1.58397e+06    2.98848e+02   -2.46850e+02
   Constr. rmsd
    3.19474e-06

           Step           Time
           5000       10.00000

   Energies (kJ/mol)
           Bond          Angle    Proper Dih.  Improper Dih.          LJ-14
    7.47405e+03    2.39537e+04    3.18831e+04    1.07435e+03    9.41180e+03
     Coulomb-14        LJ (SR)   Coulomb (SR)   Coul. recip.      Potential
    9.70608e+04    2.03481e+05   -1.92333e+06    4.21856e+03   -1.54477e+06
    Kinetic En.   Total Energy  Conserved En.    Temperature Pressure (bar)
    2.99414e+05   -1.24536e+06   -1.58398e+06    2.99660e+02   -7.22846e+01
   Constr. rmsd
    3.14314e-06

Writing checkpoint, step 5280 at Fri Jun 24 08:34:39 2022


           Step           Time
           5500       11.00000

   Energies (kJ/mol)
           Bond          Angle    Proper Dih.  Improper Dih.          LJ-14
    7.28316e+03    2.37306e+04    3.20478e+04    1.07397e+03    9.51788e+03
     Coulomb-14        LJ (SR)   Coulomb (SR)   Coul. recip.      Potential
    9.72785e+04    2.03014e+05   -1.92387e+06    4.29754e+03   -1.54563e+06
    Kinetic En.   Total Energy  Conserved En.    Temperature Pressure (bar)
    3.00291e+05   -1.24534e+06   -1.58398e+06    3.00538e+02   -6.82624e+01
   Constr. rmsd
    3.18634e-06


DD  step 5999 load imb.: force  3.1%  pme mesh/force 1.928
           Step           Time
           6000       12.00000

   Energies (kJ/mol)
           Bond          Angle    Proper Dih.  Improper Dih.          LJ-14
    7.44736e+03    2.39617e+04    3.19926e+04    1.11461e+03    9.31053e+03
     Coulomb-14        LJ (SR)   Coulomb (SR)   Coul. recip.      Potential
    9.69504e+04    2.00616e+05   -1.91990e+06    4.30442e+03   -1.54420e+06
    Kinetic En.   Total Energy  Conserved En.    Temperature Pressure (bar)
    2.99716e+05   -1.24449e+06   -1.58395e+06    2.99963e+02   -2.60085e+02
   Constr. rmsd
    3.24676e-06

Writing checkpoint, step 6160 at Fri Jun 24 08:49:40 2022


           Step           Time
           6500       13.00000

   Energies (kJ/mol)
           Bond          Angle    Proper Dih.  Improper Dih.          LJ-14
    7.55466e+03    2.38506e+04    3.19856e+04    1.20283e+03    9.44082e+03
     Coulomb-14        LJ (SR)   Coulomb (SR)   Coul. recip.      Potential
    9.71138e+04    2.03568e+05   -1.92404e+06    4.37578e+03   -1.54494e+06
    Kinetic En.   Total Energy  Conserved En.    Temperature Pressure (bar)
    3.01429e+05   -1.24351e+06   -1.58399e+06    3.01677e+02   -2.48566e+01
   Constr. rmsd
    3.29637e-06

           Step           Time
           7000       14.00000

   Energies (kJ/mol)
           Bond          Angle    Proper Dih.  Improper Dih.          LJ-14
    7.57195e+03    2.37319e+04    3.21677e+04    1.15618e+03    9.31938e+03
     Coulomb-14        LJ (SR)   Coulomb (SR)   Coul. recip.      Potential
    9.70537e+04    2.01194e+05   -1.92268e+06    4.41215e+03   -1.54607e+06
    Kinetic En.   Total Energy  Conserved En.    Temperature Pressure (bar)
    2.98255e+05   -1.24782e+06   -1.58391e+06    2.98500e+02   -2.27987e+02
   Constr. rmsd
    3.21258e-06

Writing checkpoint, step 7040 at Fri Jun 24 09:04:40 2022


           Step           Time
           7500       15.00000

   Energies (kJ/mol)
           Bond          Angle    Proper Dih.  Improper Dih.          LJ-14
    7.48016e+03    2.37273e+04    3.21334e+04    1.16259e+03    9.49531e+03
     Coulomb-14        LJ (SR)   Coulomb (SR)   Coul. recip.      Potential
    9.69752e+04    2.01534e+05   -1.92081e+06    4.21504e+03   -1.54409e+06
    Kinetic En.   Total Energy  Conserved En.    Temperature Pressure (bar)
    2.99371e+05   -1.24472e+06   -1.58393e+06    2.99618e+02   -1.56598e+02
   Constr. rmsd
    3.39437e-06

Writing checkpoint, step 7920 at Fri Jun 24 09:19:41 2022



DD  step 7999 load imb.: force  4.5%  pme mesh/force 1.903
           Step           Time
           8000       16.00000

   Energies (kJ/mol)
           Bond          Angle    Proper Dih.  Improper Dih.          LJ-14
    7.34940e+03    2.35538e+04    3.19643e+04    1.19603e+03    9.39070e+03
     Coulomb-14        LJ (SR)   Coulomb (SR)   Coul. recip.      Potential
    9.72953e+04    2.02102e+05   -1.92335e+06    4.34029e+03   -1.54616e+06
    Kinetic En.   Total Energy  Conserved En.    Temperature Pressure (bar)
    2.98599e+05   -1.24756e+06   -1.58389e+06    2.98844e+02   -1.79996e+02
   Constr. rmsd
    3.25692e-06

           Step           Time
           8500       17.00000

   Energies (kJ/mol)
           Bond          Angle    Proper Dih.  Improper Dih.          LJ-14
    7.56407e+03    2.36009e+04    3.19578e+04    1.20560e+03    9.31416e+03
     Coulomb-14        LJ (SR)   Coulomb (SR)   Coul. recip.      Potential
    9.70876e+04    2.01520e+05   -1.92309e+06    4.22690e+03   -1.54661e+06
    Kinetic En.   Total Energy  Conserved En.    Temperature Pressure (bar)
    3.00261e+05   -1.24635e+06   -1.58387e+06    3.00508e+02   -3.03216e+02
   Constr. rmsd
    3.31779e-06

Writing checkpoint, step 8800 at Fri Jun 24 09:34:41 2022


           Step           Time
           9000       18.00000

   Energies (kJ/mol)
           Bond          Angle    Proper Dih.  Improper Dih.          LJ-14
    7.36816e+03    2.37130e+04    3.18981e+04    1.14229e+03    9.48954e+03
     Coulomb-14        LJ (SR)   Coulomb (SR)   Coul. recip.      Potential
    9.75160e+04    2.01964e+05   -1.92170e+06    4.38377e+03   -1.54422e+06
    Kinetic En.   Total Energy  Conserved En.    Temperature Pressure (bar)
    3.00906e+05   -1.24332e+06   -1.58393e+06    3.01153e+02   -1.11043e+02
   Constr. rmsd
    3.32804e-06

           Step           Time
           9500       19.00000

   Energies (kJ/mol)
           Bond          Angle    Proper Dih.  Improper Dih.          LJ-14
    7.25397e+03    2.38932e+04    3.18248e+04    1.08675e+03    9.36502e+03
     Coulomb-14        LJ (SR)   Coulomb (SR)   Coul. recip.      Potential
    9.72639e+04    2.02383e+05   -1.92491e+06    4.26556e+03   -1.54757e+06
    Kinetic En.   Total Energy  Conserved En.    Temperature Pressure (bar)
    3.00135e+05   -1.24744e+06   -1.58388e+06    3.00382e+02   -2.35862e+02
   Constr. rmsd
    3.30482e-06

Writing checkpoint, step 9840 at Fri Jun 24 09:49:14 2022



DD  step 9999 load imb.: force  3.4%  pme mesh/force 1.928
           Step           Time
          10000       20.00000

Writing checkpoint, step 10000 at Fri Jun 24 09:51:03 2022


   Energies (kJ/mol)
           Bond          Angle    Proper Dih.  Improper Dih.          LJ-14
    7.63613e+03    2.41231e+04    3.19255e+04    1.20320e+03    9.36197e+03
     Coulomb-14        LJ (SR)   Coulomb (SR)   Coul. recip.      Potential
    9.72157e+04    2.01219e+05   -1.92058e+06    4.28370e+03   -1.54361e+06
    Kinetic En.   Total Energy  Conserved En.    Temperature Pressure (bar)
    3.00939e+05   -1.24267e+06   -1.58385e+06    3.01187e+02   -2.37522e+02
   Constr. rmsd
    3.30071e-06


Energy conservation over simulation part #1 of length 20 ns, time 0 to 20 ns
  Conserved energy drift: 1.35e-03 kJ/mol/ps per atom


	<======  ###############  ==>
	<====  A V E R A G E S  ====>
	<==  ###############  ======>

	Statistics over 10001 steps using 101 frames

   Energies (kJ/mol)
           Bond          Angle    Proper Dih.  Improper Dih.          LJ-14
    7.41706e+03    2.36371e+04    3.19389e+04    1.14984e+03    9.39806e+03
     Coulomb-14        LJ (SR)   Coulomb (SR)   Coul. recip.      Potential
    9.71196e+04    2.03059e+05   -1.92842e+06    4.15454e+03   -1.55055e+06
    Kinetic En.   Total Energy  Conserved En.    Temperature Pressure (bar)
    2.98625e+05   -1.25192e+06   -1.58402e+06    2.98871e+02   -2.18651e+02
   Constr. rmsd
    0.00000e+00

   Total Virial (kJ/mol)
    1.06927e+05    1.38756e+02   -2.45789e+02
    1.37962e+02    1.08102e+05   -1.81084e+02
   -2.44346e+02   -1.79852e+02    1.07267e+05

   Pressure (bar)
   -2.06499e+02   -5.48398e+00    6.81845e+00
   -5.46197e+00   -2.36274e+02    7.13218e+00
    6.77847e+00    7.09804e+00   -2.13180e+02

      T-Protein          T-PAAT-Water_and_ions
    2.99443e+02    3.00097e+02    2.98801e+02


       P P   -   P M E   L O A D   B A L A N C I N G

 PP/PME load balancing changed the cut-off and PME settings:
           particle-particle                    PME
            rcoulomb  rlist            grid      spacing   1/beta
   initial  1.200 nm  1.201 nm      72  72  72   0.148 nm  0.384 nm
   final    1.328 nm  1.329 nm      60  60  60   0.177 nm  0.425 nm
 cost-ratio           1.35             0.58
 (note that these numbers concern only part of the total PP and PME load)


	M E G A - F L O P S   A C C O U N T I N G

 NB=Group-cutoff nonbonded kernels    NxN=N-by-N cluster Verlet kernels
 RF=Reaction-Field  VdW=Van der Waals  QSTab=quadratic-spline table
 W3=SPC/TIP3p  W4=TIP4p (single or pairs)
 V&F=Potential and force  V=Potential only  F=Force only

 Computing:                               M-Number         M-Flops  % Flops
-----------------------------------------------------------------------------
 Pair Search distance check            8422.793004       75805.137     0.1
 NxN QSTab Elec. + LJ [F]            663522.097000    35166671.141    62.5
 NxN QSTab Elec. + LJ [V&F]            6757.472104      547355.240     1.0
 NxN QSTab Elec. [F]                 546976.363688    18597196.365    33.1
 NxN QSTab Elec. [V&F]                 5570.666120      228397.311     0.4
 1,4 nonbonded interactions             256.885686       23119.712     0.0
 Calc Weights                          3529.372902      127057.424     0.2
 Spread Q Bspline                     75293.288576      150586.577     0.3
 Gather F Bspline                     75293.288576      451759.731     0.8
 3D-FFT                               76812.654850      614501.239     1.1
 Solve PME                               35.788560        2290.468     0.0
 Reset In Box                            14.821884          44.466     0.0
 CG-CoM                                  14.939518          44.819     0.0
 Bonds                                   50.405040        2973.897     0.0
 Angles                                 180.078006       30253.105     0.1
 Propers                                328.972894       75334.793     0.1
 Impropers                               19.201920        3993.999     0.0
 Virial                                  11.990114         215.822     0.0
 Stop-CM                                 11.998668         119.987     0.0
 Calc-Ekin                              235.503268        6358.588     0.0
 Lincs                                   53.243411        3194.605     0.0
 Lincs-Mat                              293.263872        1173.055     0.0
 Constraint-V                          1261.110254       11349.992     0.0
 Constraint-Vir                          12.197316         292.736     0.0
 Settle                                 384.916475      142419.096     0.3
-----------------------------------------------------------------------------
 Total                                                56262509.306   100.0
-----------------------------------------------------------------------------


    D O M A I N   D E C O M P O S I T I O N   S T A T I S T I C S

 av. #atoms communicated per step for force:  2 x 196234.9
 av. #atoms communicated per step for LINCS:  2 x 8514.7


Dynamic load balancing report:
 DLB was off during the run due to low measured imbalance.
 Average load imbalance: 4.4%.
 The balanceable part of the MD step is 40%, load imbalance is computed from this.
 Part of the total run time spent waiting due to load imbalance: 1.8%.
 Average PME mesh/force load: 2.016
 Part of the total run time spent waiting due to PP/PME imbalance: 29.9 %

NOTE: 29.9 % performance was lost because the PME ranks
      had more work to do than the PP ranks.
      You might want to increase the number of PME ranks
      or increase the cut-off and the grid spacing.


     R E A L   C Y C L E   A N D   T I M E   A C C O U N T I N G

On 24 MPI ranks doing PP, and
on 4 MPI ranks doing PME

 Computing:          Num   Num      Call    Wall time         Giga-Cycles
                     Ranks Threads  Count      (s)         total sum    %
-----------------------------------------------------------------------------
 Domain decomp.        24    1        126     333.434      20757.731   2.8
 DD comm. load         24    1          7       0.558         34.750   0.0
 Send X to PME         24    1      10001     603.825      37590.754   5.2
 Neighbor search       24    1        126      24.990       1555.740   0.2
 Comm. coord.          24    1       9875    1711.931     106575.169  14.6
 Force                 24    1      10001    1829.564     113898.311  15.6
 Wait + Comm. F        24    1      10001    1819.594     113277.633  15.5
 PME mesh *             4    1      10001    6896.030      71551.315   9.8
 PME wait for PP *                           3135.858      32536.795   4.5
 Wait + Recv. PME F    24    1      10001    1674.836     104265.827  14.3
 NB X/F buffer ops.    24    1      29751      12.770        794.991   0.1
 Write traj.           24    1         32       6.594        410.528   0.1
 Update                24    1      10001       0.406         25.271   0.0
 Constraints           24    1      10003    1752.695     109112.867  15.0
 Comm. energies        24    1       1001     251.979      15686.785   2.2
 Rest                                          10.791        671.778   0.1
-----------------------------------------------------------------------------
 Total                                      10033.968     728767.822 100.0
-----------------------------------------------------------------------------
(*) Note that with separate PME ranks, the walltime column actually sums to
    twice the total reported, but the cycle count total and % are correct.
-----------------------------------------------------------------------------
 Breakdown of PME mesh computation
-----------------------------------------------------------------------------
 PME redist. X/F        4    1      20002    4530.950      47011.893   6.5
 PME spread             4    1      10001     582.106       6039.769   0.8
 PME gather             4    1      10001     586.845       6088.939   0.8
 PME 3D-FFT             4    1      20002       8.879         92.127   0.0
 PME 3D-FFT Comm.       4    1      20002    1186.238      12308.083   1.7
 PME solve Elec         4    1      10001       0.946          9.820   0.0
-----------------------------------------------------------------------------

               Core t (s)   Wall t (s)        (%)
       Time:   280945.728    10033.968     2799.9
                         2h47:13
                 (ns/day)    (hour/ns)
Performance:        0.172      139.347
Finished mdrun on rank 0 Fri Jun 24 09:51:06 2022

