                      :-) GROMACS - gmx mdrun, 2021.2 (-:

                            GROMACS is written by:
     Andrey Alekseenko              Emile Apol              Rossen Apostolov     
         Paul Bauer           Herman J.C. Berendsen           Par Bjelkmar       
       Christian Blau           Viacheslav Bolnykh             Kevin Boyd        
     Aldert van Buuren           Rudi van Drunen             Anton Feenstra      
    Gilles Gouaillardet             Alan Gray               Gerrit Groenhof      
       Anca Hamuraru            Vincent Hindriksen          M. Eric Irrgang      
      Aleksei Iupinov           Christoph Junghans             Joe Jordan        
    Dimitrios Karkoulis            Peter Kasson                Jiri Kraus        
      Carsten Kutzner              Per Larsson              Justin A. Lemkul     
       Viveca Lindahl            Magnus Lundborg             Erik Marklund       
        Pascal Merz             Pieter Meulenhoff            Teemu Murtola       
        Szilard Pall               Sander Pronk              Roland Schulz       
       Michael Shirts            Alexey Shvetsov             Alfons Sijbers      
       Peter Tieleman              Jon Vincent              Teemu Virolainen     
     Christian Wennberg            Maarten Wolf              Artem Zhmurov       
                           and the project leaders:
        Mark Abraham, Berk Hess, Erik Lindahl, and David van der Spoel

Copyright (c) 1991-2000, University of Groningen, The Netherlands.
Copyright (c) 2001-2019, The GROMACS development team at
Uppsala University, Stockholm University and
the Royal Institute of Technology, Sweden.
check out http://www.gromacs.org for more information.

GROMACS is free software; you can redistribute it and/or modify it
under the terms of the GNU Lesser General Public License
as published by the Free Software Foundation; either version 2.1
of the License, or (at your option) any later version.

GROMACS:      gmx mdrun, version 2021.2
Executable:   /gpfs/opt/apps/gromacs-2021.2/bin/gmx
Data prefix:  /gpfs/opt/apps/gromacs-2021.2
Working dir:  /gpfs/work/tuk27574/fragment_builder
Process ID:   4284
Command line:
  gmx mdrun -s ./combo_folder/PAA/nvt_PAA50.tpr -deffnm ./combo_folder/PAA/combo_nvt_PAA50

GROMACS version:    2021.2
Verified release checksum is d91a739522d82c53dc47c2276b9ac5fae3b2119283e84e3a1c7bed8ce741fda2
Precision:          mixed
Memory model:       64 bit
MPI library:        thread_mpi
OpenMP support:     enabled (GMX_OPENMP_MAX_THREADS = 64)
GPU support:        disabled
SIMD instructions:  SSE4.1
FFT library:        fftw-3.3.3-sse2
RDTSCP usage:       enabled
TNG support:        enabled
Hwloc support:      disabled
Tracing support:    disabled
C compiler:         /gpfs/opt/tools/gcc-8.4.0/bin/gcc GNU 8.4.0
C compiler flags:   -msse4.1 -Wno-missing-field-initializers -fexcess-precision=fast -funroll-all-loops -O3 -DNDEBUG
C++ compiler:       /gpfs/opt/tools/gcc-8.4.0/bin/g++ GNU 8.4.0
C++ compiler flags: -msse4.1 -Wno-missing-field-initializers -fexcess-precision=fast -funroll-all-loops -fopenmp -O3 -DNDEBUG


Running on 1 node with total 28 cores, 28 logical cores
Hardware detected:
  CPU info:
    Vendor: Intel
    Brand:  Intel(R) Xeon(R) CPU E5-2690 v4 @ 2.60GHz
    Family: 6   Model: 79   Stepping: 1
    Features: aes apic avx avx2 clfsh cmov cx8 cx16 f16c fma hle htt intel lahf mmx msr nonstop_tsc pcid pclmuldq pdcm pdpe1gb popcnt pse rdrnd rdtscp rtm sse2 sse3 sse4.1 sse4.2 ssse3 tdt x2apic
  Hardware topology: Basic
    Sockets, cores, and logical processors:
      Socket  0: [   0] [   2] [   4] [   6] [   8] [  10] [  12] [  14] [  16] [  18] [  20] [  22] [  24] [  26]
      Socket  1: [   1] [   3] [   5] [   7] [   9] [  11] [  13] [  15] [  17] [  19] [  21] [  23] [  25] [  27]

Highest SIMD level requested by all nodes in run: AVX2_256
SIMD instructions selected at compile time:       SSE4.1
This program was compiled for different hardware than you are running on,
which could influence performance.

++++ PLEASE READ AND CITE THE FOLLOWING REFERENCE ++++
M. J. Abraham, T. Murtola, R. Schulz, S. Páll, J. C. Smith, B. Hess, E.
Lindahl
GROMACS: High performance molecular simulations through multi-level
parallelism from laptops to supercomputers
SoftwareX 1 (2015) pp. 19-25
-------- -------- --- Thank You --- -------- --------


++++ PLEASE READ AND CITE THE FOLLOWING REFERENCE ++++
S. Páll, M. J. Abraham, C. Kutzner, B. Hess, E. Lindahl
Tackling Exascale Software Challenges in Molecular Dynamics Simulations with
GROMACS
In S. Markidis & E. Laure (Eds.), Solving Software Challenges for Exascale 8759 (2015) pp. 3-27
-------- -------- --- Thank You --- -------- --------


++++ PLEASE READ AND CITE THE FOLLOWING REFERENCE ++++
S. Pronk, S. Páll, R. Schulz, P. Larsson, P. Bjelkmar, R. Apostolov, M. R.
Shirts, J. C. Smith, P. M. Kasson, D. van der Spoel, B. Hess, and E. Lindahl
GROMACS 4.5: a high-throughput and highly parallel open source molecular
simulation toolkit
Bioinformatics 29 (2013) pp. 845-54
-------- -------- --- Thank You --- -------- --------


++++ PLEASE READ AND CITE THE FOLLOWING REFERENCE ++++
B. Hess and C. Kutzner and D. van der Spoel and E. Lindahl
GROMACS 4: Algorithms for highly efficient, load-balanced, and scalable
molecular simulation
J. Chem. Theory Comput. 4 (2008) pp. 435-447
-------- -------- --- Thank You --- -------- --------


++++ PLEASE READ AND CITE THE FOLLOWING REFERENCE ++++
D. van der Spoel, E. Lindahl, B. Hess, G. Groenhof, A. E. Mark and H. J. C.
Berendsen
GROMACS: Fast, Flexible and Free
J. Comp. Chem. 26 (2005) pp. 1701-1719
-------- -------- --- Thank You --- -------- --------


++++ PLEASE READ AND CITE THE FOLLOWING REFERENCE ++++
E. Lindahl and B. Hess and D. van der Spoel
GROMACS 3.0: A package for molecular simulation and trajectory analysis
J. Mol. Mod. 7 (2001) pp. 306-317
-------- -------- --- Thank You --- -------- --------


++++ PLEASE READ AND CITE THE FOLLOWING REFERENCE ++++
H. J. C. Berendsen, D. van der Spoel and R. van Drunen
GROMACS: A message-passing parallel molecular dynamics implementation
Comp. Phys. Comm. 91 (1995) pp. 43-56
-------- -------- --- Thank You --- -------- --------


++++ PLEASE CITE THE DOI FOR THIS VERSION OF GROMACS ++++
https://doi.org/10.5281/zenodo.4723562
-------- -------- --- Thank You --- -------- --------


The number of OpenMP threads was set by environment variable OMP_NUM_THREADS to 1

Input Parameters:
   integrator                     = md
   tinit                          = 0
   dt                             = 0.002
   nsteps                         = 10000
   init-step                      = 0
   simulation-part                = 1
   mts                            = false
   comm-mode                      = Linear
   nstcomm                        = 100
   bd-fric                        = 0
   ld-seed                        = -629149772
   emtol                          = 10
   emstep                         = 0.01
   niter                          = 20
   fcstep                         = 0
   nstcgsteep                     = 1000
   nbfgscorr                      = 10
   rtpi                           = 0.05
   nstxout                        = 0
   nstvout                        = 0
   nstfout                        = 0
   nstlog                         = 500
   nstcalcenergy                  = 100
   nstenergy                      = 500
   nstxout-compressed             = 500
   compressed-x-precision         = 1000
   cutoff-scheme                  = Verlet
   nstlist                        = 20
   pbc                            = xyz
   periodic-molecules             = false
   verlet-buffer-tolerance        = 0.005
   rlist                          = 1.221
   coulombtype                    = PME
   coulomb-modifier               = Potential-shift
   rcoulomb-switch                = 0
   rcoulomb                       = 1.2
   epsilon-r                      = 1
   epsilon-rf                     = inf
   vdw-type                       = Cut-off
   vdw-modifier                   = Force-switch
   rvdw-switch                    = 1
   rvdw                           = 1.2
   DispCorr                       = No
   table-extension                = 1
   fourierspacing                 = 0.16
   fourier-nx                     = 72
   fourier-ny                     = 72
   fourier-nz                     = 72
   pme-order                      = 4
   ewald-rtol                     = 1e-05
   ewald-rtol-lj                  = 0.001
   lj-pme-comb-rule               = Geometric
   ewald-geometry                 = 0
   epsilon-surface                = 0
   tcoupl                         = V-rescale
   nsttcouple                     = 10
   nh-chain-length                = 0
   print-nose-hoover-chain-variables = false
   pcoupl                         = No
   pcoupltype                     = Isotropic
   nstpcouple                     = -1
   tau-p                          = 1
   compressibility (3x3):
      compressibility[    0]={ 0.00000e+00,  0.00000e+00,  0.00000e+00}
      compressibility[    1]={ 0.00000e+00,  0.00000e+00,  0.00000e+00}
      compressibility[    2]={ 0.00000e+00,  0.00000e+00,  0.00000e+00}
   ref-p (3x3):
      ref-p[    0]={ 0.00000e+00,  0.00000e+00,  0.00000e+00}
      ref-p[    1]={ 0.00000e+00,  0.00000e+00,  0.00000e+00}
      ref-p[    2]={ 0.00000e+00,  0.00000e+00,  0.00000e+00}
   refcoord-scaling               = No
   posres-com (3):
      posres-com[0]= 0.00000e+00
      posres-com[1]= 0.00000e+00
      posres-com[2]= 0.00000e+00
   posres-comB (3):
      posres-comB[0]= 0.00000e+00
      posres-comB[1]= 0.00000e+00
      posres-comB[2]= 0.00000e+00
   QMMM                           = false
qm-opts:
   ngQM                           = 0
   constraint-algorithm           = Lincs
   continuation                   = false
   Shake-SOR                      = false
   shake-tol                      = 0.0001
   lincs-order                    = 4
   lincs-iter                     = 1
   lincs-warnangle                = 30
   nwall                          = 0
   wall-type                      = 9-3
   wall-r-linpot                  = -1
   wall-atomtype[0]               = -1
   wall-atomtype[1]               = -1
   wall-density[0]                = 0
   wall-density[1]                = 0
   wall-ewald-zfac                = 3
   pull                           = false
   awh                            = false
   rotation                       = false
   interactiveMD                  = false
   disre                          = No
   disre-weighting                = Conservative
   disre-mixed                    = false
   dr-fc                          = 1000
   dr-tau                         = 0
   nstdisreout                    = 100
   orire-fc                       = 0
   orire-tau                      = 0
   nstorireout                    = 100
   free-energy                    = no
   cos-acceleration               = 0
   deform (3x3):
      deform[    0]={ 0.00000e+00,  0.00000e+00,  0.00000e+00}
      deform[    1]={ 0.00000e+00,  0.00000e+00,  0.00000e+00}
      deform[    2]={ 0.00000e+00,  0.00000e+00,  0.00000e+00}
   simulated-tempering            = false
   swapcoords                     = no
   userint1                       = 0
   userint2                       = 0
   userint3                       = 0
   userint4                       = 0
   userreal1                      = 0
   userreal2                      = 0
   userreal3                      = 0
   userreal4                      = 0
   applied-forces:
     electric-field:
       x:
         E0                       = 0
         omega                    = 0
         t0                       = 0
         sigma                    = 0
       y:
         E0                       = 0
         omega                    = 0
         t0                       = 0
         sigma                    = 0
       z:
         E0                       = 0
         omega                    = 0
         t0                       = 0
         sigma                    = 0
     density-guided-simulation:
       active                     = false
       group                      = protein
       similarity-measure         = inner-product
       atom-spreading-weight      = unity
       force-constant             = 1e+09
       gaussian-transform-spreading-width = 0.2
       gaussian-transform-spreading-range-in-multiples-of-width = 4
       reference-density-filename = reference.mrc
       nst                        = 1
       normalize-densities        = true
       adaptive-force-scaling     = false
       adaptive-force-scaling-time-constant = 4
       shift-vector               = 
       transformation-matrix      = 
grpopts:
   nrdf:     23287.7     2299.97      214815
   ref-t:         300         300         300
   tau-t:         0.1         0.1         0.1
annealing:          No          No          No
annealing-npoints:           0           0           0
   acc:	           0           0           0
   nfreeze:           N           N           N
   energygrp-flags[  0]: 0

Changing nstlist from 20 to 80, rlist from 1.221 to 1.316


Initializing Domain Decomposition on 28 ranks
Dynamic load balancing: auto
Minimum cell size due to atom displacement: 0.649 nm
Initial maximum distances in bonded interactions:
    two-body bonded interactions: 0.423 nm, LJ-14, atoms 2530 2538
  multi-body bonded interactions: 0.423 nm, Proper Dih., atoms 2530 2538
Minimum cell size due to bonded interactions: 0.465 nm
Maximum distance for 5 constraints, at 120 deg. angles, all-trans: 0.219 nm
Estimated maximum distance required for P-LINCS: 0.219 nm
Scaling the initial minimum size with 1/0.8 (option -dds) = 1.25
Guess for relative PME load: 0.09
Will use 24 particle-particle and 4 PME only ranks
This is a guess, check the performance at the end of the log file
Using 4 separate PME ranks, as guessed by mdrun
Optimizing the DD grid for 24 cells with a minimum initial size of 0.811 nm
The maximum allowed number of cells is: X 13 Y 13 Z 13
Domain decomposition grid 4 x 3 x 2, separate PME ranks 4
PME domain decomposition: 4 x 1 x 1
Interleaving PP and PME ranks
This rank does only particle-particle work.
Domain decomposition rank 0, coordinates 0 0 0

The initial number of communication pulses is: X 1 Y 1 Z 1
The initial domain decomposition cell size is: X 2.66 nm Y 3.54 nm Z 5.31 nm

The maximum allowed distance for atoms involved in interactions is:
                 non-bonded interactions           1.316 nm
            two-body bonded interactions  (-rdd)   1.316 nm
          multi-body bonded interactions  (-rdd)   1.316 nm
  atoms separated by up to 5 constraints  (-rcon)  2.656 nm

When dynamic load balancing gets turned on, these settings will change to:
The maximum number of communication pulses is: X 1 Y 1 Z 1
The minimum size for domain decomposition cells is 1.316 nm
The requested allowed shrink of DD cells (option -dds) is: 0.80
The allowed shrink of domain decomposition cells is: X 0.50 Y 0.37 Z 0.25
The maximum allowed distance for atoms involved in interactions is:
                 non-bonded interactions           1.316 nm
            two-body bonded interactions  (-rdd)   1.316 nm
          multi-body bonded interactions  (-rdd)   1.316 nm
  atoms separated by up to 5 constraints  (-rcon)  1.316 nm

Using 28 MPI threads
Using 1 OpenMP thread per tMPI thread

Pinning threads with an auto-selected logical core stride of 1
System total charge: 0.000
Will do PME sum in reciprocal space for electrostatic interactions.

++++ PLEASE READ AND CITE THE FOLLOWING REFERENCE ++++
U. Essmann, L. Perera, M. L. Berkowitz, T. Darden, H. Lee and L. G. Pedersen 
A smooth particle mesh Ewald method
J. Chem. Phys. 103 (1995) pp. 8577-8592
-------- -------- --- Thank You --- -------- --------

Using a Gaussian width (1/beta) of 0.384195 nm for Ewald
Potential shift: LJ r^-12: -2.648e-01 r^-6: -5.349e-01, Ewald -8.333e-06
Initialized non-bonded Ewald tables, spacing: 1.02e-03 size: 1176

Generated table with 1158 data points for 1-4 COUL.
Tabscale = 500 points/nm
Generated table with 1158 data points for 1-4 LJ6.
Tabscale = 500 points/nm
Generated table with 1158 data points for 1-4 LJ12.
Tabscale = 500 points/nm


Using SIMD 4x4 nonbonded short-range kernels

Using a dual 4x4 pair-list setup updated with dynamic pruning:
  outer list: updated every 80 steps, buffer 0.116 nm, rlist 1.316 nm
  inner list: updated every 13 steps, buffer 0.001 nm, rlist 1.201 nm
At tolerance 0.005 kJ/mol/ps per atom, equivalent classical 1x1 list would be:
  outer list: updated every 80 steps, buffer 0.261 nm, rlist 1.461 nm
  inner list: updated every 13 steps, buffer 0.050 nm, rlist 1.250 nm
Removing pbc first time

Initializing Parallel LINear Constraint Solver

++++ PLEASE READ AND CITE THE FOLLOWING REFERENCE ++++
B. Hess
P-LINCS: A Parallel Linear Constraint Solver for molecular simulation
J. Chem. Theory Comput. 4 (2008) pp. 116-122
-------- -------- --- Thank You --- -------- --------

The number of constraints is 5150
There are constraints between atoms in different decomposition domains,
will communicate selected coordinates each lincs iteration

++++ PLEASE READ AND CITE THE FOLLOWING REFERENCE ++++
S. Miyamoto and P. A. Kollman
SETTLE: An Analytical Version of the SHAKE and RATTLE Algorithms for Rigid
Water Models
J. Comp. Chem. 13 (1992) pp. 952-962
-------- -------- --- Thank You --- -------- --------


Linking all bonded interactions to atoms


Intra-simulation communication will occur every 10 steps.

++++ PLEASE READ AND CITE THE FOLLOWING REFERENCE ++++
G. Bussi, D. Donadio and M. Parrinello
Canonical sampling through velocity rescaling
J. Chem. Phys. 126 (2007) pp. 014101
-------- -------- --- Thank You --- -------- --------

There are: 117582 Atoms
Atom distribution over 24 domains: av 4899 stddev 85 min 4833 max 5063

Constraining the starting coordinates (step 0)

Constraining the coordinates at t0-dt (step 0)
Center of mass motion removal mode is Linear
We have the following groups for center of mass motion removal:
  0:  rest
RMS relative constraint deviation after constraining: 4.24e-06
Initial temperature: 300.205 K

Started mdrun on rank 0 Fri Jun 24 11:41:07 2022

           Step           Time
              0        0.00000

   Energies (kJ/mol)
           Bond          Angle    Proper Dih.  Improper Dih.          LJ-14
    1.46792e+03    1.13067e+04    2.94416e+04    2.13775e+02    8.31183e+03
     Coulomb-14        LJ (SR)   Coulomb (SR)   Coul. recip.      Potential
    9.42141e+04    2.31531e+05   -2.25590e+06    3.26351e+03   -1.87615e+06
    Kinetic En.   Total Energy  Conserved En.    Temperature Pressure (bar)
    3.00090e+05   -1.57606e+06   -1.57606e+06    3.00267e+02   -4.44193e+03
   Constr. rmsd
    3.34221e-06


DD  step 79 load imb.: force  9.7%  pme mesh/force 2.576
step  480: timed with pme grid 72 72 72, coulomb cutoff 1.200: 215815.9 M-cycles
           Step           Time
            500        1.00000

   Energies (kJ/mol)
           Bond          Angle    Proper Dih.  Improper Dih.          LJ-14
    7.85822e+03    2.66740e+04    3.28081e+04    1.16571e+03    9.53742e+03
     Coulomb-14        LJ (SR)   Coulomb (SR)   Coul. recip.      Potential
    9.40559e+04    2.03072e+05   -1.92859e+06    4.23750e+03   -1.54918e+06
    Kinetic En.   Total Energy  Conserved En.    Temperature Pressure (bar)
    2.96136e+05   -1.25304e+06   -1.57306e+06    2.96310e+02   -3.24994e+02
   Constr. rmsd
    3.46042e-06

step  640: timed with pme grid 60 60 60, coulomb cutoff 1.328: 232913.1 M-cycles
step  800: timed with pme grid 52 52 52, coulomb cutoff 1.532: 233688.7 M-cycles
Writing checkpoint, step 880 at Fri Jun 24 11:56:50 2022


step  960: timed with pme grid 48 48 48, coulomb cutoff 1.660: 237301.1 M-cycles
           Step           Time
           1000        2.00000

   Energies (kJ/mol)
           Bond          Angle    Proper Dih.  Improper Dih.          LJ-14
    7.82152e+03    2.69859e+04    3.28057e+04    1.12965e+03    9.52019e+03
     Coulomb-14        LJ (SR)   Coulomb (SR)   Coul. recip.      Potential
    9.42562e+04    1.98972e+05   -1.91212e+06    1.65250e+03   -1.53898e+06
    Kinetic En.   Total Energy  Conserved En.    Temperature Pressure (bar)
    3.01078e+05   -1.23790e+06   -1.57309e+06    3.01255e+02   -2.46384e+02
   Constr. rmsd
    3.52190e-06

step 1120: timed with pme grid 44 44 44, coulomb cutoff 1.811: 252093.4 M-cycles
step 1280: timed with pme grid 48 48 48, coulomb cutoff 1.660: 234760.9 M-cycles
step 1440: timed with pme grid 52 52 52, coulomb cutoff 1.532: 232068.4 M-cycles
           Step           Time
           1500        3.00000

   Energies (kJ/mol)
           Bond          Angle    Proper Dih.  Improper Dih.          LJ-14
    7.75732e+03    2.69623e+04    3.26581e+04    1.10964e+03    9.60616e+03
     Coulomb-14        LJ (SR)   Coulomb (SR)   Coul. recip.      Potential
    9.41399e+04    2.02818e+05   -1.91635e+06    3.51497e+03   -1.53779e+06
    Kinetic En.   Total Energy  Conserved En.    Temperature Pressure (bar)
    2.99522e+05   -1.23827e+06   -1.57310e+06    2.99698e+02   -7.53403e+01
   Constr. rmsd
    3.46747e-06

step 1600: timed with pme grid 56 56 56, coulomb cutoff 1.423: 232358.6 M-cycles
Writing checkpoint, step 1600 at Fri Jun 24 12:13:00 2022


step 1760: timed with pme grid 60 60 60, coulomb cutoff 1.328: 232238.2 M-cycles
step 1920: timed with pme grid 64 64 64, coulomb cutoff 1.245: 232143.2 M-cycles

DD  step 1999 load imb.: force  3.2%  pme mesh/force 2.290
           Step           Time
           2000        4.00000

   Energies (kJ/mol)
           Bond          Angle    Proper Dih.  Improper Dih.          LJ-14
    7.65672e+03    2.65178e+04    3.27869e+04    1.11123e+03    9.66008e+03
     Coulomb-14        LJ (SR)   Coulomb (SR)   Coul. recip.      Potential
    9.38853e+04    1.99185e+05   -1.91806e+06    5.97717e+03   -1.54128e+06
    Kinetic En.   Total Energy  Conserved En.    Temperature Pressure (bar)
    2.98880e+05   -1.24240e+06   -1.57303e+06    2.99056e+02   -2.60350e+02
   Constr. rmsd
    3.31221e-06

step 2080: timed with pme grid 72 72 72, coulomb cutoff 1.200: 232592.6 M-cycles
              optimal pme grid 72 72 72, coulomb cutoff 1.200
Writing checkpoint, step 2240 at Fri Jun 24 12:27:00 2022


           Step           Time
           2500        5.00000

   Energies (kJ/mol)
           Bond          Angle    Proper Dih.  Improper Dih.          LJ-14
    7.80071e+03    2.66137e+04    3.25704e+04    1.18315e+03    9.65208e+03
     Coulomb-14        LJ (SR)   Coulomb (SR)   Coul. recip.      Potential
    9.41467e+04    2.02108e+05   -1.91845e+06    5.94690e+03   -1.53843e+06
    Kinetic En.   Total Energy  Conserved En.    Temperature Pressure (bar)
    2.99977e+05   -1.23845e+06   -1.57301e+06    3.00154e+02   -4.15306e+01
   Constr. rmsd
    3.28675e-06

Writing checkpoint, step 2960 at Fri Jun 24 12:42:40 2022


           Step           Time
           3000        6.00000

   Energies (kJ/mol)
           Bond          Angle    Proper Dih.  Improper Dih.          LJ-14
    7.79971e+03    2.71864e+04    3.27679e+04    1.17385e+03    9.51421e+03
     Coulomb-14        LJ (SR)   Coulomb (SR)   Coul. recip.      Potential
    9.41105e+04    1.99687e+05   -1.91373e+06    5.99521e+03   -1.53549e+06
    Kinetic En.   Total Energy  Conserved En.    Temperature Pressure (bar)
    3.01229e+05   -1.23426e+06   -1.57302e+06    3.01406e+02   -1.77527e+02
   Constr. rmsd
    3.47896e-06

           Step           Time
           3500        7.00000

   Energies (kJ/mol)
           Bond          Angle    Proper Dih.  Improper Dih.          LJ-14
    7.60699e+03    2.68340e+04    3.28449e+04    1.09666e+03    9.65741e+03
     Coulomb-14        LJ (SR)   Coulomb (SR)   Coul. recip.      Potential
    9.38835e+04    2.01255e+05   -1.91680e+06    5.92290e+03   -1.53769e+06
    Kinetic En.   Total Energy  Conserved En.    Temperature Pressure (bar)
    3.01072e+05   -1.23662e+06   -1.57304e+06    3.01250e+02   -8.98889e+01
   Constr. rmsd
    3.28407e-06

Writing checkpoint, step 3600 at Fri Jun 24 12:56:37 2022



DD  step 3999 load imb.: force  1.6%  pme mesh/force 2.289
           Step           Time
           4000        8.00000

   Energies (kJ/mol)
           Bond          Angle    Proper Dih.  Improper Dih.          LJ-14
    7.56961e+03    2.66203e+04    3.28889e+04    1.22517e+03    9.63761e+03
     Coulomb-14        LJ (SR)   Coulomb (SR)   Coul. recip.      Potential
    9.43155e+04    2.01875e+05   -1.92003e+06    6.01054e+03   -1.53989e+06
    Kinetic En.   Total Energy  Conserved En.    Temperature Pressure (bar)
    2.97755e+05   -1.24213e+06   -1.57297e+06    2.97931e+02   -1.88101e+02
   Constr. rmsd
    3.27339e-06

Writing checkpoint, step 4320 at Fri Jun 24 13:12:17 2022


           Step           Time
           4500        9.00000

   Energies (kJ/mol)
           Bond          Angle    Proper Dih.  Improper Dih.          LJ-14
    7.60540e+03    2.71643e+04    3.27864e+04    1.21686e+03    9.67056e+03
     Coulomb-14        LJ (SR)   Coulomb (SR)   Coul. recip.      Potential
    9.38883e+04    2.00906e+05   -1.91582e+06    5.95423e+03   -1.53662e+06
    Kinetic En.   Total Energy  Conserved En.    Temperature Pressure (bar)
    3.01034e+05   -1.23559e+06   -1.57294e+06    3.01212e+02   -1.67748e+02
   Constr. rmsd
    3.39670e-06

           Step           Time
           5000       10.00000

   Energies (kJ/mol)
           Bond          Angle    Proper Dih.  Improper Dih.          LJ-14
    7.62629e+03    2.70261e+04    3.25925e+04    1.16260e+03    9.66107e+03
     Coulomb-14        LJ (SR)   Coulomb (SR)   Coul. recip.      Potential
    9.37468e+04    2.01467e+05   -1.91765e+06    5.81031e+03   -1.53856e+06
    Kinetic En.   Total Energy  Conserved En.    Temperature Pressure (bar)
    3.00312e+05   -1.23824e+06   -1.57291e+06    3.00489e+02   -1.41740e+02
   Constr. rmsd
    3.32545e-06

Writing checkpoint, step 5040 at Fri Jun 24 13:27:58 2022


           Step           Time
           5500       11.00000

   Energies (kJ/mol)
           Bond          Angle    Proper Dih.  Improper Dih.          LJ-14
    7.45016e+03    2.66731e+04    3.26107e+04    1.10087e+03    9.71198e+03
     Coulomb-14        LJ (SR)   Coulomb (SR)   Coul. recip.      Potential
    9.43886e+04    2.00882e+05   -1.91844e+06    5.80554e+03   -1.53982e+06
    Kinetic En.   Total Energy  Conserved En.    Temperature Pressure (bar)
    2.97648e+05   -1.24217e+06   -1.57292e+06    2.97823e+02   -8.09177e+01
   Constr. rmsd
    3.26074e-06

Writing checkpoint, step 5680 at Fri Jun 24 13:41:55 2022



DD  step 5999 load imb.: force  5.1%  pme mesh/force 2.250
           Step           Time
           6000       12.00000

   Energies (kJ/mol)
           Bond          Angle    Proper Dih.  Improper Dih.          LJ-14
    7.74959e+03    2.66960e+04    3.25972e+04    1.22218e+03    9.73327e+03
     Coulomb-14        LJ (SR)   Coulomb (SR)   Coul. recip.      Potential
    9.43315e+04    1.99973e+05   -1.91756e+06    6.00447e+03   -1.53925e+06
    Kinetic En.   Total Energy  Conserved En.    Temperature Pressure (bar)
    3.00323e+05   -1.23893e+06   -1.57288e+06    3.00500e+02   -1.70744e+02
   Constr. rmsd
    3.23595e-06

Writing checkpoint, step 6400 at Fri Jun 24 13:57:37 2022


           Step           Time
           6500       13.00000

   Energies (kJ/mol)
           Bond          Angle    Proper Dih.  Improper Dih.          LJ-14
    7.57447e+03    2.69195e+04    3.25467e+04    1.13669e+03    9.58440e+03
     Coulomb-14        LJ (SR)   Coulomb (SR)   Coul. recip.      Potential
    9.42093e+04    1.99452e+05   -1.91618e+06    5.93654e+03   -1.53882e+06
    Kinetic En.   Total Energy  Conserved En.    Temperature Pressure (bar)
    3.00272e+05   -1.23855e+06   -1.57287e+06    3.00449e+02   -2.59033e+02
   Constr. rmsd
    3.43270e-06

           Step           Time
           7000       14.00000

   Energies (kJ/mol)
           Bond          Angle    Proper Dih.  Improper Dih.          LJ-14
    7.63630e+03    2.69572e+04    3.26908e+04    1.14135e+03    9.53940e+03
     Coulomb-14        LJ (SR)   Coulomb (SR)   Coul. recip.      Potential
    9.37049e+04    2.01100e+05   -1.91753e+06    5.83241e+03   -1.53893e+06
    Kinetic En.   Total Energy  Conserved En.    Temperature Pressure (bar)
    3.00034e+05   -1.23889e+06   -1.57284e+06    3.00211e+02   -1.14534e+02
   Constr. rmsd
    3.28701e-06

Writing checkpoint, step 7040 at Fri Jun 24 14:11:32 2022


           Step           Time
           7500       15.00000

   Energies (kJ/mol)
           Bond          Angle    Proper Dih.  Improper Dih.          LJ-14
    7.61379e+03    2.74055e+04    3.24418e+04    1.17052e+03    9.54981e+03
     Coulomb-14        LJ (SR)   Coulomb (SR)   Coul. recip.      Potential
    9.37433e+04    1.99719e+05   -1.91599e+06    5.97083e+03   -1.53837e+06
    Kinetic En.   Total Energy  Conserved En.    Temperature Pressure (bar)
    3.00962e+05   -1.23741e+06   -1.57285e+06    3.01139e+02   -2.39171e+02
   Constr. rmsd
    3.43134e-06

Writing checkpoint, step 7760 at Fri Jun 24 14:27:16 2022



DD  step 7999 load imb.: force  2.2%  pme mesh/force 2.275
           Step           Time
           8000       16.00000

   Energies (kJ/mol)
           Bond          Angle    Proper Dih.  Improper Dih.          LJ-14
    7.70352e+03    2.71971e+04    3.25397e+04    1.20838e+03    9.66531e+03
     Coulomb-14        LJ (SR)   Coulomb (SR)   Coul. recip.      Potential
    9.41210e+04    2.01332e+05   -1.91837e+06    5.94526e+03   -1.53866e+06
    Kinetic En.   Total Energy  Conserved En.    Temperature Pressure (bar)
    3.00307e+05   -1.23835e+06   -1.57282e+06    3.00484e+02   -9.28373e+01
   Constr. rmsd
    3.24425e-06

Writing checkpoint, step 8480 at Fri Jun 24 14:42:54 2022


           Step           Time
           8500       17.00000

   Energies (kJ/mol)
           Bond          Angle    Proper Dih.  Improper Dih.          LJ-14
    7.67374e+03    2.66118e+04    3.26404e+04    1.15044e+03    9.47385e+03
     Coulomb-14        LJ (SR)   Coulomb (SR)   Coul. recip.      Potential
    9.43200e+04    2.02257e+05   -1.91886e+06    5.84884e+03   -1.53888e+06
    Kinetic En.   Total Energy  Conserved En.    Temperature Pressure (bar)
    2.98373e+05   -1.24051e+06   -1.57284e+06    2.98549e+02   -1.77417e+02
   Constr. rmsd
    3.37002e-06

           Step           Time
           9000       18.00000

   Energies (kJ/mol)
           Bond          Angle    Proper Dih.  Improper Dih.          LJ-14
    7.43453e+03    2.65975e+04    3.27751e+04    1.16701e+03    9.72682e+03
     Coulomb-14        LJ (SR)   Coulomb (SR)   Coul. recip.      Potential
    9.42363e+04    2.02632e+05   -1.92125e+06    5.93380e+03   -1.54075e+06
    Kinetic En.   Total Energy  Conserved En.    Temperature Pressure (bar)
    2.99787e+05   -1.24096e+06   -1.57281e+06    2.99964e+02   -4.55089e+01
   Constr. rmsd
    3.40800e-06

Writing checkpoint, step 9120 at Fri Jun 24 14:56:50 2022


           Step           Time
           9500       19.00000

   Energies (kJ/mol)
           Bond          Angle    Proper Dih.  Improper Dih.          LJ-14
    7.56020e+03    2.71575e+04    3.26581e+04    1.11299e+03    9.52460e+03
     Coulomb-14        LJ (SR)   Coulomb (SR)   Coul. recip.      Potential
    9.42834e+04    2.00099e+05   -1.91654e+06    5.94483e+03   -1.53820e+06
    Kinetic En.   Total Energy  Conserved En.    Temperature Pressure (bar)
    2.99353e+05   -1.23885e+06   -1.57276e+06    2.99529e+02   -2.24072e+02
   Constr. rmsd
    3.32618e-06

Writing checkpoint, step 9840 at Fri Jun 24 15:12:32 2022



DD  step 9999 load imb.: force  2.9%  pme mesh/force 2.289
           Step           Time
          10000       20.00000

Writing checkpoint, step 10000 at Fri Jun 24 15:16:01 2022


   Energies (kJ/mol)
           Bond          Angle    Proper Dih.  Improper Dih.          LJ-14
    7.49547e+03    2.69939e+04    3.27548e+04    1.11705e+03    9.63011e+03
     Coulomb-14        LJ (SR)   Coulomb (SR)   Coul. recip.      Potential
    9.41502e+04    1.99226e+05   -1.91590e+06    5.89105e+03   -1.53864e+06
    Kinetic En.   Total Energy  Conserved En.    Temperature Pressure (bar)
    2.98663e+05   -1.23997e+06   -1.57277e+06    2.98839e+02   -2.57263e+02
   Constr. rmsd
    3.38084e-06


Energy conservation over simulation part #1 of length 20 ns, time 0 to 20 ns
  Conserved energy drift: 1.40e-03 kJ/mol/ps per atom


	<======  ###############  ==>
	<====  A V E R A G E S  ====>
	<==  ###############  ======>

	Statistics over 10001 steps using 101 frames

   Energies (kJ/mol)
           Bond          Angle    Proper Dih.  Improper Dih.          LJ-14
    7.58116e+03    2.66159e+04    3.26496e+04    1.14130e+03    9.59654e+03
     Coulomb-14        LJ (SR)   Coulomb (SR)   Coul. recip.      Potential
    9.41468e+04    2.01720e+05   -1.92338e+06    5.49769e+03   -1.54443e+06
    Kinetic En.   Total Energy  Conserved En.    Temperature Pressure (bar)
    2.98461e+05   -1.24597e+06   -1.57296e+06    2.98637e+02   -2.17141e+02
   Constr. rmsd
    0.00000e+00

   Total Virial (kJ/mol)
    1.06878e+05   -3.55897e+02    2.37836e+02
   -3.55950e+02    1.07542e+05    4.64223e+01
    2.36506e+02    4.60597e+01    1.07549e+05

   Pressure (bar)
   -2.04584e+02    8.79481e+00   -7.18002e+00
    8.79627e+00   -2.24890e+02    5.06954e-01
   -7.14317e+00    5.17001e-01   -2.21949e+02

      T-Protein          T-PAAT-Water_and_ions
    2.99096e+02    2.97649e+02    2.98598e+02


	M E G A - F L O P S   A C C O U N T I N G

 NB=Group-cutoff nonbonded kernels    NxN=N-by-N cluster Verlet kernels
 RF=Reaction-Field  VdW=Van der Waals  QSTab=quadratic-spline table
 W3=SPC/TIP3p  W4=TIP4p (single or pairs)
 V&F=Potential and force  V=Potential only  F=Force only

 Computing:                               M-Number         M-Flops  % Flops
-----------------------------------------------------------------------------
 Pair Search distance check            7404.410120       66639.691     0.1
 NxN QSTab Elec. + LJ [F]            548137.742584    29051300.357    61.7
 NxN QSTab Elec. + LJ [V&F]            5599.314736      453544.494     1.0
 NxN QSTab Elec. [F]                 448639.760712    15253751.864    32.4
 NxN QSTab Elec. [V&F]                 4582.701056      187890.743     0.4
 1,4 nonbonded interactions             265.686566       23911.791     0.1
 Calc Weights                          3527.812746      127001.259     0.3
 Spread Q Bspline                     75260.005248      150520.010     0.3
 Gather F Bspline                     75260.005248      451560.031     1.0
 3D-FFT                              126401.380672     1011211.045     2.1
 Solve PME                               48.601664        3110.506     0.0
 Reset In Box                            14.815332          44.446     0.0
 CG-CoM                                  14.932914          44.799     0.0
 Bonds                                   52.005200        3068.307     0.0
 Angles                                 187.278726       31462.826     0.1
 Propers                                345.574554       79136.573     0.2
 Impropers                               19.201920        3993.999     0.0
 Virial                                  11.984862         215.728     0.0
 Stop-CM                                 11.993364         119.934     0.0
 Calc-Ekin                              235.399164        6355.777     0.0
 Lincs                                   55.436692        3326.202     0.0
 Lincs-Mat                              309.772752        1239.091     0.0
 Constraint-V                          1260.611618       11345.505     0.0
 Constraint-Vir                          12.169477         292.067     0.0
 Settle                                 383.288047      141816.577     0.3
-----------------------------------------------------------------------------
 Total                                                47062903.623   100.0
-----------------------------------------------------------------------------


    D O M A I N   D E C O M P O S I T I O N   S T A T I S T I C S

 av. #atoms communicated per step for force:  2 x 178341.8
 av. #atoms communicated per step for LINCS:  2 x 8456.5


Dynamic load balancing report:
 DLB was off during the run due to low measured imbalance.
 Average load imbalance: 3.6%.
 The balanceable part of the MD step is 37%, load imbalance is computed from this.
 Part of the total run time spent waiting due to load imbalance: 1.3%.
 Average PME mesh/force load: 2.288
 Part of the total run time spent waiting due to PP/PME imbalance: 33.6 %

NOTE: 33.6 % performance was lost because the PME ranks
      had more work to do than the PP ranks.
      You might want to increase the number of PME ranks
      or increase the cut-off and the grid spacing.


     R E A L   C Y C L E   A N D   T I M E   A C C O U N T I N G

On 24 MPI ranks doing PP, and
on 4 MPI ranks doing PME

 Computing:          Num   Num      Call    Wall time         Giga-Cycles
                     Ranks Threads  Count      (s)         total sum    %
-----------------------------------------------------------------------------
 Domain decomp.        24    1        126     425.932      26516.153   2.8
 DD comm. load         24    1          7       0.562         35.017   0.0
 Send X to PME         24    1      10001     783.475      48774.823   5.2
 Neighbor search       24    1        126      30.186       1879.223   0.2
 Comm. coord.          24    1       9875    2214.020     137832.663  14.7
 Force                 24    1      10001    1763.068     109758.875  11.7
 Wait + Comm. F        24    1      10001    2304.977     143495.157  15.3
 PME mesh *             4    1      10001    8861.242      91941.997   9.8
 PME wait for PP *                           4036.153      41878.102   4.5
 Wait + Recv. PME F    24    1      10001    2750.165     171210.061  18.3
 NB X/F buffer ops.    24    1      29751       3.107        193.449   0.0
 Write traj.           24    1         35       9.380        583.916   0.1
 Update                24    1      10001       0.413         25.699   0.0
 Constraints           24    1      10003    2276.493     141721.893  15.1
 Comm. energies        24    1       1001     324.403      20195.565   2.2
 Rest                                          12.321        767.045   0.1
-----------------------------------------------------------------------------
 Total                                      12898.502     936821.129 100.0
-----------------------------------------------------------------------------
(*) Note that with separate PME ranks, the walltime column actually sums to
    twice the total reported, but the cycle count total and % are correct.
-----------------------------------------------------------------------------
 Breakdown of PME mesh computation
-----------------------------------------------------------------------------
 PME redist. X/F        4    1      20002    5812.911      60313.294   6.4
 PME spread             4    1      10001     746.819       7748.810   0.8
 PME gather             4    1      10001     749.769       7779.410   0.8
 PME 3D-FFT             4    1      20002      16.658        172.834   0.0
 PME 3D-FFT Comm.       4    1      20002    1533.621      15912.466   1.7
 PME solve Elec         4    1      10001       1.387         14.389   0.0
-----------------------------------------------------------------------------

               Core t (s)   Wall t (s)        (%)
       Time:   361151.592    12898.502     2799.9
                         3h34:58
                 (ns/day)    (hour/ns)
Performance:        0.134      179.128
Finished mdrun on rank 0 Fri Jun 24 15:16:07 2022

