                      :-) GROMACS - gmx mdrun, 2021.2 (-:

                            GROMACS is written by:
     Andrey Alekseenko              Emile Apol              Rossen Apostolov     
         Paul Bauer           Herman J.C. Berendsen           Par Bjelkmar       
       Christian Blau           Viacheslav Bolnykh             Kevin Boyd        
     Aldert van Buuren           Rudi van Drunen             Anton Feenstra      
    Gilles Gouaillardet             Alan Gray               Gerrit Groenhof      
       Anca Hamuraru            Vincent Hindriksen          M. Eric Irrgang      
      Aleksei Iupinov           Christoph Junghans             Joe Jordan        
    Dimitrios Karkoulis            Peter Kasson                Jiri Kraus        
      Carsten Kutzner              Per Larsson              Justin A. Lemkul     
       Viveca Lindahl            Magnus Lundborg             Erik Marklund       
        Pascal Merz             Pieter Meulenhoff            Teemu Murtola       
        Szilard Pall               Sander Pronk              Roland Schulz       
       Michael Shirts            Alexey Shvetsov             Alfons Sijbers      
       Peter Tieleman              Jon Vincent              Teemu Virolainen     
     Christian Wennberg            Maarten Wolf              Artem Zhmurov       
                           and the project leaders:
        Mark Abraham, Berk Hess, Erik Lindahl, and David van der Spoel

Copyright (c) 1991-2000, University of Groningen, The Netherlands.
Copyright (c) 2001-2019, The GROMACS development team at
Uppsala University, Stockholm University and
the Royal Institute of Technology, Sweden.
check out http://www.gromacs.org for more information.

GROMACS is free software; you can redistribute it and/or modify it
under the terms of the GNU Lesser General Public License
as published by the Free Software Foundation; either version 2.1
of the License, or (at your option) any later version.

GROMACS:      gmx mdrun, version 2021.2
Executable:   /gpfs/opt/apps/gromacs-2021.2/bin/gmx
Data prefix:  /gpfs/opt/apps/gromacs-2021.2
Working dir:  /gpfs/work/tuk27574/fragment_builder
Process ID:   4895
Command line:
  gmx mdrun -s ./combo_folder/PAA/nvt_PAA45.tpr -deffnm ./combo_folder/PAA/combo_nvt_PAA45

GROMACS version:    2021.2
Verified release checksum is d91a739522d82c53dc47c2276b9ac5fae3b2119283e84e3a1c7bed8ce741fda2
Precision:          mixed
Memory model:       64 bit
MPI library:        thread_mpi
OpenMP support:     enabled (GMX_OPENMP_MAX_THREADS = 64)
GPU support:        disabled
SIMD instructions:  SSE4.1
FFT library:        fftw-3.3.3-sse2
RDTSCP usage:       enabled
TNG support:        enabled
Hwloc support:      disabled
Tracing support:    disabled
C compiler:         /gpfs/opt/tools/gcc-8.4.0/bin/gcc GNU 8.4.0
C compiler flags:   -msse4.1 -Wno-missing-field-initializers -fexcess-precision=fast -funroll-all-loops -O3 -DNDEBUG
C++ compiler:       /gpfs/opt/tools/gcc-8.4.0/bin/g++ GNU 8.4.0
C++ compiler flags: -msse4.1 -Wno-missing-field-initializers -fexcess-precision=fast -funroll-all-loops -fopenmp -O3 -DNDEBUG


Running on 1 node with total 28 cores, 28 logical cores
Hardware detected:
  CPU info:
    Vendor: Intel
    Brand:  Intel(R) Xeon(R) CPU E5-2690 v4 @ 2.60GHz
    Family: 6   Model: 79   Stepping: 1
    Features: aes apic avx avx2 clfsh cmov cx8 cx16 f16c fma hle htt intel lahf mmx msr nonstop_tsc pcid pclmuldq pdcm pdpe1gb popcnt pse rdrnd rdtscp rtm sse2 sse3 sse4.1 sse4.2 ssse3 tdt x2apic
  Hardware topology: Basic
    Sockets, cores, and logical processors:
      Socket  0: [   0] [   2] [   4] [   6] [   8] [  10] [  12] [  14] [  16] [  18] [  20] [  22] [  24] [  26]
      Socket  1: [   1] [   3] [   5] [   7] [   9] [  11] [  13] [  15] [  17] [  19] [  21] [  23] [  25] [  27]

Highest SIMD level requested by all nodes in run: AVX2_256
SIMD instructions selected at compile time:       SSE4.1
This program was compiled for different hardware than you are running on,
which could influence performance.

++++ PLEASE READ AND CITE THE FOLLOWING REFERENCE ++++
M. J. Abraham, T. Murtola, R. Schulz, S. Páll, J. C. Smith, B. Hess, E.
Lindahl
GROMACS: High performance molecular simulations through multi-level
parallelism from laptops to supercomputers
SoftwareX 1 (2015) pp. 19-25
-------- -------- --- Thank You --- -------- --------


++++ PLEASE READ AND CITE THE FOLLOWING REFERENCE ++++
S. Páll, M. J. Abraham, C. Kutzner, B. Hess, E. Lindahl
Tackling Exascale Software Challenges in Molecular Dynamics Simulations with
GROMACS
In S. Markidis & E. Laure (Eds.), Solving Software Challenges for Exascale 8759 (2015) pp. 3-27
-------- -------- --- Thank You --- -------- --------


++++ PLEASE READ AND CITE THE FOLLOWING REFERENCE ++++
S. Pronk, S. Páll, R. Schulz, P. Larsson, P. Bjelkmar, R. Apostolov, M. R.
Shirts, J. C. Smith, P. M. Kasson, D. van der Spoel, B. Hess, and E. Lindahl
GROMACS 4.5: a high-throughput and highly parallel open source molecular
simulation toolkit
Bioinformatics 29 (2013) pp. 845-54
-------- -------- --- Thank You --- -------- --------


++++ PLEASE READ AND CITE THE FOLLOWING REFERENCE ++++
B. Hess and C. Kutzner and D. van der Spoel and E. Lindahl
GROMACS 4: Algorithms for highly efficient, load-balanced, and scalable
molecular simulation
J. Chem. Theory Comput. 4 (2008) pp. 435-447
-------- -------- --- Thank You --- -------- --------


++++ PLEASE READ AND CITE THE FOLLOWING REFERENCE ++++
D. van der Spoel, E. Lindahl, B. Hess, G. Groenhof, A. E. Mark and H. J. C.
Berendsen
GROMACS: Fast, Flexible and Free
J. Comp. Chem. 26 (2005) pp. 1701-1719
-------- -------- --- Thank You --- -------- --------


++++ PLEASE READ AND CITE THE FOLLOWING REFERENCE ++++
E. Lindahl and B. Hess and D. van der Spoel
GROMACS 3.0: A package for molecular simulation and trajectory analysis
J. Mol. Mod. 7 (2001) pp. 306-317
-------- -------- --- Thank You --- -------- --------


++++ PLEASE READ AND CITE THE FOLLOWING REFERENCE ++++
H. J. C. Berendsen, D. van der Spoel and R. van Drunen
GROMACS: A message-passing parallel molecular dynamics implementation
Comp. Phys. Comm. 91 (1995) pp. 43-56
-------- -------- --- Thank You --- -------- --------


++++ PLEASE CITE THE DOI FOR THIS VERSION OF GROMACS ++++
https://doi.org/10.5281/zenodo.4723562
-------- -------- --- Thank You --- -------- --------


The number of OpenMP threads was set by environment variable OMP_NUM_THREADS to 1

Input Parameters:
   integrator                     = md
   tinit                          = 0
   dt                             = 0.002
   nsteps                         = 10000
   init-step                      = 0
   simulation-part                = 1
   mts                            = false
   comm-mode                      = Linear
   nstcomm                        = 100
   bd-fric                        = 0
   ld-seed                        = 1073731583
   emtol                          = 10
   emstep                         = 0.01
   niter                          = 20
   fcstep                         = 0
   nstcgsteep                     = 1000
   nbfgscorr                      = 10
   rtpi                           = 0.05
   nstxout                        = 0
   nstvout                        = 0
   nstfout                        = 0
   nstlog                         = 500
   nstcalcenergy                  = 100
   nstenergy                      = 500
   nstxout-compressed             = 500
   compressed-x-precision         = 1000
   cutoff-scheme                  = Verlet
   nstlist                        = 20
   pbc                            = xyz
   periodic-molecules             = false
   verlet-buffer-tolerance        = 0.005
   rlist                          = 1.221
   coulombtype                    = PME
   coulomb-modifier               = Potential-shift
   rcoulomb-switch                = 0
   rcoulomb                       = 1.2
   epsilon-r                      = 1
   epsilon-rf                     = inf
   vdw-type                       = Cut-off
   vdw-modifier                   = Force-switch
   rvdw-switch                    = 1
   rvdw                           = 1.2
   DispCorr                       = No
   table-extension                = 1
   fourierspacing                 = 0.16
   fourier-nx                     = 72
   fourier-ny                     = 72
   fourier-nz                     = 72
   pme-order                      = 4
   ewald-rtol                     = 1e-05
   ewald-rtol-lj                  = 0.001
   lj-pme-comb-rule               = Geometric
   ewald-geometry                 = 0
   epsilon-surface                = 0
   tcoupl                         = V-rescale
   nsttcouple                     = 10
   nh-chain-length                = 0
   print-nose-hoover-chain-variables = false
   pcoupl                         = No
   pcoupltype                     = Isotropic
   nstpcouple                     = -1
   tau-p                          = 1
   compressibility (3x3):
      compressibility[    0]={ 0.00000e+00,  0.00000e+00,  0.00000e+00}
      compressibility[    1]={ 0.00000e+00,  0.00000e+00,  0.00000e+00}
      compressibility[    2]={ 0.00000e+00,  0.00000e+00,  0.00000e+00}
   ref-p (3x3):
      ref-p[    0]={ 0.00000e+00,  0.00000e+00,  0.00000e+00}
      ref-p[    1]={ 0.00000e+00,  0.00000e+00,  0.00000e+00}
      ref-p[    2]={ 0.00000e+00,  0.00000e+00,  0.00000e+00}
   refcoord-scaling               = No
   posres-com (3):
      posres-com[0]= 0.00000e+00
      posres-com[1]= 0.00000e+00
      posres-com[2]= 0.00000e+00
   posres-comB (3):
      posres-comB[0]= 0.00000e+00
      posres-comB[1]= 0.00000e+00
      posres-comB[2]= 0.00000e+00
   QMMM                           = false
qm-opts:
   ngQM                           = 0
   constraint-algorithm           = Lincs
   continuation                   = false
   Shake-SOR                      = false
   shake-tol                      = 0.0001
   lincs-order                    = 4
   lincs-iter                     = 1
   lincs-warnangle                = 30
   nwall                          = 0
   wall-type                      = 9-3
   wall-r-linpot                  = -1
   wall-atomtype[0]               = -1
   wall-atomtype[1]               = -1
   wall-density[0]                = 0
   wall-density[1]                = 0
   wall-ewald-zfac                = 3
   pull                           = false
   awh                            = false
   rotation                       = false
   interactiveMD                  = false
   disre                          = No
   disre-weighting                = Conservative
   disre-mixed                    = false
   dr-fc                          = 1000
   dr-tau                         = 0
   nstdisreout                    = 100
   orire-fc                       = 0
   orire-tau                      = 0
   nstorireout                    = 100
   free-energy                    = no
   cos-acceleration               = 0
   deform (3x3):
      deform[    0]={ 0.00000e+00,  0.00000e+00,  0.00000e+00}
      deform[    1]={ 0.00000e+00,  0.00000e+00,  0.00000e+00}
      deform[    2]={ 0.00000e+00,  0.00000e+00,  0.00000e+00}
   simulated-tempering            = false
   swapcoords                     = no
   userint1                       = 0
   userint2                       = 0
   userint3                       = 0
   userint4                       = 0
   userreal1                      = 0
   userreal2                      = 0
   userreal3                      = 0
   userreal4                      = 0
   applied-forces:
     electric-field:
       x:
         E0                       = 0
         omega                    = 0
         t0                       = 0
         sigma                    = 0
       y:
         E0                       = 0
         omega                    = 0
         t0                       = 0
         sigma                    = 0
       z:
         E0                       = 0
         omega                    = 0
         t0                       = 0
         sigma                    = 0
     density-guided-simulation:
       active                     = false
       group                      = protein
       similarity-measure         = inner-product
       atom-spreading-weight      = unity
       force-constant             = 1e+09
       gaussian-transform-spreading-width = 0.2
       gaussian-transform-spreading-range-in-multiples-of-width = 4
       reference-density-filename = reference.mrc
       nst                        = 1
       normalize-densities        = true
       adaptive-force-scaling     = false
       adaptive-force-scaling-time-constant = 4
       shift-vector               = 
       transformation-matrix      = 
grpopts:
   nrdf:     23287.7     2069.97      215085
   ref-t:         300         300         300
   tau-t:         0.1         0.1         0.1
annealing:          No          No          No
annealing-npoints:           0           0           0
   acc:	           0           0           0
   nfreeze:           N           N           N
   energygrp-flags[  0]: 0

Changing nstlist from 20 to 80, rlist from 1.221 to 1.316


Initializing Domain Decomposition on 28 ranks
Dynamic load balancing: auto
Minimum cell size due to atom displacement: 0.649 nm
Initial maximum distances in bonded interactions:
    two-body bonded interactions: 0.423 nm, LJ-14, atoms 2530 2538
  multi-body bonded interactions: 0.423 nm, Proper Dih., atoms 2530 2538
Minimum cell size due to bonded interactions: 0.466 nm
Maximum distance for 5 constraints, at 120 deg. angles, all-trans: 0.219 nm
Estimated maximum distance required for P-LINCS: 0.219 nm
Scaling the initial minimum size with 1/0.8 (option -dds) = 1.25
Guess for relative PME load: 0.09
Will use 24 particle-particle and 4 PME only ranks
This is a guess, check the performance at the end of the log file
Using 4 separate PME ranks, as guessed by mdrun
Optimizing the DD grid for 24 cells with a minimum initial size of 0.811 nm
The maximum allowed number of cells is: X 13 Y 13 Z 13
Domain decomposition grid 4 x 3 x 2, separate PME ranks 4
PME domain decomposition: 4 x 1 x 1
Interleaving PP and PME ranks
This rank does only particle-particle work.
Domain decomposition rank 0, coordinates 0 0 0

The initial number of communication pulses is: X 1 Y 1 Z 1
The initial domain decomposition cell size is: X 2.66 nm Y 3.54 nm Z 5.31 nm

The maximum allowed distance for atoms involved in interactions is:
                 non-bonded interactions           1.316 nm
            two-body bonded interactions  (-rdd)   1.316 nm
          multi-body bonded interactions  (-rdd)   1.316 nm
  atoms separated by up to 5 constraints  (-rcon)  2.656 nm

When dynamic load balancing gets turned on, these settings will change to:
The maximum number of communication pulses is: X 1 Y 1 Z 1
The minimum size for domain decomposition cells is 1.316 nm
The requested allowed shrink of DD cells (option -dds) is: 0.80
The allowed shrink of domain decomposition cells is: X 0.50 Y 0.37 Z 0.25
The maximum allowed distance for atoms involved in interactions is:
                 non-bonded interactions           1.316 nm
            two-body bonded interactions  (-rdd)   1.316 nm
          multi-body bonded interactions  (-rdd)   1.316 nm
  atoms separated by up to 5 constraints  (-rcon)  1.316 nm

Using 28 MPI threads
Using 1 OpenMP thread per tMPI thread

Pinning threads with an auto-selected logical core stride of 1
System total charge: 0.000
Will do PME sum in reciprocal space for electrostatic interactions.

++++ PLEASE READ AND CITE THE FOLLOWING REFERENCE ++++
U. Essmann, L. Perera, M. L. Berkowitz, T. Darden, H. Lee and L. G. Pedersen 
A smooth particle mesh Ewald method
J. Chem. Phys. 103 (1995) pp. 8577-8592
-------- -------- --- Thank You --- -------- --------

Using a Gaussian width (1/beta) of 0.384195 nm for Ewald
Potential shift: LJ r^-12: -2.648e-01 r^-6: -5.349e-01, Ewald -8.333e-06
Initialized non-bonded Ewald tables, spacing: 1.02e-03 size: 1176

Generated table with 1158 data points for 1-4 COUL.
Tabscale = 500 points/nm
Generated table with 1158 data points for 1-4 LJ6.
Tabscale = 500 points/nm
Generated table with 1158 data points for 1-4 LJ12.
Tabscale = 500 points/nm


Using SIMD 4x4 nonbonded short-range kernels

Using a dual 4x4 pair-list setup updated with dynamic pruning:
  outer list: updated every 80 steps, buffer 0.116 nm, rlist 1.316 nm
  inner list: updated every 13 steps, buffer 0.001 nm, rlist 1.201 nm
At tolerance 0.005 kJ/mol/ps per atom, equivalent classical 1x1 list would be:
  outer list: updated every 80 steps, buffer 0.261 nm, rlist 1.461 nm
  inner list: updated every 13 steps, buffer 0.050 nm, rlist 1.250 nm
Removing pbc first time

Initializing Parallel LINear Constraint Solver

++++ PLEASE READ AND CITE THE FOLLOWING REFERENCE ++++
B. Hess
P-LINCS: A Parallel Linear Constraint Solver for molecular simulation
J. Chem. Theory Comput. 4 (2008) pp. 116-122
-------- -------- --- Thank You --- -------- --------

The number of constraints is 5095
There are constraints between atoms in different decomposition domains,
will communicate selected coordinates each lincs iteration

++++ PLEASE READ AND CITE THE FOLLOWING REFERENCE ++++
S. Miyamoto and P. A. Kollman
SETTLE: An Analytical Version of the SHAKE and RATTLE Algorithms for Rigid
Water Models
J. Comp. Chem. 13 (1992) pp. 952-962
-------- -------- --- Thank You --- -------- --------


Linking all bonded interactions to atoms


Intra-simulation communication will occur every 10 steps.

++++ PLEASE READ AND CITE THE FOLLOWING REFERENCE ++++
G. Bussi, D. Donadio and M. Parrinello
Canonical sampling through velocity rescaling
J. Chem. Phys. 126 (2007) pp. 014101
-------- -------- --- Thank You --- -------- --------

There are: 117622 Atoms
Atom distribution over 24 domains: av 4900 stddev 118 min 4825 max 5068

Constraining the starting coordinates (step 0)

Constraining the coordinates at t0-dt (step 0)
Center of mass motion removal mode is Linear
We have the following groups for center of mass motion removal:
  0:  rest
RMS relative constraint deviation after constraining: 2.32e-06
Initial temperature: 300.017 K

Started mdrun on rank 0 Fri Jun 24 11:47:45 2022

           Step           Time
              0        0.00000

   Energies (kJ/mol)
           Bond          Angle    Proper Dih.  Improper Dih.          LJ-14
    1.47699e+03    1.06937e+04    2.92291e+04    2.19060e+02    8.27024e+03
     Coulomb-14        LJ (SR)   Coulomb (SR)   Coul. recip.      Potential
    9.49286e+04    2.34770e+05   -2.26499e+06    3.22316e+03   -1.88218e+06
    Kinetic En.   Total Energy  Conserved En.    Temperature Pressure (bar)
    2.99922e+05   -1.58226e+06   -1.58226e+06    3.00049e+02   -4.39816e+03
   Constr. rmsd
    3.28137e-06


DD  step 79 load imb.: force  3.1%  pme mesh/force 2.262
step  480: timed with pme grid 72 72 72, coulomb cutoff 1.200: 231469.6 M-cycles
           Step           Time
            500        1.00000

   Energies (kJ/mol)
           Bond          Angle    Proper Dih.  Improper Dih.          LJ-14
    7.69627e+03    2.59032e+04    3.25740e+04    1.20930e+03    9.51470e+03
     Coulomb-14        LJ (SR)   Coulomb (SR)   Coul. recip.      Potential
    9.45805e+04    2.07780e+05   -1.93485e+06    4.18615e+03   -1.55141e+06
    Kinetic En.   Total Energy  Conserved En.    Temperature Pressure (bar)
    2.96698e+05   -1.25471e+06   -1.57928e+06    2.96823e+02   -7.91095e+01
   Constr. rmsd
    3.56815e-06

step  640: timed with pme grid 60 60 60, coulomb cutoff 1.328: 232215.5 M-cycles
Writing checkpoint, step 720 at Fri Jun 24 12:03:35 2022


step  800: timed with pme grid 52 52 52, coulomb cutoff 1.532: 235741.1 M-cycles
step  960: timed with pme grid 48 48 48, coulomb cutoff 1.660: 235515.0 M-cycles
           Step           Time
           1000        2.00000

   Energies (kJ/mol)
           Bond          Angle    Proper Dih.  Improper Dih.          LJ-14
    7.60863e+03    2.62306e+04    3.25312e+04    1.12609e+03    9.68755e+03
     Coulomb-14        LJ (SR)   Coulomb (SR)   Coul. recip.      Potential
    9.48587e+04    2.00705e+05   -1.91478e+06    1.57379e+03   -1.54045e+06
    Kinetic En.   Total Energy  Conserved En.    Temperature Pressure (bar)
    2.98838e+05   -1.24162e+06   -1.57926e+06    2.98964e+02   -7.86288e+01
   Constr. rmsd
    3.41634e-06

step 1120: timed with pme grid 44 44 44, coulomb cutoff 1.811: 251541.7 M-cycles
step 1120: the maximum allowed grid scaling limits the PME load balancing to a coulomb cut-off of 1.811
step 1280: timed with pme grid 44 44 44, coulomb cutoff 1.811: 251304.1 M-cycles
Writing checkpoint, step 1360 at Fri Jun 24 12:18:17 2022


step 1440: timed with pme grid 48 48 48, coulomb cutoff 1.660: 237178.3 M-cycles
           Step           Time
           1500        3.00000

   Energies (kJ/mol)
           Bond          Angle    Proper Dih.  Improper Dih.          LJ-14
    7.84490e+03    2.60753e+04    3.25344e+04    1.15936e+03    9.52118e+03
     Coulomb-14        LJ (SR)   Coulomb (SR)   Coul. recip.      Potential
    9.49658e+04    2.00814e+05   -1.91404e+06    2.71738e+03   -1.53841e+06
    Kinetic En.   Total Energy  Conserved En.    Temperature Pressure (bar)
    3.00863e+05   -1.23755e+06   -1.57933e+06    3.00990e+02   -1.56813e+02
   Constr. rmsd
    3.34862e-06

step 1600: timed with pme grid 52 52 52, coulomb cutoff 1.532: 232433.3 M-cycles
step 1760: timed with pme grid 56 56 56, coulomb cutoff 1.423: 233211.8 M-cycles
step 1920: timed with pme grid 60 60 60, coulomb cutoff 1.328: 234277.8 M-cycles

DD  step 1999 load imb.: force 12.6%  pme mesh/force 2.021
           Step           Time
           2000        4.00000

   Energies (kJ/mol)
           Bond          Angle    Proper Dih.  Improper Dih.          LJ-14
    7.50022e+03    2.56672e+04    3.24615e+04    1.15338e+03    9.64958e+03
     Coulomb-14        LJ (SR)   Coulomb (SR)   Coul. recip.      Potential
    9.48237e+04    2.00422e+05   -1.91875e+06    5.19771e+03   -1.54187e+06
    Kinetic En.   Total Energy  Conserved En.    Temperature Pressure (bar)
    3.00632e+05   -1.24124e+06   -1.57932e+06    3.00760e+02   -2.04474e+02
   Constr. rmsd
    3.26728e-06

step 2080: timed with pme grid 64 64 64, coulomb cutoff 1.245: 234264.5 M-cycles
Writing checkpoint, step 2080 at Fri Jun 24 12:34:08 2022


step 2240: timed with pme grid 72 72 72, coulomb cutoff 1.200: 230244.5 M-cycles
              optimal pme grid 72 72 72, coulomb cutoff 1.200
           Step           Time
           2500        5.00000

   Energies (kJ/mol)
           Bond          Angle    Proper Dih.  Improper Dih.          LJ-14
    7.86603e+03    2.57700e+04    3.26919e+04    1.12508e+03    9.48839e+03
     Coulomb-14        LJ (SR)   Coulomb (SR)   Coul. recip.      Potential
    9.45359e+04    2.00039e+05   -1.91732e+06    5.92971e+03   -1.53987e+06
    Kinetic En.   Total Energy  Conserved En.    Temperature Pressure (bar)
    3.00320e+05   -1.23955e+06   -1.57921e+06    3.00447e+02   -2.02182e+02
   Constr. rmsd
    3.34335e-06

Writing checkpoint, step 2720 at Fri Jun 24 12:48:05 2022


           Step           Time
           3000        6.00000

   Energies (kJ/mol)
           Bond          Angle    Proper Dih.  Improper Dih.          LJ-14
    7.48017e+03    2.60372e+04    3.27235e+04    1.20872e+03    9.61622e+03
     Coulomb-14        LJ (SR)   Coulomb (SR)   Coul. recip.      Potential
    9.50837e+04    2.01554e+05   -1.91987e+06    6.03802e+03   -1.54013e+06
    Kinetic En.   Total Energy  Conserved En.    Temperature Pressure (bar)
    2.99993e+05   -1.24014e+06   -1.57915e+06    3.00120e+02   -9.29347e+01
   Constr. rmsd
    3.23455e-06

Writing checkpoint, step 3440 at Fri Jun 24 13:03:44 2022


           Step           Time
           3500        7.00000

   Energies (kJ/mol)
           Bond          Angle    Proper Dih.  Improper Dih.          LJ-14
    7.80197e+03    2.66324e+04    3.24091e+04    1.13913e+03    9.53350e+03
     Coulomb-14        LJ (SR)   Coulomb (SR)   Coul. recip.      Potential
    9.46456e+04    1.98297e+05   -1.91837e+06    5.91914e+03   -1.54199e+06
    Kinetic En.   Total Energy  Conserved En.    Temperature Pressure (bar)
    3.00917e+05   -1.24107e+06   -1.57915e+06    3.01045e+02   -3.63783e+02
   Constr. rmsd
    3.38100e-06


DD  step 3999 load imb.: force  3.2%  pme mesh/force 2.276
           Step           Time
           4000        8.00000

   Energies (kJ/mol)
           Bond          Angle    Proper Dih.  Improper Dih.          LJ-14
    7.72404e+03    2.59375e+04    3.24548e+04    1.17284e+03    9.48386e+03
     Coulomb-14        LJ (SR)   Coulomb (SR)   Coul. recip.      Potential
    9.48969e+04    1.99018e+05   -1.91699e+06    6.13836e+03   -1.54016e+06
    Kinetic En.   Total Energy  Conserved En.    Temperature Pressure (bar)
    2.97870e+05   -1.24229e+06   -1.57910e+06    2.97996e+02   -2.83794e+02
   Constr. rmsd
    3.31515e-06

Writing checkpoint, step 4160 at Fri Jun 24 13:19:26 2022


           Step           Time
           4500        9.00000

   Energies (kJ/mol)
           Bond          Angle    Proper Dih.  Improper Dih.          LJ-14
    7.52897e+03    2.61347e+04    3.26957e+04    1.15671e+03    9.53254e+03
     Coulomb-14        LJ (SR)   Coulomb (SR)   Coul. recip.      Potential
    9.47964e+04    2.00700e+05   -1.92053e+06    5.94791e+03   -1.54204e+06
    Kinetic En.   Total Energy  Conserved En.    Temperature Pressure (bar)
    2.99292e+05   -1.24275e+06   -1.57911e+06    2.99419e+02   -2.37019e+02
   Constr. rmsd
    3.21536e-06

Writing checkpoint, step 4800 at Fri Jun 24 13:33:22 2022


           Step           Time
           5000       10.00000

   Energies (kJ/mol)
           Bond          Angle    Proper Dih.  Improper Dih.          LJ-14
    7.49555e+03    2.61064e+04    3.23792e+04    1.11025e+03    9.67469e+03
     Coulomb-14        LJ (SR)   Coulomb (SR)   Coul. recip.      Potential
    9.51942e+04    2.00317e+05   -1.91860e+06    6.11159e+03   -1.54021e+06
    Kinetic En.   Total Energy  Conserved En.    Temperature Pressure (bar)
    3.00586e+05   -1.23963e+06   -1.57911e+06    3.00714e+02   -1.38515e+02
   Constr. rmsd
    3.33616e-06

           Step           Time
           5500       11.00000

   Energies (kJ/mol)
           Bond          Angle    Proper Dih.  Improper Dih.          LJ-14
    7.65998e+03    2.56363e+04    3.25931e+04    1.20068e+03    9.49958e+03
     Coulomb-14        LJ (SR)   Coulomb (SR)   Coul. recip.      Potential
    9.50701e+04    2.00537e+05   -1.91954e+06    5.93680e+03   -1.54140e+06
    Kinetic En.   Total Energy  Conserved En.    Temperature Pressure (bar)
    2.99347e+05   -1.24205e+06   -1.57909e+06    2.99474e+02   -1.99357e+02
   Constr. rmsd
    3.43701e-06

Writing checkpoint, step 5520 at Fri Jun 24 13:49:01 2022



DD  step 5999 load imb.: force  3.0%  pme mesh/force 2.301
           Step           Time
           6000       12.00000

   Energies (kJ/mol)
           Bond          Angle    Proper Dih.  Improper Dih.          LJ-14
    7.74114e+03    2.59920e+04    3.27769e+04    1.19491e+03    9.45088e+03
     Coulomb-14        LJ (SR)   Coulomb (SR)   Coul. recip.      Potential
    9.50090e+04    2.00658e+05   -1.92096e+06    5.82811e+03   -1.54231e+06
    Kinetic En.   Total Energy  Conserved En.    Temperature Pressure (bar)
    2.97548e+05   -1.24476e+06   -1.57904e+06    2.97673e+02   -2.19269e+02
   Constr. rmsd
    3.20468e-06

Writing checkpoint, step 6240 at Fri Jun 24 14:04:43 2022


           Step           Time
           6500       13.00000

   Energies (kJ/mol)
           Bond          Angle    Proper Dih.  Improper Dih.          LJ-14
    7.47887e+03    2.58140e+04    3.24834e+04    1.22637e+03    9.63899e+03
     Coulomb-14        LJ (SR)   Coulomb (SR)   Coul. recip.      Potential
    9.50797e+04    2.00144e+05   -1.92092e+06    5.94572e+03   -1.54310e+06
    Kinetic En.   Total Energy  Conserved En.    Temperature Pressure (bar)
    2.99942e+05   -1.24316e+06   -1.57906e+06    3.00069e+02   -2.57114e+02
   Constr. rmsd
    3.45559e-06

Writing checkpoint, step 6880 at Fri Jun 24 14:18:41 2022


           Step           Time
           7000       14.00000

   Energies (kJ/mol)
           Bond          Angle    Proper Dih.  Improper Dih.          LJ-14
    7.52122e+03    2.59115e+04    3.26211e+04    1.16280e+03    9.70465e+03
     Coulomb-14        LJ (SR)   Coulomb (SR)   Coul. recip.      Potential
    9.50771e+04    2.00501e+05   -1.92060e+06    5.93280e+03   -1.54217e+06
    Kinetic En.   Total Energy  Conserved En.    Temperature Pressure (bar)
    2.98248e+05   -1.24392e+06   -1.57901e+06    2.98374e+02   -1.92361e+02
   Constr. rmsd
    3.32658e-06

           Step           Time
           7500       15.00000

   Energies (kJ/mol)
           Bond          Angle    Proper Dih.  Improper Dih.          LJ-14
    7.55273e+03    2.59413e+04    3.25714e+04    1.22448e+03    9.71123e+03
     Coulomb-14        LJ (SR)   Coulomb (SR)   Coul. recip.      Potential
    9.52655e+04    2.01094e+05   -1.92198e+06    5.94983e+03   -1.54267e+06
    Kinetic En.   Total Energy  Conserved En.    Temperature Pressure (bar)
    3.01074e+05   -1.24159e+06   -1.57902e+06    3.01201e+02   -1.50562e+02
   Constr. rmsd
    3.36364e-06

Writing checkpoint, step 7600 at Fri Jun 24 14:34:23 2022



DD  step 7999 load imb.: force  3.9%  pme mesh/force 2.276
           Step           Time
           8000       16.00000

   Energies (kJ/mol)
           Bond          Angle    Proper Dih.  Improper Dih.          LJ-14
    7.88320e+03    2.61935e+04    3.26874e+04    1.12420e+03    9.52967e+03
     Coulomb-14        LJ (SR)   Coulomb (SR)   Coul. recip.      Potential
    9.44698e+04    1.99112e+05   -1.91934e+06    6.08529e+03   -1.54226e+06
    Kinetic En.   Total Energy  Conserved En.    Temperature Pressure (bar)
    2.99576e+05   -1.24268e+06   -1.57896e+06    2.99702e+02   -3.14411e+02
   Constr. rmsd
    3.28708e-06

Writing checkpoint, step 8240 at Fri Jun 24 14:48:21 2022


           Step           Time
           8500       17.00000

   Energies (kJ/mol)
           Bond          Angle    Proper Dih.  Improper Dih.          LJ-14
    7.62123e+03    2.61492e+04    3.25742e+04    1.26654e+03    9.68265e+03
     Coulomb-14        LJ (SR)   Coulomb (SR)   Coul. recip.      Potential
    9.50226e+04    2.00975e+05   -1.91886e+06    5.89922e+03   -1.53967e+06
    Kinetic En.   Total Energy  Conserved En.    Temperature Pressure (bar)
    3.01279e+05   -1.23839e+06   -1.57900e+06    3.01406e+02   -1.04076e+02
   Constr. rmsd
    3.24426e-06

Writing checkpoint, step 8960 at Fri Jun 24 15:04:01 2022


           Step           Time
           9000       18.00000

   Energies (kJ/mol)
           Bond          Angle    Proper Dih.  Improper Dih.          LJ-14
    7.51087e+03    2.60789e+04    3.25812e+04    1.16685e+03    9.68516e+03
     Coulomb-14        LJ (SR)   Coulomb (SR)   Coul. recip.      Potential
    9.54173e+04    2.01346e+05   -1.92062e+06    5.92841e+03   -1.54091e+06
    Kinetic En.   Total Energy  Conserved En.    Temperature Pressure (bar)
    3.01198e+05   -1.23971e+06   -1.57900e+06    3.01326e+02   -7.62884e+01
   Constr. rmsd
    3.50631e-06

           Step           Time
           9500       19.00000

   Energies (kJ/mol)
           Bond          Angle    Proper Dih.  Improper Dih.          LJ-14
    7.50592e+03    2.61480e+04    3.24953e+04    1.11575e+03    9.62033e+03
     Coulomb-14        LJ (SR)   Coulomb (SR)   Coul. recip.      Potential
    9.49494e+04    1.99914e+05   -1.91690e+06    6.00005e+03   -1.53915e+06
    Kinetic En.   Total Energy  Conserved En.    Temperature Pressure (bar)
    3.01174e+05   -1.23798e+06   -1.57897e+06    3.01301e+02   -1.35795e+02
   Constr. rmsd
    3.51880e-06

Writing checkpoint, step 9680 at Fri Jun 24 15:18:29 2022



DD  step 9999 load imb.: force  6.9%  pme mesh/force 2.078
           Step           Time
          10000       20.00000

Writing checkpoint, step 10000 at Fri Jun 24 15:20:57 2022


   Energies (kJ/mol)
           Bond          Angle    Proper Dih.  Improper Dih.          LJ-14
    7.92405e+03    2.62621e+04    3.23131e+04    1.17943e+03    9.63312e+03
     Coulomb-14        LJ (SR)   Coulomb (SR)   Coul. recip.      Potential
    9.47429e+04    2.00104e+05   -1.91605e+06    5.85089e+03   -1.53804e+06
    Kinetic En.   Total Energy  Conserved En.    Temperature Pressure (bar)
    3.00663e+05   -1.23737e+06   -1.57888e+06    3.00790e+02   -2.02334e+02
   Constr. rmsd
    3.40464e-06


Energy conservation over simulation part #1 of length 20 ns, time 0 to 20 ns
  Conserved energy drift: 1.44e-03 kJ/mol/ps per atom


	<======  ###############  ==>
	<====  A V E R A G E S  ====>
	<==  ###############  ======>

	Statistics over 10001 steps using 101 frames

   Energies (kJ/mol)
           Bond          Angle    Proper Dih.  Improper Dih.          LJ-14
    7.53571e+03    2.58631e+04    3.25068e+04    1.15391e+03    9.55822e+03
     Coulomb-14        LJ (SR)   Coulomb (SR)   Coul. recip.      Potential
    9.49205e+04    2.02092e+05   -1.92557e+06    5.43648e+03   -1.54650e+06
    Kinetic En.   Total Energy  Conserved En.    Temperature Pressure (bar)
    2.98549e+05   -1.24795e+06   -1.57914e+06    2.98675e+02   -2.17232e+02
   Constr. rmsd
    0.00000e+00

   Total Virial (kJ/mol)
    1.07930e+05    2.20851e+02   -3.15057e+02
    2.20495e+02    1.07137e+05    8.78552e+01
   -3.14464e+02    8.81131e+01    1.07000e+05

   Pressure (bar)
   -2.34692e+02   -6.04093e+00    8.55376e+00
   -6.03107e+00   -2.11274e+02   -1.64055e+00
    8.53732e+00   -1.64770e+00   -2.05731e+02

      T-Protein          T-PAAT-Water_and_ions
    2.99115e+02    2.99459e+02    2.98620e+02


       P P   -   P M E   L O A D   B A L A N C I N G

 PP/PME load balancing changed the cut-off and PME settings:
           particle-particle                    PME
            rcoulomb  rlist            grid      spacing   1/beta
   initial  1.200 nm  1.201 nm      72  72  72   0.148 nm  0.384 nm
   final    1.200 nm  1.201 nm      72  72  72   0.148 nm  0.384 nm
 cost-ratio           1.00             1.00
 (note that these numbers concern only part of the total PP and PME load)


	M E G A - F L O P S   A C C O U N T I N G

 NB=Group-cutoff nonbonded kernels    NxN=N-by-N cluster Verlet kernels
 RF=Reaction-Field  VdW=Van der Waals  QSTab=quadratic-spline table
 W3=SPC/TIP3p  W4=TIP4p (single or pairs)
 V&F=Potential and force  V=Potential only  F=Force only

 Computing:                               M-Number         M-Flops  % Flops
-----------------------------------------------------------------------------
 Pair Search distance check            7508.953964       67580.586     0.1
 NxN QSTab Elec. + LJ [F]            561886.599368    29779989.767    61.8
 NxN QSTab Elec. + LJ [V&F]            5725.320152      463750.932     1.0
 NxN QSTab Elec. [F]                 460384.385224    15653069.098    32.5
 NxN QSTab Elec. [V&F]                 4691.513048      192352.035     0.4
 1,4 nonbonded interactions             263.486346       23713.771     0.0
 Calc Weights                          3529.012866      127044.463     0.3
 Spread Q Bspline                     75285.607808      150571.216     0.3
 Gather F Bspline                     75285.607808      451713.647     0.9
 3D-FFT                              124637.038912      997096.311     2.1
 Solve PME                               48.081984        3077.247     0.0
 Reset In Box                            14.820372          44.461     0.0
 CG-CoM                                  14.937994          44.814     0.0
 Bonds                                   51.605160        3044.704     0.0
 Angles                                 185.478546       31160.396     0.1
 Propers                                341.424139       78186.128     0.2
 Impropers                               19.201920        3993.999     0.0
 Virial                                  11.988902         215.800     0.0
 Stop-CM                                 11.997444         119.974     0.0
 Calc-Ekin                              235.479244        6357.940     0.0
 Lincs                                   54.854513        3291.271     0.0
 Lincs-Mat                              305.326716        1221.307     0.0
 Constraint-V                          1260.476557       11344.289     0.0
 Constraint-Vir                          12.174863         292.197     0.0
 Settle                                 383.631179      141943.536     0.3
-----------------------------------------------------------------------------
 Total                                                48191219.888   100.0
-----------------------------------------------------------------------------


    D O M A I N   D E C O M P O S I T I O N   S T A T I S T I C S

 av. #atoms communicated per step for force:  2 x 179992.1
 av. #atoms communicated per step for LINCS:  2 x 8420.3


Dynamic load balancing report:
 DLB was off during the run due to low measured imbalance.
 Average load imbalance: 5.0%.
 The balanceable part of the MD step is 37%, load imbalance is computed from this.
 Part of the total run time spent waiting due to load imbalance: 1.9%.
 Average PME mesh/force load: 2.222
 Part of the total run time spent waiting due to PP/PME imbalance: 32.5 %

NOTE: 32.5 % performance was lost because the PME ranks
      had more work to do than the PP ranks.
      You might want to increase the number of PME ranks
      or increase the cut-off and the grid spacing.


     R E A L   C Y C L E   A N D   T I M E   A C C O U N T I N G

On 24 MPI ranks doing PP, and
on 4 MPI ranks doing PME

 Computing:          Num   Num      Call    Wall time         Giga-Cycles
                     Ranks Threads  Count      (s)         total sum    %
-----------------------------------------------------------------------------
 Domain decomp.        24    1        126     421.905      26265.815   2.8
 DD comm. load         24    1          7       0.621         38.645   0.0
 Send X to PME         24    1      10001     778.159      48444.544   5.2
 Neighbor search       24    1        126      30.433       1894.638   0.2
 Comm. coord.          24    1       9875    2192.753     136510.612  14.7
 Force                 24    1      10001    1806.186     112444.718  12.1
 Wait + Comm. F        24    1      10001    2288.559     142475.024  15.3
 PME mesh *             4    1      10001    8770.306      90999.736   9.8
 PME wait for PP *                           4019.256      41703.363   4.5
 Wait + Recv. PME F    24    1      10001    2669.212     166172.691  17.9
 NB X/F buffer ops.    24    1      29751       2.973        185.085   0.0
 Write traj.           24    1         35       9.126        568.158   0.1
 Update                24    1      10001       0.418         26.034   0.0
 Constraints           24    1      10003    2254.387     140347.630  15.1
 Comm. energies        24    1       1001     324.427      20197.322   2.2
 Rest                                          13.162        819.428   0.1
-----------------------------------------------------------------------------
 Total                                      12792.320     929122.066 100.0
-----------------------------------------------------------------------------
(*) Note that with separate PME ranks, the walltime column actually sums to
    twice the total reported, but the cycle count total and % are correct.
-----------------------------------------------------------------------------
 Breakdown of PME mesh computation
-----------------------------------------------------------------------------
 PME redist. X/F        4    1      20002    5755.586      59719.334   6.4
 PME spread             4    1      10001     737.324       7650.398   0.8
 PME gather             4    1      10001     741.437       7693.067   0.8
 PME 3D-FFT             4    1      20002      15.888        164.849   0.0
 PME 3D-FFT Comm.       4    1      20002    1518.604      15756.870   1.7
 PME solve Elec         4    1      10001       1.402         14.544   0.0
-----------------------------------------------------------------------------

               Core t (s)   Wall t (s)        (%)
       Time:   358183.734    12792.320     2800.0
                         3h33:12
                 (ns/day)    (hour/ns)
Performance:        0.135      177.653
Finished mdrun on rank 0 Fri Jun 24 15:20:58 2022

