                      :-) GROMACS - gmx mdrun, 2021.2 (-:

                            GROMACS is written by:
     Andrey Alekseenko              Emile Apol              Rossen Apostolov     
         Paul Bauer           Herman J.C. Berendsen           Par Bjelkmar       
       Christian Blau           Viacheslav Bolnykh             Kevin Boyd        
     Aldert van Buuren           Rudi van Drunen             Anton Feenstra      
    Gilles Gouaillardet             Alan Gray               Gerrit Groenhof      
       Anca Hamuraru            Vincent Hindriksen          M. Eric Irrgang      
      Aleksei Iupinov           Christoph Junghans             Joe Jordan        
    Dimitrios Karkoulis            Peter Kasson                Jiri Kraus        
      Carsten Kutzner              Per Larsson              Justin A. Lemkul     
       Viveca Lindahl            Magnus Lundborg             Erik Marklund       
        Pascal Merz             Pieter Meulenhoff            Teemu Murtola       
        Szilard Pall               Sander Pronk              Roland Schulz       
       Michael Shirts            Alexey Shvetsov             Alfons Sijbers      
       Peter Tieleman              Jon Vincent              Teemu Virolainen     
     Christian Wennberg            Maarten Wolf              Artem Zhmurov       
                           and the project leaders:
        Mark Abraham, Berk Hess, Erik Lindahl, and David van der Spoel

Copyright (c) 1991-2000, University of Groningen, The Netherlands.
Copyright (c) 2001-2019, The GROMACS development team at
Uppsala University, Stockholm University and
the Royal Institute of Technology, Sweden.
check out http://www.gromacs.org for more information.

GROMACS is free software; you can redistribute it and/or modify it
under the terms of the GNU Lesser General Public License
as published by the Free Software Foundation; either version 2.1
of the License, or (at your option) any later version.

GROMACS:      gmx mdrun, version 2021.2
Executable:   /gpfs/opt/apps/gromacs-2021.2/bin/gmx
Data prefix:  /gpfs/opt/apps/gromacs-2021.2
Working dir:  /gpfs/work/tuk27574/fragment_builder
Process ID:   1015
Command line:
  gmx mdrun -s ./combo_folder/PAA/nvt_PAA20.tpr -deffnm ./combo_folder/PAA/combo_nvt_PAA20

GROMACS version:    2021.2
Verified release checksum is d91a739522d82c53dc47c2276b9ac5fae3b2119283e84e3a1c7bed8ce741fda2
Precision:          mixed
Memory model:       64 bit
MPI library:        thread_mpi
OpenMP support:     enabled (GMX_OPENMP_MAX_THREADS = 64)
GPU support:        disabled
SIMD instructions:  SSE4.1
FFT library:        fftw-3.3.3-sse2
RDTSCP usage:       enabled
TNG support:        enabled
Hwloc support:      disabled
Tracing support:    disabled
C compiler:         /gpfs/opt/tools/gcc-8.4.0/bin/gcc GNU 8.4.0
C compiler flags:   -msse4.1 -Wno-missing-field-initializers -fexcess-precision=fast -funroll-all-loops -O3 -DNDEBUG
C++ compiler:       /gpfs/opt/tools/gcc-8.4.0/bin/g++ GNU 8.4.0
C++ compiler flags: -msse4.1 -Wno-missing-field-initializers -fexcess-precision=fast -funroll-all-loops -fopenmp -O3 -DNDEBUG


Running on 1 node with total 28 cores, 28 logical cores
Hardware detected:
  CPU info:
    Vendor: Intel
    Brand:  Intel(R) Xeon(R) CPU E5-2690 v4 @ 2.60GHz
    Family: 6   Model: 79   Stepping: 1
    Features: aes apic avx avx2 clfsh cmov cx8 cx16 f16c fma hle htt intel lahf mmx msr nonstop_tsc pcid pclmuldq pdcm pdpe1gb popcnt pse rdrnd rdtscp rtm sse2 sse3 sse4.1 sse4.2 ssse3 tdt x2apic
  Hardware topology: Basic
    Sockets, cores, and logical processors:
      Socket  0: [   0] [   2] [   4] [   6] [   8] [  10] [  12] [  14] [  16] [  18] [  20] [  22] [  24] [  26]
      Socket  1: [   1] [   3] [   5] [   7] [   9] [  11] [  13] [  15] [  17] [  19] [  21] [  23] [  25] [  27]

Highest SIMD level requested by all nodes in run: AVX2_256
SIMD instructions selected at compile time:       SSE4.1
This program was compiled for different hardware than you are running on,
which could influence performance.

++++ PLEASE READ AND CITE THE FOLLOWING REFERENCE ++++
M. J. Abraham, T. Murtola, R. Schulz, S. Páll, J. C. Smith, B. Hess, E.
Lindahl
GROMACS: High performance molecular simulations through multi-level
parallelism from laptops to supercomputers
SoftwareX 1 (2015) pp. 19-25
-------- -------- --- Thank You --- -------- --------


++++ PLEASE READ AND CITE THE FOLLOWING REFERENCE ++++
S. Páll, M. J. Abraham, C. Kutzner, B. Hess, E. Lindahl
Tackling Exascale Software Challenges in Molecular Dynamics Simulations with
GROMACS
In S. Markidis & E. Laure (Eds.), Solving Software Challenges for Exascale 8759 (2015) pp. 3-27
-------- -------- --- Thank You --- -------- --------


++++ PLEASE READ AND CITE THE FOLLOWING REFERENCE ++++
S. Pronk, S. Páll, R. Schulz, P. Larsson, P. Bjelkmar, R. Apostolov, M. R.
Shirts, J. C. Smith, P. M. Kasson, D. van der Spoel, B. Hess, and E. Lindahl
GROMACS 4.5: a high-throughput and highly parallel open source molecular
simulation toolkit
Bioinformatics 29 (2013) pp. 845-54
-------- -------- --- Thank You --- -------- --------


++++ PLEASE READ AND CITE THE FOLLOWING REFERENCE ++++
B. Hess and C. Kutzner and D. van der Spoel and E. Lindahl
GROMACS 4: Algorithms for highly efficient, load-balanced, and scalable
molecular simulation
J. Chem. Theory Comput. 4 (2008) pp. 435-447
-------- -------- --- Thank You --- -------- --------


++++ PLEASE READ AND CITE THE FOLLOWING REFERENCE ++++
D. van der Spoel, E. Lindahl, B. Hess, G. Groenhof, A. E. Mark and H. J. C.
Berendsen
GROMACS: Fast, Flexible and Free
J. Comp. Chem. 26 (2005) pp. 1701-1719
-------- -------- --- Thank You --- -------- --------


++++ PLEASE READ AND CITE THE FOLLOWING REFERENCE ++++
E. Lindahl and B. Hess and D. van der Spoel
GROMACS 3.0: A package for molecular simulation and trajectory analysis
J. Mol. Mod. 7 (2001) pp. 306-317
-------- -------- --- Thank You --- -------- --------


++++ PLEASE READ AND CITE THE FOLLOWING REFERENCE ++++
H. J. C. Berendsen, D. van der Spoel and R. van Drunen
GROMACS: A message-passing parallel molecular dynamics implementation
Comp. Phys. Comm. 91 (1995) pp. 43-56
-------- -------- --- Thank You --- -------- --------


++++ PLEASE CITE THE DOI FOR THIS VERSION OF GROMACS ++++
https://doi.org/10.5281/zenodo.4723562
-------- -------- --- Thank You --- -------- --------


The number of OpenMP threads was set by environment variable OMP_NUM_THREADS to 1

Input Parameters:
   integrator                     = md
   tinit                          = 0
   dt                             = 0.002
   nsteps                         = 10000
   init-step                      = 0
   simulation-part                = 1
   mts                            = false
   comm-mode                      = Linear
   nstcomm                        = 100
   bd-fric                        = 0
   ld-seed                        = -382730247
   emtol                          = 10
   emstep                         = 0.01
   niter                          = 20
   fcstep                         = 0
   nstcgsteep                     = 1000
   nbfgscorr                      = 10
   rtpi                           = 0.05
   nstxout                        = 0
   nstvout                        = 0
   nstfout                        = 0
   nstlog                         = 500
   nstcalcenergy                  = 100
   nstenergy                      = 500
   nstxout-compressed             = 500
   compressed-x-precision         = 1000
   cutoff-scheme                  = Verlet
   nstlist                        = 20
   pbc                            = xyz
   periodic-molecules             = false
   verlet-buffer-tolerance        = 0.005
   rlist                          = 1.221
   coulombtype                    = PME
   coulomb-modifier               = Potential-shift
   rcoulomb-switch                = 0
   rcoulomb                       = 1.2
   epsilon-r                      = 1
   epsilon-rf                     = inf
   vdw-type                       = Cut-off
   vdw-modifier                   = Force-switch
   rvdw-switch                    = 1
   rvdw                           = 1.2
   DispCorr                       = No
   table-extension                = 1
   fourierspacing                 = 0.16
   fourier-nx                     = 72
   fourier-ny                     = 72
   fourier-nz                     = 72
   pme-order                      = 4
   ewald-rtol                     = 1e-05
   ewald-rtol-lj                  = 0.001
   lj-pme-comb-rule               = Geometric
   ewald-geometry                 = 0
   epsilon-surface                = 0
   tcoupl                         = V-rescale
   nsttcouple                     = 10
   nh-chain-length                = 0
   print-nose-hoover-chain-variables = false
   pcoupl                         = No
   pcoupltype                     = Isotropic
   nstpcouple                     = -1
   tau-p                          = 1
   compressibility (3x3):
      compressibility[    0]={ 0.00000e+00,  0.00000e+00,  0.00000e+00}
      compressibility[    1]={ 0.00000e+00,  0.00000e+00,  0.00000e+00}
      compressibility[    2]={ 0.00000e+00,  0.00000e+00,  0.00000e+00}
   ref-p (3x3):
      ref-p[    0]={ 0.00000e+00,  0.00000e+00,  0.00000e+00}
      ref-p[    1]={ 0.00000e+00,  0.00000e+00,  0.00000e+00}
      ref-p[    2]={ 0.00000e+00,  0.00000e+00,  0.00000e+00}
   refcoord-scaling               = No
   posres-com (3):
      posres-com[0]= 0.00000e+00
      posres-com[1]= 0.00000e+00
      posres-com[2]= 0.00000e+00
   posres-comB (3):
      posres-comB[0]= 0.00000e+00
      posres-comB[1]= 0.00000e+00
      posres-comB[2]= 0.00000e+00
   QMMM                           = false
qm-opts:
   ngQM                           = 0
   constraint-algorithm           = Lincs
   continuation                   = false
   Shake-SOR                      = false
   shake-tol                      = 0.0001
   lincs-order                    = 4
   lincs-iter                     = 1
   lincs-warnangle                = 30
   nwall                          = 0
   wall-type                      = 9-3
   wall-r-linpot                  = -1
   wall-atomtype[0]               = -1
   wall-atomtype[1]               = -1
   wall-density[0]                = 0
   wall-density[1]                = 0
   wall-ewald-zfac                = 3
   pull                           = false
   awh                            = false
   rotation                       = false
   interactiveMD                  = false
   disre                          = No
   disre-weighting                = Conservative
   disre-mixed                    = false
   dr-fc                          = 1000
   dr-tau                         = 0
   nstdisreout                    = 100
   orire-fc                       = 0
   orire-tau                      = 0
   nstorireout                    = 100
   free-energy                    = no
   cos-acceleration               = 0
   deform (3x3):
      deform[    0]={ 0.00000e+00,  0.00000e+00,  0.00000e+00}
      deform[    1]={ 0.00000e+00,  0.00000e+00,  0.00000e+00}
      deform[    2]={ 0.00000e+00,  0.00000e+00,  0.00000e+00}
   simulated-tempering            = false
   swapcoords                     = no
   userint1                       = 0
   userint2                       = 0
   userint3                       = 0
   userint4                       = 0
   userreal1                      = 0
   userreal2                      = 0
   userreal3                      = 0
   userreal4                      = 0
   applied-forces:
     electric-field:
       x:
         E0                       = 0
         omega                    = 0
         t0                       = 0
         sigma                    = 0
       y:
         E0                       = 0
         omega                    = 0
         t0                       = 0
         sigma                    = 0
       z:
         E0                       = 0
         omega                    = 0
         t0                       = 0
         sigma                    = 0
     density-guided-simulation:
       active                     = false
       group                      = protein
       similarity-measure         = inner-product
       atom-spreading-weight      = unity
       force-constant             = 1e+09
       gaussian-transform-spreading-width = 0.2
       gaussian-transform-spreading-range-in-multiples-of-width = 4
       reference-density-filename = reference.mrc
       nst                        = 1
       normalize-densities        = true
       adaptive-force-scaling     = false
       adaptive-force-scaling-time-constant = 4
       shift-vector               = 
       transformation-matrix      = 
grpopts:
   nrdf:     23287.7     919.989      216159
   ref-t:         300         300         300
   tau-t:         0.1         0.1         0.1
annealing:          No          No          No
annealing-npoints:           0           0           0
   acc:	           0           0           0
   nfreeze:           N           N           N
   energygrp-flags[  0]: 0

Changing nstlist from 20 to 80, rlist from 1.221 to 1.317


Initializing Domain Decomposition on 28 ranks
Dynamic load balancing: auto
Minimum cell size due to atom displacement: 0.649 nm
Initial maximum distances in bonded interactions:
    two-body bonded interactions: 0.423 nm, LJ-14, atoms 3591 3599
  multi-body bonded interactions: 0.423 nm, Proper Dih., atoms 3591 3599
Minimum cell size due to bonded interactions: 0.465 nm
Maximum distance for 5 constraints, at 120 deg. angles, all-trans: 0.219 nm
Estimated maximum distance required for P-LINCS: 0.219 nm
Scaling the initial minimum size with 1/0.8 (option -dds) = 1.25
Guess for relative PME load: 0.09
Will use 24 particle-particle and 4 PME only ranks
This is a guess, check the performance at the end of the log file
Using 4 separate PME ranks, as guessed by mdrun
Optimizing the DD grid for 24 cells with a minimum initial size of 0.811 nm
The maximum allowed number of cells is: X 13 Y 13 Z 13
Domain decomposition grid 4 x 3 x 2, separate PME ranks 4
PME domain decomposition: 4 x 1 x 1
Interleaving PP and PME ranks
This rank does only particle-particle work.
Domain decomposition rank 0, coordinates 0 0 0

The initial number of communication pulses is: X 1 Y 1 Z 1
The initial domain decomposition cell size is: X 2.66 nm Y 3.54 nm Z 5.31 nm

The maximum allowed distance for atoms involved in interactions is:
                 non-bonded interactions           1.317 nm
            two-body bonded interactions  (-rdd)   1.317 nm
          multi-body bonded interactions  (-rdd)   1.317 nm
  atoms separated by up to 5 constraints  (-rcon)  2.656 nm

When dynamic load balancing gets turned on, these settings will change to:
The maximum number of communication pulses is: X 1 Y 1 Z 1
The minimum size for domain decomposition cells is 1.317 nm
The requested allowed shrink of DD cells (option -dds) is: 0.80
The allowed shrink of domain decomposition cells is: X 0.50 Y 0.37 Z 0.25
The maximum allowed distance for atoms involved in interactions is:
                 non-bonded interactions           1.317 nm
            two-body bonded interactions  (-rdd)   1.317 nm
          multi-body bonded interactions  (-rdd)   1.317 nm
  atoms separated by up to 5 constraints  (-rcon)  1.317 nm

Using 28 MPI threads
Using 1 OpenMP thread per tMPI thread

Pinning threads with an auto-selected logical core stride of 1
System total charge: 0.000
Will do PME sum in reciprocal space for electrostatic interactions.

++++ PLEASE READ AND CITE THE FOLLOWING REFERENCE ++++
U. Essmann, L. Perera, M. L. Berkowitz, T. Darden, H. Lee and L. G. Pedersen 
A smooth particle mesh Ewald method
J. Chem. Phys. 103 (1995) pp. 8577-8592
-------- -------- --- Thank You --- -------- --------

Using a Gaussian width (1/beta) of 0.384195 nm for Ewald
Potential shift: LJ r^-12: -2.648e-01 r^-6: -5.349e-01, Ewald -8.333e-06
Initialized non-bonded Ewald tables, spacing: 1.02e-03 size: 1176

Generated table with 1158 data points for 1-4 COUL.
Tabscale = 500 points/nm
Generated table with 1158 data points for 1-4 LJ6.
Tabscale = 500 points/nm
Generated table with 1158 data points for 1-4 LJ12.
Tabscale = 500 points/nm


Using SIMD 4x4 nonbonded short-range kernels

Using a dual 4x4 pair-list setup updated with dynamic pruning:
  outer list: updated every 80 steps, buffer 0.117 nm, rlist 1.317 nm
  inner list: updated every 13 steps, buffer 0.001 nm, rlist 1.201 nm
At tolerance 0.005 kJ/mol/ps per atom, equivalent classical 1x1 list would be:
  outer list: updated every 80 steps, buffer 0.261 nm, rlist 1.461 nm
  inner list: updated every 13 steps, buffer 0.050 nm, rlist 1.250 nm
Removing pbc first time

Initializing Parallel LINear Constraint Solver

++++ PLEASE READ AND CITE THE FOLLOWING REFERENCE ++++
B. Hess
P-LINCS: A Parallel Linear Constraint Solver for molecular simulation
J. Chem. Theory Comput. 4 (2008) pp. 116-122
-------- -------- --- Thank You --- -------- --------

The number of constraints is 4820
There are constraints between atoms in different decomposition domains,
will communicate selected coordinates each lincs iteration

++++ PLEASE READ AND CITE THE FOLLOWING REFERENCE ++++
S. Miyamoto and P. A. Kollman
SETTLE: An Analytical Version of the SHAKE and RATTLE Algorithms for Rigid
Water Models
J. Comp. Chem. 13 (1992) pp. 952-962
-------- -------- --- Thank You --- -------- --------


Linking all bonded interactions to atoms


Intra-simulation communication will occur every 10 steps.

++++ PLEASE READ AND CITE THE FOLLOWING REFERENCE ++++
G. Bussi, D. Donadio and M. Parrinello
Canonical sampling through velocity rescaling
J. Chem. Phys. 126 (2007) pp. 014101
-------- -------- --- Thank You --- -------- --------

There are: 117684 Atoms
Atom distribution over 24 domains: av 4903 stddev 98 min 4830 max 5064

Constraining the starting coordinates (step 0)

Constraining the coordinates at t0-dt (step 0)
Center of mass motion removal mode is Linear
We have the following groups for center of mass motion removal:
  0:  rest
RMS relative constraint deviation after constraining: 2.92e-06
Initial temperature: 300.22 K

Started mdrun on rank 0 Fri Jun 24 06:57:06 2022

           Step           Time
              0        0.00000

   Energies (kJ/mol)
           Bond          Angle    Proper Dih.  Improper Dih.          LJ-14
    1.44798e+03    7.66356e+03    2.84476e+04    2.18876e+02    8.06092e+03
     Coulomb-14        LJ (SR)   Coulomb (SR)   Coul. recip.      Potential
    9.85440e+04    2.31845e+05   -2.26592e+06    3.15271e+03   -1.88654e+06
    Kinetic En.   Total Energy  Conserved En.    Temperature Pressure (bar)
    3.00066e+05   -1.58647e+06   -1.58647e+06    3.00288e+02   -4.53988e+03
   Constr. rmsd
    3.38383e-06


DD  step 79 load imb.: force  4.2%  pme mesh/force 2.137
step  480: timed with pme grid 72 72 72, coulomb cutoff 1.200: 120344.2 M-cycles
           Step           Time
            500        1.00000

   Energies (kJ/mol)
           Bond          Angle    Proper Dih.  Improper Dih.          LJ-14
    7.34092e+03    2.27031e+04    3.15980e+04    1.11106e+03    9.25055e+03
     Coulomb-14        LJ (SR)   Coulomb (SR)   Coul. recip.      Potential
    9.81858e+04    2.07626e+05   -1.94166e+06    4.13077e+03   -1.55972e+06
    Kinetic En.   Total Energy  Conserved En.    Temperature Pressure (bar)
    2.95610e+05   -1.26411e+06   -1.58351e+06    2.95828e+02   -1.30798e+02
   Constr. rmsd
    3.29917e-06

step  640: timed with pme grid 60 60 60, coulomb cutoff 1.328: 144652.3 M-cycles
step  800: timed with pme grid 64 64 64, coulomb cutoff 1.245: 169726.1 M-cycles
step  960: timed with pme grid 72 72 72, coulomb cutoff 1.200: 182613.9 M-cycles
              optimal pme grid 72 72 72, coulomb cutoff 1.200
           Step           Time
           1000        2.00000

   Energies (kJ/mol)
           Bond          Angle    Proper Dih.  Improper Dih.          LJ-14
    7.16394e+03    2.18167e+04    3.14549e+04    1.14852e+03    9.42098e+03
     Coulomb-14        LJ (SR)   Coulomb (SR)   Coul. recip.      Potential
    9.87116e+04    2.01319e+05   -1.92640e+06    6.05021e+03   -1.54932e+06
    Kinetic En.   Total Energy  Conserved En.    Temperature Pressure (bar)
    2.99563e+05   -1.24975e+06   -1.58356e+06    2.99784e+02   -1.53793e+02
   Constr. rmsd
    3.22927e-06

Writing checkpoint, step 1200 at Fri Jun 24 07:13:40 2022


           Step           Time
           1500        3.00000

   Energies (kJ/mol)
           Bond          Angle    Proper Dih.  Improper Dih.          LJ-14
    7.54337e+03    2.23276e+04    3.16255e+04    1.08787e+03    9.23023e+03
     Coulomb-14        LJ (SR)   Coulomb (SR)   Coul. recip.      Potential
    9.80760e+04    2.02102e+05   -1.92469e+06    5.96269e+03   -1.54673e+06
    Kinetic En.   Total Energy  Conserved En.    Temperature Pressure (bar)
    2.99550e+05   -1.24718e+06   -1.58352e+06    2.99772e+02   -1.67918e+02
   Constr. rmsd
    3.35761e-06


DD  step 1999 load imb.: force  2.5%  pme mesh/force 2.233
           Step           Time
           2000        4.00000

Writing checkpoint, step 2000 at Fri Jun 24 07:27:19 2022


   Energies (kJ/mol)
           Bond          Angle    Proper Dih.  Improper Dih.          LJ-14
    7.43952e+03    2.24347e+04    3.14768e+04    1.22578e+03    9.27279e+03
     Coulomb-14        LJ (SR)   Coulomb (SR)   Coul. recip.      Potential
    9.82876e+04    2.03397e+05   -1.92802e+06    5.82345e+03   -1.54866e+06
    Kinetic En.   Total Energy  Conserved En.    Temperature Pressure (bar)
    2.98859e+05   -1.24980e+06   -1.58344e+06    2.99080e+02   -1.08286e+02
   Constr. rmsd
    3.25161e-06

           Step           Time
           2500        5.00000

   Energies (kJ/mol)
           Bond          Angle    Proper Dih.  Improper Dih.          LJ-14
    7.58904e+03    2.22819e+04    3.16460e+04    1.14901e+03    9.35225e+03
     Coulomb-14        LJ (SR)   Coulomb (SR)   Coul. recip.      Potential
    9.83974e+04    2.01286e+05   -1.92522e+06    5.89074e+03   -1.54763e+06
    Kinetic En.   Total Energy  Conserved En.    Temperature Pressure (bar)
    3.00768e+05   -1.24686e+06   -1.58350e+06    3.00990e+02   -2.62515e+02
   Constr. rmsd
    3.35338e-06

Writing checkpoint, step 2880 at Fri Jun 24 07:42:22 2022


           Step           Time
           3000        6.00000

   Energies (kJ/mol)
           Bond          Angle    Proper Dih.  Improper Dih.          LJ-14
    7.45364e+03    2.24615e+04    3.15378e+04    1.14238e+03    9.31922e+03
     Coulomb-14        LJ (SR)   Coulomb (SR)   Coul. recip.      Potential
    9.81558e+04    2.03140e+05   -1.92669e+06    5.94956e+03   -1.54753e+06
    Kinetic En.   Total Energy  Conserved En.    Temperature Pressure (bar)
    3.00676e+05   -1.24685e+06   -1.58347e+06    3.00898e+02   -1.23860e+02
   Constr. rmsd
    3.41040e-06

           Step           Time
           3500        7.00000

   Energies (kJ/mol)
           Bond          Angle    Proper Dih.  Improper Dih.          LJ-14
    7.17828e+03    2.23255e+04    3.14741e+04    1.19481e+03    9.24427e+03
     Coulomb-14        LJ (SR)   Coulomb (SR)   Coul. recip.      Potential
    9.82170e+04    2.02928e+05   -1.92838e+06    5.87889e+03   -1.54994e+06
    Kinetic En.   Total Energy  Conserved En.    Temperature Pressure (bar)
    2.98496e+05   -1.25144e+06   -1.58343e+06    2.98716e+02   -1.71430e+02
   Constr. rmsd
    3.19480e-06

Writing checkpoint, step 3760 at Fri Jun 24 07:57:24 2022



DD  step 3999 load imb.: force  2.7%  pme mesh/force 2.263
           Step           Time
           4000        8.00000

   Energies (kJ/mol)
           Bond          Angle    Proper Dih.  Improper Dih.          LJ-14
    7.15625e+03    2.23081e+04    3.16308e+04    1.20230e+03    9.22525e+03
     Coulomb-14        LJ (SR)   Coulomb (SR)   Coul. recip.      Potential
    9.81275e+04    2.04054e+05   -1.92828e+06    5.81729e+03   -1.54876e+06
    Kinetic En.   Total Energy  Conserved En.    Temperature Pressure (bar)
    3.00167e+05   -1.24859e+06   -1.58343e+06    3.00389e+02   -1.07594e+02
   Constr. rmsd
    3.25522e-06

           Step           Time
           4500        9.00000

   Energies (kJ/mol)
           Bond          Angle    Proper Dih.  Improper Dih.          LJ-14
    7.29284e+03    2.21864e+04    3.13571e+04    1.17902e+03    9.27144e+03
     Coulomb-14        LJ (SR)   Coulomb (SR)   Coul. recip.      Potential
    9.82082e+04    2.01898e+05   -1.92501e+06    5.98327e+03   -1.54763e+06
    Kinetic En.   Total Energy  Conserved En.    Temperature Pressure (bar)
    2.99669e+05   -1.24796e+06   -1.58344e+06    2.99891e+02   -2.07457e+02
   Constr. rmsd
    3.39693e-06

Writing checkpoint, step 4640 at Fri Jun 24 08:12:28 2022


           Step           Time
           5000       10.00000

   Energies (kJ/mol)
           Bond          Angle    Proper Dih.  Improper Dih.          LJ-14
    7.46858e+03    2.22409e+04    3.17072e+04    1.20398e+03    9.31196e+03
     Coulomb-14        LJ (SR)   Coulomb (SR)   Coul. recip.      Potential
    9.85085e+04    2.05436e+05   -1.93051e+06    5.99584e+03   -1.54864e+06
    Kinetic En.   Total Energy  Conserved En.    Temperature Pressure (bar)
    3.00020e+05   -1.24862e+06   -1.58338e+06    3.00241e+02    2.89327e+01
   Constr. rmsd
    3.37446e-06

           Step           Time
           5500       11.00000

   Energies (kJ/mol)
           Bond          Angle    Proper Dih.  Improper Dih.          LJ-14
    7.50448e+03    2.23345e+04    3.17114e+04    1.17519e+03    9.26119e+03
     Coulomb-14        LJ (SR)   Coulomb (SR)   Coul. recip.      Potential
    9.87497e+04    2.02038e+05   -1.92568e+06    5.85630e+03   -1.54705e+06
    Kinetic En.   Total Energy  Conserved En.    Temperature Pressure (bar)
    3.00654e+05   -1.24639e+06   -1.58337e+06    3.00876e+02   -2.22572e+02
   Constr. rmsd
    3.42394e-06

Writing checkpoint, step 5520 at Fri Jun 24 08:27:31 2022



DD  step 5999 load imb.: force  3.9%  pme mesh/force 2.247
           Step           Time
           6000       12.00000

   Energies (kJ/mol)
           Bond          Angle    Proper Dih.  Improper Dih.          LJ-14
    7.50392e+03    2.24044e+04    3.16404e+04    1.18055e+03    9.22300e+03
     Coulomb-14        LJ (SR)   Coulomb (SR)   Coul. recip.      Potential
    9.86036e+04    2.04954e+05   -1.92913e+06    5.94967e+03   -1.54767e+06
    Kinetic En.   Total Energy  Conserved En.    Temperature Pressure (bar)
    2.99828e+05   -1.24784e+06   -1.58336e+06    3.00049e+02   -1.23394e+02
   Constr. rmsd
    3.28663e-06

Writing checkpoint, step 6400 at Fri Jun 24 08:42:33 2022


           Step           Time
           6500       13.00000

   Energies (kJ/mol)
           Bond          Angle    Proper Dih.  Improper Dih.          LJ-14
    7.51330e+03    2.20773e+04    3.16284e+04    1.20450e+03    9.37482e+03
     Coulomb-14        LJ (SR)   Coulomb (SR)   Coul. recip.      Potential
    9.84711e+04    2.04168e+05   -1.92874e+06    6.03288e+03   -1.54827e+06
    Kinetic En.   Total Energy  Conserved En.    Temperature Pressure (bar)
    2.99726e+05   -1.24854e+06   -1.58333e+06    2.99947e+02   -7.23950e+01
   Constr. rmsd
    3.23607e-06

           Step           Time
           7000       14.00000

   Energies (kJ/mol)
           Bond          Angle    Proper Dih.  Improper Dih.          LJ-14
    7.45109e+03    2.25927e+04    3.17605e+04    1.26367e+03    9.22192e+03
     Coulomb-14        LJ (SR)   Coulomb (SR)   Coul. recip.      Potential
    9.88783e+04    2.03588e+05   -1.92954e+06    6.00440e+03   -1.54878e+06
    Kinetic En.   Total Energy  Conserved En.    Temperature Pressure (bar)
    2.99977e+05   -1.24881e+06   -1.58329e+06    3.00199e+02   -1.39382e+02
   Constr. rmsd
    3.27537e-06

Writing checkpoint, step 7280 at Fri Jun 24 08:57:36 2022


           Step           Time
           7500       15.00000

   Energies (kJ/mol)
           Bond          Angle    Proper Dih.  Improper Dih.          LJ-14
    7.44134e+03    2.24871e+04    3.16667e+04    1.21297e+03    9.42665e+03
     Coulomb-14        LJ (SR)   Coulomb (SR)   Coul. recip.      Potential
    9.85290e+04    2.05352e+05   -1.93025e+06    5.88923e+03   -1.54824e+06
    Kinetic En.   Total Energy  Conserved En.    Temperature Pressure (bar)
    3.00777e+05   -1.24747e+06   -1.58331e+06    3.00999e+02   -8.91825e+00
   Constr. rmsd
    3.31368e-06


DD  step 7999 load imb.: force  3.3%  pme mesh/force 2.285
           Step           Time
           8000       16.00000

   Energies (kJ/mol)
           Bond          Angle    Proper Dih.  Improper Dih.          LJ-14
    7.21208e+03    2.24283e+04    3.16877e+04    1.14390e+03    9.44725e+03
     Coulomb-14        LJ (SR)   Coulomb (SR)   Coul. recip.      Potential
    9.90661e+04    2.04103e+05   -1.92878e+06    5.84298e+03   -1.54785e+06
    Kinetic En.   Total Energy  Conserved En.    Temperature Pressure (bar)
    2.98627e+05   -1.24922e+06   -1.58326e+06    2.98848e+02   -3.88264e+01
   Constr. rmsd
    3.24363e-06

Writing checkpoint, step 8160 at Fri Jun 24 09:12:37 2022


           Step           Time
           8500       17.00000

   Energies (kJ/mol)
           Bond          Angle    Proper Dih.  Improper Dih.          LJ-14
    7.40648e+03    2.20062e+04    3.14084e+04    1.10344e+03    9.30538e+03
     Coulomb-14        LJ (SR)   Coulomb (SR)   Coul. recip.      Potential
    9.86177e+04    2.02800e+05   -1.92782e+06    5.91970e+03   -1.54925e+06
    Kinetic En.   Total Energy  Conserved En.    Temperature Pressure (bar)
    2.99112e+05   -1.25014e+06   -1.58326e+06    2.99333e+02   -9.79847e+01
   Constr. rmsd
    3.21488e-06

           Step           Time
           9000       18.00000

   Energies (kJ/mol)
           Bond          Angle    Proper Dih.  Improper Dih.          LJ-14
    7.29410e+03    2.22545e+04    3.15253e+04    1.23111e+03    9.27150e+03
     Coulomb-14        LJ (SR)   Coulomb (SR)   Coul. recip.      Potential
    9.82619e+04    2.02503e+05   -1.92664e+06    6.11055e+03   -1.54819e+06
    Kinetic En.   Total Energy  Conserved En.    Temperature Pressure (bar)
    2.99055e+05   -1.24913e+06   -1.58327e+06    2.99276e+02   -1.29241e+02
   Constr. rmsd
    3.21160e-06

Writing checkpoint, step 9040 at Fri Jun 24 09:27:38 2022


           Step           Time
           9500       19.00000

   Energies (kJ/mol)
           Bond          Angle    Proper Dih.  Improper Dih.          LJ-14
    7.32897e+03    2.17239e+04    3.15258e+04    1.17039e+03    9.32596e+03
     Coulomb-14        LJ (SR)   Coulomb (SR)   Coul. recip.      Potential
    9.89983e+04    2.02371e+05   -1.92836e+06    6.02376e+03   -1.54989e+06
    Kinetic En.   Total Energy  Conserved En.    Temperature Pressure (bar)
    3.00810e+05   -1.24908e+06   -1.58326e+06    3.01032e+02   -2.13002e+02
   Constr. rmsd
    3.23804e-06


DD  step 9999 load imb.: force  2.9%  pme mesh/force 2.196
           Step           Time
          10000       20.00000

Writing checkpoint, step 10000 at Fri Jun 24 09:43:11 2022


   Energies (kJ/mol)
           Bond          Angle    Proper Dih.  Improper Dih.          LJ-14
    7.14663e+03    2.24537e+04    3.15547e+04    1.23263e+03    9.27849e+03
     Coulomb-14        LJ (SR)   Coulomb (SR)   Coul. recip.      Potential
    9.85102e+04    2.02749e+05   -1.92818e+06    5.99960e+03   -1.54925e+06
    Kinetic En.   Total Energy  Conserved En.    Temperature Pressure (bar)
    2.99770e+05   -1.24948e+06   -1.58322e+06    2.99991e+02   -1.61799e+02
   Constr. rmsd
    3.16763e-06


Energy conservation over simulation part #1 of length 20 ns, time 0 to 20 ns
  Conserved energy drift: 1.38e-03 kJ/mol/ps per atom


	<======  ###############  ==>
	<====  A V E R A G E S  ====>
	<==  ###############  ======>

	Statistics over 10001 steps using 101 frames

   Energies (kJ/mol)
           Bond          Angle    Proper Dih.  Improper Dih.          LJ-14
    7.32260e+03    2.20335e+04    3.15263e+04    1.14831e+03    9.27178e+03
     Coulomb-14        LJ (SR)   Coulomb (SR)   Coul. recip.      Potential
    9.84496e+04    2.04071e+05   -1.93395e+06    5.85936e+03   -1.55427e+06
    Kinetic En.   Total Energy  Conserved En.    Temperature Pressure (bar)
    2.98627e+05   -1.25564e+06   -1.58343e+06    2.98848e+02   -1.99816e+02
   Constr. rmsd
    0.00000e+00

   Total Virial (kJ/mol)
    1.06769e+05    2.57606e+02   -2.75165e+01
    2.56372e+02    1.06616e+05   -2.34846e+02
   -2.74018e+01   -2.34480e+02    1.06875e+05

   Pressure (bar)
   -2.01640e+02   -6.99051e+00   -1.05169e+00
   -6.95630e+00   -1.94983e+02    6.96114e+00
   -1.05486e+00    6.95099e+00   -2.02825e+02

      T-Protein          T-PAAT-Water_and_ions
    2.99502e+02    2.98794e+02    2.98778e+02


	M E G A - F L O P S   A C C O U N T I N G

 NB=Group-cutoff nonbonded kernels    NxN=N-by-N cluster Verlet kernels
 RF=Reaction-Field  VdW=Van der Waals  QSTab=quadratic-spline table
 W3=SPC/TIP3p  W4=TIP4p (single or pairs)
 V&F=Potential and force  V=Potential only  F=Force only

 Computing:                               M-Number         M-Flops  % Flops
-----------------------------------------------------------------------------
 Pair Search distance check            7015.626282       63140.637     0.1
 NxN QSTab Elec. + LJ [F]            496639.942912    26321916.974    61.2
 NxN QSTab Elec. + LJ [V&F]            5069.025072      410591.031     1.0
 NxN QSTab Elec. [F]                 410190.614480    13946480.892    32.4
 NxN QSTab Elec. [V&F]                 4186.735200      171656.143     0.4
 1,4 nonbonded interactions             252.485246       22723.672     0.1
 Calc Weights                          3530.873052      127111.430     0.3
 Spread Q Bspline                     75325.291776      150650.584     0.4
 Gather F Bspline                     75325.291776      451951.751     1.1
 3D-FFT                              136501.748672     1092013.989     2.5
 Solve PME                               51.417664        3290.730     0.0
 Reset In Box                            14.828184          44.485     0.0
 CG-CoM                                  14.945868          44.838     0.0
 Bonds                                   49.604960        2926.693     0.0
 Angles                                 176.477646       29648.245     0.1
 Propers                                320.672064       73433.903     0.2
 Impropers                               19.201920        3993.999     0.0
 Virial                                  11.995164         215.913     0.0
 Stop-CM                                 12.003768         120.038     0.0
 Calc-Ekin                              235.603368        6361.291     0.0
 Lincs                                   52.276629        3136.598     0.0
 Lincs-Mat                              286.343892        1145.376     0.0
 Constraint-V                          1261.415781       11352.742     0.0
 Constraint-Vir                          12.210137         293.043     0.0
 Settle                                 385.662808      142695.239     0.3
-----------------------------------------------------------------------------
 Total                                                43036940.234   100.0
-----------------------------------------------------------------------------


    D O M A I N   D E C O M P O S I T I O N   S T A T I S T I C S

 av. #atoms communicated per step for force:  2 x 171556.4
 av. #atoms communicated per step for LINCS:  2 x 8518.5


Dynamic load balancing report:
 DLB was off during the run due to low measured imbalance.
 Average load imbalance: 3.3%.
 The balanceable part of the MD step is 37%, load imbalance is computed from this.
 Part of the total run time spent waiting due to load imbalance: 1.2%.
 Average PME mesh/force load: 2.232
 Part of the total run time spent waiting due to PP/PME imbalance: 32.8 %

NOTE: 32.8 % performance was lost because the PME ranks
      had more work to do than the PP ranks.
      You might want to increase the number of PME ranks
      or increase the cut-off and the grid spacing.


     R E A L   C Y C L E   A N D   T I M E   A C C O U N T I N G

On 24 MPI ranks doing PP, and
on 4 MPI ranks doing PME

 Computing:          Num   Num      Call    Wall time         Giga-Cycles
                     Ranks Threads  Count      (s)         total sum    %
-----------------------------------------------------------------------------
 Domain decomp.        24    1        126     332.231      20682.730   2.9
 DD comm. load         24    1          7       0.469         29.227   0.0
 Send X to PME         24    1      10001     605.128      37671.696   5.2
 Neighbor search       24    1        126      22.354       1391.646   0.2
 Comm. coord.          24    1       9875    1705.526     106175.996  14.7
 Force                 24    1      10001    1216.803      75750.990  10.5
 Wait + Comm. F        24    1      10001    1767.864     110056.840  15.2
 PME mesh *             4    1      10001    6887.875      71466.427   9.9
 PME wait for PP *                           3079.904      31956.119   4.4
 Wait + Recv. PME F    24    1      10001    2307.464     143649.145  19.8
 NB X/F buffer ops.    24    1      29751       1.900        118.279   0.0
 Write traj.           24    1         30       6.305        392.485   0.1
 Update                24    1      10001       0.408         25.420   0.0
 Constraints           24    1      10003    1745.359     108655.803  15.0
 Comm. energies        24    1       1001     254.489      15842.962   2.2
 Rest                                           2.870        178.687   0.0
-----------------------------------------------------------------------------
 Total                                       9969.171     724058.889 100.0
-----------------------------------------------------------------------------
(*) Note that with separate PME ranks, the walltime column actually sums to
    twice the total reported, but the cycle count total and % are correct.
-----------------------------------------------------------------------------
 Breakdown of PME mesh computation
-----------------------------------------------------------------------------
 PME redist. X/F        4    1      20002    4525.143      46951.459   6.5
 PME spread             4    1      10001     582.433       6043.143   0.8
 PME gather             4    1      10001     585.117       6070.993   0.8
 PME 3D-FFT             4    1      20002      15.066        156.319   0.0
 PME 3D-FFT Comm.       4    1      20002    1178.569      12228.458   1.7
 PME solve Elec         4    1      10001       1.496         15.522   0.0
-----------------------------------------------------------------------------

               Core t (s)   Wall t (s)        (%)
       Time:   279130.192     9969.171     2799.9
                         2h46:09
                 (ns/day)    (hour/ns)
Performance:        0.173      138.447
Finished mdrun on rank 0 Fri Jun 24 09:43:16 2022

