                      :-) GROMACS - gmx mdrun, 2021.2 (-:

                            GROMACS is written by:
     Andrey Alekseenko              Emile Apol              Rossen Apostolov     
         Paul Bauer           Herman J.C. Berendsen           Par Bjelkmar       
       Christian Blau           Viacheslav Bolnykh             Kevin Boyd        
     Aldert van Buuren           Rudi van Drunen             Anton Feenstra      
    Gilles Gouaillardet             Alan Gray               Gerrit Groenhof      
       Anca Hamuraru            Vincent Hindriksen          M. Eric Irrgang      
      Aleksei Iupinov           Christoph Junghans             Joe Jordan        
    Dimitrios Karkoulis            Peter Kasson                Jiri Kraus        
      Carsten Kutzner              Per Larsson              Justin A. Lemkul     
       Viveca Lindahl            Magnus Lundborg             Erik Marklund       
        Pascal Merz             Pieter Meulenhoff            Teemu Murtola       
        Szilard Pall               Sander Pronk              Roland Schulz       
       Michael Shirts            Alexey Shvetsov             Alfons Sijbers      
       Peter Tieleman              Jon Vincent              Teemu Virolainen     
     Christian Wennberg            Maarten Wolf              Artem Zhmurov       
                           and the project leaders:
        Mark Abraham, Berk Hess, Erik Lindahl, and David van der Spoel

Copyright (c) 1991-2000, University of Groningen, The Netherlands.
Copyright (c) 2001-2019, The GROMACS development team at
Uppsala University, Stockholm University and
the Royal Institute of Technology, Sweden.
check out http://www.gromacs.org for more information.

GROMACS is free software; you can redistribute it and/or modify it
under the terms of the GNU Lesser General Public License
as published by the Free Software Foundation; either version 2.1
of the License, or (at your option) any later version.

GROMACS:      gmx mdrun, version 2021.2
Executable:   /gpfs/opt/apps/gromacs-2021.2/bin/gmx
Data prefix:  /gpfs/opt/apps/gromacs-2021.2
Working dir:  /gpfs/work/tuk27574/fragment_builder
Process ID:   19371
Command line:
  gmx mdrun -s ./combo_folder/EAA/nvt_EAA25.tpr -deffnm ./combo_folder/EAA/combo_nvt_EAA25

GROMACS version:    2021.2
Verified release checksum is d91a739522d82c53dc47c2276b9ac5fae3b2119283e84e3a1c7bed8ce741fda2
Precision:          mixed
Memory model:       64 bit
MPI library:        thread_mpi
OpenMP support:     enabled (GMX_OPENMP_MAX_THREADS = 64)
GPU support:        disabled
SIMD instructions:  SSE4.1
FFT library:        fftw-3.3.3-sse2
RDTSCP usage:       enabled
TNG support:        enabled
Hwloc support:      disabled
Tracing support:    disabled
C compiler:         /gpfs/opt/tools/gcc-8.4.0/bin/gcc GNU 8.4.0
C compiler flags:   -msse4.1 -Wno-missing-field-initializers -fexcess-precision=fast -funroll-all-loops -O3 -DNDEBUG
C++ compiler:       /gpfs/opt/tools/gcc-8.4.0/bin/g++ GNU 8.4.0
C++ compiler flags: -msse4.1 -Wno-missing-field-initializers -fexcess-precision=fast -funroll-all-loops -fopenmp -O3 -DNDEBUG


Running on 1 node with total 28 cores, 28 logical cores
Hardware detected:
  CPU info:
    Vendor: Intel
    Brand:  Intel(R) Xeon(R) CPU E5-2690 v4 @ 2.60GHz
    Family: 6   Model: 79   Stepping: 1
    Features: aes apic avx avx2 clfsh cmov cx8 cx16 f16c fma hle htt intel lahf mmx msr nonstop_tsc pcid pclmuldq pdcm pdpe1gb popcnt pse rdrnd rdtscp rtm sse2 sse3 sse4.1 sse4.2 ssse3 tdt x2apic
  Hardware topology: Basic
    Sockets, cores, and logical processors:
      Socket  0: [   0] [   2] [   4] [   6] [   8] [  10] [  12] [  14] [  16] [  18] [  20] [  22] [  24] [  26]
      Socket  1: [   1] [   3] [   5] [   7] [   9] [  11] [  13] [  15] [  17] [  19] [  21] [  23] [  25] [  27]

Highest SIMD level requested by all nodes in run: AVX2_256
SIMD instructions selected at compile time:       SSE4.1
This program was compiled for different hardware than you are running on,
which could influence performance.

++++ PLEASE READ AND CITE THE FOLLOWING REFERENCE ++++
M. J. Abraham, T. Murtola, R. Schulz, S. Páll, J. C. Smith, B. Hess, E.
Lindahl
GROMACS: High performance molecular simulations through multi-level
parallelism from laptops to supercomputers
SoftwareX 1 (2015) pp. 19-25
-------- -------- --- Thank You --- -------- --------


++++ PLEASE READ AND CITE THE FOLLOWING REFERENCE ++++
S. Páll, M. J. Abraham, C. Kutzner, B. Hess, E. Lindahl
Tackling Exascale Software Challenges in Molecular Dynamics Simulations with
GROMACS
In S. Markidis & E. Laure (Eds.), Solving Software Challenges for Exascale 8759 (2015) pp. 3-27
-------- -------- --- Thank You --- -------- --------


++++ PLEASE READ AND CITE THE FOLLOWING REFERENCE ++++
S. Pronk, S. Páll, R. Schulz, P. Larsson, P. Bjelkmar, R. Apostolov, M. R.
Shirts, J. C. Smith, P. M. Kasson, D. van der Spoel, B. Hess, and E. Lindahl
GROMACS 4.5: a high-throughput and highly parallel open source molecular
simulation toolkit
Bioinformatics 29 (2013) pp. 845-54
-------- -------- --- Thank You --- -------- --------


++++ PLEASE READ AND CITE THE FOLLOWING REFERENCE ++++
B. Hess and C. Kutzner and D. van der Spoel and E. Lindahl
GROMACS 4: Algorithms for highly efficient, load-balanced, and scalable
molecular simulation
J. Chem. Theory Comput. 4 (2008) pp. 435-447
-------- -------- --- Thank You --- -------- --------


++++ PLEASE READ AND CITE THE FOLLOWING REFERENCE ++++
D. van der Spoel, E. Lindahl, B. Hess, G. Groenhof, A. E. Mark and H. J. C.
Berendsen
GROMACS: Fast, Flexible and Free
J. Comp. Chem. 26 (2005) pp. 1701-1719
-------- -------- --- Thank You --- -------- --------


++++ PLEASE READ AND CITE THE FOLLOWING REFERENCE ++++
E. Lindahl and B. Hess and D. van der Spoel
GROMACS 3.0: A package for molecular simulation and trajectory analysis
J. Mol. Mod. 7 (2001) pp. 306-317
-------- -------- --- Thank You --- -------- --------


++++ PLEASE READ AND CITE THE FOLLOWING REFERENCE ++++
H. J. C. Berendsen, D. van der Spoel and R. van Drunen
GROMACS: A message-passing parallel molecular dynamics implementation
Comp. Phys. Comm. 91 (1995) pp. 43-56
-------- -------- --- Thank You --- -------- --------


++++ PLEASE CITE THE DOI FOR THIS VERSION OF GROMACS ++++
https://doi.org/10.5281/zenodo.4723562
-------- -------- --- Thank You --- -------- --------


The number of OpenMP threads was set by environment variable OMP_NUM_THREADS to 1

Input Parameters:
   integrator                     = md
   tinit                          = 0
   dt                             = 0.002
   nsteps                         = 10000
   init-step                      = 0
   simulation-part                = 1
   mts                            = false
   comm-mode                      = Linear
   nstcomm                        = 100
   bd-fric                        = 0
   ld-seed                        = -12582983
   emtol                          = 10
   emstep                         = 0.01
   niter                          = 20
   fcstep                         = 0
   nstcgsteep                     = 1000
   nbfgscorr                      = 10
   rtpi                           = 0.05
   nstxout                        = 0
   nstvout                        = 0
   nstfout                        = 0
   nstlog                         = 500
   nstcalcenergy                  = 100
   nstenergy                      = 500
   nstxout-compressed             = 500
   compressed-x-precision         = 1000
   cutoff-scheme                  = Verlet
   nstlist                        = 20
   pbc                            = xyz
   periodic-molecules             = false
   verlet-buffer-tolerance        = 0.005
   rlist                          = 1.221
   coulombtype                    = PME
   coulomb-modifier               = Potential-shift
   rcoulomb-switch                = 0
   rcoulomb                       = 1.2
   epsilon-r                      = 1
   epsilon-rf                     = inf
   vdw-type                       = Cut-off
   vdw-modifier                   = Force-switch
   rvdw-switch                    = 1
   rvdw                           = 1.2
   DispCorr                       = No
   table-extension                = 1
   fourierspacing                 = 0.16
   fourier-nx                     = 72
   fourier-ny                     = 72
   fourier-nz                     = 72
   pme-order                      = 4
   ewald-rtol                     = 1e-05
   ewald-rtol-lj                  = 0.001
   lj-pme-comb-rule               = Geometric
   ewald-geometry                 = 0
   epsilon-surface                = 0
   tcoupl                         = V-rescale
   nsttcouple                     = 10
   nh-chain-length                = 0
   print-nose-hoover-chain-variables = false
   pcoupl                         = No
   pcoupltype                     = Isotropic
   nstpcouple                     = -1
   tau-p                          = 1
   compressibility (3x3):
      compressibility[    0]={ 0.00000e+00,  0.00000e+00,  0.00000e+00}
      compressibility[    1]={ 0.00000e+00,  0.00000e+00,  0.00000e+00}
      compressibility[    2]={ 0.00000e+00,  0.00000e+00,  0.00000e+00}
   ref-p (3x3):
      ref-p[    0]={ 0.00000e+00,  0.00000e+00,  0.00000e+00}
      ref-p[    1]={ 0.00000e+00,  0.00000e+00,  0.00000e+00}
      ref-p[    2]={ 0.00000e+00,  0.00000e+00,  0.00000e+00}
   refcoord-scaling               = No
   posres-com (3):
      posres-com[0]= 0.00000e+00
      posres-com[1]= 0.00000e+00
      posres-com[2]= 0.00000e+00
   posres-comB (3):
      posres-comB[0]= 0.00000e+00
      posres-comB[1]= 0.00000e+00
      posres-comB[2]= 0.00000e+00
   QMMM                           = false
qm-opts:
   ngQM                           = 0
   constraint-algorithm           = Lincs
   continuation                   = false
   Shake-SOR                      = false
   shake-tol                      = 0.0001
   lincs-order                    = 4
   lincs-iter                     = 1
   lincs-warnangle                = 30
   nwall                          = 0
   wall-type                      = 9-3
   wall-r-linpot                  = -1
   wall-atomtype[0]               = -1
   wall-atomtype[1]               = -1
   wall-density[0]                = 0
   wall-density[1]                = 0
   wall-ewald-zfac                = 3
   pull                           = false
   awh                            = false
   rotation                       = false
   interactiveMD                  = false
   disre                          = No
   disre-weighting                = Conservative
   disre-mixed                    = false
   dr-fc                          = 1000
   dr-tau                         = 0
   nstdisreout                    = 100
   orire-fc                       = 0
   orire-tau                      = 0
   nstorireout                    = 100
   free-energy                    = no
   cos-acceleration               = 0
   deform (3x3):
      deform[    0]={ 0.00000e+00,  0.00000e+00,  0.00000e+00}
      deform[    1]={ 0.00000e+00,  0.00000e+00,  0.00000e+00}
      deform[    2]={ 0.00000e+00,  0.00000e+00,  0.00000e+00}
   simulated-tempering            = false
   swapcoords                     = no
   userint1                       = 0
   userint2                       = 0
   userint3                       = 0
   userint4                       = 0
   userreal1                      = 0
   userreal2                      = 0
   userreal3                      = 0
   userreal4                      = 0
   applied-forces:
     electric-field:
       x:
         E0                       = 0
         omega                    = 0
         t0                       = 0
         sigma                    = 0
       y:
         E0                       = 0
         omega                    = 0
         t0                       = 0
         sigma                    = 0
       z:
         E0                       = 0
         omega                    = 0
         t0                       = 0
         sigma                    = 0
     density-guided-simulation:
       active                     = false
       group                      = protein
       similarity-measure         = inner-product
       atom-spreading-weight      = unity
       force-constant             = 1e+09
       gaussian-transform-spreading-width = 0.2
       gaussian-transform-spreading-range-in-multiples-of-width = 4
       reference-density-filename = reference.mrc
       nst                        = 1
       normalize-densities        = true
       adaptive-force-scaling     = false
       adaptive-force-scaling-time-constant = 4
       shift-vector               = 
       transformation-matrix      = 
grpopts:
   nrdf:     23287.7     624.992      216309
   ref-t:         300         300         300
   tau-t:         0.1         0.1         0.1
annealing:          No          No          No
annealing-npoints:           0           0           0
   acc:	           0           0           0
   nfreeze:           N           N           N
   energygrp-flags[  0]: 0

Changing nstlist from 20 to 80, rlist from 1.221 to 1.317


Initializing Domain Decomposition on 28 ranks
Dynamic load balancing: auto
Minimum cell size due to atom displacement: 0.649 nm
Initial maximum distances in bonded interactions:
    two-body bonded interactions: 0.423 nm, LJ-14, atoms 3591 3599
  multi-body bonded interactions: 0.423 nm, Proper Dih., atoms 3591 3599
Minimum cell size due to bonded interactions: 0.466 nm
Maximum distance for 5 constraints, at 120 deg. angles, all-trans: 0.219 nm
Estimated maximum distance required for P-LINCS: 0.219 nm
Scaling the initial minimum size with 1/0.8 (option -dds) = 1.25
Guess for relative PME load: 0.09
Will use 24 particle-particle and 4 PME only ranks
This is a guess, check the performance at the end of the log file
Using 4 separate PME ranks, as guessed by mdrun
Optimizing the DD grid for 24 cells with a minimum initial size of 0.811 nm
The maximum allowed number of cells is: X 13 Y 13 Z 13
Domain decomposition grid 4 x 3 x 2, separate PME ranks 4
PME domain decomposition: 4 x 1 x 1
Interleaving PP and PME ranks
This rank does only particle-particle work.
Domain decomposition rank 0, coordinates 0 0 0

The initial number of communication pulses is: X 1 Y 1 Z 1
The initial domain decomposition cell size is: X 2.66 nm Y 3.54 nm Z 5.31 nm

The maximum allowed distance for atoms involved in interactions is:
                 non-bonded interactions           1.317 nm
            two-body bonded interactions  (-rdd)   1.317 nm
          multi-body bonded interactions  (-rdd)   1.317 nm
  atoms separated by up to 5 constraints  (-rcon)  2.656 nm

When dynamic load balancing gets turned on, these settings will change to:
The maximum number of communication pulses is: X 1 Y 1 Z 1
The minimum size for domain decomposition cells is 1.317 nm
The requested allowed shrink of DD cells (option -dds) is: 0.80
The allowed shrink of domain decomposition cells is: X 0.50 Y 0.37 Z 0.25
The maximum allowed distance for atoms involved in interactions is:
                 non-bonded interactions           1.317 nm
            two-body bonded interactions  (-rdd)   1.317 nm
          multi-body bonded interactions  (-rdd)   1.317 nm
  atoms separated by up to 5 constraints  (-rcon)  1.317 nm

Using 28 MPI threads
Using 1 OpenMP thread per tMPI thread

Pinning threads with an auto-selected logical core stride of 1
System total charge: -25.000
Will do PME sum in reciprocal space for electrostatic interactions.

++++ PLEASE READ AND CITE THE FOLLOWING REFERENCE ++++
U. Essmann, L. Perera, M. L. Berkowitz, T. Darden, H. Lee and L. G. Pedersen 
A smooth particle mesh Ewald method
J. Chem. Phys. 103 (1995) pp. 8577-8592
-------- -------- --- Thank You --- -------- --------

Using a Gaussian width (1/beta) of 0.384195 nm for Ewald
Potential shift: LJ r^-12: -2.648e-01 r^-6: -5.349e-01, Ewald -8.333e-06
Initialized non-bonded Ewald tables, spacing: 1.02e-03 size: 1176

Generated table with 1158 data points for 1-4 COUL.
Tabscale = 500 points/nm
Generated table with 1158 data points for 1-4 LJ6.
Tabscale = 500 points/nm
Generated table with 1158 data points for 1-4 LJ12.
Tabscale = 500 points/nm


Using SIMD 4x4 nonbonded short-range kernels

Using a dual 4x4 pair-list setup updated with dynamic pruning:
  outer list: updated every 80 steps, buffer 0.117 nm, rlist 1.317 nm
  inner list: updated every 13 steps, buffer 0.001 nm, rlist 1.201 nm
At tolerance 0.005 kJ/mol/ps per atom, equivalent classical 1x1 list would be:
  outer list: updated every 80 steps, buffer 0.261 nm, rlist 1.461 nm
  inner list: updated every 13 steps, buffer 0.051 nm, rlist 1.251 nm
Removing pbc first time

Initializing Parallel LINear Constraint Solver

++++ PLEASE READ AND CITE THE FOLLOWING REFERENCE ++++
B. Hess
P-LINCS: A Parallel Linear Constraint Solver for molecular simulation
J. Chem. Theory Comput. 4 (2008) pp. 116-122
-------- -------- --- Thank You --- -------- --------

The number of constraints is 4725
There are constraints between atoms in different decomposition domains,
will communicate selected coordinates each lincs iteration

++++ PLEASE READ AND CITE THE FOLLOWING REFERENCE ++++
S. Miyamoto and P. A. Kollman
SETTLE: An Analytical Version of the SHAKE and RATTLE Algorithms for Rigid
Water Models
J. Comp. Chem. 13 (1992) pp. 952-962
-------- -------- --- Thank You --- -------- --------


Linking all bonded interactions to atoms


Intra-simulation communication will occur every 10 steps.

++++ PLEASE READ AND CITE THE FOLLOWING REFERENCE ++++
G. Bussi, D. Donadio and M. Parrinello
Canonical sampling through velocity rescaling
J. Chem. Phys. 126 (2007) pp. 014101
-------- -------- --- Thank You --- -------- --------

There are: 117629 Atoms
Atom distribution over 24 domains: av 4901 stddev 81 min 4806 max 5064

Constraining the starting coordinates (step 0)

Constraining the coordinates at t0-dt (step 0)
Center of mass motion removal mode is Linear
We have the following groups for center of mass motion removal:
  0:  rest
RMS relative constraint deviation after constraining: 2.82e-06
Initial temperature: 300.547 K

Started mdrun on rank 0 Thu Jun 23 20:19:50 2022

           Step           Time
              0        0.00000

   Energies (kJ/mol)
           Bond          Angle    Proper Dih.  Improper Dih.          LJ-14
    1.43353e+03    6.54959e+03    2.78732e+04    2.17237e+02    7.99849e+03
     Coulomb-14        LJ (SR)   Coulomb (SR)   Coul. recip.      Potential
    1.02173e+05    2.35280e+05   -2.28285e+06    3.50461e+03   -1.89782e+06
    Kinetic En.   Total Energy  Conserved En.    Temperature Pressure (bar)
    3.00194e+05   -1.59763e+06   -1.59763e+06    3.00597e+02   -4.49848e+03
   Constr. rmsd
    3.18898e-06


DD  step 79 load imb.: force 12.3%  pme mesh/force 2.374
step  480: timed with pme grid 72 72 72, coulomb cutoff 1.200: 72763.5 M-cycles
           Step           Time
            500        1.00000

   Energies (kJ/mol)
           Bond          Angle    Proper Dih.  Improper Dih.          LJ-14
    7.39077e+03    2.05583e+04    3.10836e+04    1.20624e+03    9.17942e+03
     Coulomb-14        LJ (SR)   Coulomb (SR)   Coul. recip.      Potential
    1.01943e+05    2.09836e+05   -1.95578e+06    4.18889e+03   -1.57039e+06
    Kinetic En.   Total Energy  Conserved En.    Temperature Pressure (bar)
    2.96046e+05   -1.27435e+06   -1.59471e+06    2.96444e+02   -7.02465e+01
   Constr. rmsd
    3.38678e-06

step  640: timed with pme grid 60 60 60, coulomb cutoff 1.328: 68564.7 M-cycles
step  800: timed with pme grid 52 52 52, coulomb cutoff 1.532: 70896.0 M-cycles
step  960: timed with pme grid 48 48 48, coulomb cutoff 1.660: 71315.1 M-cycles
           Step           Time
           1000        2.00000

   Energies (kJ/mol)
           Bond          Angle    Proper Dih.  Improper Dih.          LJ-14
    7.31041e+03    2.11752e+04    3.09387e+04    1.14774e+03    9.12364e+03
     Coulomb-14        LJ (SR)   Coulomb (SR)   Coul. recip.      Potential
    1.02150e+05    2.05258e+05   -1.93883e+06    1.58576e+03   -1.56014e+06
    Kinetic En.   Total Energy  Conserved En.    Temperature Pressure (bar)
    2.98297e+05   -1.26184e+06   -1.59471e+06    2.98698e+02   -1.99818e+02
   Constr. rmsd
    3.32249e-06

step 1120: timed with pme grid 44 44 44, coulomb cutoff 1.811: 73670.0 M-cycles
step 1120: the maximum allowed grid scaling limits the PME load balancing to a coulomb cut-off of 1.811
step 1280: timed with pme grid 44 44 44, coulomb cutoff 1.811: 73392.1 M-cycles
step 1440: timed with pme grid 48 48 48, coulomb cutoff 1.660: 70360.3 M-cycles
           Step           Time
           1500        3.00000

   Energies (kJ/mol)
           Bond          Angle    Proper Dih.  Improper Dih.          LJ-14
    7.06191e+03    2.05628e+04    3.09498e+04    1.07960e+03    9.36360e+03
     Coulomb-14        LJ (SR)   Coulomb (SR)   Coul. recip.      Potential
    1.02150e+05    2.03534e+05   -1.93858e+06    2.70696e+03   -1.56117e+06
    Kinetic En.   Total Energy  Conserved En.    Temperature Pressure (bar)
    2.98526e+05   -1.26264e+06   -1.59478e+06    2.98927e+02   -1.03137e+02
   Constr. rmsd
    3.07356e-06

step 1600: timed with pme grid 52 52 52, coulomb cutoff 1.532: 70602.7 M-cycles
step 1760: timed with pme grid 56 56 56, coulomb cutoff 1.423: 72035.1 M-cycles
step 1920: timed with pme grid 60 60 60, coulomb cutoff 1.328: 69877.5 M-cycles

DD  step 1999 load imb.: force  2.7%  pme mesh/force 2.108
           Step           Time
           2000        4.00000

   Energies (kJ/mol)
           Bond          Angle    Proper Dih.  Improper Dih.          LJ-14
    7.12257e+03    2.06700e+04    3.09627e+04    1.19885e+03    9.11161e+03
     Coulomb-14        LJ (SR)   Coulomb (SR)   Coul. recip.      Potential
    1.01480e+05    2.04189e+05   -1.93958e+06    5.24704e+03   -1.55960e+06
    Kinetic En.   Total Energy  Conserved En.    Temperature Pressure (bar)
    2.98626e+05   -1.26097e+06   -1.59478e+06    2.99027e+02   -1.72093e+02
   Constr. rmsd
    3.23135e-06

step 2080: timed with pme grid 64 64 64, coulomb cutoff 1.245: 72404.0 M-cycles
step 2240: timed with pme grid 72 72 72, coulomb cutoff 1.200: 69915.2 M-cycles
Writing checkpoint, step 2320 at Thu Jun 23 20:35:24 2022


step 2400: timed with pme grid 44 44 44, coulomb cutoff 1.811: 74037.3 M-cycles
           Step           Time
           2500        5.00000

   Energies (kJ/mol)
           Bond          Angle    Proper Dih.  Improper Dih.          LJ-14
    7.14994e+03    2.07476e+04    3.10426e+04    1.21358e+03    9.16592e+03
     Coulomb-14        LJ (SR)   Coulomb (SR)   Coul. recip.      Potential
    1.02260e+05    2.04938e+05   -1.93719e+06    2.17724e+03   -1.55849e+06
    Kinetic En.   Total Energy  Conserved En.    Temperature Pressure (bar)
    2.98697e+05   -1.25980e+06   -1.59468e+06    2.99098e+02   -1.78390e+02
   Constr. rmsd
    3.22677e-06

step 2560: timed with pme grid 48 48 48, coulomb cutoff 1.660: 71638.1 M-cycles
step 2720: timed with pme grid 52 52 52, coulomb cutoff 1.532: 70519.9 M-cycles
step 2880: timed with pme grid 56 56 56, coulomb cutoff 1.423: 69428.0 M-cycles
           Step           Time
           3000        6.00000

   Energies (kJ/mol)
           Bond          Angle    Proper Dih.  Improper Dih.          LJ-14
    7.36359e+03    2.08809e+04    3.09962e+04    1.20819e+03    9.24434e+03
     Coulomb-14        LJ (SR)   Coulomb (SR)   Coul. recip.      Potential
    1.01936e+05    2.04846e+05   -1.93977e+06    4.20902e+03   -1.55909e+06
    Kinetic En.   Total Energy  Conserved En.    Temperature Pressure (bar)
    2.99990e+05   -1.25910e+06   -1.59463e+06    3.00393e+02   -1.87949e+02
   Constr. rmsd
    3.39424e-06

step 3040: timed with pme grid 60 60 60, coulomb cutoff 1.328: 70884.7 M-cycles
step 3200: timed with pme grid 64 64 64, coulomb cutoff 1.245: 64881.4 M-cycles
step 3360: timed with pme grid 72 72 72, coulomb cutoff 1.200: 70222.3 M-cycles
           Step           Time
           3500        7.00000

   Energies (kJ/mol)
           Bond          Angle    Proper Dih.  Improper Dih.          LJ-14
    7.09027e+03    2.09033e+04    3.11397e+04    1.19235e+03    9.26931e+03
     Coulomb-14        LJ (SR)   Coulomb (SR)   Coul. recip.      Potential
    1.02182e+05    2.02377e+05   -1.93396e+06    2.14055e+03   -1.55766e+06
    Kinetic En.   Total Energy  Conserved En.    Temperature Pressure (bar)
    2.99355e+05   -1.25831e+06   -1.59463e+06    2.99757e+02   -1.80231e+02
   Constr. rmsd
    3.37246e-06

step 3520: timed with pme grid 48 48 48, coulomb cutoff 1.660: 71635.4 M-cycles
step 3680: timed with pme grid 52 52 52, coulomb cutoff 1.532: 72066.0 M-cycles
step 3840: timed with pme grid 56 56 56, coulomb cutoff 1.423: 70762.9 M-cycles
step 4000: timed with pme grid 60 60 60, coulomb cutoff 1.328: 71753.6 M-cycles

DD  step 3999 load imb.: force  6.9%  pme mesh/force 2.091
           Step           Time
           4000        8.00000

   Energies (kJ/mol)
           Bond          Angle    Proper Dih.  Improper Dih.          LJ-14
    7.19492e+03    2.09357e+04    3.10028e+04    1.16273e+03    9.24898e+03
     Coulomb-14        LJ (SR)   Coulomb (SR)   Coul. recip.      Potential
    1.02219e+05    2.02941e+05   -1.93956e+06    5.24150e+03   -1.55962e+06
    Kinetic En.   Total Energy  Conserved En.    Temperature Pressure (bar)
    2.98518e+05   -1.26110e+06   -1.59469e+06    2.98919e+02   -2.12912e+02
   Constr. rmsd
    3.17308e-06

step 4160: timed with pme grid 64 64 64, coulomb cutoff 1.245: 67456.2 M-cycles
step 4320: timed with pme grid 72 72 72, coulomb cutoff 1.200: 69907.4 M-cycles
              optimal pme grid 64 64 64, coulomb cutoff 1.245
           Step           Time
           4500        9.00000

   Energies (kJ/mol)
           Bond          Angle    Proper Dih.  Improper Dih.          LJ-14
    7.17228e+03    2.09964e+04    3.09400e+04    1.19755e+03    9.18437e+03
     Coulomb-14        LJ (SR)   Coulomb (SR)   Coul. recip.      Potential
    1.01823e+05    2.03559e+05   -1.93905e+06    5.37908e+03   -1.55880e+06
    Kinetic En.   Total Energy  Conserved En.    Temperature Pressure (bar)
    3.01396e+05   -1.25740e+06   -1.59471e+06    3.01801e+02   -1.46253e+02
   Constr. rmsd
    3.37171e-06

Writing checkpoint, step 4560 at Thu Jun 23 20:50:15 2022


           Step           Time
           5000       10.00000

   Energies (kJ/mol)
           Bond          Angle    Proper Dih.  Improper Dih.          LJ-14
    7.43201e+03    2.10261e+04    3.10785e+04    1.10140e+03    9.06649e+03
     Coulomb-14        LJ (SR)   Coulomb (SR)   Coul. recip.      Potential
    1.01863e+05    2.03212e+05   -1.93740e+06    5.26978e+03   -1.55735e+06
    Kinetic En.   Total Energy  Conserved En.    Temperature Pressure (bar)
    3.00827e+05   -1.25652e+06   -1.59466e+06    3.01231e+02   -1.97844e+02
   Constr. rmsd
    3.41865e-06

           Step           Time
           5500       11.00000

   Energies (kJ/mol)
           Bond          Angle    Proper Dih.  Improper Dih.          LJ-14
    7.41319e+03    2.10156e+04    3.11276e+04    1.16514e+03    9.17000e+03
     Coulomb-14        LJ (SR)   Coulomb (SR)   Coul. recip.      Potential
    1.02030e+05    2.04711e+05   -1.93994e+06    5.21709e+03   -1.55809e+06
    Kinetic En.   Total Energy  Conserved En.    Temperature Pressure (bar)
    3.00779e+05   -1.25731e+06   -1.59468e+06    3.01183e+02   -6.73150e+01
   Constr. rmsd
    3.17505e-06


DD  step 5999 load imb.: force  4.4%  pme mesh/force 1.981
           Step           Time
           6000       12.00000

   Energies (kJ/mol)
           Bond          Angle    Proper Dih.  Improper Dih.          LJ-14
    7.12943e+03    2.07865e+04    3.09934e+04    1.26199e+03    9.18500e+03
     Coulomb-14        LJ (SR)   Coulomb (SR)   Coul. recip.      Potential
    1.02498e+05    2.02954e+05   -1.93821e+06    5.29330e+03   -1.55811e+06
    Kinetic En.   Total Energy  Conserved En.    Temperature Pressure (bar)
    3.00735e+05   -1.25737e+06   -1.59466e+06    3.01139e+02   -1.87691e+02
   Constr. rmsd
    3.19933e-06

           Step           Time
           6500       13.00000

   Energies (kJ/mol)
           Bond          Angle    Proper Dih.  Improper Dih.          LJ-14
    7.37352e+03    2.07981e+04    3.10534e+04    1.14504e+03    9.23098e+03
     Coulomb-14        LJ (SR)   Coulomb (SR)   Coul. recip.      Potential
    1.02277e+05    2.04218e+05   -1.93864e+06    5.32328e+03   -1.55722e+06
    Kinetic En.   Total Energy  Conserved En.    Temperature Pressure (bar)
    2.97893e+05   -1.25933e+06   -1.59458e+06    2.98294e+02   -8.45743e+01
   Constr. rmsd
    3.27828e-06

Writing checkpoint, step 6800 at Thu Jun 23 21:04:55 2022


           Step           Time
           7000       14.00000

   Energies (kJ/mol)
           Bond          Angle    Proper Dih.  Improper Dih.          LJ-14
    7.66162e+03    2.12111e+04    3.12211e+04    1.23021e+03    9.26499e+03
     Coulomb-14        LJ (SR)   Coulomb (SR)   Coul. recip.      Potential
    1.01946e+05    2.01615e+05   -1.93697e+06    5.22664e+03   -1.55759e+06
    Kinetic En.   Total Energy  Conserved En.    Temperature Pressure (bar)
    3.01555e+05   -1.25604e+06   -1.59459e+06    3.01960e+02   -2.74195e+02
   Constr. rmsd
    3.16804e-06

           Step           Time
           7500       15.00000

   Energies (kJ/mol)
           Bond          Angle    Proper Dih.  Improper Dih.          LJ-14
    7.36085e+03    2.07843e+04    3.11549e+04    1.18302e+03    9.33130e+03
     Coulomb-14        LJ (SR)   Coulomb (SR)   Coul. recip.      Potential
    1.02078e+05    2.03607e+05   -1.93921e+06    5.21468e+03   -1.55849e+06
    Kinetic En.   Total Energy  Conserved En.    Temperature Pressure (bar)
    2.99569e+05   -1.25892e+06   -1.59456e+06    2.99971e+02   -1.35726e+02
   Constr. rmsd
    3.28796e-06


DD  step 7999 load imb.: force  3.6%  pme mesh/force 1.870
           Step           Time
           8000       16.00000

   Energies (kJ/mol)
           Bond          Angle    Proper Dih.  Improper Dih.          LJ-14
    7.19407e+03    2.10650e+04    3.09018e+04    1.09928e+03    9.24769e+03
     Coulomb-14        LJ (SR)   Coulomb (SR)   Coul. recip.      Potential
    1.02376e+05    2.04405e+05   -1.93956e+06    5.21525e+03   -1.55806e+06
    Kinetic En.   Total Energy  Conserved En.    Temperature Pressure (bar)
    2.99040e+05   -1.25902e+06   -1.59453e+06    2.99442e+02   -6.72808e+01
   Constr. rmsd
    3.36013e-06

           Step           Time
           8500       17.00000

   Energies (kJ/mol)
           Bond          Angle    Proper Dih.  Improper Dih.          LJ-14
    7.50604e+03    2.08697e+04    3.12255e+04    1.22603e+03    9.21910e+03
     Coulomb-14        LJ (SR)   Coulomb (SR)   Coul. recip.      Potential
    1.02307e+05    2.03169e+05   -1.93893e+06    5.26985e+03   -1.55814e+06
    Kinetic En.   Total Energy  Conserved En.    Temperature Pressure (bar)
    3.00764e+05   -1.25737e+06   -1.59451e+06    3.01168e+02   -2.12702e+02
   Constr. rmsd
    3.15600e-06

           Step           Time
           9000       18.00000

   Energies (kJ/mol)
           Bond          Angle    Proper Dih.  Improper Dih.          LJ-14
    7.25109e+03    2.10402e+04    3.10786e+04    1.11534e+03    9.12993e+03
     Coulomb-14        LJ (SR)   Coulomb (SR)   Coul. recip.      Potential
    1.02143e+05    2.04230e+05   -1.93991e+06    5.26429e+03   -1.55865e+06
    Kinetic En.   Total Energy  Conserved En.    Temperature Pressure (bar)
    3.00220e+05   -1.25843e+06   -1.59453e+06    3.00623e+02   -1.15705e+02
   Constr. rmsd
    3.21127e-06

Writing checkpoint, step 9120 at Thu Jun 23 21:20:15 2022


           Step           Time
           9500       19.00000

   Energies (kJ/mol)
           Bond          Angle    Proper Dih.  Improper Dih.          LJ-14
    7.12333e+03    2.11783e+04    3.08693e+04    1.19809e+03    9.36180e+03
     Coulomb-14        LJ (SR)   Coulomb (SR)   Coul. recip.      Potential
    1.02434e+05    2.02732e+05   -1.93744e+06    5.33307e+03   -1.55721e+06
    Kinetic En.   Total Energy  Conserved En.    Temperature Pressure (bar)
    2.99860e+05   -1.25735e+06   -1.59449e+06    3.00263e+02   -1.13495e+02
   Constr. rmsd
    3.24660e-06


DD  step 9999 load imb.: force  3.3%  pme mesh/force 1.992
           Step           Time
          10000       20.00000

Writing checkpoint, step 10000 at Thu Jun 23 21:26:05 2022


   Energies (kJ/mol)
           Bond          Angle    Proper Dih.  Improper Dih.          LJ-14
    7.07686e+03    2.08778e+04    3.10606e+04    1.12560e+03    9.25896e+03
     Coulomb-14        LJ (SR)   Coulomb (SR)   Coul. recip.      Potential
    1.01982e+05    2.03536e+05   -1.93860e+06    5.32456e+03   -1.55836e+06
    Kinetic En.   Total Energy  Conserved En.    Temperature Pressure (bar)
    2.99173e+05   -1.25918e+06   -1.59451e+06    2.99575e+02   -1.66289e+02
   Constr. rmsd
    3.46098e-06


Energy conservation over simulation part #1 of length 20 ns, time 0 to 20 ns
  Conserved energy drift: 1.32e-03 kJ/mol/ps per atom


	<======  ###############  ==>
	<====  A V E R A G E S  ====>
	<==  ###############  ======>

	Statistics over 10001 steps using 101 frames

   Energies (kJ/mol)
           Bond          Angle    Proper Dih.  Improper Dih.          LJ-14
    7.23932e+03    2.06980e+04    3.10041e+04    1.15407e+03    9.19398e+03
     Coulomb-14        LJ (SR)   Coulomb (SR)   Coul. recip.      Potential
    1.02140e+05    2.04892e+05   -1.94530e+06    4.62132e+03   -1.56435e+06
    Kinetic En.   Total Energy  Conserved En.    Temperature Pressure (bar)
    2.98418e+05   -1.26594e+06   -1.59465e+06    2.98818e+02   -2.17555e+02
   Constr. rmsd
    0.00000e+00

   Total Virial (kJ/mol)
    1.07127e+05    1.10536e+02    4.90959e+02
    1.08945e+02    1.07099e+05   -4.33343e+02
    4.91171e+02   -4.31604e+02    1.07744e+05

   Pressure (bar)
   -2.13146e+02   -3.55154e+00   -1.52816e+01
   -3.50747e+00   -2.11084e+02    1.40511e+01
   -1.52875e+01    1.40029e+01   -2.28436e+02

      T-Protein          T-EAAT-Water_and_ions
    2.99201e+02    2.96992e+02    2.98783e+02


       P P   -   P M E   L O A D   B A L A N C I N G

 PP/PME load balancing changed the cut-off and PME settings:
           particle-particle                    PME
            rcoulomb  rlist            grid      spacing   1/beta
   initial  1.200 nm  1.201 nm      72  72  72   0.148 nm  0.384 nm
   final    1.245 nm  1.246 nm      64  64  64   0.166 nm  0.399 nm
 cost-ratio           1.12             0.70
 (note that these numbers concern only part of the total PP and PME load)


	M E G A - F L O P S   A C C O U N T I N G

 NB=Group-cutoff nonbonded kernels    NxN=N-by-N cluster Verlet kernels
 RF=Reaction-Field  VdW=Van der Waals  QSTab=quadratic-spline table
 W3=SPC/TIP3p  W4=TIP4p (single or pairs)
 V&F=Potential and force  V=Potential only  F=Force only

 Computing:                               M-Number         M-Flops  % Flops
-----------------------------------------------------------------------------
 Pair Search distance check            8230.357274       74073.215     0.1
 NxN QSTab Elec. + LJ [F]            645225.397000    34196946.041    62.3
 NxN QSTab Elec. + LJ [V&F]            6547.391632      530338.722     1.0
 NxN QSTab Elec. [F]                 534823.109544    18183985.724    33.1
 NxN QSTab Elec. [V&F]                 5427.176432      222514.234     0.4
 1,4 nonbonded interactions             247.434741       22269.127     0.0
 Calc Weights                          3529.222887      127052.024     0.2
 Spread Q Bspline                     75290.088256      150580.177     0.3
 Gather F Bspline                     75290.088256      451740.530     0.8
 3D-FFT                               86032.894144      688263.153     1.3
 Solve PME                               38.155776        2441.970     0.0
 Reset In Box                            14.821254          44.464     0.0
 CG-CoM                                  14.938883          44.817     0.0
 Bonds                                   49.004900        2891.289     0.0
 Angles                                 173.027301       29068.587     0.1
 Propers                                309.570954       70891.748     0.1
 Impropers                               19.201920        3993.999     0.0
 Virial                                  11.989609         215.813     0.0
 Stop-CM                                 11.998158         119.982     0.0
 Calc-Ekin                              235.493258        6358.318     0.0
 Lincs                                   51.026648        3061.599     0.0
 Lincs-Mat                              278.807472        1115.230     0.0
 Constraint-V                          1259.476435       11335.288     0.0
 Constraint-Vir                          12.203001         292.872     0.0
 Settle                                 385.849670      142764.378     0.3
-----------------------------------------------------------------------------
 Total                                                54922403.299   100.0
-----------------------------------------------------------------------------


    D O M A I N   D E C O M P O S I T I O N   S T A T I S T I C S

 av. #atoms communicated per step for force:  2 x 192497.8
 av. #atoms communicated per step for LINCS:  2 x 8455.2


Dynamic load balancing report:
 DLB was off during the run due to low measured imbalance.
 Average load imbalance: 6.3%.
 The balanceable part of the MD step is 37%, load imbalance is computed from this.
 Part of the total run time spent waiting due to load imbalance: 2.3%.
 Average PME mesh/force load: 2.090
 Part of the total run time spent waiting due to PP/PME imbalance: 30.6 %

NOTE: 30.6 % performance was lost because the PME ranks
      had more work to do than the PP ranks.
      You might want to increase the number of PME ranks
      or increase the cut-off and the grid spacing.


     R E A L   C Y C L E   A N D   T I M E   A C C O U N T I N G

On 24 MPI ranks doing PP, and
on 4 MPI ranks doing PME

 Computing:          Num   Num      Call    Wall time         Giga-Cycles
                     Ranks Threads  Count      (s)         total sum    %
-----------------------------------------------------------------------------
 Domain decomp.        24    1        126     138.289       8609.043   3.0
 DD comm. load         24    1          7       0.181         11.244   0.0
 Send X to PME         24    1      10001     219.255      13649.522   4.7
 Neighbor search       24    1        126       8.399        522.847   0.2
 Comm. coord.          24    1       9875     694.053      43207.548  15.0
 Force                 24    1      10001     606.913      37782.769  13.1
 Wait + Comm. F        24    1      10001     732.249      45585.426  15.8
 PME mesh *             4    1      10001    2673.903      27743.531   9.6
 PME wait for PP *                           1301.600      13504.963   4.7
 Wait + Recv. PME F    24    1      10001     791.981      49303.995  17.1
 NB X/F buffer ops.    24    1      29751       1.700        105.860   0.0
 Write traj.           24    1         25       2.062        128.362   0.0
 Update                24    1      10001       0.426         26.524   0.0
 Constraints           24    1      10003     675.469      42050.628  14.6
 Comm. energies        24    1       1001      97.886       6093.821   2.1
 Rest                                           7.702        479.484   0.2
-----------------------------------------------------------------------------
 Total                                       3976.565     288816.586 100.0
-----------------------------------------------------------------------------
(*) Note that with separate PME ranks, the walltime column actually sums to
    twice the total reported, but the cycle count total and % are correct.
-----------------------------------------------------------------------------
 Breakdown of PME mesh computation
-----------------------------------------------------------------------------
 PME redist. X/F        4    1      20002    1718.871      17834.428   6.2
 PME spread             4    1      10001     231.074       2397.546   0.8
 PME gather             4    1      10001     227.166       2357.000   0.8
 PME 3D-FFT             4    1      20002      10.667        110.675   0.0
 PME 3D-FFT Comm.       4    1      20002     485.063       5032.849   1.7
 PME solve Elec         4    1      10001       0.992         10.293   0.0
-----------------------------------------------------------------------------

               Core t (s)   Wall t (s)        (%)
       Time:   111341.476     3976.565     2799.9
                         1h06:16
                 (ns/day)    (hour/ns)
Performance:        0.435       55.225
Finished mdrun on rank 0 Thu Jun 23 21:26:07 2022

