                      :-) GROMACS - gmx mdrun, 2021.2 (-:

                            GROMACS is written by:
     Andrey Alekseenko              Emile Apol              Rossen Apostolov     
         Paul Bauer           Herman J.C. Berendsen           Par Bjelkmar       
       Christian Blau           Viacheslav Bolnykh             Kevin Boyd        
     Aldert van Buuren           Rudi van Drunen             Anton Feenstra      
    Gilles Gouaillardet             Alan Gray               Gerrit Groenhof      
       Anca Hamuraru            Vincent Hindriksen          M. Eric Irrgang      
      Aleksei Iupinov           Christoph Junghans             Joe Jordan        
    Dimitrios Karkoulis            Peter Kasson                Jiri Kraus        
      Carsten Kutzner              Per Larsson              Justin A. Lemkul     
       Viveca Lindahl            Magnus Lundborg             Erik Marklund       
        Pascal Merz             Pieter Meulenhoff            Teemu Murtola       
        Szilard Pall               Sander Pronk              Roland Schulz       
       Michael Shirts            Alexey Shvetsov             Alfons Sijbers      
       Peter Tieleman              Jon Vincent              Teemu Virolainen     
     Christian Wennberg            Maarten Wolf              Artem Zhmurov       
                           and the project leaders:
        Mark Abraham, Berk Hess, Erik Lindahl, and David van der Spoel

Copyright (c) 1991-2000, University of Groningen, The Netherlands.
Copyright (c) 2001-2019, The GROMACS development team at
Uppsala University, Stockholm University and
the Royal Institute of Technology, Sweden.
check out http://www.gromacs.org for more information.

GROMACS is free software; you can redistribute it and/or modify it
under the terms of the GNU Lesser General Public License
as published by the Free Software Foundation; either version 2.1
of the License, or (at your option) any later version.

GROMACS:      gmx mdrun, version 2021.2
Executable:   /gpfs/opt/apps/gromacs-2021.2/bin/gmx
Data prefix:  /gpfs/opt/apps/gromacs-2021.2
Working dir:  /gpfs/work/tuk27574/fragment_builder
Process ID:   4387
Command line:
  gmx mdrun -s ./combo_folder/EAA/nvt_EAA40.tpr -deffnm ./combo_folder/EAA/combo_nvt_EAA40

GROMACS version:    2021.2
Verified release checksum is d91a739522d82c53dc47c2276b9ac5fae3b2119283e84e3a1c7bed8ce741fda2
Precision:          mixed
Memory model:       64 bit
MPI library:        thread_mpi
OpenMP support:     enabled (GMX_OPENMP_MAX_THREADS = 64)
GPU support:        disabled
SIMD instructions:  SSE4.1
FFT library:        fftw-3.3.3-sse2
RDTSCP usage:       enabled
TNG support:        enabled
Hwloc support:      disabled
Tracing support:    disabled
C compiler:         /gpfs/opt/tools/gcc-8.4.0/bin/gcc GNU 8.4.0
C compiler flags:   -msse4.1 -Wno-missing-field-initializers -fexcess-precision=fast -funroll-all-loops -O3 -DNDEBUG
C++ compiler:       /gpfs/opt/tools/gcc-8.4.0/bin/g++ GNU 8.4.0
C++ compiler flags: -msse4.1 -Wno-missing-field-initializers -fexcess-precision=fast -funroll-all-loops -fopenmp -O3 -DNDEBUG


Running on 1 node with total 28 cores, 28 logical cores
Hardware detected:
  CPU info:
    Vendor: Intel
    Brand:  Intel(R) Xeon(R) CPU E5-2690 v4 @ 2.60GHz
    Family: 6   Model: 79   Stepping: 1
    Features: aes apic avx avx2 clfsh cmov cx8 cx16 f16c fma hle htt intel lahf mmx msr nonstop_tsc pcid pclmuldq pdcm pdpe1gb popcnt pse rdrnd rdtscp rtm sse2 sse3 sse4.1 sse4.2 ssse3 tdt x2apic
  Hardware topology: Basic
    Sockets, cores, and logical processors:
      Socket  0: [   0] [   2] [   4] [   6] [   8] [  10] [  12] [  14] [  16] [  18] [  20] [  22] [  24] [  26]
      Socket  1: [   1] [   3] [   5] [   7] [   9] [  11] [  13] [  15] [  17] [  19] [  21] [  23] [  25] [  27]

Highest SIMD level requested by all nodes in run: AVX2_256
SIMD instructions selected at compile time:       SSE4.1
This program was compiled for different hardware than you are running on,
which could influence performance.

++++ PLEASE READ AND CITE THE FOLLOWING REFERENCE ++++
M. J. Abraham, T. Murtola, R. Schulz, S. Páll, J. C. Smith, B. Hess, E.
Lindahl
GROMACS: High performance molecular simulations through multi-level
parallelism from laptops to supercomputers
SoftwareX 1 (2015) pp. 19-25
-------- -------- --- Thank You --- -------- --------


++++ PLEASE READ AND CITE THE FOLLOWING REFERENCE ++++
S. Páll, M. J. Abraham, C. Kutzner, B. Hess, E. Lindahl
Tackling Exascale Software Challenges in Molecular Dynamics Simulations with
GROMACS
In S. Markidis & E. Laure (Eds.), Solving Software Challenges for Exascale 8759 (2015) pp. 3-27
-------- -------- --- Thank You --- -------- --------


++++ PLEASE READ AND CITE THE FOLLOWING REFERENCE ++++
S. Pronk, S. Páll, R. Schulz, P. Larsson, P. Bjelkmar, R. Apostolov, M. R.
Shirts, J. C. Smith, P. M. Kasson, D. van der Spoel, B. Hess, and E. Lindahl
GROMACS 4.5: a high-throughput and highly parallel open source molecular
simulation toolkit
Bioinformatics 29 (2013) pp. 845-54
-------- -------- --- Thank You --- -------- --------


++++ PLEASE READ AND CITE THE FOLLOWING REFERENCE ++++
B. Hess and C. Kutzner and D. van der Spoel and E. Lindahl
GROMACS 4: Algorithms for highly efficient, load-balanced, and scalable
molecular simulation
J. Chem. Theory Comput. 4 (2008) pp. 435-447
-------- -------- --- Thank You --- -------- --------


++++ PLEASE READ AND CITE THE FOLLOWING REFERENCE ++++
D. van der Spoel, E. Lindahl, B. Hess, G. Groenhof, A. E. Mark and H. J. C.
Berendsen
GROMACS: Fast, Flexible and Free
J. Comp. Chem. 26 (2005) pp. 1701-1719
-------- -------- --- Thank You --- -------- --------


++++ PLEASE READ AND CITE THE FOLLOWING REFERENCE ++++
E. Lindahl and B. Hess and D. van der Spoel
GROMACS 3.0: A package for molecular simulation and trajectory analysis
J. Mol. Mod. 7 (2001) pp. 306-317
-------- -------- --- Thank You --- -------- --------


++++ PLEASE READ AND CITE THE FOLLOWING REFERENCE ++++
H. J. C. Berendsen, D. van der Spoel and R. van Drunen
GROMACS: A message-passing parallel molecular dynamics implementation
Comp. Phys. Comm. 91 (1995) pp. 43-56
-------- -------- --- Thank You --- -------- --------


++++ PLEASE CITE THE DOI FOR THIS VERSION OF GROMACS ++++
https://doi.org/10.5281/zenodo.4723562
-------- -------- --- Thank You --- -------- --------


The number of OpenMP threads was set by environment variable OMP_NUM_THREADS to 1

Input Parameters:
   integrator                     = md
   tinit                          = 0
   dt                             = 0.002
   nsteps                         = 10000
   init-step                      = 0
   simulation-part                = 1
   mts                            = false
   comm-mode                      = Linear
   nstcomm                        = 100
   bd-fric                        = 0
   ld-seed                        = -273154198
   emtol                          = 10
   emstep                         = 0.01
   niter                          = 20
   fcstep                         = 0
   nstcgsteep                     = 1000
   nbfgscorr                      = 10
   rtpi                           = 0.05
   nstxout                        = 0
   nstvout                        = 0
   nstfout                        = 0
   nstlog                         = 500
   nstcalcenergy                  = 100
   nstenergy                      = 500
   nstxout-compressed             = 500
   compressed-x-precision         = 1000
   cutoff-scheme                  = Verlet
   nstlist                        = 20
   pbc                            = xyz
   periodic-molecules             = false
   verlet-buffer-tolerance        = 0.005
   rlist                          = 1.221
   coulombtype                    = PME
   coulomb-modifier               = Potential-shift
   rcoulomb-switch                = 0
   rcoulomb                       = 1.2
   epsilon-r                      = 1
   epsilon-rf                     = inf
   vdw-type                       = Cut-off
   vdw-modifier                   = Force-switch
   rvdw-switch                    = 1
   rvdw                           = 1.2
   DispCorr                       = No
   table-extension                = 1
   fourierspacing                 = 0.16
   fourier-nx                     = 72
   fourier-ny                     = 72
   fourier-nz                     = 72
   pme-order                      = 4
   ewald-rtol                     = 1e-05
   ewald-rtol-lj                  = 0.001
   lj-pme-comb-rule               = Geometric
   ewald-geometry                 = 0
   epsilon-surface                = 0
   tcoupl                         = V-rescale
   nsttcouple                     = 10
   nh-chain-length                = 0
   print-nose-hoover-chain-variables = false
   pcoupl                         = No
   pcoupltype                     = Isotropic
   nstpcouple                     = -1
   tau-p                          = 1
   compressibility (3x3):
      compressibility[    0]={ 0.00000e+00,  0.00000e+00,  0.00000e+00}
      compressibility[    1]={ 0.00000e+00,  0.00000e+00,  0.00000e+00}
      compressibility[    2]={ 0.00000e+00,  0.00000e+00,  0.00000e+00}
   ref-p (3x3):
      ref-p[    0]={ 0.00000e+00,  0.00000e+00,  0.00000e+00}
      ref-p[    1]={ 0.00000e+00,  0.00000e+00,  0.00000e+00}
      ref-p[    2]={ 0.00000e+00,  0.00000e+00,  0.00000e+00}
   refcoord-scaling               = No
   posres-com (3):
      posres-com[0]= 0.00000e+00
      posres-com[1]= 0.00000e+00
      posres-com[2]= 0.00000e+00
   posres-comB (3):
      posres-comB[0]= 0.00000e+00
      posres-comB[1]= 0.00000e+00
      posres-comB[2]= 0.00000e+00
   QMMM                           = false
qm-opts:
   ngQM                           = 0
   constraint-algorithm           = Lincs
   continuation                   = false
   Shake-SOR                      = false
   shake-tol                      = 0.0001
   lincs-order                    = 4
   lincs-iter                     = 1
   lincs-warnangle                = 30
   nwall                          = 0
   wall-type                      = 9-3
   wall-r-linpot                  = -1
   wall-atomtype[0]               = -1
   wall-atomtype[1]               = -1
   wall-density[0]                = 0
   wall-density[1]                = 0
   wall-ewald-zfac                = 3
   pull                           = false
   awh                            = false
   rotation                       = false
   interactiveMD                  = false
   disre                          = No
   disre-weighting                = Conservative
   disre-mixed                    = false
   dr-fc                          = 1000
   dr-tau                         = 0
   nstdisreout                    = 100
   orire-fc                       = 0
   orire-tau                      = 0
   nstorireout                    = 100
   free-energy                    = no
   cos-acceleration               = 0
   deform (3x3):
      deform[    0]={ 0.00000e+00,  0.00000e+00,  0.00000e+00}
      deform[    1]={ 0.00000e+00,  0.00000e+00,  0.00000e+00}
      deform[    2]={ 0.00000e+00,  0.00000e+00,  0.00000e+00}
   simulated-tempering            = false
   swapcoords                     = no
   userint1                       = 0
   userint2                       = 0
   userint3                       = 0
   userint4                       = 0
   userreal1                      = 0
   userreal2                      = 0
   userreal3                      = 0
   userreal4                      = 0
   applied-forces:
     electric-field:
       x:
         E0                       = 0
         omega                    = 0
         t0                       = 0
         sigma                    = 0
       y:
         E0                       = 0
         omega                    = 0
         t0                       = 0
         sigma                    = 0
       z:
         E0                       = 0
         omega                    = 0
         t0                       = 0
         sigma                    = 0
     density-guided-simulation:
       active                     = false
       group                      = protein
       similarity-measure         = inner-product
       atom-spreading-weight      = unity
       force-constant             = 1e+09
       gaussian-transform-spreading-width = 0.2
       gaussian-transform-spreading-range-in-multiples-of-width = 4
       reference-density-filename = reference.mrc
       nst                        = 1
       normalize-densities        = true
       adaptive-force-scaling     = false
       adaptive-force-scaling-time-constant = 4
       shift-vector               = 
       transformation-matrix      = 
grpopts:
   nrdf:     23287.7     999.988      216075
   ref-t:         300         300         300
   tau-t:         0.1         0.1         0.1
annealing:          No          No          No
annealing-npoints:           0           0           0
   acc:	           0           0           0
   nfreeze:           N           N           N
   energygrp-flags[  0]: 0

Changing nstlist from 20 to 80, rlist from 1.221 to 1.317


Initializing Domain Decomposition on 28 ranks
Dynamic load balancing: auto
Minimum cell size due to atom displacement: 0.649 nm
Initial maximum distances in bonded interactions:
    two-body bonded interactions: 0.423 nm, LJ-14, atoms 2530 2538
  multi-body bonded interactions: 0.423 nm, Proper Dih., atoms 2530 2538
Minimum cell size due to bonded interactions: 0.466 nm
Maximum distance for 5 constraints, at 120 deg. angles, all-trans: 0.219 nm
Estimated maximum distance required for P-LINCS: 0.219 nm
Scaling the initial minimum size with 1/0.8 (option -dds) = 1.25
Guess for relative PME load: 0.09
Will use 24 particle-particle and 4 PME only ranks
This is a guess, check the performance at the end of the log file
Using 4 separate PME ranks, as guessed by mdrun
Optimizing the DD grid for 24 cells with a minimum initial size of 0.811 nm
The maximum allowed number of cells is: X 13 Y 13 Z 13
Domain decomposition grid 4 x 3 x 2, separate PME ranks 4
PME domain decomposition: 4 x 1 x 1
Interleaving PP and PME ranks
This rank does only particle-particle work.
Domain decomposition rank 0, coordinates 0 0 0

The initial number of communication pulses is: X 1 Y 1 Z 1
The initial domain decomposition cell size is: X 2.66 nm Y 3.54 nm Z 5.31 nm

The maximum allowed distance for atoms involved in interactions is:
                 non-bonded interactions           1.317 nm
            two-body bonded interactions  (-rdd)   1.317 nm
          multi-body bonded interactions  (-rdd)   1.317 nm
  atoms separated by up to 5 constraints  (-rcon)  2.656 nm

When dynamic load balancing gets turned on, these settings will change to:
The maximum number of communication pulses is: X 1 Y 1 Z 1
The minimum size for domain decomposition cells is 1.317 nm
The requested allowed shrink of DD cells (option -dds) is: 0.80
The allowed shrink of domain decomposition cells is: X 0.50 Y 0.37 Z 0.25
The maximum allowed distance for atoms involved in interactions is:
                 non-bonded interactions           1.317 nm
            two-body bonded interactions  (-rdd)   1.317 nm
          multi-body bonded interactions  (-rdd)   1.317 nm
  atoms separated by up to 5 constraints  (-rcon)  1.317 nm

Using 28 MPI threads
Using 1 OpenMP thread per tMPI thread

Pinning threads with an auto-selected logical core stride of 1
System total charge: -40.000
Will do PME sum in reciprocal space for electrostatic interactions.

++++ PLEASE READ AND CITE THE FOLLOWING REFERENCE ++++
U. Essmann, L. Perera, M. L. Berkowitz, T. Darden, H. Lee and L. G. Pedersen 
A smooth particle mesh Ewald method
J. Chem. Phys. 103 (1995) pp. 8577-8592
-------- -------- --- Thank You --- -------- --------

Using a Gaussian width (1/beta) of 0.384195 nm for Ewald
Potential shift: LJ r^-12: -2.648e-01 r^-6: -5.349e-01, Ewald -8.333e-06
Initialized non-bonded Ewald tables, spacing: 1.02e-03 size: 1176

Generated table with 1158 data points for 1-4 COUL.
Tabscale = 500 points/nm
Generated table with 1158 data points for 1-4 LJ6.
Tabscale = 500 points/nm
Generated table with 1158 data points for 1-4 LJ12.
Tabscale = 500 points/nm


Using SIMD 4x4 nonbonded short-range kernels

Using a dual 4x4 pair-list setup updated with dynamic pruning:
  outer list: updated every 80 steps, buffer 0.117 nm, rlist 1.317 nm
  inner list: updated every 13 steps, buffer 0.001 nm, rlist 1.201 nm
At tolerance 0.005 kJ/mol/ps per atom, equivalent classical 1x1 list would be:
  outer list: updated every 80 steps, buffer 0.261 nm, rlist 1.461 nm
  inner list: updated every 13 steps, buffer 0.050 nm, rlist 1.250 nm
Removing pbc first time

Initializing Parallel LINear Constraint Solver

++++ PLEASE READ AND CITE THE FOLLOWING REFERENCE ++++
B. Hess
P-LINCS: A Parallel Linear Constraint Solver for molecular simulation
J. Chem. Theory Comput. 4 (2008) pp. 116-122
-------- -------- --- Thank You --- -------- --------

The number of constraints is 4800
There are constraints between atoms in different decomposition domains,
will communicate selected coordinates each lincs iteration

++++ PLEASE READ AND CITE THE FOLLOWING REFERENCE ++++
S. Miyamoto and P. A. Kollman
SETTLE: An Analytical Version of the SHAKE and RATTLE Algorithms for Rigid
Water Models
J. Comp. Chem. 13 (1992) pp. 952-962
-------- -------- --- Thank You --- -------- --------


Linking all bonded interactions to atoms


Intra-simulation communication will occur every 10 steps.

++++ PLEASE READ AND CITE THE FOLLOWING REFERENCE ++++
G. Bussi, D. Donadio and M. Parrinello
Canonical sampling through velocity rescaling
J. Chem. Phys. 126 (2007) pp. 014101
-------- -------- --- Thank You --- -------- --------

There are: 117662 Atoms
Atom distribution over 24 domains: av 4902 stddev 102 min 4827 max 5066

Constraining the starting coordinates (step 0)

Constraining the coordinates at t0-dt (step 0)
Center of mass motion removal mode is Linear
We have the following groups for center of mass motion removal:
  0:  rest
RMS relative constraint deviation after constraining: 5.86e-06
Initial temperature: 301.083 K

Started mdrun on rank 0 Fri Jun 24 11:42:19 2022

           Step           Time
              0        0.00000

   Energies (kJ/mol)
           Bond          Angle    Proper Dih.  Improper Dih.          LJ-14
    1.45600e+03    7.33800e+03    2.78800e+04    2.14907e+02    8.06372e+03
     Coulomb-14        LJ (SR)   Coulomb (SR)   Coul. recip.      Potential
    1.02613e+05    2.36762e+05   -2.29030e+06    3.67906e+03   -1.90229e+06
    Kinetic En.   Total Energy  Conserved En.    Temperature Pressure (bar)
    3.00901e+05   -1.60139e+06   -1.60139e+06    3.01128e+02   -4.44862e+03
   Constr. rmsd
    3.37134e-06


DD  step 79 load imb.: force  2.7%  pme mesh/force 2.200
step  480: timed with pme grid 72 72 72, coulomb cutoff 1.200: 234719.4 M-cycles
           Step           Time
            500        1.00000

   Energies (kJ/mol)
           Bond          Angle    Proper Dih.  Improper Dih.          LJ-14
    7.25525e+03    2.14691e+04    3.09120e+04    1.12502e+03    9.40175e+03
     Coulomb-14        LJ (SR)   Coulomb (SR)   Coul. recip.      Potential
    1.02700e+05    2.08945e+05   -1.96033e+06    4.15764e+03   -1.57437e+06
    Kinetic En.   Total Energy  Conserved En.    Temperature Pressure (bar)
    2.95591e+05   -1.27878e+06   -1.59851e+06    2.95814e+02   -1.28314e+02
   Constr. rmsd
    3.39717e-06

step  640: timed with pme grid 60 60 60, coulomb cutoff 1.328: 232171.4 M-cycles
step  800: timed with pme grid 52 52 52, coulomb cutoff 1.532: 233000.6 M-cycles
Writing checkpoint, step 800 at Fri Jun 24 11:58:09 2022


step  960: timed with pme grid 48 48 48, coulomb cutoff 1.660: 236045.0 M-cycles
           Step           Time
           1000        2.00000

   Energies (kJ/mol)
           Bond          Angle    Proper Dih.  Improper Dih.          LJ-14
    7.08105e+03    2.20092e+04    3.10204e+04    1.14362e+03    9.21951e+03
     Coulomb-14        LJ (SR)   Coulomb (SR)   Coul. recip.      Potential
    1.02310e+05    2.04018e+05   -1.94302e+06    1.67597e+03   -1.56455e+06
    Kinetic En.   Total Energy  Conserved En.    Temperature Pressure (bar)
    2.99872e+05   -1.26467e+06   -1.59847e+06    3.00098e+02   -1.87336e+02
   Constr. rmsd
    3.36690e-06

step 1120: timed with pme grid 44 44 44, coulomb cutoff 1.811: 252541.9 M-cycles
step 1120: the maximum allowed grid scaling limits the PME load balancing to a coulomb cut-off of 1.811
step 1280: timed with pme grid 44 44 44, coulomb cutoff 1.811: 253199.7 M-cycles
step 1440: timed with pme grid 48 48 48, coulomb cutoff 1.660: 233698.8 M-cycles
Writing checkpoint, step 1440 at Fri Jun 24 12:12:54 2022


           Step           Time
           1500        3.00000

   Energies (kJ/mol)
           Bond          Angle    Proper Dih.  Improper Dih.          LJ-14
    7.39083e+03    2.21495e+04    3.11079e+04    1.16069e+03    9.21045e+03
     Coulomb-14        LJ (SR)   Coulomb (SR)   Coul. recip.      Potential
    1.02509e+05    2.02586e+05   -1.94182e+06    2.63723e+03   -1.56307e+06
    Kinetic En.   Total Energy  Conserved En.    Temperature Pressure (bar)
    3.01859e+05   -1.26121e+06   -1.59852e+06    3.02087e+02   -2.01414e+02
   Constr. rmsd
    3.33982e-06

step 1600: timed with pme grid 52 52 52, coulomb cutoff 1.532: 232071.0 M-cycles
step 1760: timed with pme grid 56 56 56, coulomb cutoff 1.423: 232576.4 M-cycles
step 1920: timed with pme grid 60 60 60, coulomb cutoff 1.328: 232743.1 M-cycles

DD  step 1999 load imb.: force 11.9%  pme mesh/force 2.026
           Step           Time
           2000        4.00000

   Energies (kJ/mol)
           Bond          Angle    Proper Dih.  Improper Dih.          LJ-14
    7.48376e+03    2.19988e+04    3.11432e+04    1.17857e+03    9.14220e+03
     Coulomb-14        LJ (SR)   Coulomb (SR)   Coul. recip.      Potential
    1.02723e+05    2.01836e+05   -1.94215e+06    5.34861e+03   -1.56129e+06
    Kinetic En.   Total Energy  Conserved En.    Temperature Pressure (bar)
    2.98528e+05   -1.26277e+06   -1.59854e+06    2.98754e+02   -3.36066e+02
   Constr. rmsd
    3.34385e-06

step 2080: timed with pme grid 64 64 64, coulomb cutoff 1.245: 232459.7 M-cycles
Writing checkpoint, step 2160 at Fri Jun 24 12:28:39 2022


step 2240: timed with pme grid 72 72 72, coulomb cutoff 1.200: 233823.2 M-cycles
              optimal pme grid 52 52 52, coulomb cutoff 1.532
           Step           Time
           2500        5.00000

   Energies (kJ/mol)
           Bond          Angle    Proper Dih.  Improper Dih.          LJ-14
    7.24610e+03    2.19823e+04    3.09535e+04    1.16891e+03    9.28407e+03
     Coulomb-14        LJ (SR)   Coulomb (SR)   Coul. recip.      Potential
    1.02634e+05    2.03257e+05   -1.94075e+06    2.60513e+03   -1.56162e+06
    Kinetic En.   Total Energy  Conserved En.    Temperature Pressure (bar)
    3.00399e+05   -1.26122e+06   -1.59854e+06    3.00626e+02   -1.35493e+02
   Constr. rmsd
    3.31451e-06

Writing checkpoint, step 2800 at Fri Jun 24 12:42:41 2022


           Step           Time
           3000        6.00000

   Energies (kJ/mol)
           Bond          Angle    Proper Dih.  Improper Dih.          LJ-14
    7.49578e+03    2.17959e+04    3.11950e+04    1.10213e+03    9.32874e+03
     Coulomb-14        LJ (SR)   Coulomb (SR)   Coul. recip.      Potential
    1.02840e+05    2.03946e+05   -1.94222e+06    2.66844e+03   -1.56185e+06
    Kinetic En.   Total Energy  Conserved En.    Temperature Pressure (bar)
    2.98067e+05   -1.26379e+06   -1.59845e+06    2.98292e+02   -2.18744e+02
   Constr. rmsd
    3.31223e-06

           Step           Time
           3500        7.00000

   Energies (kJ/mol)
           Bond          Angle    Proper Dih.  Improper Dih.          LJ-14
    7.13181e+03    2.21331e+04    3.11472e+04    1.21361e+03    9.27508e+03
     Coulomb-14        LJ (SR)   Coulomb (SR)   Coul. recip.      Potential
    1.02645e+05    2.05983e+05   -1.94509e+06    2.78217e+03   -1.56278e+06
    Kinetic En.   Total Energy  Conserved En.    Temperature Pressure (bar)
    2.98336e+05   -1.26444e+06   -1.59844e+06    2.98561e+02   -9.50749e+01
   Constr. rmsd
    3.41007e-06

Writing checkpoint, step 3520 at Fri Jun 24 12:58:26 2022



DD  step 3999 load imb.: force  9.6%  pme mesh/force 1.513
           Step           Time
           4000        8.00000

   Energies (kJ/mol)
           Bond          Angle    Proper Dih.  Improper Dih.          LJ-14
    7.41928e+03    2.16391e+04    3.09167e+04    1.15148e+03    9.37161e+03
     Coulomb-14        LJ (SR)   Coulomb (SR)   Coul. recip.      Potential
    1.02482e+05    2.04422e+05   -1.94487e+06    2.79580e+03   -1.56467e+06
    Kinetic En.   Total Energy  Conserved En.    Temperature Pressure (bar)
    2.99687e+05   -1.26498e+06   -1.59846e+06    2.99914e+02   -9.99715e+01
   Constr. rmsd
    3.26308e-06

Writing checkpoint, step 4240 at Fri Jun 24 13:14:10 2022


           Step           Time
           4500        9.00000

   Energies (kJ/mol)
           Bond          Angle    Proper Dih.  Improper Dih.          LJ-14
    7.55190e+03    2.18384e+04    3.09520e+04    1.15056e+03    9.31233e+03
     Coulomb-14        LJ (SR)   Coulomb (SR)   Coul. recip.      Potential
    1.02467e+05    2.05463e+05   -1.94600e+06    2.67726e+03   -1.56458e+06
    Kinetic En.   Total Energy  Conserved En.    Temperature Pressure (bar)
    3.01484e+05   -1.26310e+06   -1.59845e+06    3.01712e+02   -1.45781e+02
   Constr. rmsd
    3.29186e-06

Writing checkpoint, step 4880 at Fri Jun 24 13:28:09 2022


           Step           Time
           5000       10.00000

   Energies (kJ/mol)
           Bond          Angle    Proper Dih.  Improper Dih.          LJ-14
    7.17690e+03    2.17049e+04    3.09776e+04    1.11770e+03    9.43748e+03
     Coulomb-14        LJ (SR)   Coulomb (SR)   Coul. recip.      Potential
    1.02787e+05    2.02603e+05   -1.94201e+06    2.69071e+03   -1.56352e+06
    Kinetic En.   Total Energy  Conserved En.    Temperature Pressure (bar)
    2.99449e+05   -1.26407e+06   -1.59847e+06    2.99675e+02   -1.35362e+02
   Constr. rmsd
    3.30071e-06

           Step           Time
           5500       11.00000

   Energies (kJ/mol)
           Bond          Angle    Proper Dih.  Improper Dih.          LJ-14
    7.54180e+03    2.15320e+04    3.10872e+04    1.14344e+03    9.25024e+03
     Coulomb-14        LJ (SR)   Coulomb (SR)   Coul. recip.      Potential
    1.02508e+05    2.02693e+05   -1.94118e+06    2.70029e+03   -1.56273e+06
    Kinetic En.   Total Energy  Conserved En.    Temperature Pressure (bar)
    2.98012e+05   -1.26472e+06   -1.59842e+06    2.98237e+02   -3.37649e+02
   Constr. rmsd
    3.06847e-06

Writing checkpoint, step 5600 at Fri Jun 24 13:43:53 2022



DD  step 5999 load imb.: force 10.0%  pme mesh/force 1.518
           Step           Time
           6000       12.00000

   Energies (kJ/mol)
           Bond          Angle    Proper Dih.  Improper Dih.          LJ-14
    7.52290e+03    2.20751e+04    3.10413e+04    1.07710e+03    9.19576e+03
     Coulomb-14        LJ (SR)   Coulomb (SR)   Coul. recip.      Potential
    1.02382e+05    2.04676e+05   -1.94448e+06    2.68680e+03   -1.56382e+06
    Kinetic En.   Total Energy  Conserved En.    Temperature Pressure (bar)
    3.00065e+05   -1.26375e+06   -1.59844e+06    3.00292e+02   -1.49588e+02
   Constr. rmsd
    3.40631e-06

Writing checkpoint, step 6240 at Fri Jun 24 13:57:54 2022


           Step           Time
           6500       13.00000

   Energies (kJ/mol)
           Bond          Angle    Proper Dih.  Improper Dih.          LJ-14
    7.46766e+03    2.20341e+04    3.11875e+04    1.18854e+03    9.23349e+03
     Coulomb-14        LJ (SR)   Coulomb (SR)   Coul. recip.      Potential
    1.02155e+05    2.01981e+05   -1.93869e+06    2.70143e+03   -1.56075e+06
    Kinetic En.   Total Energy  Conserved En.    Temperature Pressure (bar)
    3.00439e+05   -1.26031e+06   -1.59838e+06    3.00666e+02   -2.67587e+02
   Constr. rmsd
    3.31623e-06

Writing checkpoint, step 6960 at Fri Jun 24 14:13:38 2022


           Step           Time
           7000       14.00000

   Energies (kJ/mol)
           Bond          Angle    Proper Dih.  Improper Dih.          LJ-14
    7.39255e+03    2.22548e+04    3.10426e+04    1.20839e+03    9.32764e+03
     Coulomb-14        LJ (SR)   Coulomb (SR)   Coul. recip.      Potential
    1.02472e+05    2.02934e+05   -1.93949e+06    2.73893e+03   -1.56012e+06
    Kinetic En.   Total Energy  Conserved En.    Temperature Pressure (bar)
    2.98523e+05   -1.26160e+06   -1.59836e+06    2.98749e+02   -1.57301e+02
   Constr. rmsd
    3.20967e-06

           Step           Time
           7500       15.00000

   Energies (kJ/mol)
           Bond          Angle    Proper Dih.  Improper Dih.          LJ-14
    7.26355e+03    2.20616e+04    3.11521e+04    1.17251e+03    9.41590e+03
     Coulomb-14        LJ (SR)   Coulomb (SR)   Coul. recip.      Potential
    1.02809e+05    2.03574e+05   -1.94141e+06    2.72208e+03   -1.56124e+06
    Kinetic En.   Total Energy  Conserved En.    Temperature Pressure (bar)
    3.00241e+05   -1.26100e+06   -1.59835e+06    3.00468e+02   -1.51276e+02
   Constr. rmsd
    3.16732e-06

Writing checkpoint, step 7600 at Fri Jun 24 14:27:38 2022



DD  step 7999 load imb.: force 10.3%  pme mesh/force 1.493
           Step           Time
           8000       16.00000

   Energies (kJ/mol)
           Bond          Angle    Proper Dih.  Improper Dih.          LJ-14
    7.48537e+03    2.20053e+04    3.14680e+04    1.19119e+03    9.11589e+03
     Coulomb-14        LJ (SR)   Coulomb (SR)   Coul. recip.      Potential
    1.02354e+05    2.03801e+05   -1.94277e+06    2.84966e+03   -1.56250e+06
    Kinetic En.   Total Energy  Conserved En.    Temperature Pressure (bar)
    3.00485e+05   -1.26201e+06   -1.59836e+06    3.00712e+02   -2.52074e+02
   Constr. rmsd
    3.20296e-06

Writing checkpoint, step 8320 at Fri Jun 24 14:43:22 2022


           Step           Time
           8500       17.00000

   Energies (kJ/mol)
           Bond          Angle    Proper Dih.  Improper Dih.          LJ-14
    7.40897e+03    2.21082e+04    3.11586e+04    1.22124e+03    9.22400e+03
     Coulomb-14        LJ (SR)   Coulomb (SR)   Coul. recip.      Potential
    1.02816e+05    2.04073e+05   -1.94141e+06    2.67415e+03   -1.56072e+06
    Kinetic En.   Total Energy  Conserved En.    Temperature Pressure (bar)
    3.00416e+05   -1.26031e+06   -1.59834e+06    3.00643e+02   -1.28288e+02
   Constr. rmsd
    3.31622e-06

           Step           Time
           9000       18.00000

   Energies (kJ/mol)
           Bond          Angle    Proper Dih.  Improper Dih.          LJ-14
    7.47345e+03    2.19533e+04    3.10976e+04    1.19858e+03    9.29761e+03
     Coulomb-14        LJ (SR)   Coulomb (SR)   Coul. recip.      Potential
    1.02686e+05    2.04140e+05   -1.94292e+06    2.76562e+03   -1.56231e+06
    Kinetic En.   Total Energy  Conserved En.    Temperature Pressure (bar)
    2.98966e+05   -1.26334e+06   -1.59833e+06    2.99192e+02   -1.17687e+02
   Constr. rmsd
    3.07003e-06

Writing checkpoint, step 9040 at Fri Jun 24 14:59:09 2022


           Step           Time
           9500       19.00000

   Energies (kJ/mol)
           Bond          Angle    Proper Dih.  Improper Dih.          LJ-14
    7.38827e+03    2.18619e+04    3.11536e+04    1.24728e+03    9.41969e+03
     Coulomb-14        LJ (SR)   Coulomb (SR)   Coul. recip.      Potential
    1.02757e+05    2.03202e+05   -1.94137e+06    2.68350e+03   -1.56165e+06
    Kinetic En.   Total Energy  Conserved En.    Temperature Pressure (bar)
    2.99398e+05   -1.26225e+06   -1.59831e+06    2.99625e+02   -1.34803e+02
   Constr. rmsd
    3.27820e-06

Writing checkpoint, step 9680 at Fri Jun 24 15:13:08 2022



DD  step 9999 load imb.: force 11.1%  pme mesh/force 1.491
           Step           Time
          10000       20.00000

Writing checkpoint, step 10000 at Fri Jun 24 15:18:44 2022


   Energies (kJ/mol)
           Bond          Angle    Proper Dih.  Improper Dih.          LJ-14
    7.22234e+03    2.16530e+04    3.11591e+04    1.13093e+03    9.39474e+03
     Coulomb-14        LJ (SR)   Coulomb (SR)   Coul. recip.      Potential
    1.02478e+05    2.05237e+05   -1.94382e+06    2.62425e+03   -1.56292e+06
    Kinetic En.   Total Energy  Conserved En.    Temperature Pressure (bar)
    2.98516e+05   -1.26440e+06   -1.59832e+06    2.98742e+02   -3.52581e+01
   Constr. rmsd
    3.11200e-06


Energy conservation over simulation part #1 of length 20 ns, time 0 to 20 ns
  Conserved energy drift: 1.31e-03 kJ/mol/ps per atom


	<======  ###############  ==>
	<====  A V E R A G E S  ====>
	<==  ###############  ======>

	Statistics over 10001 steps using 101 frames

   Energies (kJ/mol)
           Bond          Angle    Proper Dih.  Improper Dih.          LJ-14
    7.27870e+03    2.17283e+04    3.10522e+04    1.14920e+03    9.26805e+03
     Coulomb-14        LJ (SR)   Coulomb (SR)   Coul. recip.      Potential
    1.02542e+05    2.04786e+05   -1.94894e+06    2.95463e+03   -1.56818e+06
    Kinetic En.   Total Energy  Conserved En.    Temperature Pressure (bar)
    2.98500e+05   -1.26968e+06   -1.59846e+06    2.98726e+02   -2.31870e+02
   Constr. rmsd
    0.00000e+00

   Total Virial (kJ/mol)
    1.08247e+05   -9.64213e+01    1.29707e+02
   -9.79911e+01    1.07339e+05   -1.43189e+02
    1.28916e+02   -1.42181e+02    1.08017e+05

   Pressure (bar)
   -2.41785e+02    2.75947e+00   -5.57302e+00
    2.80297e+00   -2.18872e+02    3.31364e+00
   -5.55112e+00    3.28571e+00   -2.34953e+02

      T-Protein          T-EAAT-Water_and_ions
    2.99313e+02    2.99020e+02    2.98661e+02


       P P   -   P M E   L O A D   B A L A N C I N G

 PP/PME load balancing changed the cut-off and PME settings:
           particle-particle                    PME
            rcoulomb  rlist            grid      spacing   1/beta
   initial  1.200 nm  1.201 nm      72  72  72   0.148 nm  0.384 nm
   final    1.532 nm  1.533 nm      52  52  52   0.204 nm  0.491 nm
 cost-ratio           2.08             0.38
 (note that these numbers concern only part of the total PP and PME load)

NOTE: PME load balancing increased the non-bonded workload by more than 50%.
      For better performance, use (more) PME ranks (mdrun -npme),
      or if you are beyond the scaling limit, use fewer total ranks (or nodes).

	M E G A - F L O P S   A C C O U N T I N G

 NB=Group-cutoff nonbonded kernels    NxN=N-by-N cluster Verlet kernels
 RF=Reaction-Field  VdW=Van der Waals  QSTab=quadratic-spline table
 W3=SPC/TIP3p  W4=TIP4p (single or pairs)
 V&F=Potential and force  V=Potential only  F=Force only

 Computing:                               M-Number         M-Flops  % Flops
-----------------------------------------------------------------------------
 Pair Search distance check           10043.037490       90387.337     0.1
 NxN QSTab Elec. + LJ [F]            866908.369440    45946143.580    63.0
 NxN QSTab Elec. + LJ [V&F]            8822.213392      714599.285     1.0
 NxN QSTab Elec. [F]                 717455.940992    24393501.994    33.5
 NxN QSTab Elec. [V&F]                 7301.765280      299372.376     0.4
 1,4 nonbonded interactions             249.684966       22471.647     0.0
 Calc Weights                          3530.212986      127087.667     0.2
 Spread Q Bspline                     75311.210368      150622.421     0.2
 Gather F Bspline                     75311.210368      451867.262     0.6
 3D-FFT                               54723.560524      437788.484     0.6
 Solve PME                               28.834704        1845.421     0.0
 Reset In Box                            14.825412          44.476     0.0
 CG-CoM                                  14.943074          44.829     0.0
 Bonds                                   49.604960        2926.693     0.0
 Angles                                 175.277526       29446.624     0.0
 Propers                                312.871284       71647.524     0.1
 Impropers                               19.201920        3993.999     0.0
 Virial                                  11.992942         215.873     0.0
 Stop-CM                                 12.001524         120.015     0.0
 Calc-Ekin                              235.559324        6360.102     0.0
 Lincs                                   51.691448        3101.487     0.0
 Lincs-Mat                              284.764068        1139.056     0.0
 Constraint-V                          1259.807926       11338.271     0.0
 Constraint-Vir                          12.199344         292.784     0.0
 Settle                                 385.516970      142641.279     0.2
-----------------------------------------------------------------------------
 Total                                                72909000.489   100.0
-----------------------------------------------------------------------------


    D O M A I N   D E C O M P O S I T I O N   S T A T I S T I C S

 av. #atoms communicated per step for force:  2 x 223986.8
 av. #atoms communicated per step for LINCS:  2 x 8460.5


Dynamic load balancing report:
 DLB was off during the run due to low measured imbalance.
 Average load imbalance: 9.1%.
 The balanceable part of the MD step is 45%, load imbalance is computed from this.
 Part of the total run time spent waiting due to load imbalance: 4.1%.
 Average PME mesh/force load: 1.685
 Part of the total run time spent waiting due to PP/PME imbalance: 24.1 %

NOTE: 24.1 % performance was lost because the PME ranks
      had more work to do than the PP ranks.
      You might want to increase the number of PME ranks
      or increase the cut-off and the grid spacing.


     R E A L   C Y C L E   A N D   T I M E   A C C O U N T I N G

On 24 MPI ranks doing PP, and
on 4 MPI ranks doing PME

 Computing:          Num   Num      Call    Wall time         Giga-Cycles
                     Ranks Threads  Count      (s)         total sum    %
-----------------------------------------------------------------------------
 Domain decomp.        24    1        126     427.587      26619.213   2.8
 DD comm. load         24    1          7       0.597         37.175   0.0
 Send X to PME         24    1      10001     788.600      49093.963   5.2
 Neighbor search       24    1        126      38.957       2425.223   0.3
 Comm. coord.          24    1       9875    2220.422     138231.403  14.7
 Force                 24    1      10001    3087.965     192239.887  20.4
 Wait + Comm. F        24    1      10001    2429.286     151234.125  16.0
 PME mesh *             4    1      10001    8874.062      92075.145   9.8
 PME wait for PP *                           4112.488      42670.188   4.5
 Wait + Recv. PME F    24    1      10001    1354.437      84319.885   8.9
 NB X/F buffer ops.    24    1      29751       5.079        316.213   0.0
 Write traj.           24    1         35       9.282        577.848   0.1
 Update                24    1      10001       0.417         25.952   0.0
 Constraints           24    1      10003    2282.835     142116.890  15.1
 Comm. energies        24    1       1001     328.631      20458.800   2.2
 Rest                                          13.618        847.784   0.1
-----------------------------------------------------------------------------
 Total                                      12987.713     943301.755 100.0
-----------------------------------------------------------------------------
(*) Note that with separate PME ranks, the walltime column actually sums to
    twice the total reported, but the cycle count total and % are correct.
-----------------------------------------------------------------------------
 Breakdown of PME mesh computation
-----------------------------------------------------------------------------
 PME redist. X/F        4    1      20002    5826.458      60453.934   6.4
 PME spread             4    1      10001     746.487       7745.371   0.8
 PME gather             4    1      10001     751.328       7795.599   0.8
 PME 3D-FFT             4    1      20002       6.750         70.037   0.0
 PME 3D-FFT Comm.       4    1      20002    1542.229      16001.797   1.7
 PME solve Elec         4    1      10001       0.698          7.243   0.0
-----------------------------------------------------------------------------

               Core t (s)   Wall t (s)        (%)
       Time:   363650.179    12987.713     2800.0
                         3h36:27
                 (ns/day)    (hour/ns)
Performance:        0.133      180.367
Finished mdrun on rank 0 Fri Jun 24 15:18:48 2022

