                      :-) GROMACS - gmx mdrun, 2021.2 (-:

                            GROMACS is written by:
     Andrey Alekseenko              Emile Apol              Rossen Apostolov     
         Paul Bauer           Herman J.C. Berendsen           Par Bjelkmar       
       Christian Blau           Viacheslav Bolnykh             Kevin Boyd        
     Aldert van Buuren           Rudi van Drunen             Anton Feenstra      
    Gilles Gouaillardet             Alan Gray               Gerrit Groenhof      
       Anca Hamuraru            Vincent Hindriksen          M. Eric Irrgang      
      Aleksei Iupinov           Christoph Junghans             Joe Jordan        
    Dimitrios Karkoulis            Peter Kasson                Jiri Kraus        
      Carsten Kutzner              Per Larsson              Justin A. Lemkul     
       Viveca Lindahl            Magnus Lundborg             Erik Marklund       
        Pascal Merz             Pieter Meulenhoff            Teemu Murtola       
        Szilard Pall               Sander Pronk              Roland Schulz       
       Michael Shirts            Alexey Shvetsov             Alfons Sijbers      
       Peter Tieleman              Jon Vincent              Teemu Virolainen     
     Christian Wennberg            Maarten Wolf              Artem Zhmurov       
                           and the project leaders:
        Mark Abraham, Berk Hess, Erik Lindahl, and David van der Spoel

Copyright (c) 1991-2000, University of Groningen, The Netherlands.
Copyright (c) 2001-2019, The GROMACS development team at
Uppsala University, Stockholm University and
the Royal Institute of Technology, Sweden.
check out http://www.gromacs.org for more information.

GROMACS is free software; you can redistribute it and/or modify it
under the terms of the GNU Lesser General Public License
as published by the Free Software Foundation; either version 2.1
of the License, or (at your option) any later version.

GROMACS:      gmx mdrun, version 2021.2
Executable:   /gpfs/opt/apps/gromacs-2021.2/bin/gmx
Data prefix:  /gpfs/opt/apps/gromacs-2021.2
Working dir:  /gpfs/work/tuk27574/fragment_builder
Process ID:   4428
Command line:
  gmx mdrun -s ./combo_folder/EAA/nvt_EAA35.tpr -deffnm ./combo_folder/EAA/combo_nvt_EAA35

GROMACS version:    2021.2
Verified release checksum is d91a739522d82c53dc47c2276b9ac5fae3b2119283e84e3a1c7bed8ce741fda2
Precision:          mixed
Memory model:       64 bit
MPI library:        thread_mpi
OpenMP support:     enabled (GMX_OPENMP_MAX_THREADS = 64)
GPU support:        disabled
SIMD instructions:  SSE4.1
FFT library:        fftw-3.3.3-sse2
RDTSCP usage:       enabled
TNG support:        enabled
Hwloc support:      disabled
Tracing support:    disabled
C compiler:         /gpfs/opt/tools/gcc-8.4.0/bin/gcc GNU 8.4.0
C compiler flags:   -msse4.1 -Wno-missing-field-initializers -fexcess-precision=fast -funroll-all-loops -O3 -DNDEBUG
C++ compiler:       /gpfs/opt/tools/gcc-8.4.0/bin/g++ GNU 8.4.0
C++ compiler flags: -msse4.1 -Wno-missing-field-initializers -fexcess-precision=fast -funroll-all-loops -fopenmp -O3 -DNDEBUG


Running on 1 node with total 28 cores, 28 logical cores
Hardware detected:
  CPU info:
    Vendor: Intel
    Brand:  Intel(R) Xeon(R) CPU E5-2690 v4 @ 2.60GHz
    Family: 6   Model: 79   Stepping: 1
    Features: aes apic avx avx2 clfsh cmov cx8 cx16 f16c fma hle htt intel lahf mmx msr nonstop_tsc pcid pclmuldq pdcm pdpe1gb popcnt pse rdrnd rdtscp rtm sse2 sse3 sse4.1 sse4.2 ssse3 tdt x2apic
  Hardware topology: Basic
    Sockets, cores, and logical processors:
      Socket  0: [   0] [   2] [   4] [   6] [   8] [  10] [  12] [  14] [  16] [  18] [  20] [  22] [  24] [  26]
      Socket  1: [   1] [   3] [   5] [   7] [   9] [  11] [  13] [  15] [  17] [  19] [  21] [  23] [  25] [  27]

Highest SIMD level requested by all nodes in run: AVX2_256
SIMD instructions selected at compile time:       SSE4.1
This program was compiled for different hardware than you are running on,
which could influence performance.

++++ PLEASE READ AND CITE THE FOLLOWING REFERENCE ++++
M. J. Abraham, T. Murtola, R. Schulz, S. Páll, J. C. Smith, B. Hess, E.
Lindahl
GROMACS: High performance molecular simulations through multi-level
parallelism from laptops to supercomputers
SoftwareX 1 (2015) pp. 19-25
-------- -------- --- Thank You --- -------- --------


++++ PLEASE READ AND CITE THE FOLLOWING REFERENCE ++++
S. Páll, M. J. Abraham, C. Kutzner, B. Hess, E. Lindahl
Tackling Exascale Software Challenges in Molecular Dynamics Simulations with
GROMACS
In S. Markidis & E. Laure (Eds.), Solving Software Challenges for Exascale 8759 (2015) pp. 3-27
-------- -------- --- Thank You --- -------- --------


++++ PLEASE READ AND CITE THE FOLLOWING REFERENCE ++++
S. Pronk, S. Páll, R. Schulz, P. Larsson, P. Bjelkmar, R. Apostolov, M. R.
Shirts, J. C. Smith, P. M. Kasson, D. van der Spoel, B. Hess, and E. Lindahl
GROMACS 4.5: a high-throughput and highly parallel open source molecular
simulation toolkit
Bioinformatics 29 (2013) pp. 845-54
-------- -------- --- Thank You --- -------- --------


++++ PLEASE READ AND CITE THE FOLLOWING REFERENCE ++++
B. Hess and C. Kutzner and D. van der Spoel and E. Lindahl
GROMACS 4: Algorithms for highly efficient, load-balanced, and scalable
molecular simulation
J. Chem. Theory Comput. 4 (2008) pp. 435-447
-------- -------- --- Thank You --- -------- --------


++++ PLEASE READ AND CITE THE FOLLOWING REFERENCE ++++
D. van der Spoel, E. Lindahl, B. Hess, G. Groenhof, A. E. Mark and H. J. C.
Berendsen
GROMACS: Fast, Flexible and Free
J. Comp. Chem. 26 (2005) pp. 1701-1719
-------- -------- --- Thank You --- -------- --------


++++ PLEASE READ AND CITE THE FOLLOWING REFERENCE ++++
E. Lindahl and B. Hess and D. van der Spoel
GROMACS 3.0: A package for molecular simulation and trajectory analysis
J. Mol. Mod. 7 (2001) pp. 306-317
-------- -------- --- Thank You --- -------- --------


++++ PLEASE READ AND CITE THE FOLLOWING REFERENCE ++++
H. J. C. Berendsen, D. van der Spoel and R. van Drunen
GROMACS: A message-passing parallel molecular dynamics implementation
Comp. Phys. Comm. 91 (1995) pp. 43-56
-------- -------- --- Thank You --- -------- --------


++++ PLEASE CITE THE DOI FOR THIS VERSION OF GROMACS ++++
https://doi.org/10.5281/zenodo.4723562
-------- -------- --- Thank You --- -------- --------


The number of OpenMP threads was set by environment variable OMP_NUM_THREADS to 1

Input Parameters:
   integrator                     = md
   tinit                          = 0
   dt                             = 0.002
   nsteps                         = 10000
   init-step                      = 0
   simulation-part                = 1
   mts                            = false
   comm-mode                      = Linear
   nstcomm                        = 100
   bd-fric                        = 0
   ld-seed                        = -34750593
   emtol                          = 10
   emstep                         = 0.01
   niter                          = 20
   fcstep                         = 0
   nstcgsteep                     = 1000
   nbfgscorr                      = 10
   rtpi                           = 0.05
   nstxout                        = 0
   nstvout                        = 0
   nstfout                        = 0
   nstlog                         = 500
   nstcalcenergy                  = 100
   nstenergy                      = 500
   nstxout-compressed             = 500
   compressed-x-precision         = 1000
   cutoff-scheme                  = Verlet
   nstlist                        = 20
   pbc                            = xyz
   periodic-molecules             = false
   verlet-buffer-tolerance        = 0.005
   rlist                          = 1.221
   coulombtype                    = PME
   coulomb-modifier               = Potential-shift
   rcoulomb-switch                = 0
   rcoulomb                       = 1.2
   epsilon-r                      = 1
   epsilon-rf                     = inf
   vdw-type                       = Cut-off
   vdw-modifier                   = Force-switch
   rvdw-switch                    = 1
   rvdw                           = 1.2
   DispCorr                       = No
   table-extension                = 1
   fourierspacing                 = 0.16
   fourier-nx                     = 72
   fourier-ny                     = 72
   fourier-nz                     = 72
   pme-order                      = 4
   ewald-rtol                     = 1e-05
   ewald-rtol-lj                  = 0.001
   lj-pme-comb-rule               = Geometric
   ewald-geometry                 = 0
   epsilon-surface                = 0
   tcoupl                         = V-rescale
   nsttcouple                     = 10
   nh-chain-length                = 0
   print-nose-hoover-chain-variables = false
   pcoupl                         = No
   pcoupltype                     = Isotropic
   nstpcouple                     = -1
   tau-p                          = 1
   compressibility (3x3):
      compressibility[    0]={ 0.00000e+00,  0.00000e+00,  0.00000e+00}
      compressibility[    1]={ 0.00000e+00,  0.00000e+00,  0.00000e+00}
      compressibility[    2]={ 0.00000e+00,  0.00000e+00,  0.00000e+00}
   ref-p (3x3):
      ref-p[    0]={ 0.00000e+00,  0.00000e+00,  0.00000e+00}
      ref-p[    1]={ 0.00000e+00,  0.00000e+00,  0.00000e+00}
      ref-p[    2]={ 0.00000e+00,  0.00000e+00,  0.00000e+00}
   refcoord-scaling               = No
   posres-com (3):
      posres-com[0]= 0.00000e+00
      posres-com[1]= 0.00000e+00
      posres-com[2]= 0.00000e+00
   posres-comB (3):
      posres-comB[0]= 0.00000e+00
      posres-comB[1]= 0.00000e+00
      posres-comB[2]= 0.00000e+00
   QMMM                           = false
qm-opts:
   ngQM                           = 0
   constraint-algorithm           = Lincs
   continuation                   = false
   Shake-SOR                      = false
   shake-tol                      = 0.0001
   lincs-order                    = 4
   lincs-iter                     = 1
   lincs-warnangle                = 30
   nwall                          = 0
   wall-type                      = 9-3
   wall-r-linpot                  = -1
   wall-atomtype[0]               = -1
   wall-atomtype[1]               = -1
   wall-density[0]                = 0
   wall-density[1]                = 0
   wall-ewald-zfac                = 3
   pull                           = false
   awh                            = false
   rotation                       = false
   interactiveMD                  = false
   disre                          = No
   disre-weighting                = Conservative
   disre-mixed                    = false
   dr-fc                          = 1000
   dr-tau                         = 0
   nstdisreout                    = 100
   orire-fc                       = 0
   orire-tau                      = 0
   nstorireout                    = 100
   free-energy                    = no
   cos-acceleration               = 0
   deform (3x3):
      deform[    0]={ 0.00000e+00,  0.00000e+00,  0.00000e+00}
      deform[    1]={ 0.00000e+00,  0.00000e+00,  0.00000e+00}
      deform[    2]={ 0.00000e+00,  0.00000e+00,  0.00000e+00}
   simulated-tempering            = false
   swapcoords                     = no
   userint1                       = 0
   userint2                       = 0
   userint3                       = 0
   userint4                       = 0
   userreal1                      = 0
   userreal2                      = 0
   userreal3                      = 0
   userreal4                      = 0
   applied-forces:
     electric-field:
       x:
         E0                       = 0
         omega                    = 0
         t0                       = 0
         sigma                    = 0
       y:
         E0                       = 0
         omega                    = 0
         t0                       = 0
         sigma                    = 0
       z:
         E0                       = 0
         omega                    = 0
         t0                       = 0
         sigma                    = 0
     density-guided-simulation:
       active                     = false
       group                      = protein
       similarity-measure         = inner-product
       atom-spreading-weight      = unity
       force-constant             = 1e+09
       gaussian-transform-spreading-width = 0.2
       gaussian-transform-spreading-range-in-multiples-of-width = 4
       reference-density-filename = reference.mrc
       nst                        = 1
       normalize-densities        = true
       adaptive-force-scaling     = false
       adaptive-force-scaling-time-constant = 4
       shift-vector               = 
       transformation-matrix      = 
grpopts:
   nrdf:     23287.7     874.989      216033
   ref-t:         300         300         300
   tau-t:         0.1         0.1         0.1
annealing:          No          No          No
annealing-npoints:           0           0           0
   acc:	           0           0           0
   nfreeze:           N           N           N
   energygrp-flags[  0]: 0

Changing nstlist from 20 to 80, rlist from 1.221 to 1.317


Initializing Domain Decomposition on 28 ranks
Dynamic load balancing: auto
Minimum cell size due to atom displacement: 0.649 nm
Initial maximum distances in bonded interactions:
    two-body bonded interactions: 0.423 nm, LJ-14, atoms 2530 2538
  multi-body bonded interactions: 0.423 nm, Proper Dih., atoms 2530 2538
Minimum cell size due to bonded interactions: 0.466 nm
Maximum distance for 5 constraints, at 120 deg. angles, all-trans: 0.219 nm
Estimated maximum distance required for P-LINCS: 0.219 nm
Scaling the initial minimum size with 1/0.8 (option -dds) = 1.25
Guess for relative PME load: 0.09
Will use 24 particle-particle and 4 PME only ranks
This is a guess, check the performance at the end of the log file
Using 4 separate PME ranks, as guessed by mdrun
Optimizing the DD grid for 24 cells with a minimum initial size of 0.811 nm
The maximum allowed number of cells is: X 13 Y 13 Z 13
Domain decomposition grid 4 x 3 x 2, separate PME ranks 4
PME domain decomposition: 4 x 1 x 1
Interleaving PP and PME ranks
This rank does only particle-particle work.
Domain decomposition rank 0, coordinates 0 0 0

The initial number of communication pulses is: X 1 Y 1 Z 1
The initial domain decomposition cell size is: X 2.66 nm Y 3.54 nm Z 5.31 nm

The maximum allowed distance for atoms involved in interactions is:
                 non-bonded interactions           1.317 nm
            two-body bonded interactions  (-rdd)   1.317 nm
          multi-body bonded interactions  (-rdd)   1.317 nm
  atoms separated by up to 5 constraints  (-rcon)  2.656 nm

When dynamic load balancing gets turned on, these settings will change to:
The maximum number of communication pulses is: X 1 Y 1 Z 1
The minimum size for domain decomposition cells is 1.317 nm
The requested allowed shrink of DD cells (option -dds) is: 0.80
The allowed shrink of domain decomposition cells is: X 0.50 Y 0.37 Z 0.25
The maximum allowed distance for atoms involved in interactions is:
                 non-bonded interactions           1.317 nm
            two-body bonded interactions  (-rdd)   1.317 nm
          multi-body bonded interactions  (-rdd)   1.317 nm
  atoms separated by up to 5 constraints  (-rcon)  1.317 nm

Using 28 MPI threads
Using 1 OpenMP thread per tMPI thread

Pinning threads with an auto-selected logical core stride of 1
System total charge: -35.000
Will do PME sum in reciprocal space for electrostatic interactions.

++++ PLEASE READ AND CITE THE FOLLOWING REFERENCE ++++
U. Essmann, L. Perera, M. L. Berkowitz, T. Darden, H. Lee and L. G. Pedersen 
A smooth particle mesh Ewald method
J. Chem. Phys. 103 (1995) pp. 8577-8592
-------- -------- --- Thank You --- -------- --------

Using a Gaussian width (1/beta) of 0.384195 nm for Ewald
Potential shift: LJ r^-12: -2.648e-01 r^-6: -5.349e-01, Ewald -8.333e-06
Initialized non-bonded Ewald tables, spacing: 1.02e-03 size: 1176

Generated table with 1158 data points for 1-4 COUL.
Tabscale = 500 points/nm
Generated table with 1158 data points for 1-4 LJ6.
Tabscale = 500 points/nm
Generated table with 1158 data points for 1-4 LJ12.
Tabscale = 500 points/nm


Using SIMD 4x4 nonbonded short-range kernels

Using a dual 4x4 pair-list setup updated with dynamic pruning:
  outer list: updated every 80 steps, buffer 0.117 nm, rlist 1.317 nm
  inner list: updated every 13 steps, buffer 0.001 nm, rlist 1.201 nm
At tolerance 0.005 kJ/mol/ps per atom, equivalent classical 1x1 list would be:
  outer list: updated every 80 steps, buffer 0.261 nm, rlist 1.461 nm
  inner list: updated every 13 steps, buffer 0.050 nm, rlist 1.250 nm
Removing pbc first time

Initializing Parallel LINear Constraint Solver

++++ PLEASE READ AND CITE THE FOLLOWING REFERENCE ++++
B. Hess
P-LINCS: A Parallel Linear Constraint Solver for molecular simulation
J. Chem. Theory Comput. 4 (2008) pp. 116-122
-------- -------- --- Thank You --- -------- --------

The number of constraints is 4775
There are constraints between atoms in different decomposition domains,
will communicate selected coordinates each lincs iteration

++++ PLEASE READ AND CITE THE FOLLOWING REFERENCE ++++
S. Miyamoto and P. A. Kollman
SETTLE: An Analytical Version of the SHAKE and RATTLE Algorithms for Rigid
Water Models
J. Comp. Chem. 13 (1992) pp. 952-962
-------- -------- --- Thank You --- -------- --------


Linking all bonded interactions to atoms


Intra-simulation communication will occur every 10 steps.

++++ PLEASE READ AND CITE THE FOLLOWING REFERENCE ++++
G. Bussi, D. Donadio and M. Parrinello
Canonical sampling through velocity rescaling
J. Chem. Phys. 126 (2007) pp. 014101
-------- -------- --- Thank You --- -------- --------

There are: 117591 Atoms
Atom distribution over 24 domains: av 4899 stddev 104 min 4822 max 5071

Constraining the starting coordinates (step 0)

Constraining the coordinates at t0-dt (step 0)
Center of mass motion removal mode is Linear
We have the following groups for center of mass motion removal:
  0:  rest
RMS relative constraint deviation after constraining: 1.88e-06
Initial temperature: 299.551 K

Started mdrun on rank 0 Fri Jun 24 11:42:47 2022

           Step           Time
              0        0.00000

   Energies (kJ/mol)
           Bond          Angle    Proper Dih.  Improper Dih.          LJ-14
    1.45215e+03    7.04494e+03    2.78795e+04    2.17684e+02    8.05327e+03
     Coulomb-14        LJ (SR)   Coulomb (SR)   Coul. recip.      Potential
    1.02499e+05    2.32445e+05   -2.27844e+06    3.69834e+03   -1.89515e+06
    Kinetic En.   Total Energy  Conserved En.    Temperature Pressure (bar)
    2.99154e+05   -1.59600e+06   -1.59600e+06    2.99588e+02   -4.57840e+03
   Constr. rmsd
    3.33841e-06


DD  step 79 load imb.: force  3.5%  pme mesh/force 2.177
step  480: timed with pme grid 72 72 72, coulomb cutoff 1.200: 233082.0 M-cycles
           Step           Time
            500        1.00000

   Energies (kJ/mol)
           Bond          Angle    Proper Dih.  Improper Dih.          LJ-14
    7.37300e+03    2.12861e+04    3.09706e+04    1.15592e+03    9.28837e+03
     Coulomb-14        LJ (SR)   Coulomb (SR)   Coul. recip.      Potential
    1.02255e+05    2.08157e+05   -1.95633e+06    4.31082e+03   -1.57154e+06
    Kinetic En.   Total Energy  Conserved En.    Temperature Pressure (bar)
    2.96428e+05   -1.27511e+06   -1.59310e+06    2.96858e+02   -1.41944e+02
   Constr. rmsd
    3.33643e-06

step  640: timed with pme grid 60 60 60, coulomb cutoff 1.328: 232794.1 M-cycles
step  800: timed with pme grid 52 52 52, coulomb cutoff 1.532: 232692.0 M-cycles
Writing checkpoint, step 800 at Fri Jun 24 11:59:07 2022


step  960: timed with pme grid 48 48 48, coulomb cutoff 1.660: 235439.6 M-cycles
           Step           Time
           1000        2.00000

   Energies (kJ/mol)
           Bond          Angle    Proper Dih.  Improper Dih.          LJ-14
    7.30026e+03    2.17948e+04    3.10382e+04    1.10450e+03    9.11054e+03
     Coulomb-14        LJ (SR)   Coulomb (SR)   Coul. recip.      Potential
    1.02153e+05    2.06285e+05   -1.94377e+06    1.60723e+03   -1.56338e+06
    Kinetic En.   Total Energy  Conserved En.    Temperature Pressure (bar)
    2.98763e+05   -1.26461e+06   -1.59302e+06    2.99197e+02   -1.52310e+02
   Constr. rmsd
    3.48196e-06

step 1120: timed with pme grid 44 44 44, coulomb cutoff 1.811: 251736.1 M-cycles
step 1120: the maximum allowed grid scaling limits the PME load balancing to a coulomb cut-off of 1.811
step 1280: timed with pme grid 44 44 44, coulomb cutoff 1.811: 252317.6 M-cycles
step 1440: timed with pme grid 48 48 48, coulomb cutoff 1.660: 235352.4 M-cycles
Writing checkpoint, step 1440 at Fri Jun 24 12:13:48 2022


           Step           Time
           1500        3.00000

   Energies (kJ/mol)
           Bond          Angle    Proper Dih.  Improper Dih.          LJ-14
    7.26942e+03    2.15110e+04    3.10445e+04    1.07376e+03    9.35723e+03
     Coulomb-14        LJ (SR)   Coulomb (SR)   Coul. recip.      Potential
    1.02179e+05    2.04637e+05   -1.94268e+06    2.77654e+03   -1.56284e+06
    Kinetic En.   Total Energy  Conserved En.    Temperature Pressure (bar)
    2.98864e+05   -1.26397e+06   -1.59312e+06    2.99298e+02   -1.31052e+02
   Constr. rmsd
    3.32910e-06

step 1600: timed with pme grid 52 52 52, coulomb cutoff 1.532: 232906.0 M-cycles
step 1760: timed with pme grid 56 56 56, coulomb cutoff 1.423: 231248.8 M-cycles
step 1920: timed with pme grid 60 60 60, coulomb cutoff 1.328: 232035.8 M-cycles

DD  step 1999 load imb.: force 11.3%  pme mesh/force 2.005
           Step           Time
           2000        4.00000

   Energies (kJ/mol)
           Bond          Angle    Proper Dih.  Improper Dih.          LJ-14
    7.33251e+03    2.19090e+04    3.10425e+04    1.19131e+03    9.27937e+03
     Coulomb-14        LJ (SR)   Coulomb (SR)   Coul. recip.      Potential
    1.02658e+05    2.03965e+05   -1.94222e+06    5.31116e+03   -1.55953e+06
    Kinetic En.   Total Energy  Conserved En.    Temperature Pressure (bar)
    3.00876e+05   -1.25866e+06   -1.59312e+06    3.01313e+02   -1.35932e+02
   Constr. rmsd
    3.37649e-06

step 2080: timed with pme grid 64 64 64, coulomb cutoff 1.245: 234658.5 M-cycles
Writing checkpoint, step 2160 at Fri Jun 24 12:29:35 2022


step 2240: timed with pme grid 72 72 72, coulomb cutoff 1.200: 233493.9 M-cycles
              optimal pme grid 56 56 56, coulomb cutoff 1.423
           Step           Time
           2500        5.00000

   Energies (kJ/mol)
           Bond          Angle    Proper Dih.  Improper Dih.          LJ-14
    7.60277e+03    2.17873e+04    3.10105e+04    1.17406e+03    9.21549e+03
     Coulomb-14        LJ (SR)   Coulomb (SR)   Coul. recip.      Potential
    1.02196e+05    1.99711e+05   -1.93543e+06    3.29908e+03   -1.55943e+06
    Kinetic En.   Total Energy  Conserved En.    Temperature Pressure (bar)
    2.99556e+05   -1.25987e+06   -1.59305e+06    2.99991e+02   -3.88426e+02
   Constr. rmsd
    3.39239e-06

Writing checkpoint, step 2800 at Fri Jun 24 12:43:34 2022


           Step           Time
           3000        6.00000

   Energies (kJ/mol)
           Bond          Angle    Proper Dih.  Improper Dih.          LJ-14
    7.50557e+03    2.14497e+04    3.09875e+04    1.14718e+03    9.44817e+03
     Coulomb-14        LJ (SR)   Coulomb (SR)   Coul. recip.      Potential
    1.02540e+05    2.04162e+05   -1.93927e+06    3.53514e+03   -1.55849e+06
    Kinetic En.   Total Energy  Conserved En.    Temperature Pressure (bar)
    3.00381e+05   -1.25811e+06   -1.59308e+06    3.00817e+02   -2.70893e+01
   Constr. rmsd
    3.53278e-06

           Step           Time
           3500        7.00000

   Energies (kJ/mol)
           Bond          Angle    Proper Dih.  Improper Dih.          LJ-14
    7.38845e+03    2.18686e+04    3.09163e+04    1.05672e+03    9.09666e+03
     Coulomb-14        LJ (SR)   Coulomb (SR)   Coul. recip.      Potential
    1.02156e+05    2.02403e+05   -1.93809e+06    3.48405e+03   -1.55972e+06
    Kinetic En.   Total Energy  Conserved En.    Temperature Pressure (bar)
    2.98708e+05   -1.26101e+06   -1.59301e+06    2.99142e+02   -3.41748e+02
   Constr. rmsd
    3.30200e-06

Writing checkpoint, step 3520 at Fri Jun 24 12:59:16 2022



DD  step 3999 load imb.: force 10.6%  pme mesh/force 1.706
           Step           Time
           4000        8.00000

   Energies (kJ/mol)
           Bond          Angle    Proper Dih.  Improper Dih.          LJ-14
    7.39688e+03    2.15129e+04    3.10628e+04    1.17107e+03    9.37518e+03
     Coulomb-14        LJ (SR)   Coulomb (SR)   Coul. recip.      Potential
    1.02811e+05    2.03516e+05   -1.93977e+06    3.39089e+03   -1.55953e+06
    Kinetic En.   Total Energy  Conserved En.    Temperature Pressure (bar)
    2.99413e+05   -1.26012e+06   -1.59299e+06    2.99847e+02   -1.85002e+02
   Constr. rmsd
    3.29082e-06

Writing checkpoint, step 4160 at Fri Jun 24 13:13:13 2022


           Step           Time
           4500        9.00000

   Energies (kJ/mol)
           Bond          Angle    Proper Dih.  Improper Dih.          LJ-14
    7.20520e+03    2.18356e+04    3.10757e+04    1.10568e+03    9.25423e+03
     Coulomb-14        LJ (SR)   Coulomb (SR)   Coul. recip.      Potential
    1.02343e+05    2.04006e+05   -1.94222e+06    3.49279e+03   -1.56190e+06
    Kinetic En.   Total Energy  Conserved En.    Temperature Pressure (bar)
    2.99652e+05   -1.26225e+06   -1.59301e+06    3.00087e+02   -2.09892e+02
   Constr. rmsd
    3.22055e-06

Writing checkpoint, step 4880 at Fri Jun 24 13:28:56 2022


           Step           Time
           5000       10.00000

   Energies (kJ/mol)
           Bond          Angle    Proper Dih.  Improper Dih.          LJ-14
    7.46520e+03    2.16772e+04    3.10327e+04    1.14598e+03    9.19176e+03
     Coulomb-14        LJ (SR)   Coulomb (SR)   Coul. recip.      Potential
    1.02490e+05    2.04415e+05   -1.94188e+06    3.48623e+03   -1.56098e+06
    Kinetic En.   Total Energy  Conserved En.    Temperature Pressure (bar)
    3.00458e+05   -1.26052e+06   -1.59299e+06    3.00894e+02   -1.59124e+02
   Constr. rmsd
    3.32480e-06

           Step           Time
           5500       11.00000

   Energies (kJ/mol)
           Bond          Angle    Proper Dih.  Improper Dih.          LJ-14
    7.38950e+03    2.16391e+04    3.12138e+04    1.16326e+03    9.32628e+03
     Coulomb-14        LJ (SR)   Coulomb (SR)   Coul. recip.      Potential
    1.02551e+05    2.04043e+05   -1.94109e+06    3.38191e+03   -1.56038e+06
    Kinetic En.   Total Energy  Conserved En.    Temperature Pressure (bar)
    2.99949e+05   -1.26043e+06   -1.59300e+06    3.00385e+02   -1.31075e+02
   Constr. rmsd
    3.34589e-06

Writing checkpoint, step 5600 at Fri Jun 24 13:44:38 2022



DD  step 5999 load imb.: force 11.0%  pme mesh/force 1.686
           Step           Time
           6000       12.00000

   Energies (kJ/mol)
           Bond          Angle    Proper Dih.  Improper Dih.          LJ-14
    7.15582e+03    2.16901e+04    3.10399e+04    1.15656e+03    9.16318e+03
     Coulomb-14        LJ (SR)   Coulomb (SR)   Coul. recip.      Potential
    1.02742e+05    2.04146e+05   -1.94078e+06    3.49125e+03   -1.56019e+06
    Kinetic En.   Total Energy  Conserved En.    Temperature Pressure (bar)
    2.98261e+05   -1.26193e+06   -1.59300e+06    2.98694e+02   -1.93113e+02
   Constr. rmsd
    3.38409e-06

Writing checkpoint, step 6240 at Fri Jun 24 13:58:37 2022


           Step           Time
           6500       13.00000

   Energies (kJ/mol)
           Bond          Angle    Proper Dih.  Improper Dih.          LJ-14
    7.26785e+03    2.15899e+04    3.11879e+04    1.13599e+03    9.24941e+03
     Coulomb-14        LJ (SR)   Coulomb (SR)   Coul. recip.      Potential
    1.02501e+05    2.01913e+05   -1.93718e+06    3.54852e+03   -1.55879e+06
    Kinetic En.   Total Energy  Conserved En.    Temperature Pressure (bar)
    3.00037e+05   -1.25875e+06   -1.59295e+06    3.00473e+02   -1.91052e+02
   Constr. rmsd
    3.32211e-06

Writing checkpoint, step 6960 at Fri Jun 24 14:14:20 2022


           Step           Time
           7000       14.00000

   Energies (kJ/mol)
           Bond          Angle    Proper Dih.  Improper Dih.          LJ-14
    7.72131e+03    2.14077e+04    3.11558e+04    1.17899e+03    9.17767e+03
     Coulomb-14        LJ (SR)   Coulomb (SR)   Coul. recip.      Potential
    1.01987e+05    2.02734e+05   -1.93845e+06    3.45433e+03   -1.55964e+06
    Kinetic En.   Total Energy  Conserved En.    Temperature Pressure (bar)
    3.00866e+05   -1.25877e+06   -1.59297e+06    3.01302e+02   -1.90710e+02
   Constr. rmsd
    3.30409e-06

           Step           Time
           7500       15.00000

   Energies (kJ/mol)
           Bond          Angle    Proper Dih.  Improper Dih.          LJ-14
    7.28167e+03    2.17137e+04    3.11638e+04    1.15397e+03    9.25716e+03
     Coulomb-14        LJ (SR)   Coulomb (SR)   Coul. recip.      Potential
    1.02439e+05    2.03373e+05   -1.94198e+06    3.52079e+03   -1.56208e+06
    Kinetic En.   Total Energy  Conserved En.    Temperature Pressure (bar)
    3.00296e+05   -1.26178e+06   -1.59295e+06    3.00732e+02   -2.14849e+02
   Constr. rmsd
    3.29697e-06

Writing checkpoint, step 7600 at Fri Jun 24 14:28:19 2022



DD  step 7999 load imb.: force 11.0%  pme mesh/force 1.701
           Step           Time
           8000       16.00000

   Energies (kJ/mol)
           Bond          Angle    Proper Dih.  Improper Dih.          LJ-14
    7.30729e+03    2.13460e+04    3.10946e+04    1.11969e+03    9.12501e+03
     Coulomb-14        LJ (SR)   Coulomb (SR)   Coul. recip.      Potential
    1.02816e+05    2.00819e+05   -1.93774e+06    3.46748e+03   -1.56065e+06
    Kinetic En.   Total Energy  Conserved En.    Temperature Pressure (bar)
    2.98963e+05   -1.26168e+06   -1.59289e+06    2.99397e+02   -3.27399e+02
   Constr. rmsd
    3.32001e-06

Writing checkpoint, step 8320 at Fri Jun 24 14:44:01 2022


           Step           Time
           8500       17.00000

   Energies (kJ/mol)
           Bond          Angle    Proper Dih.  Improper Dih.          LJ-14
    7.39935e+03    2.18339e+04    3.09635e+04    1.09981e+03    9.21306e+03
     Coulomb-14        LJ (SR)   Coulomb (SR)   Coul. recip.      Potential
    1.02142e+05    2.04209e+05   -1.94106e+06    3.52357e+03   -1.56067e+06
    Kinetic En.   Total Energy  Conserved En.    Temperature Pressure (bar)
    3.00360e+05   -1.26031e+06   -1.59290e+06    3.00796e+02   -1.66695e+02
   Constr. rmsd
    3.29978e-06

           Step           Time
           9000       18.00000

   Energies (kJ/mol)
           Bond          Angle    Proper Dih.  Improper Dih.          LJ-14
    7.55212e+03    2.16181e+04    3.10808e+04    1.14474e+03    9.21730e+03
     Coulomb-14        LJ (SR)   Coulomb (SR)   Coul. recip.      Potential
    1.02086e+05    2.03524e+05   -1.94040e+06    3.38880e+03   -1.56079e+06
    Kinetic En.   Total Energy  Conserved En.    Temperature Pressure (bar)
    3.00052e+05   -1.26074e+06   -1.59289e+06    3.00487e+02   -2.15965e+02
   Constr. rmsd
    3.39005e-06

Writing checkpoint, step 9040 at Fri Jun 24 14:59:45 2022


           Step           Time
           9500       19.00000

   Energies (kJ/mol)
           Bond          Angle    Proper Dih.  Improper Dih.          LJ-14
    7.41531e+03    2.20181e+04    3.12636e+04    1.11787e+03    9.22621e+03
     Coulomb-14        LJ (SR)   Coulomb (SR)   Coul. recip.      Potential
    1.02452e+05    2.01948e+05   -1.93762e+06    3.51265e+03   -1.55866e+06
    Kinetic En.   Total Energy  Conserved En.    Temperature Pressure (bar)
    2.99651e+05   -1.25901e+06   -1.59285e+06    3.00086e+02   -2.21821e+02
   Constr. rmsd
    3.18772e-06

Writing checkpoint, step 9680 at Fri Jun 24 15:13:45 2022



DD  step 9999 load imb.: force 11.5%  pme mesh/force 1.688
           Step           Time
          10000       20.00000

Writing checkpoint, step 10000 at Fri Jun 24 15:19:05 2022


   Energies (kJ/mol)
           Bond          Angle    Proper Dih.  Improper Dih.          LJ-14
    7.47491e+03    2.16658e+04    3.11987e+04    1.20639e+03    9.37946e+03
     Coulomb-14        LJ (SR)   Coulomb (SR)   Coul. recip.      Potential
    1.02670e+05    2.03335e+05   -1.94019e+06    3.36678e+03   -1.55989e+06
    Kinetic En.   Total Energy  Conserved En.    Temperature Pressure (bar)
    2.99372e+05   -1.26052e+06   -1.59284e+06    2.99807e+02   -1.41202e+02
   Constr. rmsd
    3.42824e-06


Energy conservation over simulation part #1 of length 20 ns, time 0 to 20 ns
  Conserved energy drift: 1.34e-03 kJ/mol/ps per atom


	<======  ###############  ==>
	<====  A V E R A G E S  ====>
	<==  ###############  ======>

	Statistics over 10001 steps using 101 frames

   Energies (kJ/mol)
           Bond          Angle    Proper Dih.  Improper Dih.          LJ-14
    7.29303e+03    2.14485e+04    3.10506e+04    1.13866e+03    9.23303e+03
     Coulomb-14        LJ (SR)   Coulomb (SR)   Coul. recip.      Potential
    1.02428e+05    2.04715e+05   -1.94672e+06    3.51905e+03   -1.56590e+06
    Kinetic En.   Total Energy  Conserved En.    Temperature Pressure (bar)
    2.98417e+05   -1.26748e+06   -1.59301e+06    2.98850e+02   -2.34570e+02
   Constr. rmsd
    0.00000e+00

   Total Virial (kJ/mol)
    1.08429e+05   -5.21497e+01   -4.46918e+02
   -5.28321e+01    1.07898e+05    1.37801e+01
   -4.47800e+02    1.34417e+01    1.07485e+05

   Pressure (bar)
   -2.48221e+02    1.27119e+00    1.26186e+01
    1.29010e+00   -2.33640e+02   -2.06450e-01
    1.26430e+01   -1.97073e-01   -2.21848e+02

      T-Protein          T-EAAT-Water_and_ions
    2.99279e+02    2.98842e+02    2.98804e+02


       P P   -   P M E   L O A D   B A L A N C I N G

 PP/PME load balancing changed the cut-off and PME settings:
           particle-particle                    PME
            rcoulomb  rlist            grid      spacing   1/beta
   initial  1.200 nm  1.201 nm      72  72  72   0.148 nm  0.384 nm
   final    1.423 nm  1.424 nm      56  56  56   0.190 nm  0.455 nm
 cost-ratio           1.67             0.47
 (note that these numbers concern only part of the total PP and PME load)

NOTE: PME load balancing increased the non-bonded workload by more than 50%.
      For better performance, use (more) PME ranks (mdrun -npme),
      or if you are beyond the scaling limit, use fewer total ranks (or nodes).

	M E G A - F L O P S   A C C O U N T I N G

 NB=Group-cutoff nonbonded kernels    NxN=N-by-N cluster Verlet kernels
 RF=Reaction-Field  VdW=Van der Waals  QSTab=quadratic-spline table
 W3=SPC/TIP3p  W4=TIP4p (single or pairs)
 V&F=Potential and force  V=Potential only  F=Force only

 Computing:                               M-Number         M-Flops  % Flops
-----------------------------------------------------------------------------
 Pair Search distance check            9080.388882       81723.500     0.1
 NxN QSTab Elec. + LJ [F]            750020.163056    39751068.642    62.7
 NxN QSTab Elec. + LJ [V&F]            7635.796528      618499.519     1.0
 NxN QSTab Elec. [F]                 620849.626848    21108887.313    33.3
 NxN QSTab Elec. [V&F]                 6320.446416      259138.303     0.4
 1,4 nonbonded interactions             248.934891       22404.140     0.0
 Calc Weights                          3528.082773      127010.980     0.2
 Spread Q Bspline                     75265.765824      150531.532     0.2
 Gather F Bspline                     75265.765824      451594.595     0.7
 3D-FFT                               64890.641266      519125.130     0.8
 Solve PME                               32.187456        2059.997     0.0
 Reset In Box                            14.816466          44.449     0.0
 CG-CoM                                  14.934057          44.802     0.0
 Bonds                                   49.404940        2914.891     0.0
 Angles                                 174.527451       29320.612     0.0
 Propers                                311.771174       71395.599     0.1
 Impropers                               19.201920        3993.999     0.0
 Virial                                  11.985771         215.744     0.0
 Stop-CM                                 11.994282         119.943     0.0
 Calc-Ekin                              235.417182        6356.264     0.0
 Lincs                                   51.570112        3094.207     0.0
 Lincs-Mat                              284.169108        1136.676     0.0
 Constraint-V                          1259.323931       11333.915     0.0
 Constraint-Vir                          12.196097         292.706     0.0
 Settle                                 385.436491      142611.502     0.2
-----------------------------------------------------------------------------
 Total                                                63364918.961   100.0
-----------------------------------------------------------------------------


    D O M A I N   D E C O M P O S I T I O N   S T A T I S T I C S

 av. #atoms communicated per step for force:  2 x 209031.2
 av. #atoms communicated per step for LINCS:  2 x 8470.5


Dynamic load balancing report:
 DLB was off during the run due to low measured imbalance.
 Average load imbalance: 9.4%.
 The balanceable part of the MD step is 42%, load imbalance is computed from this.
 Part of the total run time spent waiting due to load imbalance: 3.9%.
 Average PME mesh/force load: 1.845
 Part of the total run time spent waiting due to PP/PME imbalance: 27.2 %

NOTE: 27.2 % performance was lost because the PME ranks
      had more work to do than the PP ranks.
      You might want to increase the number of PME ranks
      or increase the cut-off and the grid spacing.


     R E A L   C Y C L E   A N D   T I M E   A C C O U N T I N G

On 24 MPI ranks doing PP, and
on 4 MPI ranks doing PME

 Computing:          Num   Num      Call    Wall time         Giga-Cycles
                     Ranks Threads  Count      (s)         total sum    %
-----------------------------------------------------------------------------
 Domain decomp.        24    1        126     428.292      26663.131   2.8
 DD comm. load         24    1          7       0.593         36.891   0.0
 Send X to PME         24    1      10001     788.645      49096.720   5.2
 Neighbor search       24    1        126      37.431       2330.260   0.2
 Comm. coord.          24    1       9875    2223.192     138403.696  14.7
 Force                 24    1      10001    2549.637     158726.411  16.8
 Wait + Comm. F        24    1      10001    2441.674     152005.210  16.1
 PME mesh *             4    1      10001    8888.262      92222.397   9.8
 PME wait for PP *                           4091.521      42452.607   4.5
 Wait + Recv. PME F    24    1      10001    1870.051     116419.114  12.3
 NB X/F buffer ops.    24    1      29751       6.071        377.974   0.0
 Write traj.           24    1         35       9.318        580.116   0.1
 Update                24    1      10001       0.412         25.674   0.0
 Constraints           24    1      10003    2284.494     142220.058  15.1
 Comm. energies        24    1       1001     327.950      20416.357   2.2
 Rest                                          13.616        847.650   0.1
-----------------------------------------------------------------------------
 Total                                      12981.378     942840.805 100.0
-----------------------------------------------------------------------------
(*) Note that with separate PME ranks, the walltime column actually sums to
    twice the total reported, but the cycle count total and % are correct.
-----------------------------------------------------------------------------
 Breakdown of PME mesh computation
-----------------------------------------------------------------------------
 PME redist. X/F        4    1      20002    5832.882      60520.530   6.4
 PME spread             4    1      10001     749.173       7773.228   0.8
 PME gather             4    1      10001     753.412       7817.216   0.8
 PME 3D-FFT             4    1      20002       6.439         66.811   0.0
 PME 3D-FFT Comm.       4    1      20002    1545.465      16035.364   1.7
 PME solve Elec         4    1      10001       0.832          8.631   0.0
-----------------------------------------------------------------------------

               Core t (s)   Wall t (s)        (%)
       Time:   363472.430    12981.378     2800.0
                         3h36:21
                 (ns/day)    (hour/ns)
Performance:        0.133      180.279
Finished mdrun on rank 0 Fri Jun 24 15:19:09 2022

