                      :-) GROMACS - gmx mdrun, 2021.2 (-:

                            GROMACS is written by:
     Andrey Alekseenko              Emile Apol              Rossen Apostolov     
         Paul Bauer           Herman J.C. Berendsen           Par Bjelkmar       
       Christian Blau           Viacheslav Bolnykh             Kevin Boyd        
     Aldert van Buuren           Rudi van Drunen             Anton Feenstra      
    Gilles Gouaillardet             Alan Gray               Gerrit Groenhof      
       Anca Hamuraru            Vincent Hindriksen          M. Eric Irrgang      
      Aleksei Iupinov           Christoph Junghans             Joe Jordan        
    Dimitrios Karkoulis            Peter Kasson                Jiri Kraus        
      Carsten Kutzner              Per Larsson              Justin A. Lemkul     
       Viveca Lindahl            Magnus Lundborg             Erik Marklund       
        Pascal Merz             Pieter Meulenhoff            Teemu Murtola       
        Szilard Pall               Sander Pronk              Roland Schulz       
       Michael Shirts            Alexey Shvetsov             Alfons Sijbers      
       Peter Tieleman              Jon Vincent              Teemu Virolainen     
     Christian Wennberg            Maarten Wolf              Artem Zhmurov       
                           and the project leaders:
        Mark Abraham, Berk Hess, Erik Lindahl, and David van der Spoel

Copyright (c) 1991-2000, University of Groningen, The Netherlands.
Copyright (c) 2001-2019, The GROMACS development team at
Uppsala University, Stockholm University and
the Royal Institute of Technology, Sweden.
check out http://www.gromacs.org for more information.

GROMACS is free software; you can redistribute it and/or modify it
under the terms of the GNU Lesser General Public License
as published by the Free Software Foundation; either version 2.1
of the License, or (at your option) any later version.

GROMACS:      gmx mdrun, version 2021.2
Executable:   /gpfs/opt/apps/gromacs-2021.2/bin/gmx
Data prefix:  /gpfs/opt/apps/gromacs-2021.2
Working dir:  /gpfs/work/tuk27574/fragment_builder
Process ID:   4142
Command line:
  gmx mdrun -s ./combo_folder/EAA/nvt_EAA45.tpr -deffnm ./combo_folder/EAA/combo_nvt_EAA45

GROMACS version:    2021.2
Verified release checksum is d91a739522d82c53dc47c2276b9ac5fae3b2119283e84e3a1c7bed8ce741fda2
Precision:          mixed
Memory model:       64 bit
MPI library:        thread_mpi
OpenMP support:     enabled (GMX_OPENMP_MAX_THREADS = 64)
GPU support:        disabled
SIMD instructions:  SSE4.1
FFT library:        fftw-3.3.3-sse2
RDTSCP usage:       enabled
TNG support:        enabled
Hwloc support:      disabled
Tracing support:    disabled
C compiler:         /gpfs/opt/tools/gcc-8.4.0/bin/gcc GNU 8.4.0
C compiler flags:   -msse4.1 -Wno-missing-field-initializers -fexcess-precision=fast -funroll-all-loops -O3 -DNDEBUG
C++ compiler:       /gpfs/opt/tools/gcc-8.4.0/bin/g++ GNU 8.4.0
C++ compiler flags: -msse4.1 -Wno-missing-field-initializers -fexcess-precision=fast -funroll-all-loops -fopenmp -O3 -DNDEBUG


Running on 1 node with total 28 cores, 28 logical cores
Hardware detected:
  CPU info:
    Vendor: Intel
    Brand:  Intel(R) Xeon(R) CPU E5-2690 v4 @ 2.60GHz
    Family: 6   Model: 79   Stepping: 1
    Features: aes apic avx avx2 clfsh cmov cx8 cx16 f16c fma hle htt intel lahf mmx msr nonstop_tsc pcid pclmuldq pdcm pdpe1gb popcnt pse rdrnd rdtscp rtm sse2 sse3 sse4.1 sse4.2 ssse3 tdt x2apic
  Hardware topology: Basic
    Sockets, cores, and logical processors:
      Socket  0: [   0] [   2] [   4] [   6] [   8] [  10] [  12] [  14] [  16] [  18] [  20] [  22] [  24] [  26]
      Socket  1: [   1] [   3] [   5] [   7] [   9] [  11] [  13] [  15] [  17] [  19] [  21] [  23] [  25] [  27]

Highest SIMD level requested by all nodes in run: AVX2_256
SIMD instructions selected at compile time:       SSE4.1
This program was compiled for different hardware than you are running on,
which could influence performance.

++++ PLEASE READ AND CITE THE FOLLOWING REFERENCE ++++
M. J. Abraham, T. Murtola, R. Schulz, S. Páll, J. C. Smith, B. Hess, E.
Lindahl
GROMACS: High performance molecular simulations through multi-level
parallelism from laptops to supercomputers
SoftwareX 1 (2015) pp. 19-25
-------- -------- --- Thank You --- -------- --------


++++ PLEASE READ AND CITE THE FOLLOWING REFERENCE ++++
S. Páll, M. J. Abraham, C. Kutzner, B. Hess, E. Lindahl
Tackling Exascale Software Challenges in Molecular Dynamics Simulations with
GROMACS
In S. Markidis & E. Laure (Eds.), Solving Software Challenges for Exascale 8759 (2015) pp. 3-27
-------- -------- --- Thank You --- -------- --------


++++ PLEASE READ AND CITE THE FOLLOWING REFERENCE ++++
S. Pronk, S. Páll, R. Schulz, P. Larsson, P. Bjelkmar, R. Apostolov, M. R.
Shirts, J. C. Smith, P. M. Kasson, D. van der Spoel, B. Hess, and E. Lindahl
GROMACS 4.5: a high-throughput and highly parallel open source molecular
simulation toolkit
Bioinformatics 29 (2013) pp. 845-54
-------- -------- --- Thank You --- -------- --------


++++ PLEASE READ AND CITE THE FOLLOWING REFERENCE ++++
B. Hess and C. Kutzner and D. van der Spoel and E. Lindahl
GROMACS 4: Algorithms for highly efficient, load-balanced, and scalable
molecular simulation
J. Chem. Theory Comput. 4 (2008) pp. 435-447
-------- -------- --- Thank You --- -------- --------


++++ PLEASE READ AND CITE THE FOLLOWING REFERENCE ++++
D. van der Spoel, E. Lindahl, B. Hess, G. Groenhof, A. E. Mark and H. J. C.
Berendsen
GROMACS: Fast, Flexible and Free
J. Comp. Chem. 26 (2005) pp. 1701-1719
-------- -------- --- Thank You --- -------- --------


++++ PLEASE READ AND CITE THE FOLLOWING REFERENCE ++++
E. Lindahl and B. Hess and D. van der Spoel
GROMACS 3.0: A package for molecular simulation and trajectory analysis
J. Mol. Mod. 7 (2001) pp. 306-317
-------- -------- --- Thank You --- -------- --------


++++ PLEASE READ AND CITE THE FOLLOWING REFERENCE ++++
H. J. C. Berendsen, D. van der Spoel and R. van Drunen
GROMACS: A message-passing parallel molecular dynamics implementation
Comp. Phys. Comm. 91 (1995) pp. 43-56
-------- -------- --- Thank You --- -------- --------


++++ PLEASE CITE THE DOI FOR THIS VERSION OF GROMACS ++++
https://doi.org/10.5281/zenodo.4723562
-------- -------- --- Thank You --- -------- --------


The number of OpenMP threads was set by environment variable OMP_NUM_THREADS to 1

Input Parameters:
   integrator                     = md
   tinit                          = 0
   dt                             = 0.002
   nsteps                         = 10000
   init-step                      = 0
   simulation-part                = 1
   mts                            = false
   comm-mode                      = Linear
   nstcomm                        = 100
   bd-fric                        = 0
   ld-seed                        = 1073331711
   emtol                          = 10
   emstep                         = 0.01
   niter                          = 20
   fcstep                         = 0
   nstcgsteep                     = 1000
   nbfgscorr                      = 10
   rtpi                           = 0.05
   nstxout                        = 0
   nstvout                        = 0
   nstfout                        = 0
   nstlog                         = 500
   nstcalcenergy                  = 100
   nstenergy                      = 500
   nstxout-compressed             = 500
   compressed-x-precision         = 1000
   cutoff-scheme                  = Verlet
   nstlist                        = 20
   pbc                            = xyz
   periodic-molecules             = false
   verlet-buffer-tolerance        = 0.005
   rlist                          = 1.221
   coulombtype                    = PME
   coulomb-modifier               = Potential-shift
   rcoulomb-switch                = 0
   rcoulomb                       = 1.2
   epsilon-r                      = 1
   epsilon-rf                     = inf
   vdw-type                       = Cut-off
   vdw-modifier                   = Force-switch
   rvdw-switch                    = 1
   rvdw                           = 1.2
   DispCorr                       = No
   table-extension                = 1
   fourierspacing                 = 0.16
   fourier-nx                     = 72
   fourier-ny                     = 72
   fourier-nz                     = 72
   pme-order                      = 4
   ewald-rtol                     = 1e-05
   ewald-rtol-lj                  = 0.001
   lj-pme-comb-rule               = Geometric
   ewald-geometry                 = 0
   epsilon-surface                = 0
   tcoupl                         = V-rescale
   nsttcouple                     = 10
   nh-chain-length                = 0
   print-nose-hoover-chain-variables = false
   pcoupl                         = No
   pcoupltype                     = Isotropic
   nstpcouple                     = -1
   tau-p                          = 1
   compressibility (3x3):
      compressibility[    0]={ 0.00000e+00,  0.00000e+00,  0.00000e+00}
      compressibility[    1]={ 0.00000e+00,  0.00000e+00,  0.00000e+00}
      compressibility[    2]={ 0.00000e+00,  0.00000e+00,  0.00000e+00}
   ref-p (3x3):
      ref-p[    0]={ 0.00000e+00,  0.00000e+00,  0.00000e+00}
      ref-p[    1]={ 0.00000e+00,  0.00000e+00,  0.00000e+00}
      ref-p[    2]={ 0.00000e+00,  0.00000e+00,  0.00000e+00}
   refcoord-scaling               = No
   posres-com (3):
      posres-com[0]= 0.00000e+00
      posres-com[1]= 0.00000e+00
      posres-com[2]= 0.00000e+00
   posres-comB (3):
      posres-comB[0]= 0.00000e+00
      posres-comB[1]= 0.00000e+00
      posres-comB[2]= 0.00000e+00
   QMMM                           = false
qm-opts:
   ngQM                           = 0
   constraint-algorithm           = Lincs
   continuation                   = false
   Shake-SOR                      = false
   shake-tol                      = 0.0001
   lincs-order                    = 4
   lincs-iter                     = 1
   lincs-warnangle                = 30
   nwall                          = 0
   wall-type                      = 9-3
   wall-r-linpot                  = -1
   wall-atomtype[0]               = -1
   wall-atomtype[1]               = -1
   wall-density[0]                = 0
   wall-density[1]                = 0
   wall-ewald-zfac                = 3
   pull                           = false
   awh                            = false
   rotation                       = false
   interactiveMD                  = false
   disre                          = No
   disre-weighting                = Conservative
   disre-mixed                    = false
   dr-fc                          = 1000
   dr-tau                         = 0
   nstdisreout                    = 100
   orire-fc                       = 0
   orire-tau                      = 0
   nstorireout                    = 100
   free-energy                    = no
   cos-acceleration               = 0
   deform (3x3):
      deform[    0]={ 0.00000e+00,  0.00000e+00,  0.00000e+00}
      deform[    1]={ 0.00000e+00,  0.00000e+00,  0.00000e+00}
      deform[    2]={ 0.00000e+00,  0.00000e+00,  0.00000e+00}
   simulated-tempering            = false
   swapcoords                     = no
   userint1                       = 0
   userint2                       = 0
   userint3                       = 0
   userint4                       = 0
   userreal1                      = 0
   userreal2                      = 0
   userreal3                      = 0
   userreal4                      = 0
   applied-forces:
     electric-field:
       x:
         E0                       = 0
         omega                    = 0
         t0                       = 0
         sigma                    = 0
       y:
         E0                       = 0
         omega                    = 0
         t0                       = 0
         sigma                    = 0
       z:
         E0                       = 0
         omega                    = 0
         t0                       = 0
         sigma                    = 0
     density-guided-simulation:
       active                     = false
       group                      = protein
       similarity-measure         = inner-product
       atom-spreading-weight      = unity
       force-constant             = 1e+09
       gaussian-transform-spreading-width = 0.2
       gaussian-transform-spreading-range-in-multiples-of-width = 4
       reference-density-filename = reference.mrc
       nst                        = 1
       normalize-densities        = true
       adaptive-force-scaling     = false
       adaptive-force-scaling-time-constant = 4
       shift-vector               = 
       transformation-matrix      = 
grpopts:
   nrdf:     23287.7     1124.99      215781
   ref-t:         300         300         300
   tau-t:         0.1         0.1         0.1
annealing:          No          No          No
annealing-npoints:           0           0           0
   acc:	           0           0           0
   nfreeze:           N           N           N
   energygrp-flags[  0]: 0

Changing nstlist from 20 to 80, rlist from 1.221 to 1.316


Initializing Domain Decomposition on 28 ranks
Dynamic load balancing: auto
Minimum cell size due to atom displacement: 0.649 nm
Initial maximum distances in bonded interactions:
    two-body bonded interactions: 0.424 nm, LJ-14, atoms 2530 2538
  multi-body bonded interactions: 0.424 nm, Proper Dih., atoms 2530 2538
Minimum cell size due to bonded interactions: 0.466 nm
Maximum distance for 5 constraints, at 120 deg. angles, all-trans: 0.219 nm
Estimated maximum distance required for P-LINCS: 0.219 nm
Scaling the initial minimum size with 1/0.8 (option -dds) = 1.25
Guess for relative PME load: 0.09
Will use 24 particle-particle and 4 PME only ranks
This is a guess, check the performance at the end of the log file
Using 4 separate PME ranks, as guessed by mdrun
Optimizing the DD grid for 24 cells with a minimum initial size of 0.811 nm
The maximum allowed number of cells is: X 13 Y 13 Z 13
Domain decomposition grid 4 x 3 x 2, separate PME ranks 4
PME domain decomposition: 4 x 1 x 1
Interleaving PP and PME ranks
This rank does only particle-particle work.
Domain decomposition rank 0, coordinates 0 0 0

The initial number of communication pulses is: X 1 Y 1 Z 1
The initial domain decomposition cell size is: X 2.66 nm Y 3.54 nm Z 5.31 nm

The maximum allowed distance for atoms involved in interactions is:
                 non-bonded interactions           1.316 nm
            two-body bonded interactions  (-rdd)   1.316 nm
          multi-body bonded interactions  (-rdd)   1.316 nm
  atoms separated by up to 5 constraints  (-rcon)  2.656 nm

When dynamic load balancing gets turned on, these settings will change to:
The maximum number of communication pulses is: X 1 Y 1 Z 1
The minimum size for domain decomposition cells is 1.316 nm
The requested allowed shrink of DD cells (option -dds) is: 0.80
The allowed shrink of domain decomposition cells is: X 0.50 Y 0.37 Z 0.25
The maximum allowed distance for atoms involved in interactions is:
                 non-bonded interactions           1.316 nm
            two-body bonded interactions  (-rdd)   1.316 nm
          multi-body bonded interactions  (-rdd)   1.316 nm
  atoms separated by up to 5 constraints  (-rcon)  1.316 nm

Using 28 MPI threads
Using 1 OpenMP thread per tMPI thread

Pinning threads with an auto-selected logical core stride of 1
System total charge: -45.000
Will do PME sum in reciprocal space for electrostatic interactions.

++++ PLEASE READ AND CITE THE FOLLOWING REFERENCE ++++
U. Essmann, L. Perera, M. L. Berkowitz, T. Darden, H. Lee and L. G. Pedersen 
A smooth particle mesh Ewald method
J. Chem. Phys. 103 (1995) pp. 8577-8592
-------- -------- --- Thank You --- -------- --------

Using a Gaussian width (1/beta) of 0.384195 nm for Ewald
Potential shift: LJ r^-12: -2.648e-01 r^-6: -5.349e-01, Ewald -8.333e-06
Initialized non-bonded Ewald tables, spacing: 1.02e-03 size: 1176

Generated table with 1158 data points for 1-4 COUL.
Tabscale = 500 points/nm
Generated table with 1158 data points for 1-4 LJ6.
Tabscale = 500 points/nm
Generated table with 1158 data points for 1-4 LJ12.
Tabscale = 500 points/nm


Using SIMD 4x4 nonbonded short-range kernels

Using a dual 4x4 pair-list setup updated with dynamic pruning:
  outer list: updated every 80 steps, buffer 0.116 nm, rlist 1.316 nm
  inner list: updated every 13 steps, buffer 0.001 nm, rlist 1.201 nm
At tolerance 0.005 kJ/mol/ps per atom, equivalent classical 1x1 list would be:
  outer list: updated every 80 steps, buffer 0.261 nm, rlist 1.461 nm
  inner list: updated every 13 steps, buffer 0.050 nm, rlist 1.250 nm
Removing pbc first time

Initializing Parallel LINear Constraint Solver

++++ PLEASE READ AND CITE THE FOLLOWING REFERENCE ++++
B. Hess
P-LINCS: A Parallel Linear Constraint Solver for molecular simulation
J. Chem. Theory Comput. 4 (2008) pp. 116-122
-------- -------- --- Thank You --- -------- --------

The number of constraints is 4825
There are constraints between atoms in different decomposition domains,
will communicate selected coordinates each lincs iteration

++++ PLEASE READ AND CITE THE FOLLOWING REFERENCE ++++
S. Miyamoto and P. A. Kollman
SETTLE: An Analytical Version of the SHAKE and RATTLE Algorithms for Rigid
Water Models
J. Comp. Chem. 13 (1992) pp. 952-962
-------- -------- --- Thank You --- -------- --------


Linking all bonded interactions to atoms


Intra-simulation communication will occur every 10 steps.

++++ PLEASE READ AND CITE THE FOLLOWING REFERENCE ++++
G. Bussi, D. Donadio and M. Parrinello
Canonical sampling through velocity rescaling
J. Chem. Phys. 126 (2007) pp. 014101
-------- -------- --- Thank You --- -------- --------

There are: 117565 Atoms
Atom distribution over 24 domains: av 4898 stddev 101 min 4825 max 5081

Constraining the starting coordinates (step 0)

Constraining the coordinates at t0-dt (step 0)
Center of mass motion removal mode is Linear
We have the following groups for center of mass motion removal:
  0:  rest
RMS relative constraint deviation after constraining: 1.07e-06
Initial temperature: 300.485 K

Started mdrun on rank 0 Fri Jun 24 11:41:03 2022

           Step           Time
              0        0.00000

   Energies (kJ/mol)
           Bond          Angle    Proper Dih.  Improper Dih.          LJ-14
    1.44759e+03    7.61778e+03    2.78719e+04    2.17768e+02    8.10694e+03
     Coulomb-14        LJ (SR)   Coulomb (SR)   Coul. recip.      Potential
    1.02796e+05    2.27301e+05   -2.26960e+06    3.89988e+03   -1.89034e+06
    Kinetic En.   Total Energy  Conserved En.    Temperature Pressure (bar)
    3.00090e+05   -1.59025e+06   -1.59025e+06    3.00528e+02   -4.67687e+03
   Constr. rmsd
    3.09617e-06


DD  step 79 load imb.: force  7.7%  pme mesh/force 2.578
step  480: timed with pme grid 72 72 72, coulomb cutoff 1.200: 211944.6 M-cycles
           Step           Time
            500        1.00000

   Energies (kJ/mol)
           Bond          Angle    Proper Dih.  Improper Dih.          LJ-14
    7.30439e+03    2.20727e+04    3.10140e+04    1.16514e+03    9.29131e+03
     Coulomb-14        LJ (SR)   Coulomb (SR)   Coul. recip.      Potential
    1.02567e+05    2.07374e+05   -1.95749e+06    4.15807e+03   -1.57254e+06
    Kinetic En.   Total Energy  Conserved En.    Temperature Pressure (bar)
    2.95537e+05   -1.27701e+06   -1.58730e+06    2.95969e+02   -1.86144e+02
   Constr. rmsd
    3.29061e-06

step  640: timed with pme grid 60 60 60, coulomb cutoff 1.328: 232273.4 M-cycles
step  800: timed with pme grid 52 52 52, coulomb cutoff 1.532: 233039.1 M-cycles
Writing checkpoint, step 880 at Fri Jun 24 11:56:38 2022


step  960: timed with pme grid 48 48 48, coulomb cutoff 1.660: 236394.9 M-cycles
           Step           Time
           1000        2.00000

   Energies (kJ/mol)
           Bond          Angle    Proper Dih.  Improper Dih.          LJ-14
    7.59495e+03    2.21276e+04    3.10716e+04    1.22354e+03    9.25647e+03
     Coulomb-14        LJ (SR)   Coulomb (SR)   Coul. recip.      Potential
    1.02700e+05    2.02169e+05   -1.94054e+06    1.57881e+03   -1.56282e+06
    Kinetic En.   Total Energy  Conserved En.    Temperature Pressure (bar)
    3.00084e+05   -1.26274e+06   -1.58725e+06    3.00522e+02   -2.90608e+02
   Constr. rmsd
    3.41070e-06

step 1120: timed with pme grid 44 44 44, coulomb cutoff 1.811: 252340.6 M-cycles
step 1280: timed with pme grid 48 48 48, coulomb cutoff 1.660: 235789.1 M-cycles
step 1440: timed with pme grid 52 52 52, coulomb cutoff 1.532: 230690.4 M-cycles
           Step           Time
           1500        3.00000

   Energies (kJ/mol)
           Bond          Angle    Proper Dih.  Improper Dih.          LJ-14
    7.59380e+03    2.21222e+04    3.10995e+04    1.20303e+03    9.46329e+03
     Coulomb-14        LJ (SR)   Coulomb (SR)   Coul. recip.      Potential
    1.02815e+05    2.03112e+05   -1.94019e+06    3.44913e+03   -1.55933e+06
    Kinetic En.   Total Energy  Conserved En.    Temperature Pressure (bar)
    2.98900e+05   -1.26043e+06   -1.58732e+06    2.99336e+02   -1.31501e+02
   Constr. rmsd
    3.36007e-06

step 1600: timed with pme grid 56 56 56, coulomb cutoff 1.423: 232303.7 M-cycles
Writing checkpoint, step 1600 at Fri Jun 24 12:12:46 2022


step 1760: timed with pme grid 60 60 60, coulomb cutoff 1.328: 233202.5 M-cycles
step 1920: timed with pme grid 64 64 64, coulomb cutoff 1.245: 231176.9 M-cycles

DD  step 1999 load imb.: force  2.6%  pme mesh/force 2.296
           Step           Time
           2000        4.00000

   Energies (kJ/mol)
           Bond          Angle    Proper Dih.  Improper Dih.          LJ-14
    7.65315e+03    2.22288e+04    3.10518e+04    1.17515e+03    9.23287e+03
     Coulomb-14        LJ (SR)   Coulomb (SR)   Coul. recip.      Potential
    1.02795e+05    2.04012e+05   -1.94718e+06    5.99235e+03   -1.56303e+06
    Kinetic En.   Total Energy  Conserved En.    Temperature Pressure (bar)
    2.99552e+05   -1.26348e+06   -1.58726e+06    2.99989e+02   -1.98908e+02
   Constr. rmsd
    3.34744e-06

step 2080: timed with pme grid 72 72 72, coulomb cutoff 1.200: 231762.4 M-cycles
              optimal pme grid 72 72 72, coulomb cutoff 1.200
Writing checkpoint, step 2240 at Fri Jun 24 12:26:44 2022


           Step           Time
           2500        5.00000

   Energies (kJ/mol)
           Bond          Angle    Proper Dih.  Improper Dih.          LJ-14
    7.53121e+03    2.25451e+04    3.13165e+04    1.23245e+03    9.29491e+03
     Coulomb-14        LJ (SR)   Coulomb (SR)   Coul. recip.      Potential
    1.03142e+05    2.03307e+05   -1.94467e+06    6.06400e+03   -1.56024e+06
    Kinetic En.   Total Energy  Conserved En.    Temperature Pressure (bar)
    3.02205e+05   -1.25803e+06   -1.58726e+06    3.02646e+02   -1.67304e+02
   Constr. rmsd
    3.32466e-06

Writing checkpoint, step 2960 at Fri Jun 24 12:42:24 2022


           Step           Time
           3000        6.00000

   Energies (kJ/mol)
           Bond          Angle    Proper Dih.  Improper Dih.          LJ-14
    7.61638e+03    2.22400e+04    3.12460e+04    1.17515e+03    9.49614e+03
     Coulomb-14        LJ (SR)   Coulomb (SR)   Coul. recip.      Potential
    1.03024e+05    2.02511e+05   -1.94143e+06    5.98163e+03   -1.55814e+06
    Kinetic En.   Total Energy  Conserved En.    Temperature Pressure (bar)
    3.01943e+05   -1.25620e+06   -1.58722e+06    3.02384e+02   -9.71543e+01
   Constr. rmsd
    3.46469e-06

           Step           Time
           3500        7.00000

   Energies (kJ/mol)
           Bond          Angle    Proper Dih.  Improper Dih.          LJ-14
    7.54678e+03    2.21709e+04    3.10727e+04    1.16777e+03    9.25366e+03
     Coulomb-14        LJ (SR)   Coulomb (SR)   Coul. recip.      Potential
    1.02838e+05    2.03203e+05   -1.94470e+06    6.01930e+03   -1.56142e+06
    Kinetic En.   Total Energy  Conserved En.    Temperature Pressure (bar)
    2.98639e+05   -1.26278e+06   -1.58715e+06    2.99075e+02   -3.13836e+02
   Constr. rmsd
    3.30004e-06

Writing checkpoint, step 3600 at Fri Jun 24 12:56:21 2022



DD  step 3999 load imb.: force  1.2%  pme mesh/force 2.274
           Step           Time
           4000        8.00000

   Energies (kJ/mol)
           Bond          Angle    Proper Dih.  Improper Dih.          LJ-14
    7.39279e+03    2.23734e+04    3.10856e+04    1.14081e+03    9.16651e+03
     Coulomb-14        LJ (SR)   Coulomb (SR)   Coul. recip.      Potential
    1.02702e+05    2.04882e+05   -1.94630e+06    5.94584e+03   -1.56161e+06
    Kinetic En.   Total Energy  Conserved En.    Temperature Pressure (bar)
    2.98518e+05   -1.26310e+06   -1.58717e+06    2.98954e+02   -1.99136e+02
   Constr. rmsd
    3.18960e-06

Writing checkpoint, step 4320 at Fri Jun 24 13:12:03 2022


           Step           Time
           4500        9.00000

   Energies (kJ/mol)
           Bond          Angle    Proper Dih.  Improper Dih.          LJ-14
    7.51692e+03    2.23012e+04    3.11204e+04    1.20830e+03    9.22223e+03
     Coulomb-14        LJ (SR)   Coulomb (SR)   Coul. recip.      Potential
    1.02965e+05    2.05329e+05   -1.94983e+06    5.97940e+03   -1.56418e+06
    Kinetic En.   Total Energy  Conserved En.    Temperature Pressure (bar)
    3.00118e+05   -1.26407e+06   -1.58714e+06    3.00557e+02   -1.47980e+02
   Constr. rmsd
    3.29186e-06

           Step           Time
           5000       10.00000

   Energies (kJ/mol)
           Bond          Angle    Proper Dih.  Improper Dih.          LJ-14
    7.16274e+03    2.25029e+04    3.10557e+04    1.21245e+03    9.34122e+03
     Coulomb-14        LJ (SR)   Coulomb (SR)   Coul. recip.      Potential
    1.02717e+05    2.03453e+05   -1.94587e+06    5.82795e+03   -1.56260e+06
    Kinetic En.   Total Energy  Conserved En.    Temperature Pressure (bar)
    3.00164e+05   -1.26244e+06   -1.58713e+06    3.00602e+02   -1.50922e+02
   Constr. rmsd
    3.19508e-06

Writing checkpoint, step 5040 at Fri Jun 24 13:27:45 2022


           Step           Time
           5500       11.00000

   Energies (kJ/mol)
           Bond          Angle    Proper Dih.  Improper Dih.          LJ-14
    7.54397e+03    2.20366e+04    3.11442e+04    1.13825e+03    9.30797e+03
     Coulomb-14        LJ (SR)   Coulomb (SR)   Coul. recip.      Potential
    1.02605e+05    2.02618e+05   -1.94472e+06    6.02111e+03   -1.56230e+06
    Kinetic En.   Total Energy  Conserved En.    Temperature Pressure (bar)
    2.99333e+05   -1.26297e+06   -1.58712e+06    2.99770e+02   -2.32440e+02
   Constr. rmsd
    3.35301e-06

Writing checkpoint, step 5680 at Fri Jun 24 13:41:41 2022



DD  step 5999 load imb.: force  4.2%  pme mesh/force 2.265
           Step           Time
           6000       12.00000

   Energies (kJ/mol)
           Bond          Angle    Proper Dih.  Improper Dih.          LJ-14
    7.44028e+03    2.23817e+04    3.12106e+04    1.18985e+03    9.20864e+03
     Coulomb-14        LJ (SR)   Coulomb (SR)   Coul. recip.      Potential
    1.02681e+05    2.03160e+05   -1.94461e+06    5.95271e+03   -1.56138e+06
    Kinetic En.   Total Energy  Conserved En.    Temperature Pressure (bar)
    2.99023e+05   -1.26236e+06   -1.58709e+06    2.99460e+02   -1.64353e+02
   Constr. rmsd
    3.34806e-06

Writing checkpoint, step 6400 at Fri Jun 24 13:57:22 2022


           Step           Time
           6500       13.00000

   Energies (kJ/mol)
           Bond          Angle    Proper Dih.  Improper Dih.          LJ-14
    7.41282e+03    2.25727e+04    3.10746e+04    1.13344e+03    9.28016e+03
     Coulomb-14        LJ (SR)   Coulomb (SR)   Coul. recip.      Potential
    1.02522e+05    2.01722e+05   -1.94264e+06    6.01540e+03   -1.56090e+06
    Kinetic En.   Total Energy  Conserved En.    Temperature Pressure (bar)
    3.00545e+05   -1.26036e+06   -1.58709e+06    3.00984e+02   -2.88411e+02
   Constr. rmsd
    3.41711e-06

           Step           Time
           7000       14.00000

   Energies (kJ/mol)
           Bond          Angle    Proper Dih.  Improper Dih.          LJ-14
    7.52549e+03    2.21412e+04    3.12968e+04    1.18440e+03    9.18028e+03
     Coulomb-14        LJ (SR)   Coulomb (SR)   Coul. recip.      Potential
    1.03000e+05    2.03879e+05   -1.94549e+06    5.97481e+03   -1.56131e+06
    Kinetic En.   Total Energy  Conserved En.    Temperature Pressure (bar)
    3.00261e+05   -1.26105e+06   -1.58710e+06    3.00699e+02   -2.30628e+02
   Constr. rmsd
    3.44647e-06

Writing checkpoint, step 7120 at Fri Jun 24 14:13:03 2022


           Step           Time
           7500       15.00000

   Energies (kJ/mol)
           Bond          Angle    Proper Dih.  Improper Dih.          LJ-14
    7.55448e+03    2.26740e+04    3.12618e+04    1.16711e+03    9.18932e+03
     Coulomb-14        LJ (SR)   Coulomb (SR)   Coul. recip.      Potential
    1.02503e+05    2.02018e+05   -1.94050e+06    6.03277e+03   -1.55809e+06
    Kinetic En.   Total Energy  Conserved En.    Temperature Pressure (bar)
    3.00016e+05   -1.25808e+06   -1.58703e+06    3.00454e+02   -2.19834e+02
   Constr. rmsd
    3.35463e-06

Writing checkpoint, step 7760 at Fri Jun 24 14:26:59 2022



DD  step 7999 load imb.: force  3.2%  pme mesh/force 2.271
           Step           Time
           8000       16.00000

   Energies (kJ/mol)
           Bond          Angle    Proper Dih.  Improper Dih.          LJ-14
    7.46836e+03    2.23491e+04    3.11271e+04    1.18674e+03    9.22299e+03
     Coulomb-14        LJ (SR)   Coulomb (SR)   Coul. recip.      Potential
    1.02466e+05    2.03014e+05   -1.94380e+06    5.97907e+03   -1.56099e+06
    Kinetic En.   Total Energy  Conserved En.    Temperature Pressure (bar)
    2.97357e+05   -1.26363e+06   -1.58698e+06    2.97792e+02   -2.53284e+02
   Constr. rmsd
    3.36162e-06

Writing checkpoint, step 8480 at Fri Jun 24 14:42:40 2022


           Step           Time
           8500       17.00000

   Energies (kJ/mol)
           Bond          Angle    Proper Dih.  Improper Dih.          LJ-14
    7.30941e+03    2.20312e+04    3.12158e+04    1.16079e+03    9.17196e+03
     Coulomb-14        LJ (SR)   Coulomb (SR)   Coul. recip.      Potential
    1.02773e+05    2.03053e+05   -1.94507e+06    6.09785e+03   -1.56226e+06
    Kinetic En.   Total Energy  Conserved En.    Temperature Pressure (bar)
    2.99880e+05   -1.26238e+06   -1.58703e+06    3.00318e+02   -2.65050e+02
   Constr. rmsd
    3.27036e-06

           Step           Time
           9000       18.00000

   Energies (kJ/mol)
           Bond          Angle    Proper Dih.  Improper Dih.          LJ-14
    7.37406e+03    2.22730e+04    3.11394e+04    1.17871e+03    9.26014e+03
     Coulomb-14        LJ (SR)   Coulomb (SR)   Coul. recip.      Potential
    1.02881e+05    2.04059e+05   -1.94667e+06    5.91535e+03   -1.56259e+06
    Kinetic En.   Total Energy  Conserved En.    Temperature Pressure (bar)
    2.99030e+05   -1.26356e+06   -1.58698e+06    2.99467e+02   -1.92765e+02
   Constr. rmsd
    3.23801e-06

Writing checkpoint, step 9120 at Fri Jun 24 14:56:39 2022


           Step           Time
           9500       19.00000

   Energies (kJ/mol)
           Bond          Angle    Proper Dih.  Improper Dih.          LJ-14
    7.51547e+03    2.19651e+04    3.11219e+04    1.18063e+03    9.17411e+03
     Coulomb-14        LJ (SR)   Coulomb (SR)   Coul. recip.      Potential
    1.02779e+05    2.03465e+05   -1.94622e+06    6.14623e+03   -1.56287e+06
    Kinetic En.   Total Energy  Conserved En.    Temperature Pressure (bar)
    2.98788e+05   -1.26409e+06   -1.58697e+06    2.99225e+02   -2.95019e+02
   Constr. rmsd
    3.39517e-06

Writing checkpoint, step 9840 at Fri Jun 24 15:12:20 2022



DD  step 9999 load imb.: force  1.4%  pme mesh/force 2.308
           Step           Time
          10000       20.00000

Writing checkpoint, step 10000 at Fri Jun 24 15:15:50 2022


   Energies (kJ/mol)
           Bond          Angle    Proper Dih.  Improper Dih.          LJ-14
    7.37737e+03    2.23892e+04    3.10165e+04    1.16381e+03    9.30092e+03
     Coulomb-14        LJ (SR)   Coulomb (SR)   Coul. recip.      Potential
    1.02760e+05    2.03340e+05   -1.94472e+06    5.98690e+03   -1.56139e+06
    Kinetic En.   Total Energy  Conserved En.    Temperature Pressure (bar)
    2.98803e+05   -1.26259e+06   -1.58693e+06    2.99239e+02   -2.06011e+02
   Constr. rmsd
    3.11131e-06


Energy conservation over simulation part #1 of length 20 ns, time 0 to 20 ns
  Conserved energy drift: 1.41e-03 kJ/mol/ps per atom


	<======  ###############  ==>
	<====  A V E R A G E S  ====>
	<==  ###############  ======>

	Statistics over 10001 steps using 101 frames

   Energies (kJ/mol)
           Bond          Angle    Proper Dih.  Improper Dih.          LJ-14
    7.34404e+03    2.20199e+04    3.11128e+04    1.15341e+03    9.28037e+03
     Coulomb-14        LJ (SR)   Coulomb (SR)   Coul. recip.      Potential
    1.02693e+05    2.04332e+05   -1.95072e+06    5.54886e+03   -1.56724e+06
    Kinetic En.   Total Energy  Conserved En.    Temperature Pressure (bar)
    2.98513e+05   -1.26873e+06   -1.58717e+06    2.98949e+02   -2.50819e+02
   Constr. rmsd
    0.00000e+00

   Total Virial (kJ/mol)
    1.08677e+05   -1.31568e+02   -3.41197e+01
   -1.29744e+02    1.08414e+05    1.08634e+02
   -3.31295e+01    1.07854e+02    1.08577e+05

   Pressure (bar)
   -2.55485e+02    3.00363e+00   -1.77737e+00
    2.95307e+00   -2.47884e+02   -3.20675e+00
   -1.80481e+00   -3.18514e+00   -2.49087e+02

      T-Protein          T-EAAT-Water_and_ions
    2.99685e+02    3.01936e+02    2.98854e+02


	M E G A - F L O P S   A C C O U N T I N G

 NB=Group-cutoff nonbonded kernels    NxN=N-by-N cluster Verlet kernels
 RF=Reaction-Field  VdW=Van der Waals  QSTab=quadratic-spline table
 W3=SPC/TIP3p  W4=TIP4p (single or pairs)
 V&F=Potential and force  V=Potential only  F=Force only

 Computing:                               M-Number         M-Flops  % Flops
-----------------------------------------------------------------------------
 Pair Search distance check            7400.403768       66603.634     0.1
 NxN QSTab Elec. + LJ [F]            545461.448976    28909456.796    61.5
 NxN QSTab Elec. + LJ [V&F]            5571.277072      451273.443     1.0
 NxN QSTab Elec. [F]                 450931.276688    15331663.407    32.6
 NxN QSTab Elec. [V&F]                 4606.219040      188854.981     0.4
 1,4 nonbonded interactions             250.435041       22539.154     0.0
 Calc Weights                          3527.302695      126982.897     0.3
 Spread Q Bspline                     75249.124160      150498.248     0.3
 Gather F Bspline                     75249.124160      451494.745     1.0
 3D-FFT                              126401.380672     1011211.045     2.2
 Solve PME                               48.601664        3110.506     0.0
 Reset In Box                            14.813190          44.440     0.0
 CG-CoM                                  14.930755          44.792     0.0
 Bonds                                   49.804980        2938.494     0.0
 Angles                                 176.027601       29572.637     0.1
 Propers                                313.971394       71899.449     0.2
 Impropers                               19.201920        3993.999     0.0
 Virial                                  11.983145         215.697     0.0
 Stop-CM                                 11.991630         119.916     0.0
 Calc-Ekin                              235.365130        6354.859     0.0
 Lincs                                   51.953700        3117.222     0.0
 Lincs-Mat                              287.734980        1150.940     0.0
 Constraint-V                          1258.471461       11326.243     0.0
 Constraint-Vir                          12.182792         292.387     0.0
 Settle                                 384.896602      142411.743     0.3
-----------------------------------------------------------------------------
 Total                                                46987171.674   100.0
-----------------------------------------------------------------------------


    D O M A I N   D E C O M P O S I T I O N   S T A T I S T I C S

 av. #atoms communicated per step for force:  2 x 178151.9
 av. #atoms communicated per step for LINCS:  2 x 8419.0


Dynamic load balancing report:
 DLB was off during the run due to low measured imbalance.
 Average load imbalance: 3.0%.
 The balanceable part of the MD step is 37%, load imbalance is computed from this.
 Part of the total run time spent waiting due to load imbalance: 1.1%.
 Average PME mesh/force load: 2.288
 Part of the total run time spent waiting due to PP/PME imbalance: 33.5 %

NOTE: 33.5 % performance was lost because the PME ranks
      had more work to do than the PP ranks.
      You might want to increase the number of PME ranks
      or increase the cut-off and the grid spacing.


     R E A L   C Y C L E   A N D   T I M E   A C C O U N T I N G

On 24 MPI ranks doing PP, and
on 4 MPI ranks doing PME

 Computing:          Num   Num      Call    Wall time         Giga-Cycles
                     Ranks Threads  Count      (s)         total sum    %
-----------------------------------------------------------------------------
 Domain decomp.        24    1        126     425.660      26499.098   2.8
 DD comm. load         24    1          7       0.546         33.962   0.0
 Send X to PME         24    1      10001     785.593      48906.447   5.2
 Neighbor search       24    1        126      30.273       1884.615   0.2
 Comm. coord.          24    1       9875    2212.399     137731.169  14.7
 Force                 24    1      10001    1760.062     109571.239  11.7
 Wait + Comm. F        24    1      10001    2299.818     143173.328  15.3
 PME mesh *             4    1      10001    8853.649      91862.815   9.8
 PME wait for PP *                           4037.809      41895.104   4.5
 Wait + Recv. PME F    24    1      10001    2751.144     171270.300  18.3
 NB X/F buffer ops.    24    1      29751       2.914        181.401   0.0
 Write traj.           24    1         35       9.413        585.972   0.1
 Update                24    1      10001       0.462         28.743   0.0
 Constraints           24    1      10003    2274.390     141590.356  15.1
 Comm. energies        24    1       1001     327.497      20388.066   2.2
 Rest                                          12.037        749.340   0.1
-----------------------------------------------------------------------------
 Total                                      12892.205     936359.711 100.0
-----------------------------------------------------------------------------
(*) Note that with separate PME ranks, the walltime column actually sums to
    twice the total reported, but the cycle count total and % are correct.
-----------------------------------------------------------------------------
 Breakdown of PME mesh computation
-----------------------------------------------------------------------------
 PME redist. X/F        4    1      20002    5810.208      60284.980   6.4
 PME spread             4    1      10001     743.626       7715.639   0.8
 PME gather             4    1      10001     748.257       7763.693   0.8
 PME 3D-FFT             4    1      20002      16.290        169.020   0.0
 PME 3D-FFT Comm.       4    1      20002    1533.793      15914.183   1.7
 PME solve Elec         4    1      10001       1.402         14.550   0.0
-----------------------------------------------------------------------------

               Core t (s)   Wall t (s)        (%)
       Time:   360972.876    12892.205     2799.9
                         3h34:52
                 (ns/day)    (hour/ns)
Performance:        0.134      179.041
Finished mdrun on rank 0 Fri Jun 24 15:15:57 2022

