                      :-) GROMACS - gmx mdrun, 2021.2 (-:

                            GROMACS is written by:
     Andrey Alekseenko              Emile Apol              Rossen Apostolov     
         Paul Bauer           Herman J.C. Berendsen           Par Bjelkmar       
       Christian Blau           Viacheslav Bolnykh             Kevin Boyd        
     Aldert van Buuren           Rudi van Drunen             Anton Feenstra      
    Gilles Gouaillardet             Alan Gray               Gerrit Groenhof      
       Anca Hamuraru            Vincent Hindriksen          M. Eric Irrgang      
      Aleksei Iupinov           Christoph Junghans             Joe Jordan        
    Dimitrios Karkoulis            Peter Kasson                Jiri Kraus        
      Carsten Kutzner              Per Larsson              Justin A. Lemkul     
       Viveca Lindahl            Magnus Lundborg             Erik Marklund       
        Pascal Merz             Pieter Meulenhoff            Teemu Murtola       
        Szilard Pall               Sander Pronk              Roland Schulz       
       Michael Shirts            Alexey Shvetsov             Alfons Sijbers      
       Peter Tieleman              Jon Vincent              Teemu Virolainen     
     Christian Wennberg            Maarten Wolf              Artem Zhmurov       
                           and the project leaders:
        Mark Abraham, Berk Hess, Erik Lindahl, and David van der Spoel

Copyright (c) 1991-2000, University of Groningen, The Netherlands.
Copyright (c) 2001-2019, The GROMACS development team at
Uppsala University, Stockholm University and
the Royal Institute of Technology, Sweden.
check out http://www.gromacs.org for more information.

GROMACS is free software; you can redistribute it and/or modify it
under the terms of the GNU Lesser General Public License
as published by the Free Software Foundation; either version 2.1
of the License, or (at your option) any later version.

GROMACS:      gmx mdrun, version 2021.2
Executable:   /gpfs/opt/apps/gromacs-2021.2/bin/gmx
Data prefix:  /gpfs/opt/apps/gromacs-2021.2
Working dir:  /gpfs/work/tuk27574/fragment_builder
Process ID:   4820
Command line:
  gmx mdrun -s ./combo_folder/EAA/nvt_EAA50.tpr -deffnm ./combo_folder/EAA/combo_nvt_EAA50

GROMACS version:    2021.2
Verified release checksum is d91a739522d82c53dc47c2276b9ac5fae3b2119283e84e3a1c7bed8ce741fda2
Precision:          mixed
Memory model:       64 bit
MPI library:        thread_mpi
OpenMP support:     enabled (GMX_OPENMP_MAX_THREADS = 64)
GPU support:        disabled
SIMD instructions:  SSE4.1
FFT library:        fftw-3.3.3-sse2
RDTSCP usage:       enabled
TNG support:        enabled
Hwloc support:      disabled
Tracing support:    disabled
C compiler:         /gpfs/opt/tools/gcc-8.4.0/bin/gcc GNU 8.4.0
C compiler flags:   -msse4.1 -Wno-missing-field-initializers -fexcess-precision=fast -funroll-all-loops -O3 -DNDEBUG
C++ compiler:       /gpfs/opt/tools/gcc-8.4.0/bin/g++ GNU 8.4.0
C++ compiler flags: -msse4.1 -Wno-missing-field-initializers -fexcess-precision=fast -funroll-all-loops -fopenmp -O3 -DNDEBUG


Running on 1 node with total 28 cores, 28 logical cores
Hardware detected:
  CPU info:
    Vendor: Intel
    Brand:  Intel(R) Xeon(R) CPU E5-2690 v4 @ 2.60GHz
    Family: 6   Model: 79   Stepping: 1
    Features: aes apic avx avx2 clfsh cmov cx8 cx16 f16c fma hle htt intel lahf mmx msr nonstop_tsc pcid pclmuldq pdcm pdpe1gb popcnt pse rdrnd rdtscp rtm sse2 sse3 sse4.1 sse4.2 ssse3 tdt x2apic
  Hardware topology: Basic
    Sockets, cores, and logical processors:
      Socket  0: [   0] [   2] [   4] [   6] [   8] [  10] [  12] [  14] [  16] [  18] [  20] [  22] [  24] [  26]
      Socket  1: [   1] [   3] [   5] [   7] [   9] [  11] [  13] [  15] [  17] [  19] [  21] [  23] [  25] [  27]

Highest SIMD level requested by all nodes in run: AVX2_256
SIMD instructions selected at compile time:       SSE4.1
This program was compiled for different hardware than you are running on,
which could influence performance.

++++ PLEASE READ AND CITE THE FOLLOWING REFERENCE ++++
M. J. Abraham, T. Murtola, R. Schulz, S. Páll, J. C. Smith, B. Hess, E.
Lindahl
GROMACS: High performance molecular simulations through multi-level
parallelism from laptops to supercomputers
SoftwareX 1 (2015) pp. 19-25
-------- -------- --- Thank You --- -------- --------


++++ PLEASE READ AND CITE THE FOLLOWING REFERENCE ++++
S. Páll, M. J. Abraham, C. Kutzner, B. Hess, E. Lindahl
Tackling Exascale Software Challenges in Molecular Dynamics Simulations with
GROMACS
In S. Markidis & E. Laure (Eds.), Solving Software Challenges for Exascale 8759 (2015) pp. 3-27
-------- -------- --- Thank You --- -------- --------


++++ PLEASE READ AND CITE THE FOLLOWING REFERENCE ++++
S. Pronk, S. Páll, R. Schulz, P. Larsson, P. Bjelkmar, R. Apostolov, M. R.
Shirts, J. C. Smith, P. M. Kasson, D. van der Spoel, B. Hess, and E. Lindahl
GROMACS 4.5: a high-throughput and highly parallel open source molecular
simulation toolkit
Bioinformatics 29 (2013) pp. 845-54
-------- -------- --- Thank You --- -------- --------


++++ PLEASE READ AND CITE THE FOLLOWING REFERENCE ++++
B. Hess and C. Kutzner and D. van der Spoel and E. Lindahl
GROMACS 4: Algorithms for highly efficient, load-balanced, and scalable
molecular simulation
J. Chem. Theory Comput. 4 (2008) pp. 435-447
-------- -------- --- Thank You --- -------- --------


++++ PLEASE READ AND CITE THE FOLLOWING REFERENCE ++++
D. van der Spoel, E. Lindahl, B. Hess, G. Groenhof, A. E. Mark and H. J. C.
Berendsen
GROMACS: Fast, Flexible and Free
J. Comp. Chem. 26 (2005) pp. 1701-1719
-------- -------- --- Thank You --- -------- --------


++++ PLEASE READ AND CITE THE FOLLOWING REFERENCE ++++
E. Lindahl and B. Hess and D. van der Spoel
GROMACS 3.0: A package for molecular simulation and trajectory analysis
J. Mol. Mod. 7 (2001) pp. 306-317
-------- -------- --- Thank You --- -------- --------


++++ PLEASE READ AND CITE THE FOLLOWING REFERENCE ++++
H. J. C. Berendsen, D. van der Spoel and R. van Drunen
GROMACS: A message-passing parallel molecular dynamics implementation
Comp. Phys. Comm. 91 (1995) pp. 43-56
-------- -------- --- Thank You --- -------- --------


++++ PLEASE CITE THE DOI FOR THIS VERSION OF GROMACS ++++
https://doi.org/10.5281/zenodo.4723562
-------- -------- --- Thank You --- -------- --------


The number of OpenMP threads was set by environment variable OMP_NUM_THREADS to 1

Input Parameters:
   integrator                     = md
   tinit                          = 0
   dt                             = 0.002
   nsteps                         = 10000
   init-step                      = 0
   simulation-part                = 1
   mts                            = false
   comm-mode                      = Linear
   nstcomm                        = 100
   bd-fric                        = 0
   ld-seed                        = -876879899
   emtol                          = 10
   emstep                         = 0.01
   niter                          = 20
   fcstep                         = 0
   nstcgsteep                     = 1000
   nbfgscorr                      = 10
   rtpi                           = 0.05
   nstxout                        = 0
   nstvout                        = 0
   nstfout                        = 0
   nstlog                         = 500
   nstcalcenergy                  = 100
   nstenergy                      = 500
   nstxout-compressed             = 500
   compressed-x-precision         = 1000
   cutoff-scheme                  = Verlet
   nstlist                        = 20
   pbc                            = xyz
   periodic-molecules             = false
   verlet-buffer-tolerance        = 0.005
   rlist                          = 1.221
   coulombtype                    = PME
   coulomb-modifier               = Potential-shift
   rcoulomb-switch                = 0
   rcoulomb                       = 1.2
   epsilon-r                      = 1
   epsilon-rf                     = inf
   vdw-type                       = Cut-off
   vdw-modifier                   = Force-switch
   rvdw-switch                    = 1
   rvdw                           = 1.2
   DispCorr                       = No
   table-extension                = 1
   fourierspacing                 = 0.16
   fourier-nx                     = 72
   fourier-ny                     = 72
   fourier-nz                     = 72
   pme-order                      = 4
   ewald-rtol                     = 1e-05
   ewald-rtol-lj                  = 0.001
   lj-pme-comb-rule               = Geometric
   ewald-geometry                 = 0
   epsilon-surface                = 0
   tcoupl                         = V-rescale
   nsttcouple                     = 10
   nh-chain-length                = 0
   print-nose-hoover-chain-variables = false
   pcoupl                         = No
   pcoupltype                     = Isotropic
   nstpcouple                     = -1
   tau-p                          = 1
   compressibility (3x3):
      compressibility[    0]={ 0.00000e+00,  0.00000e+00,  0.00000e+00}
      compressibility[    1]={ 0.00000e+00,  0.00000e+00,  0.00000e+00}
      compressibility[    2]={ 0.00000e+00,  0.00000e+00,  0.00000e+00}
   ref-p (3x3):
      ref-p[    0]={ 0.00000e+00,  0.00000e+00,  0.00000e+00}
      ref-p[    1]={ 0.00000e+00,  0.00000e+00,  0.00000e+00}
      ref-p[    2]={ 0.00000e+00,  0.00000e+00,  0.00000e+00}
   refcoord-scaling               = No
   posres-com (3):
      posres-com[0]= 0.00000e+00
      posres-com[1]= 0.00000e+00
      posres-com[2]= 0.00000e+00
   posres-comB (3):
      posres-comB[0]= 0.00000e+00
      posres-comB[1]= 0.00000e+00
      posres-comB[2]= 0.00000e+00
   QMMM                           = false
qm-opts:
   ngQM                           = 0
   constraint-algorithm           = Lincs
   continuation                   = false
   Shake-SOR                      = false
   shake-tol                      = 0.0001
   lincs-order                    = 4
   lincs-iter                     = 1
   lincs-warnangle                = 30
   nwall                          = 0
   wall-type                      = 9-3
   wall-r-linpot                  = -1
   wall-atomtype[0]               = -1
   wall-atomtype[1]               = -1
   wall-density[0]                = 0
   wall-density[1]                = 0
   wall-ewald-zfac                = 3
   pull                           = false
   awh                            = false
   rotation                       = false
   interactiveMD                  = false
   disre                          = No
   disre-weighting                = Conservative
   disre-mixed                    = false
   dr-fc                          = 1000
   dr-tau                         = 0
   nstdisreout                    = 100
   orire-fc                       = 0
   orire-tau                      = 0
   nstorireout                    = 100
   free-energy                    = no
   cos-acceleration               = 0
   deform (3x3):
      deform[    0]={ 0.00000e+00,  0.00000e+00,  0.00000e+00}
      deform[    1]={ 0.00000e+00,  0.00000e+00,  0.00000e+00}
      deform[    2]={ 0.00000e+00,  0.00000e+00,  0.00000e+00}
   simulated-tempering            = false
   swapcoords                     = no
   userint1                       = 0
   userint2                       = 0
   userint3                       = 0
   userint4                       = 0
   userreal1                      = 0
   userreal2                      = 0
   userreal3                      = 0
   userreal4                      = 0
   applied-forces:
     electric-field:
       x:
         E0                       = 0
         omega                    = 0
         t0                       = 0
         sigma                    = 0
       y:
         E0                       = 0
         omega                    = 0
         t0                       = 0
         sigma                    = 0
       z:
         E0                       = 0
         omega                    = 0
         t0                       = 0
         sigma                    = 0
     density-guided-simulation:
       active                     = false
       group                      = protein
       similarity-measure         = inner-product
       atom-spreading-weight      = unity
       force-constant             = 1e+09
       gaussian-transform-spreading-width = 0.2
       gaussian-transform-spreading-range-in-multiples-of-width = 4
       reference-density-filename = reference.mrc
       nst                        = 1
       normalize-densities        = true
       adaptive-force-scaling     = false
       adaptive-force-scaling-time-constant = 4
       shift-vector               = 
       transformation-matrix      = 
grpopts:
   nrdf:     23287.7     1249.98      215679
   ref-t:         300         300         300
   tau-t:         0.1         0.1         0.1
annealing:          No          No          No
annealing-npoints:           0           0           0
   acc:	           0           0           0
   nfreeze:           N           N           N
   energygrp-flags[  0]: 0

Changing nstlist from 20 to 80, rlist from 1.221 to 1.316


Initializing Domain Decomposition on 28 ranks
Dynamic load balancing: auto
Minimum cell size due to atom displacement: 0.649 nm
Initial maximum distances in bonded interactions:
    two-body bonded interactions: 0.423 nm, LJ-14, atoms 2530 2538
  multi-body bonded interactions: 0.423 nm, Proper Dih., atoms 2530 2538
Minimum cell size due to bonded interactions: 0.465 nm
Maximum distance for 5 constraints, at 120 deg. angles, all-trans: 0.219 nm
Estimated maximum distance required for P-LINCS: 0.219 nm
Scaling the initial minimum size with 1/0.8 (option -dds) = 1.25
Guess for relative PME load: 0.09
Will use 24 particle-particle and 4 PME only ranks
This is a guess, check the performance at the end of the log file
Using 4 separate PME ranks, as guessed by mdrun
Optimizing the DD grid for 24 cells with a minimum initial size of 0.811 nm
The maximum allowed number of cells is: X 13 Y 13 Z 13
Domain decomposition grid 4 x 3 x 2, separate PME ranks 4
PME domain decomposition: 4 x 1 x 1
Interleaving PP and PME ranks
This rank does only particle-particle work.
Domain decomposition rank 0, coordinates 0 0 0

The initial number of communication pulses is: X 1 Y 1 Z 1
The initial domain decomposition cell size is: X 2.66 nm Y 3.54 nm Z 5.31 nm

The maximum allowed distance for atoms involved in interactions is:
                 non-bonded interactions           1.316 nm
            two-body bonded interactions  (-rdd)   1.316 nm
          multi-body bonded interactions  (-rdd)   1.316 nm
  atoms separated by up to 5 constraints  (-rcon)  2.656 nm

When dynamic load balancing gets turned on, these settings will change to:
The maximum number of communication pulses is: X 1 Y 1 Z 1
The minimum size for domain decomposition cells is 1.316 nm
The requested allowed shrink of DD cells (option -dds) is: 0.80
The allowed shrink of domain decomposition cells is: X 0.50 Y 0.37 Z 0.25
The maximum allowed distance for atoms involved in interactions is:
                 non-bonded interactions           1.316 nm
            two-body bonded interactions  (-rdd)   1.316 nm
          multi-body bonded interactions  (-rdd)   1.316 nm
  atoms separated by up to 5 constraints  (-rcon)  1.316 nm

Using 28 MPI threads
Using 1 OpenMP thread per tMPI thread

Pinning threads with an auto-selected logical core stride of 1
System total charge: -50.000
Will do PME sum in reciprocal space for electrostatic interactions.

++++ PLEASE READ AND CITE THE FOLLOWING REFERENCE ++++
U. Essmann, L. Perera, M. L. Berkowitz, T. Darden, H. Lee and L. G. Pedersen 
A smooth particle mesh Ewald method
J. Chem. Phys. 103 (1995) pp. 8577-8592
-------- -------- --- Thank You --- -------- --------

Using a Gaussian width (1/beta) of 0.384195 nm for Ewald
Potential shift: LJ r^-12: -2.648e-01 r^-6: -5.349e-01, Ewald -8.333e-06
Initialized non-bonded Ewald tables, spacing: 1.02e-03 size: 1176

Generated table with 1158 data points for 1-4 COUL.
Tabscale = 500 points/nm
Generated table with 1158 data points for 1-4 LJ6.
Tabscale = 500 points/nm
Generated table with 1158 data points for 1-4 LJ12.
Tabscale = 500 points/nm


Using SIMD 4x4 nonbonded short-range kernels

Using a dual 4x4 pair-list setup updated with dynamic pruning:
  outer list: updated every 80 steps, buffer 0.116 nm, rlist 1.316 nm
  inner list: updated every 13 steps, buffer 0.001 nm, rlist 1.201 nm
At tolerance 0.005 kJ/mol/ps per atom, equivalent classical 1x1 list would be:
  outer list: updated every 80 steps, buffer 0.261 nm, rlist 1.461 nm
  inner list: updated every 13 steps, buffer 0.050 nm, rlist 1.250 nm
Removing pbc first time

Initializing Parallel LINear Constraint Solver

++++ PLEASE READ AND CITE THE FOLLOWING REFERENCE ++++
B. Hess
P-LINCS: A Parallel Linear Constraint Solver for molecular simulation
J. Chem. Theory Comput. 4 (2008) pp. 116-122
-------- -------- --- Thank You --- -------- --------

The number of constraints is 4850
There are constraints between atoms in different decomposition domains,
will communicate selected coordinates each lincs iteration

++++ PLEASE READ AND CITE THE FOLLOWING REFERENCE ++++
S. Miyamoto and P. A. Kollman
SETTLE: An Analytical Version of the SHAKE and RATTLE Algorithms for Rigid
Water Models
J. Comp. Chem. 13 (1992) pp. 952-962
-------- -------- --- Thank You --- -------- --------


Linking all bonded interactions to atoms


Intra-simulation communication will occur every 10 steps.

++++ PLEASE READ AND CITE THE FOLLOWING REFERENCE ++++
G. Bussi, D. Donadio and M. Parrinello
Canonical sampling through velocity rescaling
J. Chem. Phys. 126 (2007) pp. 014101
-------- -------- --- Thank You --- -------- --------

There are: 117564 Atoms
Atom distribution over 24 domains: av 4898 stddev 98 min 4816 max 5072

Constraining the starting coordinates (step 0)

Constraining the coordinates at t0-dt (step 0)
Center of mass motion removal mode is Linear
We have the following groups for center of mass motion removal:
  0:  rest
RMS relative constraint deviation after constraining: 4.58e-06
Initial temperature: 300.254 K

Started mdrun on rank 0 Fri Jun 24 11:46:23 2022

           Step           Time
              0        0.00000

   Energies (kJ/mol)
           Bond          Angle    Proper Dih.  Improper Dih.          LJ-14
    1.44932e+03    7.87187e+03    2.78930e+04    2.19562e+02    8.11259e+03
     Coulomb-14        LJ (SR)   Coulomb (SR)   Coul. recip.      Potential
    1.02919e+05    2.35000e+05   -2.28624e+06    4.08333e+03   -1.89869e+06
    Kinetic En.   Total Energy  Conserved En.    Temperature Pressure (bar)
    2.99877e+05   -1.59881e+06   -1.59881e+06    3.00286e+02   -4.47401e+03
   Constr. rmsd
    3.37891e-06


DD  step 79 load imb.: force  3.5%  pme mesh/force 2.266
step  480: timed with pme grid 72 72 72, coulomb cutoff 1.200: 232814.6 M-cycles
           Step           Time
            500        1.00000

   Energies (kJ/mol)
           Bond          Angle    Proper Dih.  Improper Dih.          LJ-14
    7.84165e+03    2.24397e+04    3.12978e+04    1.03603e+03    9.23138e+03
     Coulomb-14        LJ (SR)   Coulomb (SR)   Coul. recip.      Potential
    1.02220e+05    2.08981e+05   -1.95995e+06    4.19621e+03   -1.57271e+06
    Kinetic En.   Total Energy  Conserved En.    Temperature Pressure (bar)
    2.96965e+05   -1.27574e+06   -1.59589e+06    2.97370e+02   -1.71436e+02
   Constr. rmsd
    3.32523e-06

step  640: timed with pme grid 60 60 60, coulomb cutoff 1.328: 233034.5 M-cycles
Writing checkpoint, step 720 at Fri Jun 24 12:02:09 2022


step  800: timed with pme grid 52 52 52, coulomb cutoff 1.532: 234070.8 M-cycles
step  960: timed with pme grid 48 48 48, coulomb cutoff 1.660: 235829.1 M-cycles
           Step           Time
           1000        2.00000

   Energies (kJ/mol)
           Bond          Angle    Proper Dih.  Improper Dih.          LJ-14
    7.66728e+03    2.24146e+04    3.11945e+04    1.15058e+03    9.39329e+03
     Coulomb-14        LJ (SR)   Coulomb (SR)   Coul. recip.      Potential
    1.02534e+05    2.02569e+05   -1.94263e+06    1.71280e+03   -1.56399e+06
    Kinetic En.   Total Energy  Conserved En.    Temperature Pressure (bar)
    2.98273e+05   -1.26572e+06   -1.59579e+06    2.98680e+02   -2.89457e+02
   Constr. rmsd
    3.38919e-06

step 1120: timed with pme grid 44 44 44, coulomb cutoff 1.811: 252294.2 M-cycles
step 1120: the maximum allowed grid scaling limits the PME load balancing to a coulomb cut-off of 1.811
step 1280: timed with pme grid 44 44 44, coulomb cutoff 1.811: 252655.0 M-cycles
Writing checkpoint, step 1360 at Fri Jun 24 12:16:50 2022


step 1440: timed with pme grid 48 48 48, coulomb cutoff 1.660: 235960.1 M-cycles
           Step           Time
           1500        3.00000

   Energies (kJ/mol)
           Bond          Angle    Proper Dih.  Improper Dih.          LJ-14
    7.67993e+03    2.29551e+04    3.12716e+04    1.22027e+03    9.23064e+03
     Coulomb-14        LJ (SR)   Coulomb (SR)   Coul. recip.      Potential
    1.02537e+05    2.02684e+05   -1.94180e+06    2.78370e+03   -1.56144e+06
    Kinetic En.   Total Energy  Conserved En.    Temperature Pressure (bar)
    3.00905e+05   -1.26054e+06   -1.59585e+06    3.01315e+02   -2.64134e+02
   Constr. rmsd
    3.29436e-06

step 1600: timed with pme grid 52 52 52, coulomb cutoff 1.532: 232441.7 M-cycles
step 1760: timed with pme grid 56 56 56, coulomb cutoff 1.423: 233111.4 M-cycles
step 1920: timed with pme grid 60 60 60, coulomb cutoff 1.328: 233579.4 M-cycles

DD  step 1999 load imb.: force 12.9%  pme mesh/force 2.039
           Step           Time
           2000        4.00000

   Energies (kJ/mol)
           Bond          Angle    Proper Dih.  Improper Dih.          LJ-14
    7.32321e+03    2.26187e+04    3.11043e+04    1.16098e+03    9.39031e+03
     Coulomb-14        LJ (SR)   Coulomb (SR)   Coul. recip.      Potential
    1.02999e+05    2.05304e+05   -1.95000e+06    5.36727e+03   -1.56474e+06
    Kinetic En.   Total Energy  Conserved En.    Temperature Pressure (bar)
    3.00535e+05   -1.26420e+06   -1.59592e+06    3.00945e+02   -1.38765e+02
   Constr. rmsd
    3.34736e-06

step 2080: timed with pme grid 64 64 64, coulomb cutoff 1.245: 232642.5 M-cycles
Writing checkpoint, step 2080 at Fri Jun 24 12:32:39 2022


step 2240: timed with pme grid 72 72 72, coulomb cutoff 1.200: 232547.0 M-cycles
              optimal pme grid 52 52 52, coulomb cutoff 1.532
           Step           Time
           2500        5.00000

   Energies (kJ/mol)
           Bond          Angle    Proper Dih.  Improper Dih.          LJ-14
    7.21489e+03    2.28943e+04    3.10718e+04    1.26000e+03    9.33201e+03
     Coulomb-14        LJ (SR)   Coulomb (SR)   Coul. recip.      Potential
    1.02734e+05    2.03440e+05   -1.94460e+06    2.70353e+03   -1.56395e+06
    Kinetic En.   Total Energy  Conserved En.    Temperature Pressure (bar)
    2.98870e+05   -1.26508e+06   -1.59587e+06    2.99278e+02   -1.29893e+02
   Constr. rmsd
    3.35585e-06

Writing checkpoint, step 2720 at Fri Jun 24 12:46:40 2022


           Step           Time
           3000        6.00000

   Energies (kJ/mol)
           Bond          Angle    Proper Dih.  Improper Dih.          LJ-14
    7.72865e+03    2.23627e+04    3.11869e+04    1.13322e+03    9.38439e+03
     Coulomb-14        LJ (SR)   Coulomb (SR)   Coul. recip.      Potential
    1.02810e+05    2.00849e+05   -1.94140e+06    2.69502e+03   -1.56325e+06
    Kinetic En.   Total Energy  Conserved En.    Temperature Pressure (bar)
    2.99113e+05   -1.26414e+06   -1.59585e+06    2.99521e+02   -3.26685e+02
   Constr. rmsd
    3.34037e-06

Writing checkpoint, step 3440 at Fri Jun 24 13:02:25 2022


           Step           Time
           3500        7.00000

   Energies (kJ/mol)
           Bond          Angle    Proper Dih.  Improper Dih.          LJ-14
    7.42375e+03    2.23668e+04    3.10436e+04    1.11469e+03    9.31360e+03
     Coulomb-14        LJ (SR)   Coulomb (SR)   Coul. recip.      Potential
    1.02848e+05    2.02934e+05   -1.94327e+06    2.68302e+03   -1.56354e+06
    Kinetic En.   Total Energy  Conserved En.    Temperature Pressure (bar)
    2.99562e+05   -1.26398e+06   -1.59586e+06    2.99971e+02   -2.42364e+02
   Constr. rmsd
    3.38213e-06


DD  step 3999 load imb.: force  9.9%  pme mesh/force 1.477
           Step           Time
           4000        8.00000

   Energies (kJ/mol)
           Bond          Angle    Proper Dih.  Improper Dih.          LJ-14
    7.30974e+03    2.30017e+04    3.11371e+04    1.12849e+03    9.41144e+03
     Coulomb-14        LJ (SR)   Coulomb (SR)   Coul. recip.      Potential
    1.02793e+05    2.04757e+05   -1.94410e+06    2.72013e+03   -1.56184e+06
    Kinetic En.   Total Energy  Conserved En.    Temperature Pressure (bar)
    2.99828e+05   -1.26201e+06   -1.59581e+06    3.00237e+02   -6.27584e+01
   Constr. rmsd
    3.27487e-06

Writing checkpoint, step 4160 at Fri Jun 24 13:18:10 2022


           Step           Time
           4500        9.00000

   Energies (kJ/mol)
           Bond          Angle    Proper Dih.  Improper Dih.          LJ-14
    7.47773e+03    2.23814e+04    3.10292e+04    1.10918e+03    9.19548e+03
     Coulomb-14        LJ (SR)   Coulomb (SR)   Coul. recip.      Potential
    1.02894e+05    2.01753e+05   -1.94244e+06    2.66662e+03   -1.56393e+06
    Kinetic En.   Total Energy  Conserved En.    Temperature Pressure (bar)
    3.01508e+05   -1.26242e+06   -1.59585e+06    3.01919e+02   -3.48232e+02
   Constr. rmsd
    3.14291e-06

Writing checkpoint, step 4800 at Fri Jun 24 13:32:10 2022


           Step           Time
           5000       10.00000

   Energies (kJ/mol)
           Bond          Angle    Proper Dih.  Improper Dih.          LJ-14
    7.28122e+03    2.24360e+04    3.10514e+04    1.26794e+03    9.44348e+03
     Coulomb-14        LJ (SR)   Coulomb (SR)   Coul. recip.      Potential
    1.02933e+05    2.02175e+05   -1.94275e+06    2.76317e+03   -1.56340e+06
    Kinetic En.   Total Energy  Conserved En.    Temperature Pressure (bar)
    2.98986e+05   -1.26441e+06   -1.59583e+06    2.99393e+02   -2.28512e+02
   Constr. rmsd
    3.35097e-06

           Step           Time
           5500       11.00000

   Energies (kJ/mol)
           Bond          Angle    Proper Dih.  Improper Dih.          LJ-14
    7.62046e+03    2.26909e+04    3.09623e+04    1.13047e+03    9.29293e+03
     Coulomb-14        LJ (SR)   Coulomb (SR)   Coul. recip.      Potential
    1.02593e+05    2.02183e+05   -1.94254e+06    2.77164e+03   -1.56329e+06
    Kinetic En.   Total Energy  Conserved En.    Temperature Pressure (bar)
    2.99856e+05   -1.26344e+06   -1.59580e+06    3.00265e+02   -2.47896e+02
   Constr. rmsd
    3.36473e-06

Writing checkpoint, step 5520 at Fri Jun 24 13:47:52 2022



DD  step 5999 load imb.: force  9.2%  pme mesh/force 1.479
           Step           Time
           6000       12.00000

   Energies (kJ/mol)
           Bond          Angle    Proper Dih.  Improper Dih.          LJ-14
    7.30324e+03    2.25581e+04    3.11855e+04    1.20222e+03    9.32974e+03
     Coulomb-14        LJ (SR)   Coulomb (SR)   Coul. recip.      Potential
    1.02849e+05    2.03925e+05   -1.94429e+06    2.66502e+03   -1.56328e+06
    Kinetic En.   Total Energy  Conserved En.    Temperature Pressure (bar)
    3.00206e+05   -1.26307e+06   -1.59582e+06    3.00615e+02   -1.27333e+02
   Constr. rmsd
    3.34532e-06

Writing checkpoint, step 6160 at Fri Jun 24 14:01:51 2022


           Step           Time
           6500       13.00000

   Energies (kJ/mol)
           Bond          Angle    Proper Dih.  Improper Dih.          LJ-14
    7.38031e+03    2.26143e+04    3.12305e+04    1.15307e+03    9.39737e+03
     Coulomb-14        LJ (SR)   Coulomb (SR)   Coul. recip.      Potential
    1.02667e+05    2.02583e+05   -1.94135e+06    2.73076e+03   -1.56159e+06
    Kinetic En.   Total Energy  Conserved En.    Temperature Pressure (bar)
    3.00398e+05   -1.26119e+06   -1.59579e+06    3.00808e+02   -1.56484e+02
   Constr. rmsd
    3.40659e-06

Writing checkpoint, step 6880 at Fri Jun 24 14:17:37 2022


           Step           Time
           7000       14.00000

   Energies (kJ/mol)
           Bond          Angle    Proper Dih.  Improper Dih.          LJ-14
    7.48882e+03    2.27777e+04    3.10838e+04    1.12543e+03    9.34424e+03
     Coulomb-14        LJ (SR)   Coulomb (SR)   Coul. recip.      Potential
    1.02649e+05    2.06302e+05   -1.94669e+06    2.70382e+03   -1.56322e+06
    Kinetic En.   Total Energy  Conserved En.    Temperature Pressure (bar)
    3.01131e+05   -1.26209e+06   -1.59581e+06    3.01542e+02   -7.64812e+00
   Constr. rmsd
    3.34655e-06

           Step           Time
           7500       15.00000

   Energies (kJ/mol)
           Bond          Angle    Proper Dih.  Improper Dih.          LJ-14
    7.36379e+03    2.23437e+04    3.11655e+04    1.19513e+03    9.22157e+03
     Coulomb-14        LJ (SR)   Coulomb (SR)   Coul. recip.      Potential
    1.03091e+05    2.04962e+05   -1.94850e+06    2.60959e+03   -1.56654e+06
    Kinetic En.   Total Energy  Conserved En.    Temperature Pressure (bar)
    2.99768e+05   -1.26677e+06   -1.59576e+06    3.00177e+02   -2.28246e+02
   Constr. rmsd
    3.28524e-06

Writing checkpoint, step 7600 at Fri Jun 24 14:33:23 2022



DD  step 7999 load imb.: force 10.0%  pme mesh/force 1.476
           Step           Time
           8000       16.00000

   Energies (kJ/mol)
           Bond          Angle    Proper Dih.  Improper Dih.          LJ-14
    7.24086e+03    2.25528e+04    3.11039e+04    1.17694e+03    9.40917e+03
     Coulomb-14        LJ (SR)   Coulomb (SR)   Coul. recip.      Potential
    1.03113e+05    2.02340e+05   -1.94308e+06    2.66045e+03   -1.56348e+06
    Kinetic En.   Total Energy  Conserved En.    Temperature Pressure (bar)
    2.98486e+05   -1.26499e+06   -1.59575e+06    2.98893e+02   -1.78567e+02
   Constr. rmsd
    3.22427e-06

Writing checkpoint, step 8240 at Fri Jun 24 14:47:23 2022


           Step           Time
           8500       17.00000

   Energies (kJ/mol)
           Bond          Angle    Proper Dih.  Improper Dih.          LJ-14
    7.59712e+03    2.26098e+04    3.11782e+04    1.27344e+03    9.23263e+03
     Coulomb-14        LJ (SR)   Coulomb (SR)   Coul. recip.      Potential
    1.02955e+05    2.02464e+05   -1.94308e+06    2.70359e+03   -1.56306e+06
    Kinetic En.   Total Energy  Conserved En.    Temperature Pressure (bar)
    2.99002e+05   -1.26406e+06   -1.59572e+06    2.99410e+02   -3.24297e+02
   Constr. rmsd
    3.27818e-06

Writing checkpoint, step 8960 at Fri Jun 24 15:03:07 2022


           Step           Time
           9000       18.00000

   Energies (kJ/mol)
           Bond          Angle    Proper Dih.  Improper Dih.          LJ-14
    7.45622e+03    2.27327e+04    3.09832e+04    1.10321e+03    9.35513e+03
     Coulomb-14        LJ (SR)   Coulomb (SR)   Coul. recip.      Potential
    1.02991e+05    2.02264e+05   -1.94167e+06    2.64396e+03   -1.56214e+06
    Kinetic En.   Total Energy  Conserved En.    Temperature Pressure (bar)
    2.99640e+05   -1.26250e+06   -1.59572e+06    3.00049e+02   -2.26949e+02
   Constr. rmsd
    3.20951e-06

           Step           Time
           9500       19.00000

   Energies (kJ/mol)
           Bond          Angle    Proper Dih.  Improper Dih.          LJ-14
    7.65632e+03    2.25272e+04    3.12148e+04    1.19203e+03    9.32857e+03
     Coulomb-14        LJ (SR)   Coulomb (SR)   Coul. recip.      Potential
    1.02734e+05    2.03792e+05   -1.94525e+06    2.69817e+03   -1.56410e+06
    Kinetic En.   Total Energy  Conserved En.    Temperature Pressure (bar)
    2.99993e+05   -1.26411e+06   -1.59571e+06    3.00402e+02   -2.25835e+02
   Constr. rmsd
    3.35520e-06

Writing checkpoint, step 9600 at Fri Jun 24 15:16:47 2022



DD  step 9999 load imb.: force  7.3%  pme mesh/force 1.574
           Step           Time
          10000       20.00000

Writing checkpoint, step 10000 at Fri Jun 24 15:20:50 2022


   Energies (kJ/mol)
           Bond          Angle    Proper Dih.  Improper Dih.          LJ-14
    7.54612e+03    2.24279e+04    3.13603e+04    1.16523e+03    9.41859e+03
     Coulomb-14        LJ (SR)   Coulomb (SR)   Coul. recip.      Potential
    1.02855e+05    2.03995e+05   -1.94483e+06    2.75186e+03   -1.56331e+06
    Kinetic En.   Total Energy  Conserved En.    Temperature Pressure (bar)
    2.99708e+05   -1.26361e+06   -1.59568e+06    3.00116e+02   -1.27824e+02
   Constr. rmsd
    3.28415e-06


Energy conservation over simulation part #1 of length 20 ns, time 0 to 20 ns
  Conserved energy drift: 1.33e-03 kJ/mol/ps per atom


	<======  ###############  ==>
	<====  A V E R A G E S  ====>
	<==  ###############  ======>

	Statistics over 10001 steps using 101 frames

   Energies (kJ/mol)
           Bond          Angle    Proper Dih.  Improper Dih.          LJ-14
    7.39461e+03    2.24246e+04    3.10800e+04    1.14657e+03    9.30636e+03
     Coulomb-14        LJ (SR)   Coulomb (SR)   Coul. recip.      Potential
    1.02781e+05    2.04588e+05   -1.95039e+06    2.94956e+03   -1.56872e+06
    Kinetic En.   Total Energy  Conserved En.    Temperature Pressure (bar)
    2.98514e+05   -1.27020e+06   -1.59583e+06    2.98922e+02   -2.39075e+02
   Constr. rmsd
    0.00000e+00

   Total Virial (kJ/mol)
    1.07767e+05    2.54597e+02    2.99190e+02
    2.55887e+02    1.08690e+05    2.09977e+02
    2.98757e+02    2.10465e+02    1.07941e+05

   Pressure (bar)
   -2.29333e+02   -7.16589e+00   -9.46039e+00
   -7.20163e+00   -2.53573e+02   -4.18048e+00
   -9.44838e+00   -4.19400e+00   -2.34321e+02

      T-Protein          T-EAAT-Water_and_ions
    2.99160e+02    2.99918e+02    2.98890e+02


       P P   -   P M E   L O A D   B A L A N C I N G

 PP/PME load balancing changed the cut-off and PME settings:
           particle-particle                    PME
            rcoulomb  rlist            grid      spacing   1/beta
   initial  1.200 nm  1.201 nm      72  72  72   0.148 nm  0.384 nm
   final    1.532 nm  1.533 nm      52  52  52   0.204 nm  0.491 nm
 cost-ratio           2.08             0.38
 (note that these numbers concern only part of the total PP and PME load)

NOTE: PME load balancing increased the non-bonded workload by more than 50%.
      For better performance, use (more) PME ranks (mdrun -npme),
      or if you are beyond the scaling limit, use fewer total ranks (or nodes).

	M E G A - F L O P S   A C C O U N T I N G

 NB=Group-cutoff nonbonded kernels    NxN=N-by-N cluster Verlet kernels
 RF=Reaction-Field  VdW=Van der Waals  QSTab=quadratic-spline table
 W3=SPC/TIP3p  W4=TIP4p (single or pairs)
 V&F=Potential and force  V=Potential only  F=Force only

 Computing:                               M-Number         M-Flops  % Flops
-----------------------------------------------------------------------------
 Pair Search distance check           10019.033602       90171.302     0.1
 NxN QSTab Elec. + LJ [F]            864757.261320    45832134.850    63.1
 NxN QSTab Elec. + LJ [V&F]            8800.002088      712800.169     1.0
 NxN QSTab Elec. [F]                 714453.399896    24291415.596    33.4
 NxN QSTab Elec. [V&F]                 7271.001336      298111.055     0.4
 1,4 nonbonded interactions             251.185116       22606.660     0.0
 Calc Weights                          3527.272692      126981.817     0.2
 Spread Q Bspline                     75248.484096      150496.968     0.2
 Gather F Bspline                     75248.484096      451490.905     0.6
 3D-FFT                               54723.560524      437788.484     0.6
 Solve PME                               28.834704        1845.421     0.0
 Reset In Box                            14.813064          44.439     0.0
 CG-CoM                                  14.930628          44.792     0.0
 Bonds                                   50.005000        2950.295     0.0
 Angles                                 176.777676       29698.650     0.0
 Propers                                315.071504       72151.374     0.1
 Impropers                               19.201920        3993.999     0.0
 Virial                                  11.983044         215.695     0.0
 Stop-CM                                 11.991528         119.915     0.0
 Calc-Ekin                              235.363128        6354.804     0.0
 Lincs                                   52.421511        3145.291     0.0
 Lincs-Mat                              291.805908        1167.224     0.0
 Constraint-V                          1258.680234       11328.122     0.0
 Constraint-Vir                          12.180945         292.343     0.0
 Settle                                 384.654323      142322.100     0.2
-----------------------------------------------------------------------------
 Total                                                72689672.271   100.0
-----------------------------------------------------------------------------


    D O M A I N   D E C O M P O S I T I O N   S T A T I S T I C S

 av. #atoms communicated per step for force:  2 x 223828.9
 av. #atoms communicated per step for LINCS:  2 x 8434.9


Dynamic load balancing report:
 DLB was off during the run due to low measured imbalance.
 Average load imbalance: 8.4%.
 The balanceable part of the MD step is 44%, load imbalance is computed from this.
 Part of the total run time spent waiting due to load imbalance: 3.7%.
 Average PME mesh/force load: 1.754
 Part of the total run time spent waiting due to PP/PME imbalance: 25.3 %

NOTE: 25.3 % performance was lost because the PME ranks
      had more work to do than the PP ranks.
      You might want to increase the number of PME ranks
      or increase the cut-off and the grid spacing.


     R E A L   C Y C L E   A N D   T I M E   A C C O U N T I N G

On 24 MPI ranks doing PP, and
on 4 MPI ranks doing PME

 Computing:          Num   Num      Call    Wall time         Giga-Cycles
                     Ranks Threads  Count      (s)         total sum    %
-----------------------------------------------------------------------------
 Domain decomp.        24    1        126     424.933      26454.239   2.8
 DD comm. load         24    1          7       0.657         40.894   0.0
 Send X to PME         24    1      10001     778.978      48495.302   5.2
 Neighbor search       24    1        126      38.683       2408.216   0.3
 Comm. coord.          24    1       9875    2201.474     137052.804  14.7
 Force                 24    1      10001    3044.056     189507.755  20.3
 Wait + Comm. F        24    1      10001    2407.942     149906.478  16.0
 PME mesh *             4    1      10001    8794.731      91252.682   9.8
 PME wait for PP *                           4070.352      42233.301   4.5
 Wait + Recv. PME F    24    1      10001    1358.837      84594.398   9.1
 NB X/F buffer ops.    24    1      29751       4.268        265.678   0.0
 Write traj.           24    1         35       9.170        570.882   0.1
 Update                24    1      10001       0.416         25.882   0.0
 Constraints           24    1      10003    2261.050     140761.675  15.1
 Comm. energies        24    1       1001     324.640      20210.478   2.2
 Rest                                          12.660        788.179   0.1
-----------------------------------------------------------------------------
 Total                                      12867.765     934596.671 100.0
-----------------------------------------------------------------------------
(*) Note that with separate PME ranks, the walltime column actually sums to
    twice the total reported, but the cycle count total and % are correct.
-----------------------------------------------------------------------------
 Breakdown of PME mesh computation
-----------------------------------------------------------------------------
 PME redist. X/F        4    1      20002    5774.732      59917.665   6.4
 PME spread             4    1      10001     738.859       7666.280   0.8
 PME gather             4    1      10001     744.891       7728.865   0.8
 PME 3D-FFT             4    1      20002       6.906         71.659   0.0
 PME 3D-FFT Comm.       4    1      20002    1528.577      15860.268   1.7
 PME solve Elec         4    1      10001       0.706          7.322   0.0
-----------------------------------------------------------------------------

               Core t (s)   Wall t (s)        (%)
       Time:   360294.307    12867.765     2800.0
                         3h34:27
                 (ns/day)    (hour/ns)
Performance:        0.134      178.701
Finished mdrun on rank 0 Fri Jun 24 15:20:52 2022

