                      :-) GROMACS - gmx mdrun, 2021.2 (-:

                            GROMACS is written by:
     Andrey Alekseenko              Emile Apol              Rossen Apostolov     
         Paul Bauer           Herman J.C. Berendsen           Par Bjelkmar       
       Christian Blau           Viacheslav Bolnykh             Kevin Boyd        
     Aldert van Buuren           Rudi van Drunen             Anton Feenstra      
    Gilles Gouaillardet             Alan Gray               Gerrit Groenhof      
       Anca Hamuraru            Vincent Hindriksen          M. Eric Irrgang      
      Aleksei Iupinov           Christoph Junghans             Joe Jordan        
    Dimitrios Karkoulis            Peter Kasson                Jiri Kraus        
      Carsten Kutzner              Per Larsson              Justin A. Lemkul     
       Viveca Lindahl            Magnus Lundborg             Erik Marklund       
        Pascal Merz             Pieter Meulenhoff            Teemu Murtola       
        Szilard Pall               Sander Pronk              Roland Schulz       
       Michael Shirts            Alexey Shvetsov             Alfons Sijbers      
       Peter Tieleman              Jon Vincent              Teemu Virolainen     
     Christian Wennberg            Maarten Wolf              Artem Zhmurov       
                           and the project leaders:
        Mark Abraham, Berk Hess, Erik Lindahl, and David van der Spoel

Copyright (c) 1991-2000, University of Groningen, The Netherlands.
Copyright (c) 2001-2019, The GROMACS development team at
Uppsala University, Stockholm University and
the Royal Institute of Technology, Sweden.
check out http://www.gromacs.org for more information.

GROMACS is free software; you can redistribute it and/or modify it
under the terms of the GNU Lesser General Public License
as published by the Free Software Foundation; either version 2.1
of the License, or (at your option) any later version.

GROMACS:      gmx mdrun, version 2021.2
Executable:   /gpfs/opt/apps/gromacs-2021.2/bin/gmx
Data prefix:  /gpfs/opt/apps/gromacs-2021.2
Working dir:  /gpfs/work/tuk27574/fragment_builder
Process ID:   19460
Command line:
  gmx mdrun -s ./combo_folder/EAA/nvt_EAA20.tpr -deffnm ./combo_folder/EAA/combo_nvt_EAA20

GROMACS version:    2021.2
Verified release checksum is d91a739522d82c53dc47c2276b9ac5fae3b2119283e84e3a1c7bed8ce741fda2
Precision:          mixed
Memory model:       64 bit
MPI library:        thread_mpi
OpenMP support:     enabled (GMX_OPENMP_MAX_THREADS = 64)
GPU support:        disabled
SIMD instructions:  SSE4.1
FFT library:        fftw-3.3.3-sse2
RDTSCP usage:       enabled
TNG support:        enabled
Hwloc support:      disabled
Tracing support:    disabled
C compiler:         /gpfs/opt/tools/gcc-8.4.0/bin/gcc GNU 8.4.0
C compiler flags:   -msse4.1 -Wno-missing-field-initializers -fexcess-precision=fast -funroll-all-loops -O3 -DNDEBUG
C++ compiler:       /gpfs/opt/tools/gcc-8.4.0/bin/g++ GNU 8.4.0
C++ compiler flags: -msse4.1 -Wno-missing-field-initializers -fexcess-precision=fast -funroll-all-loops -fopenmp -O3 -DNDEBUG


Running on 1 node with total 28 cores, 28 logical cores
Hardware detected:
  CPU info:
    Vendor: Intel
    Brand:  Intel(R) Xeon(R) CPU E5-2690 v4 @ 2.60GHz
    Family: 6   Model: 79   Stepping: 1
    Features: aes apic avx avx2 clfsh cmov cx8 cx16 f16c fma hle htt intel lahf mmx msr nonstop_tsc pcid pclmuldq pdcm pdpe1gb popcnt pse rdrnd rdtscp rtm sse2 sse3 sse4.1 sse4.2 ssse3 tdt x2apic
  Hardware topology: Basic
    Sockets, cores, and logical processors:
      Socket  0: [   0] [   2] [   4] [   6] [   8] [  10] [  12] [  14] [  16] [  18] [  20] [  22] [  24] [  26]
      Socket  1: [   1] [   3] [   5] [   7] [   9] [  11] [  13] [  15] [  17] [  19] [  21] [  23] [  25] [  27]

Highest SIMD level requested by all nodes in run: AVX2_256
SIMD instructions selected at compile time:       SSE4.1
This program was compiled for different hardware than you are running on,
which could influence performance.

++++ PLEASE READ AND CITE THE FOLLOWING REFERENCE ++++
M. J. Abraham, T. Murtola, R. Schulz, S. Páll, J. C. Smith, B. Hess, E.
Lindahl
GROMACS: High performance molecular simulations through multi-level
parallelism from laptops to supercomputers
SoftwareX 1 (2015) pp. 19-25
-------- -------- --- Thank You --- -------- --------


++++ PLEASE READ AND CITE THE FOLLOWING REFERENCE ++++
S. Páll, M. J. Abraham, C. Kutzner, B. Hess, E. Lindahl
Tackling Exascale Software Challenges in Molecular Dynamics Simulations with
GROMACS
In S. Markidis & E. Laure (Eds.), Solving Software Challenges for Exascale 8759 (2015) pp. 3-27
-------- -------- --- Thank You --- -------- --------


++++ PLEASE READ AND CITE THE FOLLOWING REFERENCE ++++
S. Pronk, S. Páll, R. Schulz, P. Larsson, P. Bjelkmar, R. Apostolov, M. R.
Shirts, J. C. Smith, P. M. Kasson, D. van der Spoel, B. Hess, and E. Lindahl
GROMACS 4.5: a high-throughput and highly parallel open source molecular
simulation toolkit
Bioinformatics 29 (2013) pp. 845-54
-------- -------- --- Thank You --- -------- --------


++++ PLEASE READ AND CITE THE FOLLOWING REFERENCE ++++
B. Hess and C. Kutzner and D. van der Spoel and E. Lindahl
GROMACS 4: Algorithms for highly efficient, load-balanced, and scalable
molecular simulation
J. Chem. Theory Comput. 4 (2008) pp. 435-447
-------- -------- --- Thank You --- -------- --------


++++ PLEASE READ AND CITE THE FOLLOWING REFERENCE ++++
D. van der Spoel, E. Lindahl, B. Hess, G. Groenhof, A. E. Mark and H. J. C.
Berendsen
GROMACS: Fast, Flexible and Free
J. Comp. Chem. 26 (2005) pp. 1701-1719
-------- -------- --- Thank You --- -------- --------


++++ PLEASE READ AND CITE THE FOLLOWING REFERENCE ++++
E. Lindahl and B. Hess and D. van der Spoel
GROMACS 3.0: A package for molecular simulation and trajectory analysis
J. Mol. Mod. 7 (2001) pp. 306-317
-------- -------- --- Thank You --- -------- --------


++++ PLEASE READ AND CITE THE FOLLOWING REFERENCE ++++
H. J. C. Berendsen, D. van der Spoel and R. van Drunen
GROMACS: A message-passing parallel molecular dynamics implementation
Comp. Phys. Comm. 91 (1995) pp. 43-56
-------- -------- --- Thank You --- -------- --------


++++ PLEASE CITE THE DOI FOR THIS VERSION OF GROMACS ++++
https://doi.org/10.5281/zenodo.4723562
-------- -------- --- Thank You --- -------- --------


The number of OpenMP threads was set by environment variable OMP_NUM_THREADS to 1

Input Parameters:
   integrator                     = md
   tinit                          = 0
   dt                             = 0.002
   nsteps                         = 10000
   init-step                      = 0
   simulation-part                = 1
   mts                            = false
   comm-mode                      = Linear
   nstcomm                        = 100
   bd-fric                        = 0
   ld-seed                        = -1198285
   emtol                          = 10
   emstep                         = 0.01
   niter                          = 20
   fcstep                         = 0
   nstcgsteep                     = 1000
   nbfgscorr                      = 10
   rtpi                           = 0.05
   nstxout                        = 0
   nstvout                        = 0
   nstfout                        = 0
   nstlog                         = 500
   nstcalcenergy                  = 100
   nstenergy                      = 500
   nstxout-compressed             = 500
   compressed-x-precision         = 1000
   cutoff-scheme                  = Verlet
   nstlist                        = 20
   pbc                            = xyz
   periodic-molecules             = false
   verlet-buffer-tolerance        = 0.005
   rlist                          = 1.221
   coulombtype                    = PME
   coulomb-modifier               = Potential-shift
   rcoulomb-switch                = 0
   rcoulomb                       = 1.2
   epsilon-r                      = 1
   epsilon-rf                     = inf
   vdw-type                       = Cut-off
   vdw-modifier                   = Force-switch
   rvdw-switch                    = 1
   rvdw                           = 1.2
   DispCorr                       = No
   table-extension                = 1
   fourierspacing                 = 0.16
   fourier-nx                     = 72
   fourier-ny                     = 72
   fourier-nz                     = 72
   pme-order                      = 4
   ewald-rtol                     = 1e-05
   ewald-rtol-lj                  = 0.001
   lj-pme-comb-rule               = Geometric
   ewald-geometry                 = 0
   epsilon-surface                = 0
   tcoupl                         = V-rescale
   nsttcouple                     = 10
   nh-chain-length                = 0
   print-nose-hoover-chain-variables = false
   pcoupl                         = No
   pcoupltype                     = Isotropic
   nstpcouple                     = -1
   tau-p                          = 1
   compressibility (3x3):
      compressibility[    0]={ 0.00000e+00,  0.00000e+00,  0.00000e+00}
      compressibility[    1]={ 0.00000e+00,  0.00000e+00,  0.00000e+00}
      compressibility[    2]={ 0.00000e+00,  0.00000e+00,  0.00000e+00}
   ref-p (3x3):
      ref-p[    0]={ 0.00000e+00,  0.00000e+00,  0.00000e+00}
      ref-p[    1]={ 0.00000e+00,  0.00000e+00,  0.00000e+00}
      ref-p[    2]={ 0.00000e+00,  0.00000e+00,  0.00000e+00}
   refcoord-scaling               = No
   posres-com (3):
      posres-com[0]= 0.00000e+00
      posres-com[1]= 0.00000e+00
      posres-com[2]= 0.00000e+00
   posres-comB (3):
      posres-comB[0]= 0.00000e+00
      posres-comB[1]= 0.00000e+00
      posres-comB[2]= 0.00000e+00
   QMMM                           = false
qm-opts:
   ngQM                           = 0
   constraint-algorithm           = Lincs
   continuation                   = false
   Shake-SOR                      = false
   shake-tol                      = 0.0001
   lincs-order                    = 4
   lincs-iter                     = 1
   lincs-warnangle                = 30
   nwall                          = 0
   wall-type                      = 9-3
   wall-r-linpot                  = -1
   wall-atomtype[0]               = -1
   wall-atomtype[1]               = -1
   wall-density[0]                = 0
   wall-density[1]                = 0
   wall-ewald-zfac                = 3
   pull                           = false
   awh                            = false
   rotation                       = false
   interactiveMD                  = false
   disre                          = No
   disre-weighting                = Conservative
   disre-mixed                    = false
   dr-fc                          = 1000
   dr-tau                         = 0
   nstdisreout                    = 100
   orire-fc                       = 0
   orire-tau                      = 0
   nstorireout                    = 100
   free-energy                    = no
   cos-acceleration               = 0
   deform (3x3):
      deform[    0]={ 0.00000e+00,  0.00000e+00,  0.00000e+00}
      deform[    1]={ 0.00000e+00,  0.00000e+00,  0.00000e+00}
      deform[    2]={ 0.00000e+00,  0.00000e+00,  0.00000e+00}
   simulated-tempering            = false
   swapcoords                     = no
   userint1                       = 0
   userint2                       = 0
   userint3                       = 0
   userint4                       = 0
   userreal1                      = 0
   userreal2                      = 0
   userreal3                      = 0
   userreal4                      = 0
   applied-forces:
     electric-field:
       x:
         E0                       = 0
         omega                    = 0
         t0                       = 0
         sigma                    = 0
       y:
         E0                       = 0
         omega                    = 0
         t0                       = 0
         sigma                    = 0
       z:
         E0                       = 0
         omega                    = 0
         t0                       = 0
         sigma                    = 0
     density-guided-simulation:
       active                     = false
       group                      = protein
       similarity-measure         = inner-product
       atom-spreading-weight      = unity
       force-constant             = 1e+09
       gaussian-transform-spreading-width = 0.2
       gaussian-transform-spreading-range-in-multiples-of-width = 4
       reference-density-filename = reference.mrc
       nst                        = 1
       normalize-densities        = true
       adaptive-force-scaling     = false
       adaptive-force-scaling-time-constant = 4
       shift-vector               = 
       transformation-matrix      = 
grpopts:
   nrdf:     23287.7     499.994      216459
   ref-t:         300         300         300
   tau-t:         0.1         0.1         0.1
annealing:          No          No          No
annealing-npoints:           0           0           0
   acc:	           0           0           0
   nfreeze:           N           N           N
   energygrp-flags[  0]: 0

Changing nstlist from 20 to 80, rlist from 1.221 to 1.317


Initializing Domain Decomposition on 28 ranks
Dynamic load balancing: auto
Minimum cell size due to atom displacement: 0.649 nm
Initial maximum distances in bonded interactions:
    two-body bonded interactions: 0.423 nm, LJ-14, atoms 2530 2538
  multi-body bonded interactions: 0.423 nm, Proper Dih., atoms 2530 2538
Minimum cell size due to bonded interactions: 0.465 nm
Maximum distance for 5 constraints, at 120 deg. angles, all-trans: 0.219 nm
Estimated maximum distance required for P-LINCS: 0.219 nm
Scaling the initial minimum size with 1/0.8 (option -dds) = 1.25
Guess for relative PME load: 0.09
Will use 24 particle-particle and 4 PME only ranks
This is a guess, check the performance at the end of the log file
Using 4 separate PME ranks, as guessed by mdrun
Optimizing the DD grid for 24 cells with a minimum initial size of 0.811 nm
The maximum allowed number of cells is: X 13 Y 13 Z 13
Domain decomposition grid 4 x 3 x 2, separate PME ranks 4
PME domain decomposition: 4 x 1 x 1
Interleaving PP and PME ranks
This rank does only particle-particle work.
Domain decomposition rank 0, coordinates 0 0 0

The initial number of communication pulses is: X 1 Y 1 Z 1
The initial domain decomposition cell size is: X 2.66 nm Y 3.54 nm Z 5.31 nm

The maximum allowed distance for atoms involved in interactions is:
                 non-bonded interactions           1.317 nm
            two-body bonded interactions  (-rdd)   1.317 nm
          multi-body bonded interactions  (-rdd)   1.317 nm
  atoms separated by up to 5 constraints  (-rcon)  2.656 nm

When dynamic load balancing gets turned on, these settings will change to:
The maximum number of communication pulses is: X 1 Y 1 Z 1
The minimum size for domain decomposition cells is 1.317 nm
The requested allowed shrink of DD cells (option -dds) is: 0.80
The allowed shrink of domain decomposition cells is: X 0.50 Y 0.37 Z 0.25
The maximum allowed distance for atoms involved in interactions is:
                 non-bonded interactions           1.317 nm
            two-body bonded interactions  (-rdd)   1.317 nm
          multi-body bonded interactions  (-rdd)   1.317 nm
  atoms separated by up to 5 constraints  (-rcon)  1.317 nm

Using 28 MPI threads
Using 1 OpenMP thread per tMPI thread

Pinning threads with an auto-selected logical core stride of 1
System total charge: -20.000
Will do PME sum in reciprocal space for electrostatic interactions.

++++ PLEASE READ AND CITE THE FOLLOWING REFERENCE ++++
U. Essmann, L. Perera, M. L. Berkowitz, T. Darden, H. Lee and L. G. Pedersen 
A smooth particle mesh Ewald method
J. Chem. Phys. 103 (1995) pp. 8577-8592
-------- -------- --- Thank You --- -------- --------

Using a Gaussian width (1/beta) of 0.384195 nm for Ewald
Potential shift: LJ r^-12: -2.648e-01 r^-6: -5.349e-01, Ewald -8.333e-06
Initialized non-bonded Ewald tables, spacing: 1.02e-03 size: 1176

Generated table with 1158 data points for 1-4 COUL.
Tabscale = 500 points/nm
Generated table with 1158 data points for 1-4 LJ6.
Tabscale = 500 points/nm
Generated table with 1158 data points for 1-4 LJ12.
Tabscale = 500 points/nm


Using SIMD 4x4 nonbonded short-range kernels

Using a dual 4x4 pair-list setup updated with dynamic pruning:
  outer list: updated every 80 steps, buffer 0.117 nm, rlist 1.317 nm
  inner list: updated every 13 steps, buffer 0.001 nm, rlist 1.201 nm
At tolerance 0.005 kJ/mol/ps per atom, equivalent classical 1x1 list would be:
  outer list: updated every 80 steps, buffer 0.261 nm, rlist 1.461 nm
  inner list: updated every 13 steps, buffer 0.051 nm, rlist 1.251 nm
Removing pbc first time

Initializing Parallel LINear Constraint Solver

++++ PLEASE READ AND CITE THE FOLLOWING REFERENCE ++++
B. Hess
P-LINCS: A Parallel Linear Constraint Solver for molecular simulation
J. Chem. Theory Comput. 4 (2008) pp. 116-122
-------- -------- --- Thank You --- -------- --------

The number of constraints is 4700
There are constraints between atoms in different decomposition domains,
will communicate selected coordinates each lincs iteration

++++ PLEASE READ AND CITE THE FOLLOWING REFERENCE ++++
S. Miyamoto and P. A. Kollman
SETTLE: An Analytical Version of the SHAKE and RATTLE Algorithms for Rigid
Water Models
J. Comp. Chem. 13 (1992) pp. 952-962
-------- -------- --- Thank You --- -------- --------


Linking all bonded interactions to atoms


Intra-simulation communication will occur every 10 steps.

++++ PLEASE READ AND CITE THE FOLLOWING REFERENCE ++++
G. Bussi, D. Donadio and M. Parrinello
Canonical sampling through velocity rescaling
J. Chem. Phys. 126 (2007) pp. 014101
-------- -------- --- Thank You --- -------- --------

There are: 117654 Atoms
Atom distribution over 24 domains: av 4902 stddev 86 min 4830 max 5072

Constraining the starting coordinates (step 0)

Constraining the coordinates at t0-dt (step 0)
Center of mass motion removal mode is Linear
We have the following groups for center of mass motion removal:
  0:  rest
RMS relative constraint deviation after constraining: 2.15e-06
Initial temperature: 300.048 K

Started mdrun on rank 0 Thu Jun 23 20:19:50 2022

           Step           Time
              0        0.00000

   Energies (kJ/mol)
           Bond          Angle    Proper Dih.  Improper Dih.          LJ-14
    1.44305e+03    6.27821e+03    2.78434e+04    2.15412e+02    7.98444e+03
     Coulomb-14        LJ (SR)   Coulomb (SR)   Coul. recip.      Potential
    1.02031e+05    2.35857e+05   -2.28347e+06    3.41515e+03   -1.89840e+06
    Kinetic En.   Total Energy  Conserved En.    Temperature Pressure (bar)
    2.99730e+05   -1.59867e+06   -1.59867e+06    3.00102e+02   -4.49248e+03
   Constr. rmsd
    3.20578e-06


DD  step 79 load imb.: force 10.4%  pme mesh/force 2.332
step  480: timed with pme grid 72 72 72, coulomb cutoff 1.200: 66187.3 M-cycles
           Step           Time
            500        1.00000

   Energies (kJ/mol)
           Bond          Angle    Proper Dih.  Improper Dih.          LJ-14
    7.24310e+03    2.06213e+04    3.08973e+04    1.05502e+03    9.18702e+03
     Coulomb-14        LJ (SR)   Coulomb (SR)   Coul. recip.      Potential
    1.02065e+05    2.07928e+05   -1.95274e+06    4.23000e+03   -1.56952e+06
    Kinetic En.   Total Energy  Conserved En.    Temperature Pressure (bar)
    2.94983e+05   -1.27453e+06   -1.59571e+06    2.95348e+02   -2.07182e+02
   Constr. rmsd
    3.41673e-06

step  640: timed with pme grid 60 60 60, coulomb cutoff 1.328: 70639.7 M-cycles
step  800: timed with pme grid 52 52 52, coulomb cutoff 1.532: 69175.8 M-cycles
step  960: timed with pme grid 48 48 48, coulomb cutoff 1.660: 72202.2 M-cycles
           Step           Time
           1000        2.00000

   Energies (kJ/mol)
           Bond          Angle    Proper Dih.  Improper Dih.          LJ-14
    7.35559e+03    2.08119e+04    3.08686e+04    1.16642e+03    9.25262e+03
     Coulomb-14        LJ (SR)   Coulomb (SR)   Coul. recip.      Potential
    1.01683e+05    2.03886e+05   -1.93598e+06    1.63198e+03   -1.55932e+06
    Kinetic En.   Total Energy  Conserved En.    Temperature Pressure (bar)
    2.98916e+05   -1.26041e+06   -1.59568e+06    2.99287e+02   -1.70999e+02
   Constr. rmsd
    3.29173e-06

step 1120: timed with pme grid 44 44 44, coulomb cutoff 1.811: 74874.3 M-cycles
step 1280: timed with pme grid 48 48 48, coulomb cutoff 1.660: 72549.6 M-cycles
step 1440: timed with pme grid 52 52 52, coulomb cutoff 1.532: 69890.1 M-cycles
           Step           Time
           1500        3.00000

   Energies (kJ/mol)
           Bond          Angle    Proper Dih.  Improper Dih.          LJ-14
    7.16815e+03    2.02713e+04    3.10394e+04    1.18634e+03    9.15865e+03
     Coulomb-14        LJ (SR)   Coulomb (SR)   Coul. recip.      Potential
    1.02223e+05    2.03862e+05   -1.93781e+06    3.50545e+03   -1.55939e+06
    Kinetic En.   Total Energy  Conserved En.    Temperature Pressure (bar)
    2.99106e+05   -1.26029e+06   -1.59576e+06    2.99477e+02   -1.40265e+02
   Constr. rmsd
    3.26532e-06

step 1600: timed with pme grid 56 56 56, coulomb cutoff 1.423: 67595.0 M-cycles
step 1760: timed with pme grid 60 60 60, coulomb cutoff 1.328: 71954.6 M-cycles
step 1920: timed with pme grid 64 64 64, coulomb cutoff 1.245: 72392.9 M-cycles

DD  step 1999 load imb.: force 11.3%  pme mesh/force 2.203
           Step           Time
           2000        4.00000

   Energies (kJ/mol)
           Bond          Angle    Proper Dih.  Improper Dih.          LJ-14
    7.18894e+03    2.03138e+04    3.10032e+04    1.09008e+03    9.20049e+03
     Coulomb-14        LJ (SR)   Coulomb (SR)   Coul. recip.      Potential
    1.01906e+05    2.05072e+05   -1.94013e+06    5.92672e+03   -1.55843e+06
    Kinetic En.   Total Energy  Conserved En.    Temperature Pressure (bar)
    3.01204e+05   -1.25722e+06   -1.59570e+06    3.01577e+02   -6.52059e+00
   Constr. rmsd
    3.27436e-06

step 2080: timed with pme grid 72 72 72, coulomb cutoff 1.200: 73425.0 M-cycles
              optimal pme grid 72 72 72, coulomb cutoff 1.200
Writing checkpoint, step 2320 at Thu Jun 23 20:35:22 2022


           Step           Time
           2500        5.00000

   Energies (kJ/mol)
           Bond          Angle    Proper Dih.  Improper Dih.          LJ-14
    7.27154e+03    2.07654e+04    3.09519e+04    1.19109e+03    9.30304e+03
     Coulomb-14        LJ (SR)   Coulomb (SR)   Coul. recip.      Potential
    1.02394e+05    2.04849e+05   -1.93965e+06    5.93043e+03   -1.55699e+06
    Kinetic En.   Total Energy  Conserved En.    Temperature Pressure (bar)
    2.99884e+05   -1.25711e+06   -1.59564e+06    3.00256e+02   -3.40605e+01
   Constr. rmsd
    3.30343e-06

           Step           Time
           3000        6.00000

   Energies (kJ/mol)
           Bond          Angle    Proper Dih.  Improper Dih.          LJ-14
    7.33803e+03    2.05339e+04    3.07625e+04    1.11918e+03    9.22985e+03
     Coulomb-14        LJ (SR)   Coulomb (SR)   Coul. recip.      Potential
    1.02021e+05    2.05072e+05   -1.94005e+06    5.93345e+03   -1.55804e+06
    Kinetic En.   Total Energy  Conserved En.    Temperature Pressure (bar)
    2.99490e+05   -1.25854e+06   -1.59563e+06    2.99862e+02   -5.83313e+01
   Constr. rmsd
    3.48294e-06

           Step           Time
           3500        7.00000

   Energies (kJ/mol)
           Bond          Angle    Proper Dih.  Improper Dih.          LJ-14
    7.22259e+03    2.05480e+04    3.09839e+04    1.22143e+03    9.14627e+03
     Coulomb-14        LJ (SR)   Coulomb (SR)   Coul. recip.      Potential
    1.02149e+05    2.02671e+05   -1.93808e+06    6.11533e+03   -1.55802e+06
    Kinetic En.   Total Energy  Conserved En.    Temperature Pressure (bar)
    2.98161e+05   -1.25986e+06   -1.59557e+06    2.98531e+02   -2.54872e+02
   Constr. rmsd
    3.42734e-06


DD  step 3999 load imb.: force 11.9%  pme mesh/force 2.462
           Step           Time
           4000        8.00000

   Energies (kJ/mol)
           Bond          Angle    Proper Dih.  Improper Dih.          LJ-14
    7.12530e+03    2.03782e+04    3.07963e+04    1.11146e+03    9.14266e+03
     Coulomb-14        LJ (SR)   Coulomb (SR)   Coul. recip.      Potential
    1.02098e+05    2.04824e+05   -1.94140e+06    5.97533e+03   -1.55995e+06
    Kinetic En.   Total Energy  Conserved En.    Temperature Pressure (bar)
    2.97074e+05   -1.26287e+06   -1.59555e+06    2.97442e+02   -1.33104e+02
   Constr. rmsd
    3.15401e-06

           Step           Time
           4500        9.00000

   Energies (kJ/mol)
           Bond          Angle    Proper Dih.  Improper Dih.          LJ-14
    7.45450e+03    2.05694e+04    3.09751e+04    1.12848e+03    9.20358e+03
     Coulomb-14        LJ (SR)   Coulomb (SR)   Coul. recip.      Potential
    1.02196e+05    2.03043e+05   -1.93954e+06    6.11045e+03   -1.55886e+06
    Kinetic En.   Total Energy  Conserved En.    Temperature Pressure (bar)
    3.00494e+05   -1.25837e+06   -1.59556e+06    3.00866e+02   -1.90338e+02
   Constr. rmsd
    3.16008e-06

Writing checkpoint, step 4560 at Thu Jun 23 20:50:07 2022


           Step           Time
           5000       10.00000

   Energies (kJ/mol)
           Bond          Angle    Proper Dih.  Improper Dih.          LJ-14
    7.44127e+03    2.09380e+04    3.09997e+04    1.18228e+03    9.09912e+03
     Coulomb-14        LJ (SR)   Coulomb (SR)   Coul. recip.      Potential
    1.01877e+05    2.04008e+05   -1.93845e+06    5.84036e+03   -1.55707e+06
    Kinetic En.   Total Energy  Conserved En.    Temperature Pressure (bar)
    3.01241e+05   -1.25583e+06   -1.59554e+06    3.01615e+02   -7.84666e+01
   Constr. rmsd
    3.26600e-06

           Step           Time
           5500       11.00000

   Energies (kJ/mol)
           Bond          Angle    Proper Dih.  Improper Dih.          LJ-14
    7.29536e+03    2.08894e+04    3.08920e+04    1.23437e+03    9.08564e+03
     Coulomb-14        LJ (SR)   Coulomb (SR)   Coul. recip.      Potential
    1.01902e+05    2.04561e+05   -1.93890e+06    5.90913e+03   -1.55713e+06
    Kinetic En.   Total Energy  Conserved En.    Temperature Pressure (bar)
    3.00025e+05   -1.25711e+06   -1.59550e+06    3.00397e+02   -1.32258e+02
   Constr. rmsd
    3.30016e-06


DD  step 5999 load imb.: force  9.7%  pme mesh/force 2.022
           Step           Time
           6000       12.00000

   Energies (kJ/mol)
           Bond          Angle    Proper Dih.  Improper Dih.          LJ-14
    7.12361e+03    2.06392e+04    3.09098e+04    1.14783e+03    9.23542e+03
     Coulomb-14        LJ (SR)   Coulomb (SR)   Coul. recip.      Potential
    1.01977e+05    2.05443e+05   -1.94001e+06    5.89816e+03   -1.55764e+06
    Kinetic En.   Total Energy  Conserved En.    Temperature Pressure (bar)
    2.99914e+05   -1.25773e+06   -1.59554e+06    3.00286e+02   -3.89170e+01
   Constr. rmsd
    3.42759e-06

           Step           Time
           6500       13.00000

   Energies (kJ/mol)
           Bond          Angle    Proper Dih.  Improper Dih.          LJ-14
    7.14209e+03    2.05425e+04    3.09116e+04    1.14827e+03    9.17332e+03
     Coulomb-14        LJ (SR)   Coulomb (SR)   Coul. recip.      Potential
    1.02233e+05    2.06304e+05   -1.94281e+06    5.92047e+03   -1.55943e+06
    Kinetic En.   Total Energy  Conserved En.    Temperature Pressure (bar)
    3.00038e+05   -1.25940e+06   -1.59552e+06    3.00410e+02   -6.31921e+01
   Constr. rmsd
    3.19604e-06

Writing checkpoint, step 6880 at Thu Jun 23 21:05:23 2022


           Step           Time
           7000       14.00000

   Energies (kJ/mol)
           Bond          Angle    Proper Dih.  Improper Dih.          LJ-14
    7.07169e+03    2.06304e+04    3.08687e+04    1.22291e+03    9.29838e+03
     Coulomb-14        LJ (SR)   Coulomb (SR)   Coul. recip.      Potential
    1.02581e+05    2.03041e+05   -1.93923e+06    5.78288e+03   -1.55874e+06
    Kinetic En.   Total Energy  Conserved En.    Temperature Pressure (bar)
    2.98012e+05   -1.26072e+06   -1.59546e+06    2.98381e+02   -1.74424e+02
   Constr. rmsd
    3.24598e-06

           Step           Time
           7500       15.00000

   Energies (kJ/mol)
           Bond          Angle    Proper Dih.  Improper Dih.          LJ-14
    7.11841e+03    2.04635e+04    3.11450e+04    1.15611e+03    9.16540e+03
     Coulomb-14        LJ (SR)   Coulomb (SR)   Coul. recip.      Potential
    1.02120e+05    2.04204e+05   -1.93963e+06    6.03256e+03   -1.55823e+06
    Kinetic En.   Total Energy  Conserved En.    Temperature Pressure (bar)
    2.98509e+05   -1.25972e+06   -1.59545e+06    2.98879e+02   -1.62927e+02
   Constr. rmsd
    3.19621e-06


DD  step 7999 load imb.: force 10.7%  pme mesh/force 2.172
           Step           Time
           8000       16.00000

   Energies (kJ/mol)
           Bond          Angle    Proper Dih.  Improper Dih.          LJ-14
    7.16396e+03    2.04687e+04    3.11148e+04    1.18293e+03    9.20819e+03
     Coulomb-14        LJ (SR)   Coulomb (SR)   Coul. recip.      Potential
    1.01972e+05    2.04282e+05   -1.94136e+06    5.97553e+03   -1.55999e+06
    Kinetic En.   Total Energy  Conserved En.    Temperature Pressure (bar)
    2.98958e+05   -1.26103e+06   -1.59546e+06    2.99328e+02   -1.87574e+02
   Constr. rmsd
    3.21842e-06

           Step           Time
           8500       17.00000

   Energies (kJ/mol)
           Bond          Angle    Proper Dih.  Improper Dih.          LJ-14
    7.32039e+03    2.06449e+04    3.09892e+04    1.17647e+03    9.07402e+03
     Coulomb-14        LJ (SR)   Coulomb (SR)   Coul. recip.      Potential
    1.02164e+05    2.03588e+05   -1.93705e+06    5.91238e+03   -1.55618e+06
    Kinetic En.   Total Energy  Conserved En.    Temperature Pressure (bar)
    2.99018e+05   -1.25717e+06   -1.59541e+06    2.99388e+02   -1.54726e+02
   Constr. rmsd
    3.18154e-06

           Step           Time
           9000       18.00000

   Energies (kJ/mol)
           Bond          Angle    Proper Dih.  Improper Dih.          LJ-14
    7.21530e+03    2.07448e+04    3.10180e+04    1.12493e+03    9.10703e+03
     Coulomb-14        LJ (SR)   Coulomb (SR)   Coul. recip.      Potential
    1.01832e+05    2.04141e+05   -1.93888e+06    6.00094e+03   -1.55769e+06
    Kinetic En.   Total Energy  Conserved En.    Temperature Pressure (bar)
    2.98984e+05   -1.25871e+06   -1.59537e+06    2.99354e+02   -1.85951e+02
   Constr. rmsd
    3.29609e-06

Writing checkpoint, step 9120 at Thu Jun 23 21:20:11 2022


           Step           Time
           9500       19.00000

   Energies (kJ/mol)
           Bond          Angle    Proper Dih.  Improper Dih.          LJ-14
    7.38660e+03    2.06106e+04    3.08132e+04    1.14099e+03    9.16200e+03
     Coulomb-14        LJ (SR)   Coulomb (SR)   Coul. recip.      Potential
    1.01959e+05    2.04448e+05   -1.93903e+06    5.95246e+03   -1.55756e+06
    Kinetic En.   Total Energy  Conserved En.    Temperature Pressure (bar)
    2.98862e+05   -1.25869e+06   -1.59537e+06    2.99232e+02   -1.42829e+02
   Constr. rmsd
    3.29372e-06


DD  step 9999 load imb.: force 12.7%  pme mesh/force 2.123
           Step           Time
          10000       20.00000

Writing checkpoint, step 10000 at Thu Jun 23 21:26:03 2022


   Energies (kJ/mol)
           Bond          Angle    Proper Dih.  Improper Dih.          LJ-14
    7.55508e+03    2.04800e+04    3.09911e+04    1.11583e+03    9.27041e+03
     Coulomb-14        LJ (SR)   Coulomb (SR)   Coul. recip.      Potential
    1.01911e+05    2.04707e+05   -1.93907e+06    5.96263e+03   -1.55707e+06
    Kinetic En.   Total Energy  Conserved En.    Temperature Pressure (bar)
    2.98862e+05   -1.25821e+06   -1.59536e+06    2.99232e+02   -6.62187e+01
   Constr. rmsd
    3.18225e-06


Energy conservation over simulation part #1 of length 20 ns, time 0 to 20 ns
  Conserved energy drift: 1.41e-03 kJ/mol/ps per atom


	<======  ###############  ==>
	<====  A V E R A G E S  ====>
	<==  ###############  ======>

	Statistics over 10001 steps using 101 frames

   Energies (kJ/mol)
           Bond          Angle    Proper Dih.  Improper Dih.          LJ-14
    7.21630e+03    2.03565e+04    3.09360e+04    1.15005e+03    9.16437e+03
     Coulomb-14        LJ (SR)   Coulomb (SR)   Coul. recip.      Potential
    1.01972e+05    2.05060e+05   -1.94512e+06    5.50925e+03   -1.56375e+06
    Kinetic En.   Total Energy  Conserved En.    Temperature Pressure (bar)
    2.98318e+05   -1.26544e+06   -1.59558e+06    2.98688e+02   -2.12411e+02
   Constr. rmsd
    0.00000e+00

   Total Virial (kJ/mol)
    1.07378e+05   -4.42852e+02   -3.69523e+02
   -4.43986e+02    1.06904e+05    1.93148e+02
   -3.70907e+02    1.93916e+02    1.07032e+05

   Pressure (bar)
   -2.21989e+02    1.23986e+01    9.28246e+00
    1.24300e+01   -2.07201e+02   -7.36032e+00
    9.32081e+00   -7.38160e+00   -2.08043e+02

      T-Protein          T-EAAT-Water_and_ions
    2.99367e+02    2.98674e+02    2.98615e+02


	M E G A - F L O P S   A C C O U N T I N G

 NB=Group-cutoff nonbonded kernels    NxN=N-by-N cluster Verlet kernels
 RF=Reaction-Field  VdW=Van der Waals  QSTab=quadratic-spline table
 W3=SPC/TIP3p  W4=TIP4p (single or pairs)
 V&F=Potential and force  V=Potential only  F=Force only

 Computing:                               M-Number         M-Flops  % Flops
-----------------------------------------------------------------------------
 Pair Search distance check            7420.280900       66782.528     0.1
 NxN QSTab Elec. + LJ [F]            546463.782104    28962580.452    61.5
 NxN QSTab Elec. + LJ [V&F]            5582.232576      452160.839     1.0
 NxN QSTab Elec. [F]                 453233.685176    15409945.296    32.7
 NxN QSTab Elec. [V&F]                 4629.656016      189815.897     0.4
 1,4 nonbonded interactions             246.684666       22201.620     0.0
 Calc Weights                          3529.972962      127079.027     0.3
 Spread Q Bspline                     75306.089856      150612.180     0.3
 Gather F Bspline                     75306.089856      451836.539     1.0
 3D-FFT                              126401.380672     1011211.045     2.1
 Solve PME                               48.601664        3110.506     0.0
 Reset In Box                            14.824404          44.473     0.0
 CG-CoM                                  14.942058          44.826     0.0
 Bonds                                   48.804880        2879.488     0.0
 Angles                                 172.277226       28942.574     0.1
 Propers                                308.470844       70639.823     0.1
 Impropers                               19.201920        3993.999     0.0
 Virial                                  11.992134         215.858     0.0
 Stop-CM                                 12.000708         120.007     0.0
 Calc-Ekin                              235.543308        6359.669     0.0
 Lincs                                   50.609289        3036.557     0.0
 Lincs-Mat                              275.018628        1100.075     0.0
 Constraint-V                          1259.696149       11337.265     0.0
 Constraint-Vir                          12.209787         293.035     0.0
 Settle                                 386.201138      142894.421     0.3
-----------------------------------------------------------------------------
 Total                                                47119238.000   100.0
-----------------------------------------------------------------------------


    D O M A I N   D E C O M P O S I T I O N   S T A T I S T I C S

 av. #atoms communicated per step for force:  2 x 178493.0
 av. #atoms communicated per step for LINCS:  2 x 8458.7


Dynamic load balancing report:
 DLB was off during the run due to low measured imbalance.
 Average load imbalance: 11.2%.
 The balanceable part of the MD step is 34%, load imbalance is computed from this.
 Part of the total run time spent waiting due to load imbalance: 3.8%.
 Average PME mesh/force load: 2.229
 Part of the total run time spent waiting due to PP/PME imbalance: 32.7 %

NOTE: 32.7 % performance was lost because the PME ranks
      had more work to do than the PP ranks.
      You might want to increase the number of PME ranks
      or increase the cut-off and the grid spacing.


     R E A L   C Y C L E   A N D   T I M E   A C C O U N T I N G

On 24 MPI ranks doing PP, and
on 4 MPI ranks doing PME

 Computing:          Num   Num      Call    Wall time         Giga-Cycles
                     Ranks Threads  Count      (s)         total sum    %
-----------------------------------------------------------------------------
 Domain decomp.        24    1        126     138.567       8626.390   3.0
 DD comm. load         24    1          7       0.174         10.840   0.0
 Send X to PME         24    1      10001     216.567      13482.209   4.7
 Neighbor search       24    1        126       7.732        481.346   0.2
 Comm. coord.          24    1       9875     697.600      43428.526  15.0
 Force                 24    1      10001     441.490      27484.577   9.5
 Wait + Comm. F        24    1      10001     736.607      45856.854  15.9
 PME mesh *             4    1      10001    2690.426      27915.041   9.7
 PME wait for PP *                           1282.563      13307.482   4.6
 Wait + Recv. PME F    24    1      10001     948.608      59054.789  20.5
 NB X/F buffer ops.    24    1      29751       2.196        136.700   0.0
 Write traj.           24    1         25       1.955        121.699   0.0
 Update                24    1      10001       0.412         25.653   0.0
 Constraints           24    1      10003     680.307      42351.978  14.7
 Comm. energies        24    1       1001      98.081       6105.929   2.1
 Rest                                           3.956        246.295   0.1
-----------------------------------------------------------------------------
 Total                                       3974.252     288649.415 100.0
-----------------------------------------------------------------------------
(*) Note that with separate PME ranks, the walltime column actually sums to
    twice the total reported, but the cycle count total and % are correct.
-----------------------------------------------------------------------------
 Breakdown of PME mesh computation
-----------------------------------------------------------------------------
 PME redist. X/F        4    1      20002    1726.962      17918.431   6.2
 PME spread             4    1      10001     232.873       2416.216   0.8
 PME gather             4    1      10001     228.690       2372.818   0.8
 PME 3D-FFT             4    1      20002      15.127        156.954   0.1
 PME 3D-FFT Comm.       4    1      20002     485.301       5035.335   1.7
 PME solve Elec         4    1      10001       1.411         14.635   0.0
-----------------------------------------------------------------------------

               Core t (s)   Wall t (s)        (%)
       Time:   111277.047     3974.252     2799.9
                         1h06:14
                 (ns/day)    (hour/ns)
Performance:        0.435       55.192
Finished mdrun on rank 0 Thu Jun 23 21:26:04 2022

