                      :-) GROMACS - gmx mdrun, 2021.2 (-:

                            GROMACS is written by:
     Andrey Alekseenko              Emile Apol              Rossen Apostolov     
         Paul Bauer           Herman J.C. Berendsen           Par Bjelkmar       
       Christian Blau           Viacheslav Bolnykh             Kevin Boyd        
     Aldert van Buuren           Rudi van Drunen             Anton Feenstra      
    Gilles Gouaillardet             Alan Gray               Gerrit Groenhof      
       Anca Hamuraru            Vincent Hindriksen          M. Eric Irrgang      
      Aleksei Iupinov           Christoph Junghans             Joe Jordan        
    Dimitrios Karkoulis            Peter Kasson                Jiri Kraus        
      Carsten Kutzner              Per Larsson              Justin A. Lemkul     
       Viveca Lindahl            Magnus Lundborg             Erik Marklund       
        Pascal Merz             Pieter Meulenhoff            Teemu Murtola       
        Szilard Pall               Sander Pronk              Roland Schulz       
       Michael Shirts            Alexey Shvetsov             Alfons Sijbers      
       Peter Tieleman              Jon Vincent              Teemu Virolainen     
     Christian Wennberg            Maarten Wolf              Artem Zhmurov       
                           and the project leaders:
        Mark Abraham, Berk Hess, Erik Lindahl, and David van der Spoel

Copyright (c) 1991-2000, University of Groningen, The Netherlands.
Copyright (c) 2001-2019, The GROMACS development team at
Uppsala University, Stockholm University and
the Royal Institute of Technology, Sweden.
check out http://www.gromacs.org for more information.

GROMACS is free software; you can redistribute it and/or modify it
under the terms of the GNU Lesser General Public License
as published by the Free Software Foundation; either version 2.1
of the License, or (at your option) any later version.

GROMACS:      gmx mdrun, version 2021.2
Executable:   /gpfs/opt/apps/gromacs-2021.2/bin/gmx
Data prefix:  /gpfs/opt/apps/gromacs-2021.2
Working dir:  /gpfs/work/tuk27574/fragment_builder
Process ID:   19461
Command line:
  gmx mdrun -s ./combo_folder/EAA/nvt_EAA30.tpr -deffnm ./combo_folder/EAA/combo_nvt_EAA30

GROMACS version:    2021.2
Verified release checksum is d91a739522d82c53dc47c2276b9ac5fae3b2119283e84e3a1c7bed8ce741fda2
Precision:          mixed
Memory model:       64 bit
MPI library:        thread_mpi
OpenMP support:     enabled (GMX_OPENMP_MAX_THREADS = 64)
GPU support:        disabled
SIMD instructions:  SSE4.1
FFT library:        fftw-3.3.3-sse2
RDTSCP usage:       enabled
TNG support:        enabled
Hwloc support:      disabled
Tracing support:    disabled
C compiler:         /gpfs/opt/tools/gcc-8.4.0/bin/gcc GNU 8.4.0
C compiler flags:   -msse4.1 -Wno-missing-field-initializers -fexcess-precision=fast -funroll-all-loops -O3 -DNDEBUG
C++ compiler:       /gpfs/opt/tools/gcc-8.4.0/bin/g++ GNU 8.4.0
C++ compiler flags: -msse4.1 -Wno-missing-field-initializers -fexcess-precision=fast -funroll-all-loops -fopenmp -O3 -DNDEBUG


Running on 1 node with total 28 cores, 28 logical cores
Hardware detected:
  CPU info:
    Vendor: Intel
    Brand:  Intel(R) Xeon(R) CPU E5-2690 v4 @ 2.60GHz
    Family: 6   Model: 79   Stepping: 1
    Features: aes apic avx avx2 clfsh cmov cx8 cx16 f16c fma hle htt intel lahf mmx msr nonstop_tsc pcid pclmuldq pdcm pdpe1gb popcnt pse rdrnd rdtscp rtm sse2 sse3 sse4.1 sse4.2 ssse3 tdt x2apic
  Hardware topology: Basic
    Sockets, cores, and logical processors:
      Socket  0: [   0] [   2] [   4] [   6] [   8] [  10] [  12] [  14] [  16] [  18] [  20] [  22] [  24] [  26]
      Socket  1: [   1] [   3] [   5] [   7] [   9] [  11] [  13] [  15] [  17] [  19] [  21] [  23] [  25] [  27]

Highest SIMD level requested by all nodes in run: AVX2_256
SIMD instructions selected at compile time:       SSE4.1
This program was compiled for different hardware than you are running on,
which could influence performance.

++++ PLEASE READ AND CITE THE FOLLOWING REFERENCE ++++
M. J. Abraham, T. Murtola, R. Schulz, S. Páll, J. C. Smith, B. Hess, E.
Lindahl
GROMACS: High performance molecular simulations through multi-level
parallelism from laptops to supercomputers
SoftwareX 1 (2015) pp. 19-25
-------- -------- --- Thank You --- -------- --------


++++ PLEASE READ AND CITE THE FOLLOWING REFERENCE ++++
S. Páll, M. J. Abraham, C. Kutzner, B. Hess, E. Lindahl
Tackling Exascale Software Challenges in Molecular Dynamics Simulations with
GROMACS
In S. Markidis & E. Laure (Eds.), Solving Software Challenges for Exascale 8759 (2015) pp. 3-27
-------- -------- --- Thank You --- -------- --------


++++ PLEASE READ AND CITE THE FOLLOWING REFERENCE ++++
S. Pronk, S. Páll, R. Schulz, P. Larsson, P. Bjelkmar, R. Apostolov, M. R.
Shirts, J. C. Smith, P. M. Kasson, D. van der Spoel, B. Hess, and E. Lindahl
GROMACS 4.5: a high-throughput and highly parallel open source molecular
simulation toolkit
Bioinformatics 29 (2013) pp. 845-54
-------- -------- --- Thank You --- -------- --------


++++ PLEASE READ AND CITE THE FOLLOWING REFERENCE ++++
B. Hess and C. Kutzner and D. van der Spoel and E. Lindahl
GROMACS 4: Algorithms for highly efficient, load-balanced, and scalable
molecular simulation
J. Chem. Theory Comput. 4 (2008) pp. 435-447
-------- -------- --- Thank You --- -------- --------


++++ PLEASE READ AND CITE THE FOLLOWING REFERENCE ++++
D. van der Spoel, E. Lindahl, B. Hess, G. Groenhof, A. E. Mark and H. J. C.
Berendsen
GROMACS: Fast, Flexible and Free
J. Comp. Chem. 26 (2005) pp. 1701-1719
-------- -------- --- Thank You --- -------- --------


++++ PLEASE READ AND CITE THE FOLLOWING REFERENCE ++++
E. Lindahl and B. Hess and D. van der Spoel
GROMACS 3.0: A package for molecular simulation and trajectory analysis
J. Mol. Mod. 7 (2001) pp. 306-317
-------- -------- --- Thank You --- -------- --------


++++ PLEASE READ AND CITE THE FOLLOWING REFERENCE ++++
H. J. C. Berendsen, D. van der Spoel and R. van Drunen
GROMACS: A message-passing parallel molecular dynamics implementation
Comp. Phys. Comm. 91 (1995) pp. 43-56
-------- -------- --- Thank You --- -------- --------


++++ PLEASE CITE THE DOI FOR THIS VERSION OF GROMACS ++++
https://doi.org/10.5281/zenodo.4723562
-------- -------- --- Thank You --- -------- --------


The number of OpenMP threads was set by environment variable OMP_NUM_THREADS to 1

Input Parameters:
   integrator                     = md
   tinit                          = 0
   dt                             = 0.002
   nsteps                         = 10000
   init-step                      = 0
   simulation-part                = 1
   mts                            = false
   comm-mode                      = Linear
   nstcomm                        = 100
   bd-fric                        = 0
   ld-seed                        = -1243681185
   emtol                          = 10
   emstep                         = 0.01
   niter                          = 20
   fcstep                         = 0
   nstcgsteep                     = 1000
   nbfgscorr                      = 10
   rtpi                           = 0.05
   nstxout                        = 0
   nstvout                        = 0
   nstfout                        = 0
   nstlog                         = 500
   nstcalcenergy                  = 100
   nstenergy                      = 500
   nstxout-compressed             = 500
   compressed-x-precision         = 1000
   cutoff-scheme                  = Verlet
   nstlist                        = 20
   pbc                            = xyz
   periodic-molecules             = false
   verlet-buffer-tolerance        = 0.005
   rlist                          = 1.221
   coulombtype                    = PME
   coulomb-modifier               = Potential-shift
   rcoulomb-switch                = 0
   rcoulomb                       = 1.2
   epsilon-r                      = 1
   epsilon-rf                     = inf
   vdw-type                       = Cut-off
   vdw-modifier                   = Force-switch
   rvdw-switch                    = 1
   rvdw                           = 1.2
   DispCorr                       = No
   table-extension                = 1
   fourierspacing                 = 0.16
   fourier-nx                     = 72
   fourier-ny                     = 72
   fourier-nz                     = 72
   pme-order                      = 4
   ewald-rtol                     = 1e-05
   ewald-rtol-lj                  = 0.001
   lj-pme-comb-rule               = Geometric
   ewald-geometry                 = 0
   epsilon-surface                = 0
   tcoupl                         = V-rescale
   nsttcouple                     = 10
   nh-chain-length                = 0
   print-nose-hoover-chain-variables = false
   pcoupl                         = No
   pcoupltype                     = Isotropic
   nstpcouple                     = -1
   tau-p                          = 1
   compressibility (3x3):
      compressibility[    0]={ 0.00000e+00,  0.00000e+00,  0.00000e+00}
      compressibility[    1]={ 0.00000e+00,  0.00000e+00,  0.00000e+00}
      compressibility[    2]={ 0.00000e+00,  0.00000e+00,  0.00000e+00}
   ref-p (3x3):
      ref-p[    0]={ 0.00000e+00,  0.00000e+00,  0.00000e+00}
      ref-p[    1]={ 0.00000e+00,  0.00000e+00,  0.00000e+00}
      ref-p[    2]={ 0.00000e+00,  0.00000e+00,  0.00000e+00}
   refcoord-scaling               = No
   posres-com (3):
      posres-com[0]= 0.00000e+00
      posres-com[1]= 0.00000e+00
      posres-com[2]= 0.00000e+00
   posres-comB (3):
      posres-comB[0]= 0.00000e+00
      posres-comB[1]= 0.00000e+00
      posres-comB[2]= 0.00000e+00
   QMMM                           = false
qm-opts:
   ngQM                           = 0
   constraint-algorithm           = Lincs
   continuation                   = false
   Shake-SOR                      = false
   shake-tol                      = 0.0001
   lincs-order                    = 4
   lincs-iter                     = 1
   lincs-warnangle                = 30
   nwall                          = 0
   wall-type                      = 9-3
   wall-r-linpot                  = -1
   wall-atomtype[0]               = -1
   wall-atomtype[1]               = -1
   wall-density[0]                = 0
   wall-density[1]                = 0
   wall-ewald-zfac                = 3
   pull                           = false
   awh                            = false
   rotation                       = false
   interactiveMD                  = false
   disre                          = No
   disre-weighting                = Conservative
   disre-mixed                    = false
   dr-fc                          = 1000
   dr-tau                         = 0
   nstdisreout                    = 100
   orire-fc                       = 0
   orire-tau                      = 0
   nstorireout                    = 100
   free-energy                    = no
   cos-acceleration               = 0
   deform (3x3):
      deform[    0]={ 0.00000e+00,  0.00000e+00,  0.00000e+00}
      deform[    1]={ 0.00000e+00,  0.00000e+00,  0.00000e+00}
      deform[    2]={ 0.00000e+00,  0.00000e+00,  0.00000e+00}
   simulated-tempering            = false
   swapcoords                     = no
   userint1                       = 0
   userint2                       = 0
   userint3                       = 0
   userint4                       = 0
   userreal1                      = 0
   userreal2                      = 0
   userreal3                      = 0
   userreal4                      = 0
   applied-forces:
     electric-field:
       x:
         E0                       = 0
         omega                    = 0
         t0                       = 0
         sigma                    = 0
       y:
         E0                       = 0
         omega                    = 0
         t0                       = 0
         sigma                    = 0
       z:
         E0                       = 0
         omega                    = 0
         t0                       = 0
         sigma                    = 0
     density-guided-simulation:
       active                     = false
       group                      = protein
       similarity-measure         = inner-product
       atom-spreading-weight      = unity
       force-constant             = 1e+09
       gaussian-transform-spreading-width = 0.2
       gaussian-transform-spreading-range-in-multiples-of-width = 4
       reference-density-filename = reference.mrc
       nst                        = 1
       normalize-densities        = true
       adaptive-force-scaling     = false
       adaptive-force-scaling-time-constant = 4
       shift-vector               = 
       transformation-matrix      = 
grpopts:
   nrdf:     23287.7     749.991      216213
   ref-t:         300         300         300
   tau-t:         0.1         0.1         0.1
annealing:          No          No          No
annealing-npoints:           0           0           0
   acc:	           0           0           0
   nfreeze:           N           N           N
   energygrp-flags[  0]: 0

Changing nstlist from 20 to 80, rlist from 1.221 to 1.317


Initializing Domain Decomposition on 28 ranks
Dynamic load balancing: auto
Minimum cell size due to atom displacement: 0.649 nm
Initial maximum distances in bonded interactions:
    two-body bonded interactions: 0.423 nm, LJ-14, atoms 3591 3599
  multi-body bonded interactions: 0.423 nm, Proper Dih., atoms 3591 3599
Minimum cell size due to bonded interactions: 0.465 nm
Maximum distance for 5 constraints, at 120 deg. angles, all-trans: 0.219 nm
Estimated maximum distance required for P-LINCS: 0.219 nm
Scaling the initial minimum size with 1/0.8 (option -dds) = 1.25
Guess for relative PME load: 0.09
Will use 24 particle-particle and 4 PME only ranks
This is a guess, check the performance at the end of the log file
Using 4 separate PME ranks, as guessed by mdrun
Optimizing the DD grid for 24 cells with a minimum initial size of 0.811 nm
The maximum allowed number of cells is: X 13 Y 13 Z 13
Domain decomposition grid 4 x 3 x 2, separate PME ranks 4
PME domain decomposition: 4 x 1 x 1
Interleaving PP and PME ranks
This rank does only particle-particle work.
Domain decomposition rank 0, coordinates 0 0 0

The initial number of communication pulses is: X 1 Y 1 Z 1
The initial domain decomposition cell size is: X 2.66 nm Y 3.54 nm Z 5.31 nm

The maximum allowed distance for atoms involved in interactions is:
                 non-bonded interactions           1.317 nm
            two-body bonded interactions  (-rdd)   1.317 nm
          multi-body bonded interactions  (-rdd)   1.317 nm
  atoms separated by up to 5 constraints  (-rcon)  2.656 nm

When dynamic load balancing gets turned on, these settings will change to:
The maximum number of communication pulses is: X 1 Y 1 Z 1
The minimum size for domain decomposition cells is 1.317 nm
The requested allowed shrink of DD cells (option -dds) is: 0.80
The allowed shrink of domain decomposition cells is: X 0.50 Y 0.37 Z 0.25
The maximum allowed distance for atoms involved in interactions is:
                 non-bonded interactions           1.317 nm
            two-body bonded interactions  (-rdd)   1.317 nm
          multi-body bonded interactions  (-rdd)   1.317 nm
  atoms separated by up to 5 constraints  (-rcon)  1.317 nm

Using 28 MPI threads
Using 1 OpenMP thread per tMPI thread

Pinning threads with an auto-selected logical core stride of 1
System total charge: -30.000
Will do PME sum in reciprocal space for electrostatic interactions.

++++ PLEASE READ AND CITE THE FOLLOWING REFERENCE ++++
U. Essmann, L. Perera, M. L. Berkowitz, T. Darden, H. Lee and L. G. Pedersen 
A smooth particle mesh Ewald method
J. Chem. Phys. 103 (1995) pp. 8577-8592
-------- -------- --- Thank You --- -------- --------

Using a Gaussian width (1/beta) of 0.384195 nm for Ewald
Potential shift: LJ r^-12: -2.648e-01 r^-6: -5.349e-01, Ewald -8.333e-06
Initialized non-bonded Ewald tables, spacing: 1.02e-03 size: 1176

Generated table with 1158 data points for 1-4 COUL.
Tabscale = 500 points/nm
Generated table with 1158 data points for 1-4 LJ6.
Tabscale = 500 points/nm
Generated table with 1158 data points for 1-4 LJ12.
Tabscale = 500 points/nm


Using SIMD 4x4 nonbonded short-range kernels

Using a dual 4x4 pair-list setup updated with dynamic pruning:
  outer list: updated every 80 steps, buffer 0.117 nm, rlist 1.317 nm
  inner list: updated every 13 steps, buffer 0.001 nm, rlist 1.201 nm
At tolerance 0.005 kJ/mol/ps per atom, equivalent classical 1x1 list would be:
  outer list: updated every 80 steps, buffer 0.261 nm, rlist 1.461 nm
  inner list: updated every 13 steps, buffer 0.051 nm, rlist 1.251 nm
Removing pbc first time

Initializing Parallel LINear Constraint Solver

++++ PLEASE READ AND CITE THE FOLLOWING REFERENCE ++++
B. Hess
P-LINCS: A Parallel Linear Constraint Solver for molecular simulation
J. Chem. Theory Comput. 4 (2008) pp. 116-122
-------- -------- --- Thank You --- -------- --------

The number of constraints is 4750
There are constraints between atoms in different decomposition domains,
will communicate selected coordinates each lincs iteration

++++ PLEASE READ AND CITE THE FOLLOWING REFERENCE ++++
S. Miyamoto and P. A. Kollman
SETTLE: An Analytical Version of the SHAKE and RATTLE Algorithms for Rigid
Water Models
J. Comp. Chem. 13 (1992) pp. 952-962
-------- -------- --- Thank You --- -------- --------


Linking all bonded interactions to atoms


Intra-simulation communication will occur every 10 steps.

++++ PLEASE READ AND CITE THE FOLLOWING REFERENCE ++++
G. Bussi, D. Donadio and M. Parrinello
Canonical sampling through velocity rescaling
J. Chem. Phys. 126 (2007) pp. 014101
-------- -------- --- Thank You --- -------- --------

There are: 117631 Atoms
Atom distribution over 24 domains: av 4901 stddev 89 min 4816 max 5076

Constraining the starting coordinates (step 0)

Constraining the coordinates at t0-dt (step 0)
Center of mass motion removal mode is Linear
We have the following groups for center of mass motion removal:
  0:  rest
RMS relative constraint deviation after constraining: 5.21e-06
Initial temperature: 300.09 K

Started mdrun on rank 0 Thu Jun 23 20:19:50 2022

           Step           Time
              0        0.00000

   Energies (kJ/mol)
           Bond          Angle    Proper Dih.  Improper Dih.          LJ-14
    1.45698e+03    6.79225e+03    2.78753e+04    2.19971e+02    8.03139e+03
     Coulomb-14        LJ (SR)   Coulomb (SR)   Coul. recip.      Potential
    1.02346e+05    2.33917e+05   -2.28089e+06    3.52924e+03   -1.89672e+06
    Kinetic En.   Total Energy  Conserved En.    Temperature Pressure (bar)
    2.99764e+05   -1.59695e+06   -1.59695e+06    3.00130e+02   -4.52099e+03
   Constr. rmsd
    3.38904e-06


DD  step 79 load imb.: force 10.4%  pme mesh/force 1.921
step  480: timed with pme grid 72 72 72, coulomb cutoff 1.200: 71724.2 M-cycles
           Step           Time
            500        1.00000

   Energies (kJ/mol)
           Bond          Angle    Proper Dih.  Improper Dih.          LJ-14
    7.24901e+03    2.10662e+04    3.11298e+04    1.20218e+03    9.21173e+03
     Coulomb-14        LJ (SR)   Coulomb (SR)   Coul. recip.      Potential
    1.02151e+05    2.10205e+05   -1.95712e+06    4.15198e+03   -1.57076e+06
    Kinetic En.   Total Energy  Conserved En.    Temperature Pressure (bar)
    2.96413e+05   -1.27434e+06   -1.59411e+06    2.96775e+02   -7.59885e+01
   Constr. rmsd
    3.33955e-06

step  640: timed with pme grid 60 60 60, coulomb cutoff 1.328: 70818.6 M-cycles
step  800: timed with pme grid 52 52 52, coulomb cutoff 1.532: 70062.7 M-cycles
step  960: timed with pme grid 48 48 48, coulomb cutoff 1.660: 73561.5 M-cycles
           Step           Time
           1000        2.00000

   Energies (kJ/mol)
           Bond          Angle    Proper Dih.  Improper Dih.          LJ-14
    7.17373e+03    2.11803e+04    3.10703e+04    1.19866e+03    9.16724e+03
     Coulomb-14        LJ (SR)   Coulomb (SR)   Coul. recip.      Potential
    1.02118e+05    2.03681e+05   -1.93879e+06    1.51374e+03   -1.56168e+06
    Kinetic En.   Total Energy  Conserved En.    Temperature Pressure (bar)
    2.98836e+05   -1.26285e+06   -1.59409e+06    2.99201e+02   -2.31787e+02
   Constr. rmsd
    3.38755e-06

step 1120: timed with pme grid 44 44 44, coulomb cutoff 1.811: 73443.8 M-cycles
step 1120: the maximum allowed grid scaling limits the PME load balancing to a coulomb cut-off of 1.811
step 1280: timed with pme grid 44 44 44, coulomb cutoff 1.811: 74350.4 M-cycles
step 1440: timed with pme grid 48 48 48, coulomb cutoff 1.660: 70905.1 M-cycles
           Step           Time
           1500        3.00000

   Energies (kJ/mol)
           Bond          Angle    Proper Dih.  Improper Dih.          LJ-14
    7.28624e+03    2.13787e+04    3.10417e+04    1.17958e+03    9.06461e+03
     Coulomb-14        LJ (SR)   Coulomb (SR)   Coul. recip.      Potential
    1.01853e+05    2.06142e+05   -1.94200e+06    2.70080e+03   -1.56135e+06
    Kinetic En.   Total Energy  Conserved En.    Temperature Pressure (bar)
    3.00357e+05   -1.26100e+06   -1.59417e+06    3.00724e+02   -1.41694e+02
   Constr. rmsd
    3.19252e-06

step 1600: timed with pme grid 52 52 52, coulomb cutoff 1.532: 71377.3 M-cycles
step 1760: timed with pme grid 56 56 56, coulomb cutoff 1.423: 70833.6 M-cycles
step 1920: timed with pme grid 60 60 60, coulomb cutoff 1.328: 72654.3 M-cycles

DD  step 1999 load imb.: force  3.0%  pme mesh/force 2.049
           Step           Time
           2000        4.00000

   Energies (kJ/mol)
           Bond          Angle    Proper Dih.  Improper Dih.          LJ-14
    7.23124e+03    2.12612e+04    3.09500e+04    1.15812e+03    9.37774e+03
     Coulomb-14        LJ (SR)   Coulomb (SR)   Coul. recip.      Potential
    1.02814e+05    2.02616e+05   -1.94140e+06    5.29365e+03   -1.56070e+06
    Kinetic En.   Total Energy  Conserved En.    Temperature Pressure (bar)
    2.99044e+05   -1.26165e+06   -1.59414e+06    2.99409e+02   -2.51496e+02
   Constr. rmsd
    3.14559e-06

step 2080: timed with pme grid 64 64 64, coulomb cutoff 1.245: 71190.5 M-cycles
step 2240: timed with pme grid 72 72 72, coulomb cutoff 1.200: 69628.5 M-cycles
Writing checkpoint, step 2320 at Thu Jun 23 20:35:22 2022


step 2400: timed with pme grid 44 44 44, coulomb cutoff 1.811: 73844.9 M-cycles
           Step           Time
           2500        5.00000

   Energies (kJ/mol)
           Bond          Angle    Proper Dih.  Improper Dih.          LJ-14
    7.31889e+03    2.15970e+04    3.10085e+04    1.13980e+03    9.32946e+03
     Coulomb-14        LJ (SR)   Coulomb (SR)   Coul. recip.      Potential
    1.02457e+05    2.05611e+05   -1.93954e+06    2.08393e+03   -1.55900e+06
    Kinetic En.   Total Energy  Conserved En.    Temperature Pressure (bar)
    3.00192e+05   -1.25880e+06   -1.59405e+06    3.00559e+02   -1.03976e+02
   Constr. rmsd
    3.22602e-06

step 2560: timed with pme grid 48 48 48, coulomb cutoff 1.660: 73446.4 M-cycles
step 2720: timed with pme grid 52 52 52, coulomb cutoff 1.532: 70392.1 M-cycles
step 2880: timed with pme grid 56 56 56, coulomb cutoff 1.423: 71772.5 M-cycles
           Step           Time
           3000        6.00000

   Energies (kJ/mol)
           Bond          Angle    Proper Dih.  Improper Dih.          LJ-14
    7.19108e+03    2.10924e+04    3.08868e+04    1.18646e+03    9.24907e+03
     Coulomb-14        LJ (SR)   Coulomb (SR)   Coul. recip.      Potential
    1.02269e+05    2.03595e+05   -1.93959e+06    4.33037e+03   -1.55979e+06
    Kinetic En.   Total Energy  Conserved En.    Temperature Pressure (bar)
    2.98065e+05   -1.26172e+06   -1.59402e+06    2.98429e+02   -1.73806e+02
   Constr. rmsd
    3.35340e-06

step 3040: timed with pme grid 60 60 60, coulomb cutoff 1.328: 70354.5 M-cycles
step 3200: timed with pme grid 64 64 64, coulomb cutoff 1.245: 71713.5 M-cycles
step 3360: timed with pme grid 72 72 72, coulomb cutoff 1.200: 67526.3 M-cycles
           Step           Time
           3500        7.00000

   Energies (kJ/mol)
           Bond          Angle    Proper Dih.  Improper Dih.          LJ-14
    7.32899e+03    2.13968e+04    3.11011e+04    1.16484e+03    9.27541e+03
     Coulomb-14        LJ (SR)   Coulomb (SR)   Coul. recip.      Potential
    1.02941e+05    2.02259e+05   -1.93488e+06    1.68812e+03   -1.55772e+06
    Kinetic En.   Total Energy  Conserved En.    Temperature Pressure (bar)
    3.00363e+05   -1.25736e+06   -1.59402e+06    3.00730e+02   -2.01873e+02
   Constr. rmsd
    3.30297e-06

step 3520: timed with pme grid 44 44 44, coulomb cutoff 1.811: 73202.6 M-cycles
step 3680: timed with pme grid 48 48 48, coulomb cutoff 1.660: 71278.5 M-cycles
step 3840: timed with pme grid 52 52 52, coulomb cutoff 1.532: 69602.4 M-cycles
step 4000: timed with pme grid 56 56 56, coulomb cutoff 1.423: 71782.2 M-cycles

DD  step 3999 load imb.: force  9.7%  pme mesh/force 1.835
           Step           Time
           4000        8.00000

   Energies (kJ/mol)
           Bond          Angle    Proper Dih.  Improper Dih.          LJ-14
    7.45774e+03    2.15817e+04    3.11635e+04    1.19992e+03    9.16606e+03
     Coulomb-14        LJ (SR)   Coulomb (SR)   Coul. recip.      Potential
    1.02337e+05    2.03616e+05   -1.93949e+06    4.32271e+03   -1.55864e+06
    Kinetic En.   Total Energy  Conserved En.    Temperature Pressure (bar)
    2.99765e+05   -1.25888e+06   -1.59400e+06    3.00131e+02   -1.47881e+02
   Constr. rmsd
    3.10661e-06

step 4160: timed with pme grid 60 60 60, coulomb cutoff 1.328: 69717.4 M-cycles
step 4320: timed with pme grid 64 64 64, coulomb cutoff 1.245: 69739.3 M-cycles
step 4480: timed with pme grid 72 72 72, coulomb cutoff 1.200: 71558.1 M-cycles
           Step           Time
           4500        9.00000

   Energies (kJ/mol)
           Bond          Angle    Proper Dih.  Improper Dih.          LJ-14
    7.42996e+03    2.10333e+04    3.10230e+04    1.12818e+03    9.15142e+03
     Coulomb-14        LJ (SR)   Coulomb (SR)   Coul. recip.      Potential
    1.02282e+05    2.04064e+05   -1.93879e+06    1.68369e+03   -1.56099e+06
    Kinetic En.   Total Energy  Conserved En.    Temperature Pressure (bar)
    2.99845e+05   -1.26115e+06   -1.59400e+06    3.00212e+02   -2.69313e+02
   Constr. rmsd
    3.22673e-06

Writing checkpoint, step 4560 at Thu Jun 23 20:50:22 2022


step 4640: timed with pme grid 44 44 44, coulomb cutoff 1.811: 73826.5 M-cycles
step 4800: timed with pme grid 48 48 48, coulomb cutoff 1.660: 73451.6 M-cycles
step 4960: timed with pme grid 52 52 52, coulomb cutoff 1.532: 71981.1 M-cycles
           Step           Time
           5000       10.00000

   Energies (kJ/mol)
           Bond          Angle    Proper Dih.  Improper Dih.          LJ-14
    7.09698e+03    2.13053e+04    3.09552e+04    1.17019e+03    9.32339e+03
     Coulomb-14        LJ (SR)   Coulomb (SR)   Coul. recip.      Potential
    1.02241e+05    2.05149e+05   -1.94215e+06    3.41451e+03   -1.56149e+06
    Kinetic En.   Total Energy  Conserved En.    Temperature Pressure (bar)
    3.00283e+05   -1.26121e+06   -1.59406e+06    3.00651e+02   -6.92682e+01
   Constr. rmsd
    3.33074e-06

step 5120: timed with pme grid 56 56 56, coulomb cutoff 1.423: 69395.5 M-cycles
step 5280: timed with pme grid 60 60 60, coulomb cutoff 1.328: 68651.1 M-cycles
step 5440: timed with pme grid 64 64 64, coulomb cutoff 1.245: 70154.1 M-cycles
           Step           Time
           5500       11.00000

   Energies (kJ/mol)
           Bond          Angle    Proper Dih.  Improper Dih.          LJ-14
    7.36199e+03    2.14491e+04    3.10507e+04    1.17590e+03    9.05784e+03
     Coulomb-14        LJ (SR)   Coulomb (SR)   Coul. recip.      Potential
    1.01989e+05    2.05288e+05   -1.94132e+06    6.12500e+03   -1.55783e+06
    Kinetic En.   Total Energy  Conserved En.    Temperature Pressure (bar)
    3.00673e+05   -1.25715e+06   -1.59396e+06    3.01041e+02   -1.44601e+02
   Constr. rmsd
    3.28371e-06

step 5600: timed with pme grid 72 72 72, coulomb cutoff 1.200: 70189.6 M-cycles
step 5760: timed with pme grid 44 44 44, coulomb cutoff 1.811: 74103.1 M-cycles
step 5920: timed with pme grid 48 48 48, coulomb cutoff 1.660: 71096.3 M-cycles

DD  step 5999 load imb.: force  8.1%  pme mesh/force 1.532
           Step           Time
           6000       12.00000

   Energies (kJ/mol)
           Bond          Angle    Proper Dih.  Improper Dih.          LJ-14
    7.58105e+03    2.12978e+04    3.08597e+04    1.16754e+03    9.23115e+03
     Coulomb-14        LJ (SR)   Coulomb (SR)   Coul. recip.      Potential
    1.02154e+05    2.04750e+05   -1.94069e+06    2.75372e+03   -1.56090e+06
    Kinetic En.   Total Energy  Conserved En.    Temperature Pressure (bar)
    3.00258e+05   -1.26064e+06   -1.59401e+06    3.00625e+02   -1.70411e+02
   Constr. rmsd
    3.14636e-06

step 6080: timed with pme grid 52 52 52, coulomb cutoff 1.532: 72193.3 M-cycles
step 6240: timed with pme grid 56 56 56, coulomb cutoff 1.423: 71330.0 M-cycles
step 6400: timed with pme grid 60 60 60, coulomb cutoff 1.328: 71370.7 M-cycles
           Step           Time
           6500       13.00000

   Energies (kJ/mol)
           Bond          Angle    Proper Dih.  Improper Dih.          LJ-14
    7.50976e+03    2.10452e+04    3.08337e+04    1.05558e+03    9.10648e+03
     Coulomb-14        LJ (SR)   Coulomb (SR)   Coul. recip.      Potential
    1.02004e+05    2.05014e+05   -1.94320e+06    5.35566e+03   -1.56127e+06
    Kinetic En.   Total Energy  Conserved En.    Temperature Pressure (bar)
    2.99610e+05   -1.26166e+06   -1.59402e+06    2.99977e+02   -1.19819e+02
   Constr. rmsd
    3.39092e-06

step 6560: timed with pme grid 64 64 64, coulomb cutoff 1.245: 68789.7 M-cycles
step 6720: timed with pme grid 72 72 72, coulomb cutoff 1.200: 69272.2 M-cycles
              optimal pme grid 72 72 72, coulomb cutoff 1.200
Writing checkpoint, step 6800 at Thu Jun 23 21:05:22 2022


           Step           Time
           7000       14.00000

   Energies (kJ/mol)
           Bond          Angle    Proper Dih.  Improper Dih.          LJ-14
    7.49998e+03    2.09244e+04    3.10538e+04    1.18649e+03    9.26006e+03
     Coulomb-14        LJ (SR)   Coulomb (SR)   Coul. recip.      Potential
    1.02310e+05    2.01867e+05   -1.93925e+06    6.01428e+03   -1.55914e+06
    Kinetic En.   Total Energy  Conserved En.    Temperature Pressure (bar)
    2.99621e+05   -1.25952e+06   -1.59392e+06    2.99987e+02   -2.60219e+02
   Constr. rmsd
    3.38299e-06

           Step           Time
           7500       15.00000

   Energies (kJ/mol)
           Bond          Angle    Proper Dih.  Improper Dih.          LJ-14
    7.38223e+03    2.15337e+04    3.09747e+04    1.13153e+03    9.21694e+03
     Coulomb-14        LJ (SR)   Coulomb (SR)   Coul. recip.      Potential
    1.02358e+05    2.03201e+05   -1.94017e+06    6.07001e+03   -1.55830e+06
    Kinetic En.   Total Energy  Conserved En.    Temperature Pressure (bar)
    3.00765e+05   -1.25754e+06   -1.59391e+06    3.01133e+02   -1.76310e+02
   Constr. rmsd
    3.46115e-06


DD  step 7999 load imb.: force 15.4%  pme mesh/force 2.144
           Step           Time
           8000       16.00000

   Energies (kJ/mol)
           Bond          Angle    Proper Dih.  Improper Dih.          LJ-14
    7.43578e+03    2.13872e+04    3.07882e+04    1.19105e+03    9.27292e+03
     Coulomb-14        LJ (SR)   Coulomb (SR)   Coul. recip.      Potential
    1.02382e+05    2.03767e+05   -1.94140e+06    5.97640e+03   -1.55920e+06
    Kinetic En.   Total Energy  Conserved En.    Temperature Pressure (bar)
    3.00018e+05   -1.25918e+06   -1.59386e+06    3.00385e+02   -6.28425e+01
   Constr. rmsd
    3.45339e-06

           Step           Time
           8500       17.00000

   Energies (kJ/mol)
           Bond          Angle    Proper Dih.  Improper Dih.          LJ-14
    7.50408e+03    2.12210e+04    3.11194e+04    1.16074e+03    9.11843e+03
     Coulomb-14        LJ (SR)   Coulomb (SR)   Coul. recip.      Potential
    1.02244e+05    2.02535e+05   -1.93737e+06    6.02178e+03   -1.55645e+06
    Kinetic En.   Total Energy  Conserved En.    Temperature Pressure (bar)
    2.99513e+05   -1.25694e+06   -1.59386e+06    2.99879e+02   -2.46444e+02
   Constr. rmsd
    3.39900e-06

           Step           Time
           9000       18.00000

   Energies (kJ/mol)
           Bond          Angle    Proper Dih.  Improper Dih.          LJ-14
    7.30962e+03    2.12949e+04    3.12308e+04    1.18007e+03    9.05345e+03
     Coulomb-14        LJ (SR)   Coulomb (SR)   Coul. recip.      Potential
    1.01826e+05    2.02710e+05   -1.93973e+06    5.86533e+03   -1.55926e+06
    Kinetic En.   Total Energy  Conserved En.    Temperature Pressure (bar)
    2.99818e+05   -1.25944e+06   -1.59385e+06    3.00184e+02   -2.59259e+02
   Constr. rmsd
    3.41431e-06

Writing checkpoint, step 9040 at Thu Jun 23 21:20:12 2022


           Step           Time
           9500       19.00000

   Energies (kJ/mol)
           Bond          Angle    Proper Dih.  Improper Dih.          LJ-14
    7.40883e+03    2.10706e+04    3.10085e+04    1.14103e+03    9.18651e+03
     Coulomb-14        LJ (SR)   Coulomb (SR)   Coul. recip.      Potential
    1.02315e+05    2.01578e+05   -1.93876e+06    6.02906e+03   -1.55902e+06
    Kinetic En.   Total Energy  Conserved En.    Temperature Pressure (bar)
    2.99724e+05   -1.25930e+06   -1.59382e+06    3.00090e+02   -3.47129e+02
   Constr. rmsd
    3.21304e-06


DD  step 9999 load imb.: force  8.2%  pme mesh/force 1.884
           Step           Time
          10000       20.00000

Writing checkpoint, step 10000 at Thu Jun 23 21:26:14 2022


   Energies (kJ/mol)
           Bond          Angle    Proper Dih.  Improper Dih.          LJ-14
    7.31617e+03    2.13419e+04    3.10254e+04    1.19350e+03    9.22980e+03
     Coulomb-14        LJ (SR)   Coulomb (SR)   Coul. recip.      Potential
    1.02303e+05    2.03893e+05   -1.94138e+06    5.79468e+03   -1.55928e+06
    Kinetic En.   Total Energy  Conserved En.    Temperature Pressure (bar)
    2.99024e+05   -1.26026e+06   -1.59380e+06    2.99390e+02   -1.72417e+02
   Constr. rmsd
    3.17814e-06


Energy conservation over simulation part #1 of length 20 ns, time 0 to 20 ns
  Conserved energy drift: 1.34e-03 kJ/mol/ps per atom


	<======  ###############  ==>
	<====  A V E R A G E S  ====>
	<==  ###############  ======>

	Statistics over 10001 steps using 101 frames

   Energies (kJ/mol)
           Bond          Angle    Proper Dih.  Improper Dih.          LJ-14
    7.26138e+03    2.11037e+04    3.09868e+04    1.14626e+03    9.20727e+03
     Coulomb-14        LJ (SR)   Coulomb (SR)   Coul. recip.      Potential
    1.02299e+05    2.04904e+05   -1.94632e+06    4.40709e+03   -1.56500e+06
    Kinetic En.   Total Energy  Conserved En.    Temperature Pressure (bar)
    2.98617e+05   -1.26639e+06   -1.59401e+06    2.98982e+02   -2.18859e+02
   Constr. rmsd
    0.00000e+00

   Total Virial (kJ/mol)
    1.07879e+05    1.52632e+02    1.01220e+02
    1.52533e+02    1.07127e+05   -2.49807e+02
    1.01224e+02   -2.48810e+02    1.07305e+05

   Pressure (bar)
   -2.30895e+02   -3.93253e+00   -2.89744e+00
   -3.92979e+00   -2.10147e+02    7.99168e+00
   -2.89754e+00    7.96404e+00   -2.15534e+02

      T-Protein          T-EAAT-Water_and_ions
    2.99783e+02    3.01827e+02    2.98885e+02


       P P   -   P M E   L O A D   B A L A N C I N G

 PP/PME load balancing changed the cut-off and PME settings:
           particle-particle                    PME
            rcoulomb  rlist            grid      spacing   1/beta
   initial  1.200 nm  1.201 nm      72  72  72   0.148 nm  0.384 nm
   final    1.200 nm  1.201 nm      72  72  72   0.148 nm  0.384 nm
 cost-ratio           1.00             1.00
 (note that these numbers concern only part of the total PP and PME load)


	M E G A - F L O P S   A C C O U N T I N G

 NB=Group-cutoff nonbonded kernels    NxN=N-by-N cluster Verlet kernels
 RF=Reaction-Field  VdW=Van der Waals  QSTab=quadratic-spline table
 W3=SPC/TIP3p  W4=TIP4p (single or pairs)
 V&F=Potential and force  V=Potential only  F=Force only

 Computing:                               M-Number         M-Flops  % Flops
-----------------------------------------------------------------------------
 Pair Search distance check            8669.680270       78027.122     0.1
 NxN QSTab Elec. + LJ [F]            704790.033736    37353871.788    62.4
 NxN QSTab Elec. + LJ [V&F]            7209.150440      583941.186     1.0
 NxN QSTab Elec. [F]                 584125.393448    19860263.377    33.2
 NxN QSTab Elec. [V&F]                 5974.826664      244967.893     0.4
 1,4 nonbonded interactions             248.184816       22336.633     0.0
 Calc Weights                          3529.282893      127054.184     0.2
 Spread Q Bspline                     75291.368384      150582.737     0.3
 Gather F Bspline                     75291.368384      451748.210     0.8
 3D-FFT                               93668.898112      749351.185     1.3
 Solve PME                               39.552064        2531.332     0.0
 Reset In Box                            14.821506          44.465     0.0
 CG-CoM                                  14.939137          44.817     0.0
 Bonds                                   49.204920        2903.090     0.0
 Angles                                 173.777376       29194.599     0.0
 Propers                                310.671064       71143.674     0.1
 Impropers                               19.201920        3993.999     0.0
 Virial                                  11.989811         215.817     0.0
 Stop-CM                                 11.998362         119.984     0.0
 Calc-Ekin                              235.497262        6358.426     0.0
 Lincs                                   51.257068        3075.424     0.0
 Lincs-Mat                              281.508960        1126.036     0.0
 Constraint-V                          1259.554928       11335.994     0.0
 Constraint-Vir                          12.201294         292.831     0.0
 Settle                                 385.722210      142717.218     0.2
-----------------------------------------------------------------------------
 Total                                                59897242.022   100.0
-----------------------------------------------------------------------------


    D O M A I N   D E C O M P O S I T I O N   S T A T I S T I C S

 av. #atoms communicated per step for force:  2 x 199895.2
 av. #atoms communicated per step for LINCS:  2 x 8454.6


Dynamic load balancing report:
 DLB was off during the run due to low measured imbalance.
 Average load imbalance: 9.5%.
 The balanceable part of the MD step is 39%, load imbalance is computed from this.
 Part of the total run time spent waiting due to load imbalance: 3.7%.
 Average PME mesh/force load: 1.900
 Part of the total run time spent waiting due to PP/PME imbalance: 27.1 %

NOTE: 27.1 % performance was lost because the PME ranks
      had more work to do than the PP ranks.
      You might want to increase the number of PME ranks
      or increase the cut-off and the grid spacing.


     R E A L   C Y C L E   A N D   T I M E   A C C O U N T I N G

On 24 MPI ranks doing PP, and
on 4 MPI ranks doing PME

 Computing:          Num   Num      Call    Wall time         Giga-Cycles
                     Ranks Threads  Count      (s)         total sum    %
-----------------------------------------------------------------------------
 Domain decomp.        24    1        126     136.927       8524.449   2.9
 DD comm. load         24    1          7       0.160          9.975   0.0
 Send X to PME         24    1      10001     217.529      13542.293   4.7
 Neighbor search       24    1        126       9.281        577.814   0.2
 Comm. coord.          24    1       9875     693.365      43165.610  14.9
 Force                 24    1      10001     629.341      39179.772  13.5
 Wait + Comm. F        24    1      10001     731.677      45550.767  15.7
 PME mesh *             4    1      10001    2680.283      27810.279   9.6
 PME wait for PP *                           1303.436      13524.293   4.7
 Wait + Recv. PME F    24    1      10001     776.889      48365.406  16.7
 NB X/F buffer ops.    24    1      29751       1.916        119.286   0.0
 Write traj.           24    1         25       1.932        120.254   0.0
 Update                24    1      10001       0.420         26.127   0.0
 Constraints           24    1      10003     675.589      42058.945  14.5
 Comm. energies        24    1       1001      97.337       6059.737   2.1
 Rest                                          12.567        782.368   0.3
-----------------------------------------------------------------------------
 Total                                       3984.930     289429.937 100.0
-----------------------------------------------------------------------------
(*) Note that with separate PME ranks, the walltime column actually sums to
    twice the total reported, but the cycle count total and % are correct.
-----------------------------------------------------------------------------
 Breakdown of PME mesh computation
-----------------------------------------------------------------------------
 PME redist. X/F        4    1      20002    1723.498      17882.801   6.2
 PME spread             4    1      10001     231.161       2398.499   0.8
 PME gather             4    1      10001     227.290       2358.337   0.8
 PME 3D-FFT             4    1      20002      11.269        116.924   0.0
 PME 3D-FFT Comm.       4    1      20002     485.867       5041.299   1.7
 PME solve Elec         4    1      10001       1.109         11.511   0.0
-----------------------------------------------------------------------------

               Core t (s)   Wall t (s)        (%)
       Time:   111578.007     3984.930     2800.0
                         1h06:24
                 (ns/day)    (hour/ns)
Performance:        0.434       55.341
Finished mdrun on rank 0 Thu Jun 23 21:26:15 2022

