                      :-) GROMACS - gmx mdrun, 2021.2 (-:

                            GROMACS is written by:
     Andrey Alekseenko              Emile Apol              Rossen Apostolov     
         Paul Bauer           Herman J.C. Berendsen           Par Bjelkmar       
       Christian Blau           Viacheslav Bolnykh             Kevin Boyd        
     Aldert van Buuren           Rudi van Drunen             Anton Feenstra      
    Gilles Gouaillardet             Alan Gray               Gerrit Groenhof      
       Anca Hamuraru            Vincent Hindriksen          M. Eric Irrgang      
      Aleksei Iupinov           Christoph Junghans             Joe Jordan        
    Dimitrios Karkoulis            Peter Kasson                Jiri Kraus        
      Carsten Kutzner              Per Larsson              Justin A. Lemkul     
       Viveca Lindahl            Magnus Lundborg             Erik Marklund       
        Pascal Merz             Pieter Meulenhoff            Teemu Murtola       
        Szilard Pall               Sander Pronk              Roland Schulz       
       Michael Shirts            Alexey Shvetsov             Alfons Sijbers      
       Peter Tieleman              Jon Vincent              Teemu Virolainen     
     Christian Wennberg            Maarten Wolf              Artem Zhmurov       
                           and the project leaders:
        Mark Abraham, Berk Hess, Erik Lindahl, and David van der Spoel

Copyright (c) 1991-2000, University of Groningen, The Netherlands.
Copyright (c) 2001-2019, The GROMACS development team at
Uppsala University, Stockholm University and
the Royal Institute of Technology, Sweden.
check out http://www.gromacs.org for more information.

GROMACS is free software; you can redistribute it and/or modify it
under the terms of the GNU Lesser General Public License
as published by the Free Software Foundation; either version 2.1
of the License, or (at your option) any later version.

GROMACS:      gmx mdrun, version 2021.2
Executable:   /gpfs/opt/apps/gromacs-2021.2/bin/gmx
Data prefix:  /gpfs/opt/apps/gromacs-2021.2
Working dir:  /gpfs/work/tuk27574/fragment_builder
Process ID:   4942
Command line:
  gmx mdrun -s ./combo_folder/RAA/nvt_RAA35.tpr -deffnm ./combo_folder/RAA/combo_nvt_RAA35

GROMACS version:    2021.2
Verified release checksum is d91a739522d82c53dc47c2276b9ac5fae3b2119283e84e3a1c7bed8ce741fda2
Precision:          mixed
Memory model:       64 bit
MPI library:        thread_mpi
OpenMP support:     enabled (GMX_OPENMP_MAX_THREADS = 64)
GPU support:        disabled
SIMD instructions:  SSE4.1
FFT library:        fftw-3.3.3-sse2
RDTSCP usage:       enabled
TNG support:        enabled
Hwloc support:      disabled
Tracing support:    disabled
C compiler:         /gpfs/opt/tools/gcc-8.4.0/bin/gcc GNU 8.4.0
C compiler flags:   -msse4.1 -Wno-missing-field-initializers -fexcess-precision=fast -funroll-all-loops -O3 -DNDEBUG
C++ compiler:       /gpfs/opt/tools/gcc-8.4.0/bin/g++ GNU 8.4.0
C++ compiler flags: -msse4.1 -Wno-missing-field-initializers -fexcess-precision=fast -funroll-all-loops -fopenmp -O3 -DNDEBUG


Running on 1 node with total 28 cores, 28 logical cores
Hardware detected:
  CPU info:
    Vendor: Intel
    Brand:  Intel(R) Xeon(R) CPU E5-2690 v4 @ 2.60GHz
    Family: 6   Model: 79   Stepping: 1
    Features: aes apic avx avx2 clfsh cmov cx8 cx16 f16c fma hle htt intel lahf mmx msr nonstop_tsc pcid pclmuldq pdcm pdpe1gb popcnt pse rdrnd rdtscp rtm sse2 sse3 sse4.1 sse4.2 ssse3 tdt x2apic
  Hardware topology: Basic
    Sockets, cores, and logical processors:
      Socket  0: [   0] [   2] [   4] [   6] [   8] [  10] [  12] [  14] [  16] [  18] [  20] [  22] [  24] [  26]
      Socket  1: [   1] [   3] [   5] [   7] [   9] [  11] [  13] [  15] [  17] [  19] [  21] [  23] [  25] [  27]

Highest SIMD level requested by all nodes in run: AVX2_256
SIMD instructions selected at compile time:       SSE4.1
This program was compiled for different hardware than you are running on,
which could influence performance.

++++ PLEASE READ AND CITE THE FOLLOWING REFERENCE ++++
M. J. Abraham, T. Murtola, R. Schulz, S. Páll, J. C. Smith, B. Hess, E.
Lindahl
GROMACS: High performance molecular simulations through multi-level
parallelism from laptops to supercomputers
SoftwareX 1 (2015) pp. 19-25
-------- -------- --- Thank You --- -------- --------


++++ PLEASE READ AND CITE THE FOLLOWING REFERENCE ++++
S. Páll, M. J. Abraham, C. Kutzner, B. Hess, E. Lindahl
Tackling Exascale Software Challenges in Molecular Dynamics Simulations with
GROMACS
In S. Markidis & E. Laure (Eds.), Solving Software Challenges for Exascale 8759 (2015) pp. 3-27
-------- -------- --- Thank You --- -------- --------


++++ PLEASE READ AND CITE THE FOLLOWING REFERENCE ++++
S. Pronk, S. Páll, R. Schulz, P. Larsson, P. Bjelkmar, R. Apostolov, M. R.
Shirts, J. C. Smith, P. M. Kasson, D. van der Spoel, B. Hess, and E. Lindahl
GROMACS 4.5: a high-throughput and highly parallel open source molecular
simulation toolkit
Bioinformatics 29 (2013) pp. 845-54
-------- -------- --- Thank You --- -------- --------


++++ PLEASE READ AND CITE THE FOLLOWING REFERENCE ++++
B. Hess and C. Kutzner and D. van der Spoel and E. Lindahl
GROMACS 4: Algorithms for highly efficient, load-balanced, and scalable
molecular simulation
J. Chem. Theory Comput. 4 (2008) pp. 435-447
-------- -------- --- Thank You --- -------- --------


++++ PLEASE READ AND CITE THE FOLLOWING REFERENCE ++++
D. van der Spoel, E. Lindahl, B. Hess, G. Groenhof, A. E. Mark and H. J. C.
Berendsen
GROMACS: Fast, Flexible and Free
J. Comp. Chem. 26 (2005) pp. 1701-1719
-------- -------- --- Thank You --- -------- --------


++++ PLEASE READ AND CITE THE FOLLOWING REFERENCE ++++
E. Lindahl and B. Hess and D. van der Spoel
GROMACS 3.0: A package for molecular simulation and trajectory analysis
J. Mol. Mod. 7 (2001) pp. 306-317
-------- -------- --- Thank You --- -------- --------


++++ PLEASE READ AND CITE THE FOLLOWING REFERENCE ++++
H. J. C. Berendsen, D. van der Spoel and R. van Drunen
GROMACS: A message-passing parallel molecular dynamics implementation
Comp. Phys. Comm. 91 (1995) pp. 43-56
-------- -------- --- Thank You --- -------- --------


++++ PLEASE CITE THE DOI FOR THIS VERSION OF GROMACS ++++
https://doi.org/10.5281/zenodo.4723562
-------- -------- --- Thank You --- -------- --------


The number of OpenMP threads was set by environment variable OMP_NUM_THREADS to 1

Input Parameters:
   integrator                     = md
   tinit                          = 0
   dt                             = 0.002
   nsteps                         = 10000
   init-step                      = 0
   simulation-part                = 1
   mts                            = false
   comm-mode                      = Linear
   nstcomm                        = 100
   bd-fric                        = 0
   ld-seed                        = -4760609
   emtol                          = 10
   emstep                         = 0.01
   niter                          = 20
   fcstep                         = 0
   nstcgsteep                     = 1000
   nbfgscorr                      = 10
   rtpi                           = 0.05
   nstxout                        = 0
   nstvout                        = 0
   nstfout                        = 0
   nstlog                         = 500
   nstcalcenergy                  = 100
   nstenergy                      = 500
   nstxout-compressed             = 500
   compressed-x-precision         = 1000
   cutoff-scheme                  = Verlet
   nstlist                        = 20
   pbc                            = xyz
   periodic-molecules             = false
   verlet-buffer-tolerance        = 0.005
   rlist                          = 1.221
   coulombtype                    = PME
   coulomb-modifier               = Potential-shift
   rcoulomb-switch                = 0
   rcoulomb                       = 1.2
   epsilon-r                      = 1
   epsilon-rf                     = inf
   vdw-type                       = Cut-off
   vdw-modifier                   = Force-switch
   rvdw-switch                    = 1
   rvdw                           = 1.2
   DispCorr                       = No
   table-extension                = 1
   fourierspacing                 = 0.16
   fourier-nx                     = 72
   fourier-ny                     = 72
   fourier-nz                     = 72
   pme-order                      = 4
   ewald-rtol                     = 1e-05
   ewald-rtol-lj                  = 0.001
   lj-pme-comb-rule               = Geometric
   ewald-geometry                 = 0
   epsilon-surface                = 0
   tcoupl                         = V-rescale
   nsttcouple                     = 10
   nh-chain-length                = 0
   print-nose-hoover-chain-variables = false
   pcoupl                         = No
   pcoupltype                     = Isotropic
   nstpcouple                     = -1
   tau-p                          = 1
   compressibility (3x3):
      compressibility[    0]={ 0.00000e+00,  0.00000e+00,  0.00000e+00}
      compressibility[    1]={ 0.00000e+00,  0.00000e+00,  0.00000e+00}
      compressibility[    2]={ 0.00000e+00,  0.00000e+00,  0.00000e+00}
   ref-p (3x3):
      ref-p[    0]={ 0.00000e+00,  0.00000e+00,  0.00000e+00}
      ref-p[    1]={ 0.00000e+00,  0.00000e+00,  0.00000e+00}
      ref-p[    2]={ 0.00000e+00,  0.00000e+00,  0.00000e+00}
   refcoord-scaling               = No
   posres-com (3):
      posres-com[0]= 0.00000e+00
      posres-com[1]= 0.00000e+00
      posres-com[2]= 0.00000e+00
   posres-comB (3):
      posres-comB[0]= 0.00000e+00
      posres-comB[1]= 0.00000e+00
      posres-comB[2]= 0.00000e+00
   QMMM                           = false
qm-opts:
   ngQM                           = 0
   constraint-algorithm           = Lincs
   continuation                   = false
   Shake-SOR                      = false
   shake-tol                      = 0.0001
   lincs-order                    = 4
   lincs-iter                     = 1
   lincs-warnangle                = 30
   nwall                          = 0
   wall-type                      = 9-3
   wall-r-linpot                  = -1
   wall-atomtype[0]               = -1
   wall-atomtype[1]               = -1
   wall-density[0]                = 0
   wall-density[1]                = 0
   wall-ewald-zfac                = 3
   pull                           = false
   awh                            = false
   rotation                       = false
   interactiveMD                  = false
   disre                          = No
   disre-weighting                = Conservative
   disre-mixed                    = false
   dr-fc                          = 1000
   dr-tau                         = 0
   nstdisreout                    = 100
   orire-fc                       = 0
   orire-tau                      = 0
   nstorireout                    = 100
   free-energy                    = no
   cos-acceleration               = 0
   deform (3x3):
      deform[    0]={ 0.00000e+00,  0.00000e+00,  0.00000e+00}
      deform[    1]={ 0.00000e+00,  0.00000e+00,  0.00000e+00}
      deform[    2]={ 0.00000e+00,  0.00000e+00,  0.00000e+00}
   simulated-tempering            = false
   swapcoords                     = no
   userint1                       = 0
   userint2                       = 0
   userint3                       = 0
   userint4                       = 0
   userreal1                      = 0
   userreal2                      = 0
   userreal3                      = 0
   userreal4                      = 0
   applied-forces:
     electric-field:
       x:
         E0                       = 0
         omega                    = 0
         t0                       = 0
         sigma                    = 0
       y:
         E0                       = 0
         omega                    = 0
         t0                       = 0
         sigma                    = 0
       z:
         E0                       = 0
         omega                    = 0
         t0                       = 0
         sigma                    = 0
     density-guided-simulation:
       active                     = false
       group                      = protein
       similarity-measure         = inner-product
       atom-spreading-weight      = unity
       force-constant             = 1e+09
       gaussian-transform-spreading-width = 0.2
       gaussian-transform-spreading-range-in-multiples-of-width = 4
       reference-density-filename = reference.mrc
       nst                        = 1
       normalize-densities        = true
       adaptive-force-scaling     = false
       adaptive-force-scaling-time-constant = 4
       shift-vector               = 
       transformation-matrix      = 
grpopts:
   nrdf:     23287.7     1574.98      215613
   ref-t:         300         300         300
   tau-t:         0.1         0.1         0.1
annealing:          No          No          No
annealing-npoints:           0           0           0
   acc:	           0           0           0
   nfreeze:           N           N           N
   energygrp-flags[  0]: 0

Changing nstlist from 20 to 80, rlist from 1.221 to 1.317


Initializing Domain Decomposition on 28 ranks
Dynamic load balancing: auto
Minimum cell size due to atom displacement: 0.649 nm
Initial maximum distances in bonded interactions:
    two-body bonded interactions: 0.424 nm, LJ-14, atoms 2530 2538
  multi-body bonded interactions: 0.424 nm, Proper Dih., atoms 2530 2538
Minimum cell size due to bonded interactions: 0.466 nm
Maximum distance for 5 constraints, at 120 deg. angles, all-trans: 0.219 nm
Estimated maximum distance required for P-LINCS: 0.219 nm
Scaling the initial minimum size with 1/0.8 (option -dds) = 1.25
Guess for relative PME load: 0.09
Will use 24 particle-particle and 4 PME only ranks
This is a guess, check the performance at the end of the log file
Using 4 separate PME ranks, as guessed by mdrun
Optimizing the DD grid for 24 cells with a minimum initial size of 0.811 nm
The maximum allowed number of cells is: X 13 Y 13 Z 13
Domain decomposition grid 4 x 3 x 2, separate PME ranks 4
PME domain decomposition: 4 x 1 x 1
Interleaving PP and PME ranks
This rank does only particle-particle work.
Domain decomposition rank 0, coordinates 0 0 0

The initial number of communication pulses is: X 1 Y 1 Z 1
The initial domain decomposition cell size is: X 2.66 nm Y 3.54 nm Z 5.31 nm

The maximum allowed distance for atoms involved in interactions is:
                 non-bonded interactions           1.317 nm
            two-body bonded interactions  (-rdd)   1.317 nm
          multi-body bonded interactions  (-rdd)   1.317 nm
  atoms separated by up to 5 constraints  (-rcon)  2.656 nm

When dynamic load balancing gets turned on, these settings will change to:
The maximum number of communication pulses is: X 1 Y 1 Z 1
The minimum size for domain decomposition cells is 1.317 nm
The requested allowed shrink of DD cells (option -dds) is: 0.80
The allowed shrink of domain decomposition cells is: X 0.50 Y 0.37 Z 0.25
The maximum allowed distance for atoms involved in interactions is:
                 non-bonded interactions           1.317 nm
            two-body bonded interactions  (-rdd)   1.317 nm
          multi-body bonded interactions  (-rdd)   1.317 nm
  atoms separated by up to 5 constraints  (-rcon)  1.317 nm

Using 28 MPI threads
Using 1 OpenMP thread per tMPI thread

Pinning threads with an auto-selected logical core stride of 1
System total charge: 35.000
Will do PME sum in reciprocal space for electrostatic interactions.

++++ PLEASE READ AND CITE THE FOLLOWING REFERENCE ++++
U. Essmann, L. Perera, M. L. Berkowitz, T. Darden, H. Lee and L. G. Pedersen 
A smooth particle mesh Ewald method
J. Chem. Phys. 103 (1995) pp. 8577-8592
-------- -------- --- Thank You --- -------- --------

Using a Gaussian width (1/beta) of 0.384195 nm for Ewald
Potential shift: LJ r^-12: -2.648e-01 r^-6: -5.349e-01, Ewald -8.333e-06
Initialized non-bonded Ewald tables, spacing: 1.02e-03 size: 1176

Generated table with 1158 data points for 1-4 COUL.
Tabscale = 500 points/nm
Generated table with 1158 data points for 1-4 LJ6.
Tabscale = 500 points/nm
Generated table with 1158 data points for 1-4 LJ12.
Tabscale = 500 points/nm


Using SIMD 4x4 nonbonded short-range kernels

Using a dual 4x4 pair-list setup updated with dynamic pruning:
  outer list: updated every 80 steps, buffer 0.117 nm, rlist 1.317 nm
  inner list: updated every 13 steps, buffer 0.001 nm, rlist 1.201 nm
At tolerance 0.005 kJ/mol/ps per atom, equivalent classical 1x1 list would be:
  outer list: updated every 80 steps, buffer 0.261 nm, rlist 1.461 nm
  inner list: updated every 13 steps, buffer 0.050 nm, rlist 1.250 nm
Removing pbc first time

Initializing Parallel LINear Constraint Solver

++++ PLEASE READ AND CITE THE FOLLOWING REFERENCE ++++
B. Hess
P-LINCS: A Parallel Linear Constraint Solver for molecular simulation
J. Chem. Theory Comput. 4 (2008) pp. 116-122
-------- -------- --- Thank You --- -------- --------

The number of constraints is 5020
There are constraints between atoms in different decomposition domains,
will communicate selected coordinates each lincs iteration

++++ PLEASE READ AND CITE THE FOLLOWING REFERENCE ++++
S. Miyamoto and P. A. Kollman
SETTLE: An Analytical Version of the SHAKE and RATTLE Algorithms for Rigid
Water Models
J. Comp. Chem. 13 (1992) pp. 952-962
-------- -------- --- Thank You --- -------- --------


Linking all bonded interactions to atoms


Intra-simulation communication will occur every 10 steps.

++++ PLEASE READ AND CITE THE FOLLOWING REFERENCE ++++
G. Bussi, D. Donadio and M. Parrinello
Canonical sampling through velocity rescaling
J. Chem. Phys. 126 (2007) pp. 014101
-------- -------- --- Thank You --- -------- --------

There are: 117696 Atoms
Atom distribution over 24 domains: av 4904 stddev 69 min 4827 max 5069

Constraining the starting coordinates (step 0)

Constraining the coordinates at t0-dt (step 0)
Center of mass motion removal mode is Linear
We have the following groups for center of mass motion removal:
  0:  rest
RMS relative constraint deviation after constraining: 2.75e-06
Initial temperature: 299.481 K

Started mdrun on rank 0 Fri Jun 24 11:48:24 2022

           Step           Time
              0        0.00000

   Energies (kJ/mol)
           Bond          Angle    Proper Dih.  Improper Dih.          LJ-14
    1.50555e+03    7.75269e+03    2.82612e+04    2.16258e+02    8.09598e+03
     Coulomb-14        LJ (SR)   Coulomb (SR)   Coul. recip.      Potential
    8.04652e+04    2.35891e+05   -2.26166e+06    3.58524e+03   -1.89588e+06
    Kinetic En.   Total Energy  Conserved En.    Temperature Pressure (bar)
    2.99428e+05   -1.59646e+06   -1.59646e+06    2.99514e+02   -4.39929e+03
   Constr. rmsd
    3.22976e-06


DD  step 79 load imb.: force  3.5%  pme mesh/force 2.293
step  480: timed with pme grid 72 72 72, coulomb cutoff 1.200: 233169.1 M-cycles
           Step           Time
            500        1.00000

   Energies (kJ/mol)
           Bond          Angle    Proper Dih.  Improper Dih.          LJ-14
    7.44664e+03    2.23573e+04    3.14151e+04    1.12364e+03    9.34034e+03
     Coulomb-14        LJ (SR)   Coulomb (SR)   Coul. recip.      Potential
    8.03704e+04    2.08322e+05   -1.93011e+06    4.26637e+03   -1.56547e+06
    Kinetic En.   Total Energy  Conserved En.    Temperature Pressure (bar)
    2.94228e+05   -1.27124e+06   -1.59353e+06    2.94312e+02   -1.01144e+02
   Constr. rmsd
    3.31525e-06

step  640: timed with pme grid 60 60 60, coulomb cutoff 1.328: 232209.1 M-cycles
Writing checkpoint, step 720 at Fri Jun 24 12:04:17 2022


step  800: timed with pme grid 52 52 52, coulomb cutoff 1.532: 235278.4 M-cycles
step  960: timed with pme grid 48 48 48, coulomb cutoff 1.660: 235961.7 M-cycles
           Step           Time
           1000        2.00000

   Energies (kJ/mol)
           Bond          Angle    Proper Dih.  Improper Dih.          LJ-14
    7.33788e+03    2.23696e+04    3.16476e+04    1.14377e+03    9.38838e+03
     Coulomb-14        LJ (SR)   Coulomb (SR)   Coul. recip.      Potential
    8.03560e+04    2.02941e+05   -1.91379e+06    1.57523e+03   -1.55703e+06
    Kinetic En.   Total Energy  Conserved En.    Temperature Pressure (bar)
    3.00415e+05   -1.25661e+06   -1.59355e+06    3.00501e+02   -1.33231e+02
   Constr. rmsd
    3.26171e-06

step 1120: timed with pme grid 44 44 44, coulomb cutoff 1.811: 252679.9 M-cycles
step 1120: the maximum allowed grid scaling limits the PME load balancing to a coulomb cut-off of 1.811
step 1280: timed with pme grid 44 44 44, coulomb cutoff 1.811: 252521.2 M-cycles
Writing checkpoint, step 1360 at Fri Jun 24 12:19:00 2022


step 1440: timed with pme grid 48 48 48, coulomb cutoff 1.660: 238017.4 M-cycles
           Step           Time
           1500        3.00000

   Energies (kJ/mol)
           Bond          Angle    Proper Dih.  Improper Dih.          LJ-14
    7.61691e+03    2.26523e+04    3.14944e+04    1.18829e+03    9.37895e+03
     Coulomb-14        LJ (SR)   Coulomb (SR)   Coul. recip.      Potential
    8.03111e+04    2.02827e+05   -1.91187e+06    2.68071e+03   -1.55372e+06
    Kinetic En.   Total Energy  Conserved En.    Temperature Pressure (bar)
    2.99870e+05   -1.25385e+06   -1.59359e+06    2.99956e+02   -1.64378e+02
   Constr. rmsd
    3.28164e-06

step 1600: timed with pme grid 52 52 52, coulomb cutoff 1.532: 232954.7 M-cycles
step 1760: timed with pme grid 56 56 56, coulomb cutoff 1.423: 230992.6 M-cycles
step 1920: timed with pme grid 60 60 60, coulomb cutoff 1.328: 233838.3 M-cycles

DD  step 1999 load imb.: force 12.5%  pme mesh/force 2.053
           Step           Time
           2000        4.00000

   Energies (kJ/mol)
           Bond          Angle    Proper Dih.  Improper Dih.          LJ-14
    7.42755e+03    2.28806e+04    3.15592e+04    1.16447e+03    9.22874e+03
     Coulomb-14        LJ (SR)   Coulomb (SR)   Coul. recip.      Potential
    8.02874e+04    2.02024e+05   -1.91413e+06    5.23186e+03   -1.55433e+06
    Kinetic En.   Total Energy  Conserved En.    Temperature Pressure (bar)
    3.00123e+05   -1.25420e+06   -1.59355e+06    3.00208e+02   -1.73629e+02
   Constr. rmsd
    3.23321e-06

step 2080: timed with pme grid 64 64 64, coulomb cutoff 1.245: 234000.0 M-cycles
Writing checkpoint, step 2080 at Fri Jun 24 12:34:51 2022


step 2240: timed with pme grid 72 72 72, coulomb cutoff 1.200: 232909.8 M-cycles
              optimal pme grid 56 56 56, coulomb cutoff 1.423
           Step           Time
           2500        5.00000

   Energies (kJ/mol)
           Bond          Angle    Proper Dih.  Improper Dih.          LJ-14
    7.74987e+03    2.28273e+04    3.15886e+04    1.15866e+03    9.33934e+03
     Coulomb-14        LJ (SR)   Coulomb (SR)   Coul. recip.      Potential
    8.02289e+04    2.02916e+05   -1.91151e+06    3.52647e+03   -1.55218e+06
    Kinetic En.   Total Energy  Conserved En.    Temperature Pressure (bar)
    3.01389e+05   -1.25079e+06   -1.59354e+06    3.01475e+02   -1.33093e+02
   Constr. rmsd
    3.32124e-06

Writing checkpoint, step 2720 at Fri Jun 24 12:48:51 2022


           Step           Time
           3000        6.00000

   Energies (kJ/mol)
           Bond          Angle    Proper Dih.  Improper Dih.          LJ-14
    7.40473e+03    2.29053e+04    3.15013e+04    1.15723e+03    9.36812e+03
     Coulomb-14        LJ (SR)   Coulomb (SR)   Coul. recip.      Potential
    8.01264e+04    2.03514e+05   -1.91293e+06    3.38153e+03   -1.55358e+06
    Kinetic En.   Total Energy  Conserved En.    Temperature Pressure (bar)
    3.01569e+05   -1.25201e+06   -1.59353e+06    3.01655e+02   -5.62762e+01
   Constr. rmsd
    3.32536e-06

Writing checkpoint, step 3440 at Fri Jun 24 13:04:33 2022


           Step           Time
           3500        7.00000

   Energies (kJ/mol)
           Bond          Angle    Proper Dih.  Improper Dih.          LJ-14
    7.64268e+03    2.24984e+04    3.13918e+04    1.20535e+03    9.42588e+03
     Coulomb-14        LJ (SR)   Coulomb (SR)   Coul. recip.      Potential
    8.02881e+04    2.00410e+05   -1.91043e+06    3.44636e+03   -1.55412e+06
    Kinetic En.   Total Energy  Conserved En.    Temperature Pressure (bar)
    2.98945e+05   -1.25518e+06   -1.59350e+06    2.99031e+02   -2.23675e+02
   Constr. rmsd
    3.33458e-06


DD  step 3999 load imb.: force 11.0%  pme mesh/force 1.710
           Step           Time
           4000        8.00000

   Energies (kJ/mol)
           Bond          Angle    Proper Dih.  Improper Dih.          LJ-14
    7.55588e+03    2.30045e+04    3.14848e+04    1.06199e+03    9.34956e+03
     Coulomb-14        LJ (SR)   Coulomb (SR)   Coul. recip.      Potential
    8.02672e+04    2.02276e+05   -1.91283e+06    3.43884e+03   -1.55439e+06
    Kinetic En.   Total Energy  Conserved En.    Temperature Pressure (bar)
    3.00309e+05   -1.25408e+06   -1.59347e+06    3.00395e+02   -1.29006e+02
   Constr. rmsd
    3.28461e-06

Writing checkpoint, step 4160 at Fri Jun 24 13:20:18 2022


           Step           Time
           4500        9.00000

   Energies (kJ/mol)
           Bond          Angle    Proper Dih.  Improper Dih.          LJ-14
    7.54719e+03    2.28365e+04    3.14404e+04    1.15127e+03    9.26229e+03
     Coulomb-14        LJ (SR)   Coulomb (SR)   Coul. recip.      Potential
    8.01514e+04    2.00560e+05   -1.91336e+06    3.47777e+03   -1.55693e+06
    Kinetic En.   Total Energy  Conserved En.    Temperature Pressure (bar)
    3.00521e+05   -1.25641e+06   -1.59345e+06    3.00607e+02   -2.60762e+02
   Constr. rmsd
    3.20681e-06

Writing checkpoint, step 4800 at Fri Jun 24 13:34:16 2022


           Step           Time
           5000       10.00000

   Energies (kJ/mol)
           Bond          Angle    Proper Dih.  Improper Dih.          LJ-14
    7.47194e+03    2.28646e+04    3.15074e+04    1.10817e+03    9.27368e+03
     Coulomb-14        LJ (SR)   Coulomb (SR)   Coul. recip.      Potential
    8.01271e+04    1.99951e+05   -1.91017e+06    3.40103e+03   -1.55446e+06
    Kinetic En.   Total Energy  Conserved En.    Temperature Pressure (bar)
    2.99874e+05   -1.25459e+06   -1.59346e+06    2.99960e+02   -2.62470e+02
   Constr. rmsd
    3.23097e-06

           Step           Time
           5500       11.00000

   Energies (kJ/mol)
           Bond          Angle    Proper Dih.  Improper Dih.          LJ-14
    7.77658e+03    2.25477e+04    3.14048e+04    1.20156e+03    9.40895e+03
     Coulomb-14        LJ (SR)   Coulomb (SR)   Coul. recip.      Potential
    7.98502e+04    2.00975e+05   -1.91004e+06    3.46427e+03   -1.55341e+06
    Kinetic En.   Total Energy  Conserved En.    Temperature Pressure (bar)
    2.99164e+05   -1.25425e+06   -1.59344e+06    2.99249e+02   -1.95911e+02
   Constr. rmsd
    3.35526e-06

Writing checkpoint, step 5520 at Fri Jun 24 13:50:00 2022



DD  step 5999 load imb.: force 11.7%  pme mesh/force 1.705
           Step           Time
           6000       12.00000

   Energies (kJ/mol)
           Bond          Angle    Proper Dih.  Improper Dih.          LJ-14
    7.55344e+03    2.27614e+04    3.15381e+04    1.15890e+03    9.41426e+03
     Coulomb-14        LJ (SR)   Coulomb (SR)   Coul. recip.      Potential
    8.05351e+04    2.01252e+05   -1.91139e+06    3.34916e+03   -1.55383e+06
    Kinetic En.   Total Energy  Conserved En.    Temperature Pressure (bar)
    2.99680e+05   -1.25415e+06   -1.59342e+06    2.99766e+02   -1.43171e+02
   Constr. rmsd
    3.22497e-06

Writing checkpoint, step 6160 at Fri Jun 24 14:03:59 2022


           Step           Time
           6500       13.00000

   Energies (kJ/mol)
           Bond          Angle    Proper Dih.  Improper Dih.          LJ-14
    7.60977e+03    2.23853e+04    3.15706e+04    1.18179e+03    9.40853e+03
     Coulomb-14        LJ (SR)   Coulomb (SR)   Coul. recip.      Potential
    8.05198e+04    2.01457e+05   -1.91311e+06    3.43611e+03   -1.55554e+06
    Kinetic En.   Total Energy  Conserved En.    Temperature Pressure (bar)
    3.01538e+05   -1.25401e+06   -1.59343e+06    3.01624e+02   -2.14514e+02
   Constr. rmsd
    3.26149e-06

Writing checkpoint, step 6880 at Fri Jun 24 14:19:41 2022


           Step           Time
           7000       14.00000

   Energies (kJ/mol)
           Bond          Angle    Proper Dih.  Improper Dih.          LJ-14
    7.34192e+03    2.25445e+04    3.15661e+04    1.12419e+03    9.52682e+03
     Coulomb-14        LJ (SR)   Coulomb (SR)   Coul. recip.      Potential
    8.05301e+04    2.02833e+05   -1.91528e+06    3.41945e+03   -1.55640e+06
    Kinetic En.   Total Energy  Conserved En.    Temperature Pressure (bar)
    2.99473e+05   -1.25692e+06   -1.59338e+06    2.99558e+02   -6.25543e+01
   Constr. rmsd
    3.17660e-06

           Step           Time
           7500       15.00000

   Energies (kJ/mol)
           Bond          Angle    Proper Dih.  Improper Dih.          LJ-14
    7.61770e+03    2.33476e+04    3.14028e+04    1.09032e+03    9.34407e+03
     Coulomb-14        LJ (SR)   Coulomb (SR)   Coul. recip.      Potential
    7.99696e+04    2.01446e+05   -1.91011e+06    3.41084e+03   -1.55248e+06
    Kinetic En.   Total Energy  Conserved En.    Temperature Pressure (bar)
    2.99059e+05   -1.25342e+06   -1.59335e+06    2.99144e+02   -1.25649e+02
   Constr. rmsd
    3.33843e-06

Writing checkpoint, step 7600 at Fri Jun 24 14:35:24 2022



DD  step 7999 load imb.: force 10.8%  pme mesh/force 1.689
           Step           Time
           8000       16.00000

   Energies (kJ/mol)
           Bond          Angle    Proper Dih.  Improper Dih.          LJ-14
    7.60429e+03    2.28392e+04    3.15432e+04    1.20607e+03    9.30750e+03
     Coulomb-14        LJ (SR)   Coulomb (SR)   Coul. recip.      Potential
    7.98672e+04    2.01276e+05   -1.91160e+06    3.34576e+03   -1.55461e+06
    Kinetic En.   Total Energy  Conserved En.    Temperature Pressure (bar)
    3.01350e+05   -1.25326e+06   -1.59337e+06    3.01436e+02   -2.31177e+02
   Constr. rmsd
    3.40649e-06

Writing checkpoint, step 8240 at Fri Jun 24 14:49:23 2022


           Step           Time
           8500       17.00000

   Energies (kJ/mol)
           Bond          Angle    Proper Dih.  Improper Dih.          LJ-14
    7.60456e+03    2.30022e+04    3.16335e+04    1.21625e+03    9.25678e+03
     Coulomb-14        LJ (SR)   Coulomb (SR)   Coul. recip.      Potential
    8.03020e+04    2.00730e+05   -1.91161e+06    3.43756e+03   -1.55443e+06
    Kinetic En.   Total Energy  Conserved En.    Temperature Pressure (bar)
    3.00383e+05   -1.25404e+06   -1.59334e+06    3.00469e+02   -2.46035e+02
   Constr. rmsd
    3.48626e-06

Writing checkpoint, step 8960 at Fri Jun 24 15:05:06 2022


           Step           Time
           9000       18.00000

   Energies (kJ/mol)
           Bond          Angle    Proper Dih.  Improper Dih.          LJ-14
    7.35116e+03    2.28104e+04    3.14977e+04    1.16271e+03    9.30618e+03
     Coulomb-14        LJ (SR)   Coulomb (SR)   Coul. recip.      Potential
    8.02814e+04    2.00736e+05   -1.91045e+06    3.50105e+03   -1.55380e+06
    Kinetic En.   Total Energy  Conserved En.    Temperature Pressure (bar)
    2.98116e+05   -1.25568e+06   -1.59332e+06    2.98201e+02   -1.60339e+02
   Constr. rmsd
    3.18340e-06

           Step           Time
           9500       19.00000

   Energies (kJ/mol)
           Bond          Angle    Proper Dih.  Improper Dih.          LJ-14
    7.29148e+03    2.30901e+04    3.14460e+04    1.17983e+03    9.24116e+03
     Coulomb-14        LJ (SR)   Coulomb (SR)   Coul. recip.      Potential
    7.98843e+04    2.02066e+05   -1.91151e+06    3.42382e+03   -1.55389e+06
    Kinetic En.   Total Energy  Conserved En.    Temperature Pressure (bar)
    2.99238e+05   -1.25465e+06   -1.59330e+06    2.99324e+02   -1.20724e+02
   Constr. rmsd
    3.19590e-06

Writing checkpoint, step 9680 at Fri Jun 24 15:19:08 2022



DD  step 9999 load imb.: force 12.4%  pme mesh/force 0.992
           Step           Time
          10000       20.00000

Writing checkpoint, step 10000 at Fri Jun 24 15:20:59 2022


   Energies (kJ/mol)
           Bond          Angle    Proper Dih.  Improper Dih.          LJ-14
    7.40704e+03    2.26487e+04    3.18659e+04    1.25431e+03    9.28717e+03
     Coulomb-14        LJ (SR)   Coulomb (SR)   Coul. recip.      Potential
    8.04703e+04    2.04689e+05   -1.91475e+06    3.44326e+03   -1.55368e+06
    Kinetic En.   Total Energy  Conserved En.    Temperature Pressure (bar)
    3.01049e+05   -1.25263e+06   -1.59332e+06    3.01135e+02   -1.77516e+01
   Constr. rmsd
    3.24916e-06


Energy conservation over simulation part #1 of length 20 ns, time 0 to 20 ns
  Conserved energy drift: 1.33e-03 kJ/mol/ps per atom


	<======  ###############  ==>
	<====  A V E R A G E S  ====>
	<==  ###############  ======>

	Statistics over 10001 steps using 101 frames

   Energies (kJ/mol)
           Bond          Angle    Proper Dih.  Improper Dih.          LJ-14
    7.42587e+03    2.25521e+04    3.15114e+04    1.15724e+03    9.33343e+03
     Coulomb-14        LJ (SR)   Coulomb (SR)   Coul. recip.      Potential
    8.02864e+04    2.02975e+05   -1.91857e+06    3.49242e+03   -1.55984e+06
    Kinetic En.   Total Energy  Conserved En.    Temperature Pressure (bar)
    2.98581e+05   -1.26126e+06   -1.59347e+06    2.98666e+02   -2.05564e+02
   Constr. rmsd
    0.00000e+00

   Total Virial (kJ/mol)
    1.07336e+05    5.04115e+00   -2.55620e+02
    5.82075e+00    1.06798e+05   -2.50630e+02
   -2.55001e+02   -2.50309e+02    1.06701e+05

   Pressure (bar)
   -2.17936e+02    3.06929e-01    6.11237e+00
    2.85326e-01   -2.00964e+02    5.53717e+00
    6.09523e+00    5.52826e+00   -1.97792e+02

      T-Protein          T-RAAT-Water_and_ions
    2.98642e+02    2.98763e+02    2.98668e+02


       P P   -   P M E   L O A D   B A L A N C I N G

 PP/PME load balancing changed the cut-off and PME settings:
           particle-particle                    PME
            rcoulomb  rlist            grid      spacing   1/beta
   initial  1.200 nm  1.201 nm      72  72  72   0.148 nm  0.384 nm
   final    1.423 nm  1.424 nm      56  56  56   0.190 nm  0.455 nm
 cost-ratio           1.67             0.47
 (note that these numbers concern only part of the total PP and PME load)

NOTE: PME load balancing increased the non-bonded workload by more than 50%.
      For better performance, use (more) PME ranks (mdrun -npme),
      or if you are beyond the scaling limit, use fewer total ranks (or nodes).

	M E G A - F L O P S   A C C O U N T I N G

 NB=Group-cutoff nonbonded kernels    NxN=N-by-N cluster Verlet kernels
 RF=Reaction-Field  VdW=Van der Waals  QSTab=quadratic-spline table
 W3=SPC/TIP3p  W4=TIP4p (single or pairs)
 V&F=Potential and force  V=Potential only  F=Force only

 Computing:                               M-Number         M-Flops  % Flops
-----------------------------------------------------------------------------
 Pair Search distance check            9089.949064       81809.542     0.1
 NxN QSTab Elec. + LJ [F]            753681.116712    39945099.186    62.9
 NxN QSTab Elec. + LJ [V&F]            7672.646952      621484.403     1.0
 NxN QSTab Elec. [F]                 619678.577144    21069071.623    33.2
 NxN QSTab Elec. [V&F]                 6308.664440      258655.242     0.4
 1,4 nonbonded interactions             256.285626       23065.706     0.0
 Calc Weights                          3531.233088      127124.391     0.2
 Spread Q Bspline                     75332.972544      150665.945     0.2
 Gather F Bspline                     75332.972544      451997.835     0.7
 3D-FFT                               64890.641266      519125.130     0.8
 Solve PME                               32.187456        2059.997     0.0
 Reset In Box                            14.829696          44.489     0.0
 CG-CoM                                  14.947392          44.842     0.0
 Bonds                                   50.105010        2956.196     0.0
 Angles                                 179.777976       30202.700     0.0
 Propers                                325.072504       74441.603     0.1
 Impropers                               19.201920        3993.999     0.0
 Virial                                  11.996376         215.935     0.0
 Stop-CM                                 12.004992         120.050     0.0
 Calc-Ekin                              235.627392        6361.940     0.0
 Lincs                                   54.069759        3244.186     0.0
 Lincs-Mat                              296.365092        1185.460     0.0
 Constraint-V                          1262.267227       11360.405     0.0
 Constraint-Vir                          12.200413         292.810     0.0
 Settle                                 384.751268      142357.969     0.2
-----------------------------------------------------------------------------
 Total                                                63526981.584   100.0
-----------------------------------------------------------------------------


    D O M A I N   D E C O M P O S I T I O N   S T A T I S T I C S

 av. #atoms communicated per step for force:  2 x 209067.4
 av. #atoms communicated per step for LINCS:  2 x 8488.4


Dynamic load balancing report:
 DLB was off during the run due to low measured imbalance.
 Average load imbalance: 9.0%.
 The balanceable part of the MD step is 41%, load imbalance is computed from this.
 Part of the total run time spent waiting due to load imbalance: 3.7%.
 Average PME mesh/force load: 1.908
 Part of the total run time spent waiting due to PP/PME imbalance: 28.2 %

NOTE: 28.2 % performance was lost because the PME ranks
      had more work to do than the PP ranks.
      You might want to increase the number of PME ranks
      or increase the cut-off and the grid spacing.


     R E A L   C Y C L E   A N D   T I M E   A C C O U N T I N G

On 24 MPI ranks doing PP, and
on 4 MPI ranks doing PME

 Computing:          Num   Num      Call    Wall time         Giga-Cycles
                     Ranks Threads  Count      (s)         total sum    %
-----------------------------------------------------------------------------
 Domain decomp.        24    1        126     420.795      26196.799   2.8
 DD comm. load         24    1          7       0.579         36.037   0.0
 Send X to PME         24    1      10001     774.237      48200.531   5.2
 Neighbor search       24    1        126      36.860       2294.717   0.2
 Comm. coord.          24    1       9875    2182.832     135893.336  14.7
 Force                 24    1      10001    2501.617     155739.512  16.8
 Wait + Comm. F        24    1      10001    2398.854     149341.955  16.1
 PME mesh *             4    1      10001    8730.625      90588.285   9.8
 PME wait for PP *                           4021.513      41726.907   4.5
 Wait + Recv. PME F    24    1      10001    1846.704     114967.530  12.4
 NB X/F buffer ops.    24    1      29751       5.433        338.248   0.0
 Write traj.           24    1         35       8.905        554.357   0.1
 Update                24    1      10001       0.411         25.557   0.0
 Constraints           24    1      10003    2242.922     139634.327  15.1
 Comm. energies        24    1       1001     321.758      20031.207   2.2
 Rest                                          13.067        813.512   0.1
-----------------------------------------------------------------------------
 Total                                      12754.973     926412.231 100.0
-----------------------------------------------------------------------------
(*) Note that with separate PME ranks, the walltime column actually sums to
    twice the total reported, but the cycle count total and % are correct.
-----------------------------------------------------------------------------
 Breakdown of PME mesh computation
-----------------------------------------------------------------------------
 PME redist. X/F        4    1      20002    5730.011      59454.142   6.4
 PME spread             4    1      10001     735.063       7626.954   0.8
 PME gather             4    1      10001     740.855       7687.053   0.8
 PME 3D-FFT             4    1      20002       6.457         67.001   0.0
 PME 3D-FFT Comm.       4    1      20002    1517.378      15744.196   1.7
 PME solve Elec         4    1      10001       0.791          8.204   0.0
-----------------------------------------------------------------------------

               Core t (s)   Wall t (s)        (%)
       Time:   357139.220    12754.973     2800.0
                         3h32:34
                 (ns/day)    (hour/ns)
Performance:        0.135      177.135
Finished mdrun on rank 0 Fri Jun 24 15:20:59 2022

