                      :-) GROMACS - gmx mdrun, 2021.2 (-:

                            GROMACS is written by:
     Andrey Alekseenko              Emile Apol              Rossen Apostolov     
         Paul Bauer           Herman J.C. Berendsen           Par Bjelkmar       
       Christian Blau           Viacheslav Bolnykh             Kevin Boyd        
     Aldert van Buuren           Rudi van Drunen             Anton Feenstra      
    Gilles Gouaillardet             Alan Gray               Gerrit Groenhof      
       Anca Hamuraru            Vincent Hindriksen          M. Eric Irrgang      
      Aleksei Iupinov           Christoph Junghans             Joe Jordan        
    Dimitrios Karkoulis            Peter Kasson                Jiri Kraus        
      Carsten Kutzner              Per Larsson              Justin A. Lemkul     
       Viveca Lindahl            Magnus Lundborg             Erik Marklund       
        Pascal Merz             Pieter Meulenhoff            Teemu Murtola       
        Szilard Pall               Sander Pronk              Roland Schulz       
       Michael Shirts            Alexey Shvetsov             Alfons Sijbers      
       Peter Tieleman              Jon Vincent              Teemu Virolainen     
     Christian Wennberg            Maarten Wolf              Artem Zhmurov       
                           and the project leaders:
        Mark Abraham, Berk Hess, Erik Lindahl, and David van der Spoel

Copyright (c) 1991-2000, University of Groningen, The Netherlands.
Copyright (c) 2001-2019, The GROMACS development team at
Uppsala University, Stockholm University and
the Royal Institute of Technology, Sweden.
check out http://www.gromacs.org for more information.

GROMACS is free software; you can redistribute it and/or modify it
under the terms of the GNU Lesser General Public License
as published by the Free Software Foundation; either version 2.1
of the License, or (at your option) any later version.

GROMACS:      gmx mdrun, version 2021.2
Executable:   /gpfs/opt/apps/gromacs-2021.2/bin/gmx
Data prefix:  /gpfs/opt/apps/gromacs-2021.2
Working dir:  /gpfs/work/tuk27574/fragment_builder
Process ID:   4529
Command line:
  gmx mdrun -s ./combo_folder/RAA/nvt_RAA50.tpr -deffnm ./combo_folder/RAA/combo_nvt_RAA50

GROMACS version:    2021.2
Verified release checksum is d91a739522d82c53dc47c2276b9ac5fae3b2119283e84e3a1c7bed8ce741fda2
Precision:          mixed
Memory model:       64 bit
MPI library:        thread_mpi
OpenMP support:     enabled (GMX_OPENMP_MAX_THREADS = 64)
GPU support:        disabled
SIMD instructions:  SSE4.1
FFT library:        fftw-3.3.3-sse2
RDTSCP usage:       enabled
TNG support:        enabled
Hwloc support:      disabled
Tracing support:    disabled
C compiler:         /gpfs/opt/tools/gcc-8.4.0/bin/gcc GNU 8.4.0
C compiler flags:   -msse4.1 -Wno-missing-field-initializers -fexcess-precision=fast -funroll-all-loops -O3 -DNDEBUG
C++ compiler:       /gpfs/opt/tools/gcc-8.4.0/bin/g++ GNU 8.4.0
C++ compiler flags: -msse4.1 -Wno-missing-field-initializers -fexcess-precision=fast -funroll-all-loops -fopenmp -O3 -DNDEBUG


Running on 1 node with total 28 cores, 28 logical cores
Hardware detected:
  CPU info:
    Vendor: Intel
    Brand:  Intel(R) Xeon(R) CPU E5-2690 v4 @ 2.60GHz
    Family: 6   Model: 79   Stepping: 1
    Features: aes apic avx avx2 clfsh cmov cx8 cx16 f16c fma hle htt intel lahf mmx msr nonstop_tsc pcid pclmuldq pdcm pdpe1gb popcnt pse rdrnd rdtscp rtm sse2 sse3 sse4.1 sse4.2 ssse3 tdt x2apic
  Hardware topology: Basic
    Sockets, cores, and logical processors:
      Socket  0: [   0] [   2] [   4] [   6] [   8] [  10] [  12] [  14] [  16] [  18] [  20] [  22] [  24] [  26]
      Socket  1: [   1] [   3] [   5] [   7] [   9] [  11] [  13] [  15] [  17] [  19] [  21] [  23] [  25] [  27]

Highest SIMD level requested by all nodes in run: AVX2_256
SIMD instructions selected at compile time:       SSE4.1
This program was compiled for different hardware than you are running on,
which could influence performance.

++++ PLEASE READ AND CITE THE FOLLOWING REFERENCE ++++
M. J. Abraham, T. Murtola, R. Schulz, S. Páll, J. C. Smith, B. Hess, E.
Lindahl
GROMACS: High performance molecular simulations through multi-level
parallelism from laptops to supercomputers
SoftwareX 1 (2015) pp. 19-25
-------- -------- --- Thank You --- -------- --------


++++ PLEASE READ AND CITE THE FOLLOWING REFERENCE ++++
S. Páll, M. J. Abraham, C. Kutzner, B. Hess, E. Lindahl
Tackling Exascale Software Challenges in Molecular Dynamics Simulations with
GROMACS
In S. Markidis & E. Laure (Eds.), Solving Software Challenges for Exascale 8759 (2015) pp. 3-27
-------- -------- --- Thank You --- -------- --------


++++ PLEASE READ AND CITE THE FOLLOWING REFERENCE ++++
S. Pronk, S. Páll, R. Schulz, P. Larsson, P. Bjelkmar, R. Apostolov, M. R.
Shirts, J. C. Smith, P. M. Kasson, D. van der Spoel, B. Hess, and E. Lindahl
GROMACS 4.5: a high-throughput and highly parallel open source molecular
simulation toolkit
Bioinformatics 29 (2013) pp. 845-54
-------- -------- --- Thank You --- -------- --------


++++ PLEASE READ AND CITE THE FOLLOWING REFERENCE ++++
B. Hess and C. Kutzner and D. van der Spoel and E. Lindahl
GROMACS 4: Algorithms for highly efficient, load-balanced, and scalable
molecular simulation
J. Chem. Theory Comput. 4 (2008) pp. 435-447
-------- -------- --- Thank You --- -------- --------


++++ PLEASE READ AND CITE THE FOLLOWING REFERENCE ++++
D. van der Spoel, E. Lindahl, B. Hess, G. Groenhof, A. E. Mark and H. J. C.
Berendsen
GROMACS: Fast, Flexible and Free
J. Comp. Chem. 26 (2005) pp. 1701-1719
-------- -------- --- Thank You --- -------- --------


++++ PLEASE READ AND CITE THE FOLLOWING REFERENCE ++++
E. Lindahl and B. Hess and D. van der Spoel
GROMACS 3.0: A package for molecular simulation and trajectory analysis
J. Mol. Mod. 7 (2001) pp. 306-317
-------- -------- --- Thank You --- -------- --------


++++ PLEASE READ AND CITE THE FOLLOWING REFERENCE ++++
H. J. C. Berendsen, D. van der Spoel and R. van Drunen
GROMACS: A message-passing parallel molecular dynamics implementation
Comp. Phys. Comm. 91 (1995) pp. 43-56
-------- -------- --- Thank You --- -------- --------


++++ PLEASE CITE THE DOI FOR THIS VERSION OF GROMACS ++++
https://doi.org/10.5281/zenodo.4723562
-------- -------- --- Thank You --- -------- --------


The number of OpenMP threads was set by environment variable OMP_NUM_THREADS to 1

Input Parameters:
   integrator                     = md
   tinit                          = 0
   dt                             = 0.002
   nsteps                         = 10000
   init-step                      = 0
   simulation-part                = 1
   mts                            = false
   comm-mode                      = Linear
   nstcomm                        = 100
   bd-fric                        = 0
   ld-seed                        = -8492297
   emtol                          = 10
   emstep                         = 0.01
   niter                          = 20
   fcstep                         = 0
   nstcgsteep                     = 1000
   nbfgscorr                      = 10
   rtpi                           = 0.05
   nstxout                        = 0
   nstvout                        = 0
   nstfout                        = 0
   nstlog                         = 500
   nstcalcenergy                  = 100
   nstenergy                      = 500
   nstxout-compressed             = 500
   compressed-x-precision         = 1000
   cutoff-scheme                  = Verlet
   nstlist                        = 20
   pbc                            = xyz
   periodic-molecules             = false
   verlet-buffer-tolerance        = 0.005
   rlist                          = 1.221
   coulombtype                    = PME
   coulomb-modifier               = Potential-shift
   rcoulomb-switch                = 0
   rcoulomb                       = 1.2
   epsilon-r                      = 1
   epsilon-rf                     = inf
   vdw-type                       = Cut-off
   vdw-modifier                   = Force-switch
   rvdw-switch                    = 1
   rvdw                           = 1.2
   DispCorr                       = No
   table-extension                = 1
   fourierspacing                 = 0.16
   fourier-nx                     = 72
   fourier-ny                     = 72
   fourier-nz                     = 72
   pme-order                      = 4
   ewald-rtol                     = 1e-05
   ewald-rtol-lj                  = 0.001
   lj-pme-comb-rule               = Geometric
   ewald-geometry                 = 0
   epsilon-surface                = 0
   tcoupl                         = V-rescale
   nsttcouple                     = 10
   nh-chain-length                = 0
   print-nose-hoover-chain-variables = false
   pcoupl                         = No
   pcoupltype                     = Isotropic
   nstpcouple                     = -1
   tau-p                          = 1
   compressibility (3x3):
      compressibility[    0]={ 0.00000e+00,  0.00000e+00,  0.00000e+00}
      compressibility[    1]={ 0.00000e+00,  0.00000e+00,  0.00000e+00}
      compressibility[    2]={ 0.00000e+00,  0.00000e+00,  0.00000e+00}
   ref-p (3x3):
      ref-p[    0]={ 0.00000e+00,  0.00000e+00,  0.00000e+00}
      ref-p[    1]={ 0.00000e+00,  0.00000e+00,  0.00000e+00}
      ref-p[    2]={ 0.00000e+00,  0.00000e+00,  0.00000e+00}
   refcoord-scaling               = No
   posres-com (3):
      posres-com[0]= 0.00000e+00
      posres-com[1]= 0.00000e+00
      posres-com[2]= 0.00000e+00
   posres-comB (3):
      posres-comB[0]= 0.00000e+00
      posres-comB[1]= 0.00000e+00
      posres-comB[2]= 0.00000e+00
   QMMM                           = false
qm-opts:
   ngQM                           = 0
   constraint-algorithm           = Lincs
   continuation                   = false
   Shake-SOR                      = false
   shake-tol                      = 0.0001
   lincs-order                    = 4
   lincs-iter                     = 1
   lincs-warnangle                = 30
   nwall                          = 0
   wall-type                      = 9-3
   wall-r-linpot                  = -1
   wall-atomtype[0]               = -1
   wall-atomtype[1]               = -1
   wall-density[0]                = 0
   wall-density[1]                = 0
   wall-ewald-zfac                = 3
   pull                           = false
   awh                            = false
   rotation                       = false
   interactiveMD                  = false
   disre                          = No
   disre-weighting                = Conservative
   disre-mixed                    = false
   dr-fc                          = 1000
   dr-tau                         = 0
   nstdisreout                    = 100
   orire-fc                       = 0
   orire-tau                      = 0
   nstorireout                    = 100
   free-energy                    = no
   cos-acceleration               = 0
   deform (3x3):
      deform[    0]={ 0.00000e+00,  0.00000e+00,  0.00000e+00}
      deform[    1]={ 0.00000e+00,  0.00000e+00,  0.00000e+00}
      deform[    2]={ 0.00000e+00,  0.00000e+00,  0.00000e+00}
   simulated-tempering            = false
   swapcoords                     = no
   userint1                       = 0
   userint2                       = 0
   userint3                       = 0
   userint4                       = 0
   userreal1                      = 0
   userreal2                      = 0
   userreal3                      = 0
   userreal4                      = 0
   applied-forces:
     electric-field:
       x:
         E0                       = 0
         omega                    = 0
         t0                       = 0
         sigma                    = 0
       y:
         E0                       = 0
         omega                    = 0
         t0                       = 0
         sigma                    = 0
       z:
         E0                       = 0
         omega                    = 0
         t0                       = 0
         sigma                    = 0
     density-guided-simulation:
       active                     = false
       group                      = protein
       similarity-measure         = inner-product
       atom-spreading-weight      = unity
       force-constant             = 1e+09
       gaussian-transform-spreading-width = 0.2
       gaussian-transform-spreading-range-in-multiples-of-width = 4
       reference-density-filename = reference.mrc
       nst                        = 1
       normalize-densities        = true
       adaptive-force-scaling     = false
       adaptive-force-scaling-time-constant = 4
       shift-vector               = 
       transformation-matrix      = 
grpopts:
   nrdf:     23287.7     2249.97      214875
   ref-t:         300         300         300
   tau-t:         0.1         0.1         0.1
annealing:          No          No          No
annealing-npoints:           0           0           0
   acc:	           0           0           0
   nfreeze:           N           N           N
   energygrp-flags[  0]: 0

Changing nstlist from 20 to 80, rlist from 1.221 to 1.316


Initializing Domain Decomposition on 28 ranks
Dynamic load balancing: auto
Minimum cell size due to atom displacement: 0.649 nm
Initial maximum distances in bonded interactions:
    two-body bonded interactions: 0.423 nm, LJ-14, atoms 2530 2538
  multi-body bonded interactions: 0.423 nm, Proper Dih., atoms 2530 2538
Minimum cell size due to bonded interactions: 0.466 nm
Maximum distance for 5 constraints, at 120 deg. angles, all-trans: 0.219 nm
Estimated maximum distance required for P-LINCS: 0.219 nm
Scaling the initial minimum size with 1/0.8 (option -dds) = 1.25
Guess for relative PME load: 0.09
Will use 24 particle-particle and 4 PME only ranks
This is a guess, check the performance at the end of the log file
Using 4 separate PME ranks, as guessed by mdrun
Optimizing the DD grid for 24 cells with a minimum initial size of 0.811 nm
The maximum allowed number of cells is: X 13 Y 13 Z 13
Domain decomposition grid 4 x 3 x 2, separate PME ranks 4
PME domain decomposition: 4 x 1 x 1
Interleaving PP and PME ranks
This rank does only particle-particle work.
Domain decomposition rank 0, coordinates 0 0 0

The initial number of communication pulses is: X 1 Y 1 Z 1
The initial domain decomposition cell size is: X 2.66 nm Y 3.54 nm Z 5.31 nm

The maximum allowed distance for atoms involved in interactions is:
                 non-bonded interactions           1.316 nm
            two-body bonded interactions  (-rdd)   1.316 nm
          multi-body bonded interactions  (-rdd)   1.316 nm
  atoms separated by up to 5 constraints  (-rcon)  2.656 nm

When dynamic load balancing gets turned on, these settings will change to:
The maximum number of communication pulses is: X 1 Y 1 Z 1
The minimum size for domain decomposition cells is 1.316 nm
The requested allowed shrink of DD cells (option -dds) is: 0.80
The allowed shrink of domain decomposition cells is: X 0.50 Y 0.37 Z 0.25
The maximum allowed distance for atoms involved in interactions is:
                 non-bonded interactions           1.316 nm
            two-body bonded interactions  (-rdd)   1.316 nm
          multi-body bonded interactions  (-rdd)   1.316 nm
  atoms separated by up to 5 constraints  (-rcon)  1.316 nm

Using 28 MPI threads
Using 1 OpenMP thread per tMPI thread

Pinning threads with an auto-selected logical core stride of 1
System total charge: 50.000
Will do PME sum in reciprocal space for electrostatic interactions.

++++ PLEASE READ AND CITE THE FOLLOWING REFERENCE ++++
U. Essmann, L. Perera, M. L. Berkowitz, T. Darden, H. Lee and L. G. Pedersen 
A smooth particle mesh Ewald method
J. Chem. Phys. 103 (1995) pp. 8577-8592
-------- -------- --- Thank You --- -------- --------

Using a Gaussian width (1/beta) of 0.384195 nm for Ewald
Potential shift: LJ r^-12: -2.648e-01 r^-6: -5.349e-01, Ewald -8.333e-06
Initialized non-bonded Ewald tables, spacing: 1.02e-03 size: 1176

Generated table with 1158 data points for 1-4 COUL.
Tabscale = 500 points/nm
Generated table with 1158 data points for 1-4 LJ6.
Tabscale = 500 points/nm
Generated table with 1158 data points for 1-4 LJ12.
Tabscale = 500 points/nm


Using SIMD 4x4 nonbonded short-range kernels

Using a dual 4x4 pair-list setup updated with dynamic pruning:
  outer list: updated every 80 steps, buffer 0.116 nm, rlist 1.316 nm
  inner list: updated every 13 steps, buffer 0.001 nm, rlist 1.201 nm
At tolerance 0.005 kJ/mol/ps per atom, equivalent classical 1x1 list would be:
  outer list: updated every 80 steps, buffer 0.261 nm, rlist 1.461 nm
  inner list: updated every 13 steps, buffer 0.050 nm, rlist 1.250 nm
Removing pbc first time

Initializing Parallel LINear Constraint Solver

++++ PLEASE READ AND CITE THE FOLLOWING REFERENCE ++++
B. Hess
P-LINCS: A Parallel Linear Constraint Solver for molecular simulation
J. Chem. Theory Comput. 4 (2008) pp. 116-122
-------- -------- --- Thank You --- -------- --------

The number of constraints is 5200
There are constraints between atoms in different decomposition domains,
will communicate selected coordinates each lincs iteration

++++ PLEASE READ AND CITE THE FOLLOWING REFERENCE ++++
S. Miyamoto and P. A. Kollman
SETTLE: An Analytical Version of the SHAKE and RATTLE Algorithms for Rigid
Water Models
J. Comp. Chem. 13 (1992) pp. 952-962
-------- -------- --- Thank You --- -------- --------


Linking all bonded interactions to atoms


Intra-simulation communication will occur every 10 steps.

++++ PLEASE READ AND CITE THE FOLLOWING REFERENCE ++++
G. Bussi, D. Donadio and M. Parrinello
Canonical sampling through velocity rescaling
J. Chem. Phys. 126 (2007) pp. 014101
-------- -------- --- Thank You --- -------- --------

There are: 117612 Atoms
Atom distribution over 24 domains: av 4900 stddev 98 min 4831 max 5071

Constraining the starting coordinates (step 0)

Constraining the coordinates at t0-dt (step 0)
Center of mass motion removal mode is Linear
We have the following groups for center of mass motion removal:
  0:  rest
RMS relative constraint deviation after constraining: 4.55e-06
Initial temperature: 299.794 K

Started mdrun on rank 0 Fri Jun 24 11:43:20 2022

           Step           Time
              0        0.00000

   Energies (kJ/mol)
           Bond          Angle    Proper Dih.  Improper Dih.          LJ-14
    1.52045e+03    8.83482e+03    2.84940e+04    2.15404e+02    8.19369e+03
     Coulomb-14        LJ (SR)   Coulomb (SR)   Coul. recip.      Potential
    7.14719e+04    2.31806e+05   -2.24384e+06    3.88669e+03   -1.88942e+06
    Kinetic En.   Total Energy  Conserved En.    Temperature Pressure (bar)
    2.99663e+05   -1.58975e+06   -1.58975e+06    2.99827e+02   -4.44973e+03
   Constr. rmsd
    3.29778e-06


DD  step 79 load imb.: force  2.4%  pme mesh/force 2.157
step  480: timed with pme grid 72 72 72, coulomb cutoff 1.200: 231882.4 M-cycles
           Step           Time
            500        1.00000

   Energies (kJ/mol)
           Bond          Angle    Proper Dih.  Improper Dih.          LJ-14
    7.87216e+03    2.39871e+04    3.16685e+04    1.10264e+03    9.53318e+03
     Coulomb-14        LJ (SR)   Coulomb (SR)   Coul. recip.      Potential
    7.11341e+04    2.06373e+05   -1.91921e+06    4.14342e+03   -1.56339e+06
    Kinetic En.   Total Energy  Conserved En.    Temperature Pressure (bar)
    2.96621e+05   -1.26677e+06   -1.58680e+06    2.96783e+02   -1.01063e+02
   Constr. rmsd
    3.44955e-06

step  640: timed with pme grid 60 60 60, coulomb cutoff 1.328: 231733.8 M-cycles
step  800: timed with pme grid 52 52 52, coulomb cutoff 1.532: 233039.0 M-cycles
Writing checkpoint, step 800 at Fri Jun 24 11:59:59 2022


step  960: timed with pme grid 48 48 48, coulomb cutoff 1.660: 237185.5 M-cycles
           Step           Time
           1000        2.00000

   Energies (kJ/mol)
           Bond          Angle    Proper Dih.  Improper Dih.          LJ-14
    7.71472e+03    2.39898e+04    3.19216e+04    1.18690e+03    9.32478e+03
     Coulomb-14        LJ (SR)   Coulomb (SR)   Coul. recip.      Potential
    7.11567e+04    1.99715e+05   -1.90068e+06    1.61153e+03   -1.55406e+06
    Kinetic En.   Total Energy  Conserved En.    Temperature Pressure (bar)
    2.97936e+05   -1.25612e+06   -1.58675e+06    2.98099e+02   -3.29934e+02
   Constr. rmsd
    3.44286e-06

step 1120: timed with pme grid 44 44 44, coulomb cutoff 1.811: 253825.3 M-cycles
step 1120: the maximum allowed grid scaling limits the PME load balancing to a coulomb cut-off of 1.811
step 1280: timed with pme grid 44 44 44, coulomb cutoff 1.811: 252352.6 M-cycles
step 1440: timed with pme grid 48 48 48, coulomb cutoff 1.660: 234761.6 M-cycles
Writing checkpoint, step 1440 at Fri Jun 24 12:14:43 2022


           Step           Time
           1500        3.00000

   Energies (kJ/mol)
           Bond          Angle    Proper Dih.  Improper Dih.          LJ-14
    7.84907e+03    2.44688e+04    3.20238e+04    1.14299e+03    9.57553e+03
     Coulomb-14        LJ (SR)   Coulomb (SR)   Coul. recip.      Potential
    7.15581e+04    1.99171e+05   -1.90134e+06    2.61529e+03   -1.55294e+06
    Kinetic En.   Total Energy  Conserved En.    Temperature Pressure (bar)
    2.99916e+05   -1.25302e+06   -1.58678e+06    3.00080e+02   -2.15394e+02
   Constr. rmsd
    3.36571e-06

step 1600: timed with pme grid 52 52 52, coulomb cutoff 1.532: 233172.4 M-cycles
step 1760: timed with pme grid 56 56 56, coulomb cutoff 1.423: 234518.0 M-cycles
step 1920: timed with pme grid 60 60 60, coulomb cutoff 1.328: 232941.6 M-cycles

DD  step 1999 load imb.: force 12.4%  pme mesh/force 2.055
           Step           Time
           2000        4.00000

   Energies (kJ/mol)
           Bond          Angle    Proper Dih.  Improper Dih.          LJ-14
    7.51039e+03    2.42530e+04    3.19388e+04    1.22969e+03    9.50224e+03
     Coulomb-14        LJ (SR)   Coulomb (SR)   Coul. recip.      Potential
    7.10873e+04    2.01675e+05   -1.90567e+06    5.37820e+03   -1.55310e+06
    Kinetic En.   Total Energy  Conserved En.    Temperature Pressure (bar)
    2.97598e+05   -1.25550e+06   -1.58679e+06    2.97761e+02   -8.16336e+01
   Constr. rmsd
    3.31135e-06

step 2080: timed with pme grid 64 64 64, coulomb cutoff 1.245: 232971.0 M-cycles
Writing checkpoint, step 2080 at Fri Jun 24 12:28:45 2022


step 2240: timed with pme grid 72 72 72, coulomb cutoff 1.200: 233314.2 M-cycles
              optimal pme grid 60 60 60, coulomb cutoff 1.328
           Step           Time
           2500        5.00000

   Energies (kJ/mol)
           Bond          Angle    Proper Dih.  Improper Dih.          LJ-14
    7.58719e+03    2.40552e+04    3.20374e+04    1.16817e+03    9.53211e+03
     Coulomb-14        LJ (SR)   Coulomb (SR)   Coul. recip.      Potential
    7.13827e+04    1.98988e+05   -1.90354e+06    4.29181e+03   -1.55450e+06
    Kinetic En.   Total Energy  Conserved En.    Temperature Pressure (bar)
    3.02008e+05   -1.25249e+06   -1.58681e+06    3.02173e+02   -2.16254e+02
   Constr. rmsd
    3.45092e-06

Writing checkpoint, step 2800 at Fri Jun 24 12:44:29 2022


           Step           Time
           3000        6.00000

   Energies (kJ/mol)
           Bond          Angle    Proper Dih.  Improper Dih.          LJ-14
    7.64160e+03    2.40113e+04    3.17806e+04    1.17194e+03    9.47511e+03
     Coulomb-14        LJ (SR)   Coulomb (SR)   Coul. recip.      Potential
    7.14676e+04    2.00879e+05   -1.90528e+06    4.27183e+03   -1.55458e+06
    Kinetic En.   Total Energy  Conserved En.    Temperature Pressure (bar)
    2.98496e+05   -1.25608e+06   -1.58672e+06    2.98660e+02   -2.21186e+02
   Constr. rmsd
    3.22222e-06

           Step           Time
           3500        7.00000

   Energies (kJ/mol)
           Bond          Angle    Proper Dih.  Improper Dih.          LJ-14
    7.90083e+03    2.43260e+04    3.18127e+04    1.11457e+03    9.22185e+03
     Coulomb-14        LJ (SR)   Coulomb (SR)   Coul. recip.      Potential
    7.13105e+04    2.00561e+05   -1.90304e+06    4.21103e+03   -1.55258e+06
    Kinetic En.   Total Energy  Conserved En.    Temperature Pressure (bar)
    2.99937e+05   -1.25265e+06   -1.58671e+06    3.00102e+02   -2.83744e+02
   Constr. rmsd
    3.30206e-06

Writing checkpoint, step 3520 at Fri Jun 24 13:00:09 2022



DD  step 3999 load imb.: force  4.0%  pme mesh/force 1.892
           Step           Time
           4000        8.00000

   Energies (kJ/mol)
           Bond          Angle    Proper Dih.  Improper Dih.          LJ-14
    7.82886e+03    2.45572e+04    3.19820e+04    1.18916e+03    9.36672e+03
     Coulomb-14        LJ (SR)   Coulomb (SR)   Coul. recip.      Potential
    7.12899e+04    2.01434e+05   -1.90207e+06    4.34216e+03   -1.55008e+06
    Kinetic En.   Total Energy  Conserved En.    Temperature Pressure (bar)
    2.99796e+05   -1.25028e+06   -1.58672e+06    2.99960e+02   -9.38215e+01
   Constr. rmsd
    3.51773e-06

Writing checkpoint, step 4160 at Fri Jun 24 13:14:07 2022


           Step           Time
           4500        9.00000

   Energies (kJ/mol)
           Bond          Angle    Proper Dih.  Improper Dih.          LJ-14
    7.76549e+03    2.48556e+04    3.17629e+04    1.14608e+03    9.38874e+03
     Coulomb-14        LJ (SR)   Coulomb (SR)   Coul. recip.      Potential
    7.17398e+04    1.98868e+05   -1.90019e+06    4.29457e+03   -1.55037e+06
    Kinetic En.   Total Energy  Conserved En.    Temperature Pressure (bar)
    3.00782e+05   -1.24959e+06   -1.58665e+06    3.00946e+02   -2.83368e+02
   Constr. rmsd
    3.40715e-06

Writing checkpoint, step 4880 at Fri Jun 24 13:29:48 2022


           Step           Time
           5000       10.00000

   Energies (kJ/mol)
           Bond          Angle    Proper Dih.  Improper Dih.          LJ-14
    7.60775e+03    2.43628e+04    3.19383e+04    1.13124e+03    9.57395e+03
     Coulomb-14        LJ (SR)   Coulomb (SR)   Coul. recip.      Potential
    7.12964e+04    1.99428e+05   -1.90104e+06    4.17694e+03   -1.55153e+06
    Kinetic En.   Total Energy  Conserved En.    Temperature Pressure (bar)
    3.00815e+05   -1.25071e+06   -1.58671e+06    3.00980e+02   -1.12471e+02
   Constr. rmsd
    3.27211e-06

           Step           Time
           5500       11.00000

   Energies (kJ/mol)
           Bond          Angle    Proper Dih.  Improper Dih.          LJ-14
    7.64653e+03    2.39447e+04    3.17771e+04    1.16190e+03    9.46706e+03
     Coulomb-14        LJ (SR)   Coulomb (SR)   Coul. recip.      Potential
    7.10775e+04    1.99962e+05   -1.90263e+06    4.30131e+03   -1.55329e+06
    Kinetic En.   Total Energy  Conserved En.    Temperature Pressure (bar)
    2.98621e+05   -1.25467e+06   -1.58668e+06    2.98785e+02   -2.38832e+02
   Constr. rmsd
    3.43344e-06

Writing checkpoint, step 5520 at Fri Jun 24 13:43:46 2022



DD  step 5999 load imb.: force  3.0%  pme mesh/force 1.949
           Step           Time
           6000       12.00000

   Energies (kJ/mol)
           Bond          Angle    Proper Dih.  Improper Dih.          LJ-14
    7.53491e+03    2.45792e+04    3.18599e+04    1.12478e+03    9.34539e+03
     Coulomb-14        LJ (SR)   Coulomb (SR)   Coul. recip.      Potential
    7.13346e+04    1.99422e+05   -1.90024e+06    4.30445e+03   -1.55073e+06
    Kinetic En.   Total Energy  Conserved En.    Temperature Pressure (bar)
    2.99883e+05   -1.25085e+06   -1.58667e+06    3.00047e+02   -1.79945e+02
   Constr. rmsd
    3.35086e-06

Writing checkpoint, step 6240 at Fri Jun 24 13:59:28 2022


           Step           Time
           6500       13.00000

   Energies (kJ/mol)
           Bond          Angle    Proper Dih.  Improper Dih.          LJ-14
    7.64728e+03    2.42151e+04    3.18780e+04    1.21883e+03    9.40788e+03
     Coulomb-14        LJ (SR)   Coulomb (SR)   Coul. recip.      Potential
    7.14926e+04    1.99763e+05   -1.90044e+06    4.48023e+03   -1.55034e+06
    Kinetic En.   Total Energy  Conserved En.    Temperature Pressure (bar)
    2.99776e+05   -1.25056e+06   -1.58662e+06    2.99940e+02   -1.68216e+02
   Constr. rmsd
    3.44516e-06

Writing checkpoint, step 6960 at Fri Jun 24 14:15:08 2022


           Step           Time
           7000       14.00000

   Energies (kJ/mol)
           Bond          Angle    Proper Dih.  Improper Dih.          LJ-14
    7.57161e+03    2.45989e+04    3.17620e+04    1.22169e+03    9.39249e+03
     Coulomb-14        LJ (SR)   Coulomb (SR)   Coul. recip.      Potential
    7.12897e+04    2.00545e+05   -1.90122e+06    4.26999e+03   -1.55057e+06
    Kinetic En.   Total Energy  Conserved En.    Temperature Pressure (bar)
    2.98968e+05   -1.25160e+06   -1.58663e+06    2.99132e+02   -1.08467e+02
   Constr. rmsd
    3.38876e-06

           Step           Time
           7500       15.00000

   Energies (kJ/mol)
           Bond          Angle    Proper Dih.  Improper Dih.          LJ-14
    7.82892e+03    2.41716e+04    3.20265e+04    1.14430e+03    9.43055e+03
     Coulomb-14        LJ (SR)   Coulomb (SR)   Coul. recip.      Potential
    7.08874e+04    1.99127e+05   -1.90073e+06    4.21030e+03   -1.55191e+06
    Kinetic En.   Total Energy  Conserved En.    Temperature Pressure (bar)
    3.00459e+05   -1.25145e+06   -1.58661e+06    3.00624e+02   -1.29144e+02
   Constr. rmsd
    3.49133e-06

Writing checkpoint, step 7600 at Fri Jun 24 14:29:04 2022



DD  step 7999 load imb.: force  2.4%  pme mesh/force 1.933
           Step           Time
           8000       16.00000

   Energies (kJ/mol)
           Bond          Angle    Proper Dih.  Improper Dih.          LJ-14
    7.71831e+03    2.47372e+04    3.18019e+04    1.13689e+03    9.29928e+03
     Coulomb-14        LJ (SR)   Coulomb (SR)   Coul. recip.      Potential
    7.13342e+04    1.99599e+05   -1.90195e+06    4.33497e+03   -1.55199e+06
    Kinetic En.   Total Energy  Conserved En.    Temperature Pressure (bar)
    3.00309e+05   -1.25168e+06   -1.58657e+06    3.00474e+02   -3.16988e+02
   Constr. rmsd
    3.36575e-06

Writing checkpoint, step 8320 at Fri Jun 24 14:44:46 2022


           Step           Time
           8500       17.00000

   Energies (kJ/mol)
           Bond          Angle    Proper Dih.  Improper Dih.          LJ-14
    7.83584e+03    2.44326e+04    3.18958e+04    1.12717e+03    9.43566e+03
     Coulomb-14        LJ (SR)   Coulomb (SR)   Coul. recip.      Potential
    7.12668e+04    2.00322e+05   -1.90310e+06    4.29699e+03   -1.55249e+06
    Kinetic En.   Total Energy  Conserved En.    Temperature Pressure (bar)
    2.99101e+05   -1.25338e+06   -1.58655e+06    2.99265e+02   -1.80081e+02
   Constr. rmsd
    3.30235e-06

Writing checkpoint, step 8960 at Fri Jun 24 14:58:45 2022


           Step           Time
           9000       18.00000

   Energies (kJ/mol)
           Bond          Angle    Proper Dih.  Improper Dih.          LJ-14
    7.72253e+03    2.42262e+04    3.18764e+04    1.16462e+03    9.63396e+03
     Coulomb-14        LJ (SR)   Coulomb (SR)   Coul. recip.      Potential
    7.13440e+04    1.99431e+05   -1.90185e+06    4.32061e+03   -1.55213e+06
    Kinetic En.   Total Energy  Conserved En.    Temperature Pressure (bar)
    2.97887e+05   -1.25424e+06   -1.58651e+06    2.98050e+02   -1.60556e+02
   Constr. rmsd
    3.42602e-06

           Step           Time
           9500       19.00000

   Energies (kJ/mol)
           Bond          Angle    Proper Dih.  Improper Dih.          LJ-14
    7.83268e+03    2.40649e+04    3.17748e+04    1.17971e+03    9.47884e+03
     Coulomb-14        LJ (SR)   Coulomb (SR)   Coul. recip.      Potential
    7.15453e+04    1.99610e+05   -1.90295e+06    4.31941e+03   -1.55315e+06
    Kinetic En.   Total Energy  Conserved En.    Temperature Pressure (bar)
    3.00325e+05   -1.25282e+06   -1.58648e+06    3.00490e+02   -1.87444e+02
   Constr. rmsd
    3.25024e-06

Writing checkpoint, step 9680 at Fri Jun 24 15:14:25 2022



DD  step 9999 load imb.: force  5.4%  pme mesh/force 1.885
           Step           Time
          10000       20.00000

Writing checkpoint, step 10000 at Fri Jun 24 15:19:25 2022


   Energies (kJ/mol)
           Bond          Angle    Proper Dih.  Improper Dih.          LJ-14
    7.53370e+03    2.40312e+04    3.19753e+04    1.17471e+03    9.50122e+03
     Coulomb-14        LJ (SR)   Coulomb (SR)   Coul. recip.      Potential
    7.15240e+04    1.99130e+05   -1.90222e+06    4.25049e+03   -1.55310e+06
    Kinetic En.   Total Energy  Conserved En.    Temperature Pressure (bar)
    2.99536e+05   -1.25356e+06   -1.58656e+06    2.99700e+02   -1.84398e+02
   Constr. rmsd
    3.26059e-06


Energy conservation over simulation part #1 of length 20 ns, time 0 to 20 ns
  Conserved energy drift: 1.36e-03 kJ/mol/ps per atom


	<======  ###############  ==>
	<====  A V E R A G E S  ====>
	<==  ###############  ======>

	Statistics over 10001 steps using 101 frames

   Energies (kJ/mol)
           Bond          Angle    Proper Dih.  Improper Dih.          LJ-14
    7.60738e+03    2.40861e+04    3.18045e+04    1.14570e+03    9.43097e+03
     Coulomb-14        LJ (SR)   Coulomb (SR)   Coul. recip.      Potential
    7.13351e+04    2.01150e+05   -1.90863e+06    4.17136e+03   -1.55790e+06
    Kinetic En.   Total Energy  Conserved En.    Temperature Pressure (bar)
    2.98561e+05   -1.25934e+06   -1.58670e+06    2.98725e+02   -2.42665e+02
   Constr. rmsd
    0.00000e+00

   Total Virial (kJ/mol)
    1.07578e+05   -1.67778e+02   -2.00817e+02
   -1.70545e+02    1.08846e+05    1.83993e+02
   -2.02252e+02    1.84188e+02    1.08408e+05

   Pressure (bar)
   -2.23113e+02    1.93711e+00    3.63526e+00
    2.01380e+00   -2.60140e+02   -6.05379e+00
    3.67502e+00   -6.05919e+00   -2.44741e+02

      T-Protein          T-RAAT-Water_and_ions
    2.98822e+02    2.99497e+02    2.98706e+02


       P P   -   P M E   L O A D   B A L A N C I N G

 PP/PME load balancing changed the cut-off and PME settings:
           particle-particle                    PME
            rcoulomb  rlist            grid      spacing   1/beta
   initial  1.200 nm  1.201 nm      72  72  72   0.148 nm  0.384 nm
   final    1.328 nm  1.329 nm      60  60  60   0.177 nm  0.425 nm
 cost-ratio           1.35             0.58
 (note that these numbers concern only part of the total PP and PME load)


	M E G A - F L O P S   A C C O U N T I N G

 NB=Group-cutoff nonbonded kernels    NxN=N-by-N cluster Verlet kernels
 RF=Reaction-Field  VdW=Van der Waals  QSTab=quadratic-spline table
 W3=SPC/TIP3p  W4=TIP4p (single or pairs)
 V&F=Potential and force  V=Potential only  F=Force only

 Computing:                               M-Number         M-Flops  % Flops
-----------------------------------------------------------------------------
 Pair Search distance check            8416.755288       75750.798     0.1
 NxN QSTab Elec. + LJ [F]            665414.741072    35266981.277    62.7
 NxN QSTab Elec. + LJ [V&F]            6776.583264      548903.244     1.0
 NxN QSTab Elec. [F]                 544429.222048    18510593.550    32.9
 NxN QSTab Elec. [V&F]                 5544.846400      227338.702     0.4
 1,4 nonbonded interactions             261.686166       23551.755     0.0
 Calc Weights                          3528.712836      127033.662     0.2
 Spread Q Bspline                     75279.207168      150558.414     0.3
 Gather F Bspline                     75279.207168      451675.243     0.8
 3D-FFT                               76812.654850      614501.239     1.1
 Solve PME                               35.788560        2290.468     0.0
 Reset In Box                            14.819112          44.457     0.0
 CG-CoM                                  14.936724          44.810     0.0
 Bonds                                   51.005100        3009.301     0.0
 Angles                                 184.278426       30958.776     0.1
 Propers                                334.073404       76502.810     0.1
 Impropers                               19.201920        3993.999     0.0
 Virial                                  11.987892         215.782     0.0
 Stop-CM                                 11.996424         119.964     0.0
 Calc-Ekin                              235.459224        6357.399     0.0
 Lincs                                   55.919822        3355.189     0.0
 Lincs-Mat                              309.282696        1237.131     0.0
 Constraint-V                          1261.777551       11355.998     0.0
 Constraint-Vir                          12.176512         292.236     0.0
 Settle                                 383.354657      141841.223     0.3
-----------------------------------------------------------------------------
 Total                                                56278507.427   100.0
-----------------------------------------------------------------------------


    D O M A I N   D E C O M P O S I T I O N   S T A T I S T I C S

 av. #atoms communicated per step for force:  2 x 196467.3
 av. #atoms communicated per step for LINCS:  2 x 8445.5


Dynamic load balancing report:
 DLB was off during the run due to low measured imbalance.
 Average load imbalance: 4.7%.
 The balanceable part of the MD step is 41%, load imbalance is computed from this.
 Part of the total run time spent waiting due to load imbalance: 1.9%.
 Average PME mesh/force load: 2.005
 Part of the total run time spent waiting due to PP/PME imbalance: 29.7 %

NOTE: 29.7 % performance was lost because the PME ranks
      had more work to do than the PP ranks.
      You might want to increase the number of PME ranks
      or increase the cut-off and the grid spacing.


     R E A L   C Y C L E   A N D   T I M E   A C C O U N T I N G

On 24 MPI ranks doing PP, and
on 4 MPI ranks doing PME

 Computing:          Num   Num      Call    Wall time         Giga-Cycles
                     Ranks Threads  Count      (s)         total sum    %
-----------------------------------------------------------------------------
 Domain decomp.        24    1        126     427.846      26635.539   2.8
 DD comm. load         24    1          7       0.610         37.985   0.0
 Send X to PME         24    1      10001     786.427      48958.979   5.2
 Neighbor search       24    1        126      32.091       1997.853   0.2
 Comm. coord.          24    1       9875    2222.684     138373.010  14.7
 Force                 24    1      10001    2346.342     146071.384  15.5
 Wait + Comm. F        24    1      10001    2344.978     145986.448  15.5
 PME mesh *             4    1      10001    8883.139      92169.869   9.8
 PME wait for PP *                           4082.549      42359.801   4.5
 Wait + Recv. PME F    24    1      10001    2153.355     134056.981  14.2
 NB X/F buffer ops.    24    1      29751      14.567        906.841   0.1
 Write traj.           24    1         35       9.112        567.238   0.1
 Update                24    1      10001       0.416         25.928   0.0
 Constraints           24    1      10003    2288.224     142453.227  15.1
 Comm. energies        24    1       1001     327.553      20391.788   2.2
 Rest                                          13.279        826.683   0.1
-----------------------------------------------------------------------------
 Total                                      12967.485     941838.197 100.0
-----------------------------------------------------------------------------
(*) Note that with separate PME ranks, the walltime column actually sums to
    twice the total reported, but the cycle count total and % are correct.
-----------------------------------------------------------------------------
 Breakdown of PME mesh computation
-----------------------------------------------------------------------------
 PME redist. X/F        4    1      20002    5828.179      60472.147   6.4
 PME spread             4    1      10001     747.890       7759.975   0.8
 PME gather             4    1      10001     752.772       7810.625   0.8
 PME 3D-FFT             4    1      20002       9.649        100.121   0.0
 PME 3D-FFT Comm.       4    1      20002    1543.619      16016.319   1.7
 PME solve Elec         4    1      10001       0.936          9.710   0.0
-----------------------------------------------------------------------------

               Core t (s)   Wall t (s)        (%)
       Time:   363085.952    12967.485     2800.0
                         3h36:07
                 (ns/day)    (hour/ns)
Performance:        0.133      180.086
Finished mdrun on rank 0 Fri Jun 24 15:19:28 2022

