                      :-) GROMACS - gmx mdrun, 2021.2 (-:

                            GROMACS is written by:
     Andrey Alekseenko              Emile Apol              Rossen Apostolov     
         Paul Bauer           Herman J.C. Berendsen           Par Bjelkmar       
       Christian Blau           Viacheslav Bolnykh             Kevin Boyd        
     Aldert van Buuren           Rudi van Drunen             Anton Feenstra      
    Gilles Gouaillardet             Alan Gray               Gerrit Groenhof      
       Anca Hamuraru            Vincent Hindriksen          M. Eric Irrgang      
      Aleksei Iupinov           Christoph Junghans             Joe Jordan        
    Dimitrios Karkoulis            Peter Kasson                Jiri Kraus        
      Carsten Kutzner              Per Larsson              Justin A. Lemkul     
       Viveca Lindahl            Magnus Lundborg             Erik Marklund       
        Pascal Merz             Pieter Meulenhoff            Teemu Murtola       
        Szilard Pall               Sander Pronk              Roland Schulz       
       Michael Shirts            Alexey Shvetsov             Alfons Sijbers      
       Peter Tieleman              Jon Vincent              Teemu Virolainen     
     Christian Wennberg            Maarten Wolf              Artem Zhmurov       
                           and the project leaders:
        Mark Abraham, Berk Hess, Erik Lindahl, and David van der Spoel

Copyright (c) 1991-2000, University of Groningen, The Netherlands.
Copyright (c) 2001-2019, The GROMACS development team at
Uppsala University, Stockholm University and
the Royal Institute of Technology, Sweden.
check out http://www.gromacs.org for more information.

GROMACS is free software; you can redistribute it and/or modify it
under the terms of the GNU Lesser General Public License
as published by the Free Software Foundation; either version 2.1
of the License, or (at your option) any later version.

GROMACS:      gmx mdrun, version 2021.2
Executable:   /gpfs/opt/apps/gromacs-2021.2/bin/gmx
Data prefix:  /gpfs/opt/apps/gromacs-2021.2
Working dir:  /gpfs/work/tuk27574/fragment_builder
Process ID:   4718
Command line:
  gmx mdrun -s ./combo_folder/RAA/nvt_RAA15.tpr -deffnm ./combo_folder/RAA/combo_nvt_RAA15

GROMACS version:    2021.2
Verified release checksum is d91a739522d82c53dc47c2276b9ac5fae3b2119283e84e3a1c7bed8ce741fda2
Precision:          mixed
Memory model:       64 bit
MPI library:        thread_mpi
OpenMP support:     enabled (GMX_OPENMP_MAX_THREADS = 64)
GPU support:        disabled
SIMD instructions:  SSE4.1
FFT library:        fftw-3.3.3-sse2
RDTSCP usage:       enabled
TNG support:        enabled
Hwloc support:      disabled
Tracing support:    disabled
C compiler:         /gpfs/opt/tools/gcc-8.4.0/bin/gcc GNU 8.4.0
C compiler flags:   -msse4.1 -Wno-missing-field-initializers -fexcess-precision=fast -funroll-all-loops -O3 -DNDEBUG
C++ compiler:       /gpfs/opt/tools/gcc-8.4.0/bin/g++ GNU 8.4.0
C++ compiler flags: -msse4.1 -Wno-missing-field-initializers -fexcess-precision=fast -funroll-all-loops -fopenmp -O3 -DNDEBUG


Running on 1 node with total 28 cores, 28 logical cores
Hardware detected:
  CPU info:
    Vendor: Intel
    Brand:  Intel(R) Xeon(R) CPU E5-2690 v4 @ 2.60GHz
    Family: 6   Model: 79   Stepping: 1
    Features: aes apic avx avx2 clfsh cmov cx8 cx16 f16c fma hle htt intel lahf mmx msr nonstop_tsc pcid pclmuldq pdcm pdpe1gb popcnt pse rdrnd rdtscp rtm sse2 sse3 sse4.1 sse4.2 ssse3 tdt x2apic
  Hardware topology: Basic
    Sockets, cores, and logical processors:
      Socket  0: [   0] [   2] [   4] [   6] [   8] [  10] [  12] [  14] [  16] [  18] [  20] [  22] [  24] [  26]
      Socket  1: [   1] [   3] [   5] [   7] [   9] [  11] [  13] [  15] [  17] [  19] [  21] [  23] [  25] [  27]

Highest SIMD level requested by all nodes in run: AVX2_256
SIMD instructions selected at compile time:       SSE4.1
This program was compiled for different hardware than you are running on,
which could influence performance.

++++ PLEASE READ AND CITE THE FOLLOWING REFERENCE ++++
M. J. Abraham, T. Murtola, R. Schulz, S. Páll, J. C. Smith, B. Hess, E.
Lindahl
GROMACS: High performance molecular simulations through multi-level
parallelism from laptops to supercomputers
SoftwareX 1 (2015) pp. 19-25
-------- -------- --- Thank You --- -------- --------


++++ PLEASE READ AND CITE THE FOLLOWING REFERENCE ++++
S. Páll, M. J. Abraham, C. Kutzner, B. Hess, E. Lindahl
Tackling Exascale Software Challenges in Molecular Dynamics Simulations with
GROMACS
In S. Markidis & E. Laure (Eds.), Solving Software Challenges for Exascale 8759 (2015) pp. 3-27
-------- -------- --- Thank You --- -------- --------


++++ PLEASE READ AND CITE THE FOLLOWING REFERENCE ++++
S. Pronk, S. Páll, R. Schulz, P. Larsson, P. Bjelkmar, R. Apostolov, M. R.
Shirts, J. C. Smith, P. M. Kasson, D. van der Spoel, B. Hess, and E. Lindahl
GROMACS 4.5: a high-throughput and highly parallel open source molecular
simulation toolkit
Bioinformatics 29 (2013) pp. 845-54
-------- -------- --- Thank You --- -------- --------


++++ PLEASE READ AND CITE THE FOLLOWING REFERENCE ++++
B. Hess and C. Kutzner and D. van der Spoel and E. Lindahl
GROMACS 4: Algorithms for highly efficient, load-balanced, and scalable
molecular simulation
J. Chem. Theory Comput. 4 (2008) pp. 435-447
-------- -------- --- Thank You --- -------- --------


++++ PLEASE READ AND CITE THE FOLLOWING REFERENCE ++++
D. van der Spoel, E. Lindahl, B. Hess, G. Groenhof, A. E. Mark and H. J. C.
Berendsen
GROMACS: Fast, Flexible and Free
J. Comp. Chem. 26 (2005) pp. 1701-1719
-------- -------- --- Thank You --- -------- --------


++++ PLEASE READ AND CITE THE FOLLOWING REFERENCE ++++
E. Lindahl and B. Hess and D. van der Spoel
GROMACS 3.0: A package for molecular simulation and trajectory analysis
J. Mol. Mod. 7 (2001) pp. 306-317
-------- -------- --- Thank You --- -------- --------


++++ PLEASE READ AND CITE THE FOLLOWING REFERENCE ++++
H. J. C. Berendsen, D. van der Spoel and R. van Drunen
GROMACS: A message-passing parallel molecular dynamics implementation
Comp. Phys. Comm. 91 (1995) pp. 43-56
-------- -------- --- Thank You --- -------- --------


++++ PLEASE CITE THE DOI FOR THIS VERSION OF GROMACS ++++
https://doi.org/10.5281/zenodo.4723562
-------- -------- --- Thank You --- -------- --------


The number of OpenMP threads was set by environment variable OMP_NUM_THREADS to 1

Input Parameters:
   integrator                     = md
   tinit                          = 0
   dt                             = 0.002
   nsteps                         = 10000
   init-step                      = 0
   simulation-part                = 1
   mts                            = false
   comm-mode                      = Linear
   nstcomm                        = 100
   bd-fric                        = 0
   ld-seed                        = 2088761115
   emtol                          = 10
   emstep                         = 0.01
   niter                          = 20
   fcstep                         = 0
   nstcgsteep                     = 1000
   nbfgscorr                      = 10
   rtpi                           = 0.05
   nstxout                        = 0
   nstvout                        = 0
   nstfout                        = 0
   nstlog                         = 500
   nstcalcenergy                  = 100
   nstenergy                      = 500
   nstxout-compressed             = 500
   compressed-x-precision         = 1000
   cutoff-scheme                  = Verlet
   nstlist                        = 20
   pbc                            = xyz
   periodic-molecules             = false
   verlet-buffer-tolerance        = 0.005
   rlist                          = 1.221
   coulombtype                    = PME
   coulomb-modifier               = Potential-shift
   rcoulomb-switch                = 0
   rcoulomb                       = 1.2
   epsilon-r                      = 1
   epsilon-rf                     = inf
   vdw-type                       = Cut-off
   vdw-modifier                   = Force-switch
   rvdw-switch                    = 1
   rvdw                           = 1.2
   DispCorr                       = No
   table-extension                = 1
   fourierspacing                 = 0.16
   fourier-nx                     = 72
   fourier-ny                     = 72
   fourier-nz                     = 72
   pme-order                      = 4
   ewald-rtol                     = 1e-05
   ewald-rtol-lj                  = 0.001
   lj-pme-comb-rule               = Geometric
   ewald-geometry                 = 0
   epsilon-surface                = 0
   tcoupl                         = V-rescale
   nsttcouple                     = 10
   nh-chain-length                = 0
   print-nose-hoover-chain-variables = false
   pcoupl                         = No
   pcoupltype                     = Isotropic
   nstpcouple                     = -1
   tau-p                          = 1
   compressibility (3x3):
      compressibility[    0]={ 0.00000e+00,  0.00000e+00,  0.00000e+00}
      compressibility[    1]={ 0.00000e+00,  0.00000e+00,  0.00000e+00}
      compressibility[    2]={ 0.00000e+00,  0.00000e+00,  0.00000e+00}
   ref-p (3x3):
      ref-p[    0]={ 0.00000e+00,  0.00000e+00,  0.00000e+00}
      ref-p[    1]={ 0.00000e+00,  0.00000e+00,  0.00000e+00}
      ref-p[    2]={ 0.00000e+00,  0.00000e+00,  0.00000e+00}
   refcoord-scaling               = No
   posres-com (3):
      posres-com[0]= 0.00000e+00
      posres-com[1]= 0.00000e+00
      posres-com[2]= 0.00000e+00
   posres-comB (3):
      posres-comB[0]= 0.00000e+00
      posres-comB[1]= 0.00000e+00
      posres-comB[2]= 0.00000e+00
   QMMM                           = false
qm-opts:
   ngQM                           = 0
   constraint-algorithm           = Lincs
   continuation                   = false
   Shake-SOR                      = false
   shake-tol                      = 0.0001
   lincs-order                    = 4
   lincs-iter                     = 1
   lincs-warnangle                = 30
   nwall                          = 0
   wall-type                      = 9-3
   wall-r-linpot                  = -1
   wall-atomtype[0]               = -1
   wall-atomtype[1]               = -1
   wall-density[0]                = 0
   wall-density[1]                = 0
   wall-ewald-zfac                = 3
   pull                           = false
   awh                            = false
   rotation                       = false
   interactiveMD                  = false
   disre                          = No
   disre-weighting                = Conservative
   disre-mixed                    = false
   dr-fc                          = 1000
   dr-tau                         = 0
   nstdisreout                    = 100
   orire-fc                       = 0
   orire-tau                      = 0
   nstorireout                    = 100
   free-energy                    = no
   cos-acceleration               = 0
   deform (3x3):
      deform[    0]={ 0.00000e+00,  0.00000e+00,  0.00000e+00}
      deform[    1]={ 0.00000e+00,  0.00000e+00,  0.00000e+00}
      deform[    2]={ 0.00000e+00,  0.00000e+00,  0.00000e+00}
   simulated-tempering            = false
   swapcoords                     = no
   userint1                       = 0
   userint2                       = 0
   userint3                       = 0
   userint4                       = 0
   userreal1                      = 0
   userreal2                      = 0
   userreal3                      = 0
   userreal4                      = 0
   applied-forces:
     electric-field:
       x:
         E0                       = 0
         omega                    = 0
         t0                       = 0
         sigma                    = 0
       y:
         E0                       = 0
         omega                    = 0
         t0                       = 0
         sigma                    = 0
       z:
         E0                       = 0
         omega                    = 0
         t0                       = 0
         sigma                    = 0
     density-guided-simulation:
       active                     = false
       group                      = protein
       similarity-measure         = inner-product
       atom-spreading-weight      = unity
       force-constant             = 1e+09
       gaussian-transform-spreading-width = 0.2
       gaussian-transform-spreading-range-in-multiples-of-width = 4
       reference-density-filename = reference.mrc
       nst                        = 1
       normalize-densities        = true
       adaptive-force-scaling     = false
       adaptive-force-scaling-time-constant = 4
       shift-vector               = 
       transformation-matrix      = 
grpopts:
   nrdf:     23287.7     674.992      216471
   ref-t:         300         300         300
   tau-t:         0.1         0.1         0.1
annealing:          No          No          No
annealing-npoints:           0           0           0
   acc:	           0           0           0
   nfreeze:           N           N           N
   energygrp-flags[  0]: 0

Changing nstlist from 20 to 80, rlist from 1.221 to 1.317


Initializing Domain Decomposition on 28 ranks
Dynamic load balancing: auto
Minimum cell size due to atom displacement: 0.649 nm
Initial maximum distances in bonded interactions:
    two-body bonded interactions: 0.424 nm, LJ-14, atoms 2530 2538
  multi-body bonded interactions: 0.424 nm, Proper Dih., atoms 2530 2538
Minimum cell size due to bonded interactions: 0.466 nm
Maximum distance for 5 constraints, at 120 deg. angles, all-trans: 0.219 nm
Estimated maximum distance required for P-LINCS: 0.219 nm
Scaling the initial minimum size with 1/0.8 (option -dds) = 1.25
Guess for relative PME load: 0.09
Will use 24 particle-particle and 4 PME only ranks
This is a guess, check the performance at the end of the log file
Using 4 separate PME ranks, as guessed by mdrun
Optimizing the DD grid for 24 cells with a minimum initial size of 0.811 nm
The maximum allowed number of cells is: X 13 Y 13 Z 13
Domain decomposition grid 4 x 3 x 2, separate PME ranks 4
PME domain decomposition: 4 x 1 x 1
Interleaving PP and PME ranks
This rank does only particle-particle work.
Domain decomposition rank 0, coordinates 0 0 0

The initial number of communication pulses is: X 1 Y 1 Z 1
The initial domain decomposition cell size is: X 2.66 nm Y 3.54 nm Z 5.31 nm

The maximum allowed distance for atoms involved in interactions is:
                 non-bonded interactions           1.317 nm
            two-body bonded interactions  (-rdd)   1.317 nm
          multi-body bonded interactions  (-rdd)   1.317 nm
  atoms separated by up to 5 constraints  (-rcon)  2.656 nm

When dynamic load balancing gets turned on, these settings will change to:
The maximum number of communication pulses is: X 1 Y 1 Z 1
The minimum size for domain decomposition cells is 1.317 nm
The requested allowed shrink of DD cells (option -dds) is: 0.80
The allowed shrink of domain decomposition cells is: X 0.50 Y 0.37 Z 0.25
The maximum allowed distance for atoms involved in interactions is:
                 non-bonded interactions           1.317 nm
            two-body bonded interactions  (-rdd)   1.317 nm
          multi-body bonded interactions  (-rdd)   1.317 nm
  atoms separated by up to 5 constraints  (-rcon)  1.317 nm

Using 28 MPI threads
Using 1 OpenMP thread per tMPI thread

Pinning threads with an auto-selected logical core stride of 1
System total charge: 15.000
Will do PME sum in reciprocal space for electrostatic interactions.

++++ PLEASE READ AND CITE THE FOLLOWING REFERENCE ++++
U. Essmann, L. Perera, M. L. Berkowitz, T. Darden, H. Lee and L. G. Pedersen 
A smooth particle mesh Ewald method
J. Chem. Phys. 103 (1995) pp. 8577-8592
-------- -------- --- Thank You --- -------- --------

Using a Gaussian width (1/beta) of 0.384195 nm for Ewald
Potential shift: LJ r^-12: -2.648e-01 r^-6: -5.349e-01, Ewald -8.333e-06
Initialized non-bonded Ewald tables, spacing: 1.02e-03 size: 1176

Generated table with 1158 data points for 1-4 COUL.
Tabscale = 500 points/nm
Generated table with 1158 data points for 1-4 LJ6.
Tabscale = 500 points/nm
Generated table with 1158 data points for 1-4 LJ12.
Tabscale = 500 points/nm


Using SIMD 4x4 nonbonded short-range kernels

Using a dual 4x4 pair-list setup updated with dynamic pruning:
  outer list: updated every 80 steps, buffer 0.117 nm, rlist 1.317 nm
  inner list: updated every 13 steps, buffer 0.001 nm, rlist 1.201 nm
At tolerance 0.005 kJ/mol/ps per atom, equivalent classical 1x1 list would be:
  outer list: updated every 80 steps, buffer 0.261 nm, rlist 1.461 nm
  inner list: updated every 13 steps, buffer 0.051 nm, rlist 1.251 nm
Removing pbc first time

Initializing Parallel LINear Constraint Solver

++++ PLEASE READ AND CITE THE FOLLOWING REFERENCE ++++
B. Hess
P-LINCS: A Parallel Linear Constraint Solver for molecular simulation
J. Chem. Theory Comput. 4 (2008) pp. 116-122
-------- -------- --- Thank You --- -------- --------

The number of constraints is 4780
There are constraints between atoms in different decomposition domains,
will communicate selected coordinates each lincs iteration

++++ PLEASE READ AND CITE THE FOLLOWING REFERENCE ++++
S. Miyamoto and P. A. Kollman
SETTLE: An Analytical Version of the SHAKE and RATTLE Algorithms for Rigid
Water Models
J. Comp. Chem. 13 (1992) pp. 952-962
-------- -------- --- Thank You --- -------- --------


Linking all bonded interactions to atoms


Intra-simulation communication will occur every 10 steps.

++++ PLEASE READ AND CITE THE FOLLOWING REFERENCE ++++
G. Bussi, D. Donadio and M. Parrinello
Canonical sampling through velocity rescaling
J. Chem. Phys. 126 (2007) pp. 014101
-------- -------- --- Thank You --- -------- --------

There are: 117745 Atoms
Atom distribution over 24 domains: av 4906 stddev 71 min 4830 max 5074

Constraining the starting coordinates (step 0)

Constraining the coordinates at t0-dt (step 0)
Center of mass motion removal mode is Linear
We have the following groups for center of mass motion removal:
  0:  rest
RMS relative constraint deviation after constraining: 2.83e-06
Initial temperature: 300.358 K

Started mdrun on rank 0 Fri Jun 24 11:45:12 2022

           Step           Time
              0        0.00000

   Energies (kJ/mol)
           Bond          Angle    Proper Dih.  Improper Dih.          LJ-14
    1.47468e+03    6.30320e+03    2.79895e+04    2.16013e+02    7.98315e+03
     Coulomb-14        LJ (SR)   Coulomb (SR)   Coul. recip.      Potential
    9.24402e+04    2.36383e+05   -2.27390e+06    3.24964e+03   -1.89786e+06
    Kinetic En.   Total Energy  Conserved En.    Temperature Pressure (bar)
    3.00280e+05   -1.59758e+06   -1.59758e+06    3.00419e+02   -4.44962e+03
   Constr. rmsd
    3.25924e-06


DD  step 79 load imb.: force  2.2%  pme mesh/force 2.292
step  480: timed with pme grid 72 72 72, coulomb cutoff 1.200: 232778.1 M-cycles
           Step           Time
            500        1.00000

   Energies (kJ/mol)
           Bond          Angle    Proper Dih.  Improper Dih.          LJ-14
    7.18584e+03    2.04511e+04    3.10709e+04    1.02296e+03    9.29189e+03
     Coulomb-14        LJ (SR)   Coulomb (SR)   Coul. recip.      Potential
    9.27895e+04    2.09782e+05   -1.94201e+06    4.14797e+03   -1.56627e+06
    Kinetic En.   Total Energy  Conserved En.    Temperature Pressure (bar)
    2.95214e+05   -1.27105e+06   -1.59466e+06    2.95350e+02   -4.69330e+01
   Constr. rmsd
    3.29445e-06

step  640: timed with pme grid 60 60 60, coulomb cutoff 1.328: 232816.6 M-cycles
Writing checkpoint, step 720 at Fri Jun 24 12:00:47 2022


step  800: timed with pme grid 52 52 52, coulomb cutoff 1.532: 234410.5 M-cycles
step  960: timed with pme grid 48 48 48, coulomb cutoff 1.660: 236115.4 M-cycles
           Step           Time
           1000        2.00000

   Energies (kJ/mol)
           Bond          Angle    Proper Dih.  Improper Dih.          LJ-14
    7.45405e+03    2.07716e+04    3.11701e+04    1.15585e+03    9.37387e+03
     Coulomb-14        LJ (SR)   Coulomb (SR)   Coul. recip.      Potential
    9.24128e+04    2.05051e+05   -1.92380e+06    1.65133e+03   -1.55476e+06
    Kinetic En.   Total Energy  Conserved En.    Temperature Pressure (bar)
    3.00891e+05   -1.25387e+06   -1.59467e+06    3.01030e+02   -1.43119e+01
   Constr. rmsd
    3.36728e-06

step 1120: timed with pme grid 44 44 44, coulomb cutoff 1.811: 253275.6 M-cycles
step 1120: the maximum allowed grid scaling limits the PME load balancing to a coulomb cut-off of 1.811
step 1280: timed with pme grid 44 44 44, coulomb cutoff 1.811: 251346.6 M-cycles
Writing checkpoint, step 1360 at Fri Jun 24 12:15:30 2022


step 1440: timed with pme grid 48 48 48, coulomb cutoff 1.660: 236876.0 M-cycles
           Step           Time
           1500        3.00000

   Energies (kJ/mol)
           Bond          Angle    Proper Dih.  Improper Dih.          LJ-14
    7.19414e+03    2.07223e+04    3.10962e+04    1.13406e+03    9.17598e+03
     Coulomb-14        LJ (SR)   Coulomb (SR)   Coul. recip.      Potential
    9.18278e+04    2.03863e+05   -1.92303e+06    2.70257e+03   -1.55531e+06
    Kinetic En.   Total Energy  Conserved En.    Temperature Pressure (bar)
    3.00460e+05   -1.25485e+06   -1.59479e+06    3.00599e+02   -1.26853e+02
   Constr. rmsd
    3.38198e-06

step 1600: timed with pme grid 52 52 52, coulomb cutoff 1.532: 233789.3 M-cycles
step 1760: timed with pme grid 56 56 56, coulomb cutoff 1.423: 231080.5 M-cycles
step 1920: timed with pme grid 60 60 60, coulomb cutoff 1.328: 230975.9 M-cycles

DD  step 1999 load imb.: force 11.8%  pme mesh/force 1.975
           Step           Time
           2000        4.00000

   Energies (kJ/mol)
           Bond          Angle    Proper Dih.  Improper Dih.          LJ-14
    7.52994e+03    2.07872e+04    3.11701e+04    1.09803e+03    9.16551e+03
     Coulomb-14        LJ (SR)   Coulomb (SR)   Coul. recip.      Potential
    9.20347e+04    2.03951e+05   -1.92561e+06    5.37384e+03   -1.55450e+06
    Kinetic En.   Total Energy  Conserved En.    Temperature Pressure (bar)
    3.00723e+05   -1.25378e+06   -1.59472e+06    3.00862e+02   -1.48719e+02
   Constr. rmsd
    3.35530e-06

step 2080: timed with pme grid 64 64 64, coulomb cutoff 1.245: 233428.4 M-cycles
Writing checkpoint, step 2080 at Fri Jun 24 12:31:17 2022


step 2240: timed with pme grid 72 72 72, coulomb cutoff 1.200: 232833.1 M-cycles
              optimal pme grid 60 60 60, coulomb cutoff 1.328
           Step           Time
           2500        5.00000

   Energies (kJ/mol)
           Bond          Angle    Proper Dih.  Improper Dih.          LJ-14
    7.14208e+03    2.05040e+04    3.11551e+04    1.15500e+03    9.02562e+03
     Coulomb-14        LJ (SR)   Coulomb (SR)   Coul. recip.      Potential
    9.22732e+04    2.03368e+05   -1.92520e+06    4.24536e+03   -1.55633e+06
    Kinetic En.   Total Energy  Conserved En.    Temperature Pressure (bar)
    2.96582e+05   -1.25975e+06   -1.59463e+06    2.96718e+02   -2.34646e+02
   Constr. rmsd
    3.24153e-06

Writing checkpoint, step 2800 at Fri Jun 24 12:47:02 2022


           Step           Time
           3000        6.00000

   Energies (kJ/mol)
           Bond          Angle    Proper Dih.  Improper Dih.          LJ-14
    7.49319e+03    2.07094e+04    3.11717e+04    1.18501e+03    9.21673e+03
     Coulomb-14        LJ (SR)   Coulomb (SR)   Coul. recip.      Potential
    9.24341e+04    2.01545e+05   -1.92262e+06    4.29917e+03   -1.55456e+06
    Kinetic En.   Total Energy  Conserved En.    Temperature Pressure (bar)
    3.00721e+05   -1.25384e+06   -1.59461e+06    3.00860e+02   -2.16992e+02
   Constr. rmsd
    3.16728e-06

Writing checkpoint, step 3440 at Fri Jun 24 13:00:58 2022


           Step           Time
           3500        7.00000

   Energies (kJ/mol)
           Bond          Angle    Proper Dih.  Improper Dih.          LJ-14
    7.40438e+03    2.07821e+04    3.09729e+04    1.14842e+03    9.12753e+03
     Coulomb-14        LJ (SR)   Coulomb (SR)   Coul. recip.      Potential
    9.21529e+04    2.06747e+05   -1.92865e+06    4.20076e+03   -1.55612e+06
    Kinetic En.   Total Energy  Conserved En.    Temperature Pressure (bar)
    3.01673e+05   -1.25444e+06   -1.59460e+06    3.01812e+02    1.91460e+01
   Constr. rmsd
    3.08617e-06


DD  step 3999 load imb.: force  3.5%  pme mesh/force 1.947
           Step           Time
           4000        8.00000

   Energies (kJ/mol)
           Bond          Angle    Proper Dih.  Improper Dih.          LJ-14
    7.42329e+03    2.05838e+04    3.11621e+04    1.18748e+03    9.19775e+03
     Coulomb-14        LJ (SR)   Coulomb (SR)   Coul. recip.      Potential
    9.20376e+04    2.04101e+05   -1.92498e+06    4.28414e+03   -1.55501e+06
    Kinetic En.   Total Energy  Conserved En.    Temperature Pressure (bar)
    3.00590e+05   -1.25442e+06   -1.59461e+06    3.00729e+02   -1.21506e+02
   Constr. rmsd
    3.36272e-06

Writing checkpoint, step 4160 at Fri Jun 24 13:16:40 2022


           Step           Time
           4500        9.00000

   Energies (kJ/mol)
           Bond          Angle    Proper Dih.  Improper Dih.          LJ-14
    7.43614e+03    2.06336e+04    3.12823e+04    1.16055e+03    9.31022e+03
     Coulomb-14        LJ (SR)   Coulomb (SR)   Coul. recip.      Potential
    9.23184e+04    2.05868e+05   -1.92713e+06    4.26958e+03   -1.55485e+06
    Kinetic En.   Total Energy  Conserved En.    Temperature Pressure (bar)
    2.98214e+05   -1.25664e+06   -1.59456e+06    2.98351e+02    1.03990e+01
   Constr. rmsd
    3.23520e-06

Writing checkpoint, step 4800 at Fri Jun 24 13:30:39 2022


           Step           Time
           5000       10.00000

   Energies (kJ/mol)
           Bond          Angle    Proper Dih.  Improper Dih.          LJ-14
    7.30713e+03    2.05955e+04    3.11682e+04    1.15767e+03    9.08733e+03
     Coulomb-14        LJ (SR)   Coulomb (SR)   Coul. recip.      Potential
    9.17550e+04    2.04197e+05   -1.92581e+06    4.25407e+03   -1.55629e+06
    Kinetic En.   Total Energy  Conserved En.    Temperature Pressure (bar)
    2.99244e+05   -1.25705e+06   -1.59457e+06    2.99382e+02   -1.44735e+02
   Constr. rmsd
    3.16935e-06

           Step           Time
           5500       11.00000

   Energies (kJ/mol)
           Bond          Angle    Proper Dih.  Improper Dih.          LJ-14
    7.28564e+03    2.08787e+04    3.12702e+04    1.16001e+03    9.29728e+03
     Coulomb-14        LJ (SR)   Coulomb (SR)   Coul. recip.      Potential
    9.23391e+04    2.00720e+05   -1.91897e+06    4.34890e+03   -1.55167e+06
    Kinetic En.   Total Energy  Conserved En.    Temperature Pressure (bar)
    2.99978e+05   -1.25169e+06   -1.59456e+06    3.00116e+02   -1.57998e+02
   Constr. rmsd
    3.39014e-06

Writing checkpoint, step 5520 at Fri Jun 24 13:46:22 2022



DD  step 5999 load imb.: force  3.8%  pme mesh/force 1.903
           Step           Time
           6000       12.00000

   Energies (kJ/mol)
           Bond          Angle    Proper Dih.  Improper Dih.          LJ-14
    7.08583e+03    2.07912e+04    3.10620e+04    1.17744e+03    9.21716e+03
     Coulomb-14        LJ (SR)   Coulomb (SR)   Coul. recip.      Potential
    9.28528e+04    2.03840e+05   -1.92472e+06    4.32881e+03   -1.55436e+06
    Kinetic En.   Total Energy  Conserved En.    Temperature Pressure (bar)
    3.01070e+05   -1.25329e+06   -1.59456e+06    3.01208e+02   -1.11590e+02
   Constr. rmsd
    3.26841e-06

Writing checkpoint, step 6240 at Fri Jun 24 14:02:04 2022


           Step           Time
           6500       13.00000

   Energies (kJ/mol)
           Bond          Angle    Proper Dih.  Improper Dih.          LJ-14
    7.64380e+03    2.02049e+04    3.10373e+04    1.17470e+03    9.18650e+03
     Coulomb-14        LJ (SR)   Coulomb (SR)   Coul. recip.      Potential
    9.22994e+04    2.01531e+05   -1.92466e+06    4.31085e+03   -1.55727e+06
    Kinetic En.   Total Energy  Conserved En.    Temperature Pressure (bar)
    2.99116e+05   -1.25815e+06   -1.59453e+06    2.99254e+02   -2.76606e+02
   Constr. rmsd
    3.29954e-06

Writing checkpoint, step 6880 at Fri Jun 24 14:16:01 2022


           Step           Time
           7000       14.00000

   Energies (kJ/mol)
           Bond          Angle    Proper Dih.  Improper Dih.          LJ-14
    7.36923e+03    2.06437e+04    3.10035e+04    1.20437e+03    9.16411e+03
     Coulomb-14        LJ (SR)   Coulomb (SR)   Coul. recip.      Potential
    9.17854e+04    2.04212e+05   -1.92761e+06    4.36501e+03   -1.55786e+06
    Kinetic En.   Total Energy  Conserved En.    Temperature Pressure (bar)
    2.99273e+05   -1.25859e+06   -1.59448e+06    2.99411e+02   -1.05838e+02
   Constr. rmsd
    3.17262e-06

           Step           Time
           7500       15.00000

   Energies (kJ/mol)
           Bond          Angle    Proper Dih.  Improper Dih.          LJ-14
    7.28858e+03    2.06594e+04    3.12369e+04    1.13471e+03    9.24089e+03
     Coulomb-14        LJ (SR)   Coulomb (SR)   Coul. recip.      Potential
    9.18629e+04    2.06076e+05   -1.92835e+06    4.28441e+03   -1.55657e+06
    Kinetic En.   Total Energy  Conserved En.    Temperature Pressure (bar)
    3.00694e+05   -1.25587e+06   -1.59448e+06    3.00832e+02   -5.65784e+01
   Constr. rmsd
    3.32388e-06

Writing checkpoint, step 7600 at Fri Jun 24 14:31:42 2022



DD  step 7999 load imb.: force  2.8%  pme mesh/force 1.930
           Step           Time
           8000       16.00000

   Energies (kJ/mol)
           Bond          Angle    Proper Dih.  Improper Dih.          LJ-14
    7.52996e+03    2.04471e+04    3.10493e+04    1.15418e+03    9.17880e+03
     Coulomb-14        LJ (SR)   Coulomb (SR)   Coul. recip.      Potential
    9.20651e+04    2.05550e+05   -1.92646e+06    4.30954e+03   -1.55518e+06
    Kinetic En.   Total Energy  Conserved En.    Temperature Pressure (bar)
    2.98761e+05   -1.25642e+06   -1.59444e+06    2.98899e+02   -4.94385e+01
   Constr. rmsd
    3.26580e-06

Writing checkpoint, step 8240 at Fri Jun 24 14:45:41 2022


           Step           Time
           8500       17.00000

   Energies (kJ/mol)
           Bond          Angle    Proper Dih.  Improper Dih.          LJ-14
    7.28411e+03    2.06356e+04    3.12578e+04    1.15888e+03    9.20108e+03
     Coulomb-14        LJ (SR)   Coulomb (SR)   Coul. recip.      Potential
    9.22093e+04    2.02440e+05   -1.92393e+06    4.25580e+03   -1.55549e+06
    Kinetic En.   Total Energy  Conserved En.    Temperature Pressure (bar)
    2.98554e+05   -1.25693e+06   -1.59445e+06    2.98692e+02   -2.29578e+02
   Constr. rmsd
    3.15935e-06

Writing checkpoint, step 8960 at Fri Jun 24 15:01:24 2022


           Step           Time
           9000       18.00000

   Energies (kJ/mol)
           Bond          Angle    Proper Dih.  Improper Dih.          LJ-14
    7.27535e+03    2.00383e+04    3.11200e+04    1.11895e+03    9.21364e+03
     Coulomb-14        LJ (SR)   Coulomb (SR)   Coul. recip.      Potential
    9.23959e+04    2.03322e+05   -1.92608e+06    4.24246e+03   -1.55735e+06
    Kinetic En.   Total Energy  Conserved En.    Temperature Pressure (bar)
    3.00295e+05   -1.25705e+06   -1.59449e+06    3.00433e+02   -1.65662e+02
   Constr. rmsd
    3.28658e-06

           Step           Time
           9500       19.00000

   Energies (kJ/mol)
           Bond          Angle    Proper Dih.  Improper Dih.          LJ-14
    7.22279e+03    2.04279e+04    3.11285e+04    1.20816e+03    9.10526e+03
     Coulomb-14        LJ (SR)   Coulomb (SR)   Coul. recip.      Potential
    9.18119e+04    2.03370e+05   -1.92658e+06    4.27970e+03   -1.55803e+06
    Kinetic En.   Total Energy  Conserved En.    Temperature Pressure (bar)
    2.98896e+05   -1.25913e+06   -1.59447e+06    2.99034e+02   -2.60659e+02
   Constr. rmsd
    3.32740e-06

Writing checkpoint, step 9680 at Fri Jun 24 15:16:45 2022



DD  step 9999 load imb.: force  7.3%  pme mesh/force 1.944
           Step           Time
          10000       20.00000

Writing checkpoint, step 10000 at Fri Jun 24 15:20:22 2022


   Energies (kJ/mol)
           Bond          Angle    Proper Dih.  Improper Dih.          LJ-14
    7.25368e+03    2.03454e+04    3.11551e+04    1.14716e+03    9.43304e+03
     Coulomb-14        LJ (SR)   Coulomb (SR)   Coul. recip.      Potential
    9.25264e+04    2.04417e+05   -1.92692e+06    4.30071e+03   -1.55634e+06
    Kinetic En.   Total Energy  Conserved En.    Temperature Pressure (bar)
    3.00451e+05   -1.25589e+06   -1.59444e+06    3.00589e+02    2.85893e+00
   Constr. rmsd
    3.25494e-06


Energy conservation over simulation part #1 of length 20 ns, time 0 to 20 ns
  Conserved energy drift: 1.33e-03 kJ/mol/ps per atom


	<======  ###############  ==>
	<====  A V E R A G E S  ====>
	<==  ###############  ======>

	Statistics over 10001 steps using 101 frames

   Energies (kJ/mol)
           Bond          Angle    Proper Dih.  Improper Dih.          LJ-14
    7.26063e+03    2.04786e+04    3.11028e+04    1.15095e+03    9.18829e+03
     Coulomb-14        LJ (SR)   Coulomb (SR)   Coul. recip.      Potential
    9.22223e+04    2.04846e+05   -1.93142e+06    4.13384e+03   -1.56103e+06
    Kinetic En.   Total Energy  Conserved En.    Temperature Pressure (bar)
    2.98597e+05   -1.26244e+06   -1.59459e+06    2.98734e+02   -1.86874e+02
   Constr. rmsd
    0.00000e+00

   Total Virial (kJ/mol)
    1.06811e+05    2.57023e+02   -2.40674e+02
    2.57025e+02    1.06066e+05    2.72125e+02
   -2.40864e+02    2.71811e+02    1.05952e+05

   Pressure (bar)
   -2.01018e+02   -6.84222e+00    5.93755e+00
   -6.84227e+00   -1.80731e+02   -5.62279e+00
    5.94283e+00   -5.61411e+00   -1.78872e+02

      T-Protein          T-RAAT-Water_and_ions
    2.99124e+02    2.98721e+02    2.98692e+02


       P P   -   P M E   L O A D   B A L A N C I N G

 PP/PME load balancing changed the cut-off and PME settings:
           particle-particle                    PME
            rcoulomb  rlist            grid      spacing   1/beta
   initial  1.200 nm  1.201 nm      72  72  72   0.148 nm  0.384 nm
   final    1.328 nm  1.329 nm      60  60  60   0.177 nm  0.425 nm
 cost-ratio           1.35             0.58
 (note that these numbers concern only part of the total PP and PME load)


	M E G A - F L O P S   A C C O U N T I N G

 NB=Group-cutoff nonbonded kernels    NxN=N-by-N cluster Verlet kernels
 RF=Reaction-Field  VdW=Van der Waals  QSTab=quadratic-spline table
 W3=SPC/TIP3p  W4=TIP4p (single or pairs)
 V&F=Potential and force  V=Potential only  F=Force only

 Computing:                               M-Number         M-Flops  % Flops
-----------------------------------------------------------------------------
 Pair Search distance check            8442.505446       75982.549     0.1
 NxN QSTab Elec. + LJ [F]            664323.065928    35209122.494    62.4
 NxN QSTab Elec. + LJ [V&F]            6765.581080      548012.067     1.0
 NxN QSTab Elec. [F]                 550299.380136    18710178.925    33.2
 NxN QSTab Elec. [V&F]                 5604.383528      229779.725     0.4
 1,4 nonbonded interactions             249.084906       22417.642     0.0
 Calc Weights                          3532.703235      127177.316     0.2
 Spread Q Bspline                     75364.335680      150728.671     0.3
 Gather F Bspline                     75364.335680      452186.014     0.8
 3D-FFT                               76812.654850      614501.239     1.1
 Solve PME                               35.788560        2290.468     0.0
 Reset In Box                            14.835870          44.508     0.0
 CG-CoM                                  14.953615          44.861     0.0
 Bonds                                   48.904890        2885.389     0.0
 Angles                                 173.777376       29194.599     0.1
 Propers                                313.071304       71693.329     0.1
 Impropers                               19.201920        3993.999     0.0
 Virial                                  12.001325         216.024     0.0
 Stop-CM                                 12.009990         120.100     0.0
 Calc-Ekin                              235.725490        6364.588     0.0
 Lincs                                   51.735880        3104.153     0.0
 Lincs-Mat                              279.562464        1118.250     0.0
 Constraint-V                          1261.526423       11353.738     0.0
 Constraint-Vir                          12.217144         293.211     0.0
 Settle                                 386.060232      142842.286     0.3
-----------------------------------------------------------------------------
 Total                                                56415646.144   100.0
-----------------------------------------------------------------------------


    D O M A I N   D E C O M P O S I T I O N   S T A T I S T I C S

 av. #atoms communicated per step for force:  2 x 196761.7
 av. #atoms communicated per step for LINCS:  2 x 8462.7


Dynamic load balancing report:
 DLB was off during the run due to low measured imbalance.
 Average load imbalance: 4.8%.
 The balanceable part of the MD step is 40%, load imbalance is computed from this.
 Part of the total run time spent waiting due to load imbalance: 1.9%.
 Average PME mesh/force load: 2.026
 Part of the total run time spent waiting due to PP/PME imbalance: 30.1 %

NOTE: 30.1 % performance was lost because the PME ranks
      had more work to do than the PP ranks.
      You might want to increase the number of PME ranks
      or increase the cut-off and the grid spacing.


     R E A L   C Y C L E   A N D   T I M E   A C C O U N T I N G

On 24 MPI ranks doing PP, and
on 4 MPI ranks doing PME

 Computing:          Num   Num      Call    Wall time         Giga-Cycles
                     Ranks Threads  Count      (s)         total sum    %
-----------------------------------------------------------------------------
 Domain decomp.        24    1        126     426.443      26548.307   2.8
 DD comm. load         24    1          7       0.627         39.032   0.0
 Send X to PME         24    1      10001     784.623      48846.870   5.2
 Neighbor search       24    1        126      32.017       1993.247   0.2
 Comm. coord.          24    1       9875    2212.605     137746.123  14.7
 Force                 24    1      10001    2336.953     145487.417  15.5
 Wait + Comm. F        24    1      10001    2330.756     145101.655  15.5
 PME mesh *             4    1      10001    8847.453      91799.958   9.8
 PME wait for PP *                           4060.927      42135.619   4.5
 Wait + Recv. PME F    24    1      10001    2150.018     133849.765  14.3
 NB X/F buffer ops.    24    1      29751      14.403        896.659   0.1
 Write traj.           24    1         35       9.030        562.137   0.1
 Update                24    1      10001       0.413         25.737   0.0
 Constraints           24    1      10003    2273.773     141554.167  15.1
 Comm. energies        24    1       1001     325.653      20273.604   2.2
 Rest                                          13.433        836.299   0.1
-----------------------------------------------------------------------------
 Total                                      12910.750     937721.189 100.0
-----------------------------------------------------------------------------
(*) Note that with separate PME ranks, the walltime column actually sums to
    twice the total reported, but the cycle count total and % are correct.
-----------------------------------------------------------------------------
 Breakdown of PME mesh computation
-----------------------------------------------------------------------------
 PME redist. X/F        4    1      20002    5806.307      60245.443   6.4
 PME spread             4    1      10001     746.007       7740.463   0.8
 PME gather             4    1      10001     748.615       7767.530   0.8
 PME 3D-FFT             4    1      20002       8.906         92.410   0.0
 PME 3D-FFT Comm.       4    1      20002    1536.600      15943.548   1.7
 PME solve Elec         4    1      10001       0.956          9.920   0.0
-----------------------------------------------------------------------------

               Core t (s)   Wall t (s)        (%)
       Time:   361498.768    12910.750     2800.0
                         3h35:10
                 (ns/day)    (hour/ns)
Performance:        0.134      179.298
Finished mdrun on rank 0 Fri Jun 24 15:20:24 2022

