                      :-) GROMACS - gmx mdrun, 2021.2 (-:

                            GROMACS is written by:
     Andrey Alekseenko              Emile Apol              Rossen Apostolov     
         Paul Bauer           Herman J.C. Berendsen           Par Bjelkmar       
       Christian Blau           Viacheslav Bolnykh             Kevin Boyd        
     Aldert van Buuren           Rudi van Drunen             Anton Feenstra      
    Gilles Gouaillardet             Alan Gray               Gerrit Groenhof      
       Anca Hamuraru            Vincent Hindriksen          M. Eric Irrgang      
      Aleksei Iupinov           Christoph Junghans             Joe Jordan        
    Dimitrios Karkoulis            Peter Kasson                Jiri Kraus        
      Carsten Kutzner              Per Larsson              Justin A. Lemkul     
       Viveca Lindahl            Magnus Lundborg             Erik Marklund       
        Pascal Merz             Pieter Meulenhoff            Teemu Murtola       
        Szilard Pall               Sander Pronk              Roland Schulz       
       Michael Shirts            Alexey Shvetsov             Alfons Sijbers      
       Peter Tieleman              Jon Vincent              Teemu Virolainen     
     Christian Wennberg            Maarten Wolf              Artem Zhmurov       
                           and the project leaders:
        Mark Abraham, Berk Hess, Erik Lindahl, and David van der Spoel

Copyright (c) 1991-2000, University of Groningen, The Netherlands.
Copyright (c) 2001-2019, The GROMACS development team at
Uppsala University, Stockholm University and
the Royal Institute of Technology, Sweden.
check out http://www.gromacs.org for more information.

GROMACS is free software; you can redistribute it and/or modify it
under the terms of the GNU Lesser General Public License
as published by the Free Software Foundation; either version 2.1
of the License, or (at your option) any later version.

GROMACS:      gmx mdrun, version 2021.2
Executable:   /gpfs/opt/apps/gromacs-2021.2/bin/gmx
Data prefix:  /gpfs/opt/apps/gromacs-2021.2
Working dir:  /gpfs/work/tuk27574/fragment_builder
Process ID:   4342
Command line:
  gmx mdrun -s ./combo_folder/RAA/nvt_RAA25.tpr -deffnm ./combo_folder/RAA/combo_nvt_RAA25

GROMACS version:    2021.2
Verified release checksum is d91a739522d82c53dc47c2276b9ac5fae3b2119283e84e3a1c7bed8ce741fda2
Precision:          mixed
Memory model:       64 bit
MPI library:        thread_mpi
OpenMP support:     enabled (GMX_OPENMP_MAX_THREADS = 64)
GPU support:        disabled
SIMD instructions:  SSE4.1
FFT library:        fftw-3.3.3-sse2
RDTSCP usage:       enabled
TNG support:        enabled
Hwloc support:      disabled
Tracing support:    disabled
C compiler:         /gpfs/opt/tools/gcc-8.4.0/bin/gcc GNU 8.4.0
C compiler flags:   -msse4.1 -Wno-missing-field-initializers -fexcess-precision=fast -funroll-all-loops -O3 -DNDEBUG
C++ compiler:       /gpfs/opt/tools/gcc-8.4.0/bin/g++ GNU 8.4.0
C++ compiler flags: -msse4.1 -Wno-missing-field-initializers -fexcess-precision=fast -funroll-all-loops -fopenmp -O3 -DNDEBUG


Running on 1 node with total 28 cores, 28 logical cores
Hardware detected:
  CPU info:
    Vendor: Intel
    Brand:  Intel(R) Xeon(R) CPU E5-2690 v4 @ 2.60GHz
    Family: 6   Model: 79   Stepping: 1
    Features: aes apic avx avx2 clfsh cmov cx8 cx16 f16c fma hle htt intel lahf mmx msr nonstop_tsc pcid pclmuldq pdcm pdpe1gb popcnt pse rdrnd rdtscp rtm sse2 sse3 sse4.1 sse4.2 ssse3 tdt x2apic
  Hardware topology: Basic
    Sockets, cores, and logical processors:
      Socket  0: [   0] [   2] [   4] [   6] [   8] [  10] [  12] [  14] [  16] [  18] [  20] [  22] [  24] [  26]
      Socket  1: [   1] [   3] [   5] [   7] [   9] [  11] [  13] [  15] [  17] [  19] [  21] [  23] [  25] [  27]

Highest SIMD level requested by all nodes in run: AVX2_256
SIMD instructions selected at compile time:       SSE4.1
This program was compiled for different hardware than you are running on,
which could influence performance.

++++ PLEASE READ AND CITE THE FOLLOWING REFERENCE ++++
M. J. Abraham, T. Murtola, R. Schulz, S. Páll, J. C. Smith, B. Hess, E.
Lindahl
GROMACS: High performance molecular simulations through multi-level
parallelism from laptops to supercomputers
SoftwareX 1 (2015) pp. 19-25
-------- -------- --- Thank You --- -------- --------


++++ PLEASE READ AND CITE THE FOLLOWING REFERENCE ++++
S. Páll, M. J. Abraham, C. Kutzner, B. Hess, E. Lindahl
Tackling Exascale Software Challenges in Molecular Dynamics Simulations with
GROMACS
In S. Markidis & E. Laure (Eds.), Solving Software Challenges for Exascale 8759 (2015) pp. 3-27
-------- -------- --- Thank You --- -------- --------


++++ PLEASE READ AND CITE THE FOLLOWING REFERENCE ++++
S. Pronk, S. Páll, R. Schulz, P. Larsson, P. Bjelkmar, R. Apostolov, M. R.
Shirts, J. C. Smith, P. M. Kasson, D. van der Spoel, B. Hess, and E. Lindahl
GROMACS 4.5: a high-throughput and highly parallel open source molecular
simulation toolkit
Bioinformatics 29 (2013) pp. 845-54
-------- -------- --- Thank You --- -------- --------


++++ PLEASE READ AND CITE THE FOLLOWING REFERENCE ++++
B. Hess and C. Kutzner and D. van der Spoel and E. Lindahl
GROMACS 4: Algorithms for highly efficient, load-balanced, and scalable
molecular simulation
J. Chem. Theory Comput. 4 (2008) pp. 435-447
-------- -------- --- Thank You --- -------- --------


++++ PLEASE READ AND CITE THE FOLLOWING REFERENCE ++++
D. van der Spoel, E. Lindahl, B. Hess, G. Groenhof, A. E. Mark and H. J. C.
Berendsen
GROMACS: Fast, Flexible and Free
J. Comp. Chem. 26 (2005) pp. 1701-1719
-------- -------- --- Thank You --- -------- --------


++++ PLEASE READ AND CITE THE FOLLOWING REFERENCE ++++
E. Lindahl and B. Hess and D. van der Spoel
GROMACS 3.0: A package for molecular simulation and trajectory analysis
J. Mol. Mod. 7 (2001) pp. 306-317
-------- -------- --- Thank You --- -------- --------


++++ PLEASE READ AND CITE THE FOLLOWING REFERENCE ++++
H. J. C. Berendsen, D. van der Spoel and R. van Drunen
GROMACS: A message-passing parallel molecular dynamics implementation
Comp. Phys. Comm. 91 (1995) pp. 43-56
-------- -------- --- Thank You --- -------- --------


++++ PLEASE CITE THE DOI FOR THIS VERSION OF GROMACS ++++
https://doi.org/10.5281/zenodo.4723562
-------- -------- --- Thank You --- -------- --------


The number of OpenMP threads was set by environment variable OMP_NUM_THREADS to 1

Input Parameters:
   integrator                     = md
   tinit                          = 0
   dt                             = 0.002
   nsteps                         = 10000
   init-step                      = 0
   simulation-part                = 1
   mts                            = false
   comm-mode                      = Linear
   nstcomm                        = 100
   bd-fric                        = 0
   ld-seed                        = -1610695433
   emtol                          = 10
   emstep                         = 0.01
   niter                          = 20
   fcstep                         = 0
   nstcgsteep                     = 1000
   nbfgscorr                      = 10
   rtpi                           = 0.05
   nstxout                        = 0
   nstvout                        = 0
   nstfout                        = 0
   nstlog                         = 500
   nstcalcenergy                  = 100
   nstenergy                      = 500
   nstxout-compressed             = 500
   compressed-x-precision         = 1000
   cutoff-scheme                  = Verlet
   nstlist                        = 20
   pbc                            = xyz
   periodic-molecules             = false
   verlet-buffer-tolerance        = 0.005
   rlist                          = 1.221
   coulombtype                    = PME
   coulomb-modifier               = Potential-shift
   rcoulomb-switch                = 0
   rcoulomb                       = 1.2
   epsilon-r                      = 1
   epsilon-rf                     = inf
   vdw-type                       = Cut-off
   vdw-modifier                   = Force-switch
   rvdw-switch                    = 1
   rvdw                           = 1.2
   DispCorr                       = No
   table-extension                = 1
   fourierspacing                 = 0.16
   fourier-nx                     = 72
   fourier-ny                     = 72
   fourier-nz                     = 72
   pme-order                      = 4
   ewald-rtol                     = 1e-05
   ewald-rtol-lj                  = 0.001
   lj-pme-comb-rule               = Geometric
   ewald-geometry                 = 0
   epsilon-surface                = 0
   tcoupl                         = V-rescale
   nsttcouple                     = 10
   nh-chain-length                = 0
   print-nose-hoover-chain-variables = false
   pcoupl                         = No
   pcoupltype                     = Isotropic
   nstpcouple                     = -1
   tau-p                          = 1
   compressibility (3x3):
      compressibility[    0]={ 0.00000e+00,  0.00000e+00,  0.00000e+00}
      compressibility[    1]={ 0.00000e+00,  0.00000e+00,  0.00000e+00}
      compressibility[    2]={ 0.00000e+00,  0.00000e+00,  0.00000e+00}
   ref-p (3x3):
      ref-p[    0]={ 0.00000e+00,  0.00000e+00,  0.00000e+00}
      ref-p[    1]={ 0.00000e+00,  0.00000e+00,  0.00000e+00}
      ref-p[    2]={ 0.00000e+00,  0.00000e+00,  0.00000e+00}
   refcoord-scaling               = No
   posres-com (3):
      posres-com[0]= 0.00000e+00
      posres-com[1]= 0.00000e+00
      posres-com[2]= 0.00000e+00
   posres-comB (3):
      posres-comB[0]= 0.00000e+00
      posres-comB[1]= 0.00000e+00
      posres-comB[2]= 0.00000e+00
   QMMM                           = false
qm-opts:
   ngQM                           = 0
   constraint-algorithm           = Lincs
   continuation                   = false
   Shake-SOR                      = false
   shake-tol                      = 0.0001
   lincs-order                    = 4
   lincs-iter                     = 1
   lincs-warnangle                = 30
   nwall                          = 0
   wall-type                      = 9-3
   wall-r-linpot                  = -1
   wall-atomtype[0]               = -1
   wall-atomtype[1]               = -1
   wall-density[0]                = 0
   wall-density[1]                = 0
   wall-ewald-zfac                = 3
   pull                           = false
   awh                            = false
   rotation                       = false
   interactiveMD                  = false
   disre                          = No
   disre-weighting                = Conservative
   disre-mixed                    = false
   dr-fc                          = 1000
   dr-tau                         = 0
   nstdisreout                    = 100
   orire-fc                       = 0
   orire-tau                      = 0
   nstorireout                    = 100
   free-energy                    = no
   cos-acceleration               = 0
   deform (3x3):
      deform[    0]={ 0.00000e+00,  0.00000e+00,  0.00000e+00}
      deform[    1]={ 0.00000e+00,  0.00000e+00,  0.00000e+00}
      deform[    2]={ 0.00000e+00,  0.00000e+00,  0.00000e+00}
   simulated-tempering            = false
   swapcoords                     = no
   userint1                       = 0
   userint2                       = 0
   userint3                       = 0
   userint4                       = 0
   userreal1                      = 0
   userreal2                      = 0
   userreal3                      = 0
   userreal4                      = 0
   applied-forces:
     electric-field:
       x:
         E0                       = 0
         omega                    = 0
         t0                       = 0
         sigma                    = 0
       y:
         E0                       = 0
         omega                    = 0
         t0                       = 0
         sigma                    = 0
       z:
         E0                       = 0
         omega                    = 0
         t0                       = 0
         sigma                    = 0
     density-guided-simulation:
       active                     = false
       group                      = protein
       similarity-measure         = inner-product
       atom-spreading-weight      = unity
       force-constant             = 1e+09
       gaussian-transform-spreading-width = 0.2
       gaussian-transform-spreading-range-in-multiples-of-width = 4
       reference-density-filename = reference.mrc
       nst                        = 1
       normalize-densities        = true
       adaptive-force-scaling     = false
       adaptive-force-scaling-time-constant = 4
       shift-vector               = 
       transformation-matrix      = 
grpopts:
   nrdf:     23287.7     1124.99      215961
   ref-t:         300         300         300
   tau-t:         0.1         0.1         0.1
annealing:          No          No          No
annealing-npoints:           0           0           0
   acc:	           0           0           0
   nfreeze:           N           N           N
   energygrp-flags[  0]: 0

Changing nstlist from 20 to 80, rlist from 1.221 to 1.317


Initializing Domain Decomposition on 28 ranks
Dynamic load balancing: auto
Minimum cell size due to atom displacement: 0.649 nm
Initial maximum distances in bonded interactions:
    two-body bonded interactions: 0.424 nm, LJ-14, atoms 2530 2538
  multi-body bonded interactions: 0.424 nm, Proper Dih., atoms 2530 2538
Minimum cell size due to bonded interactions: 0.466 nm
Maximum distance for 5 constraints, at 120 deg. angles, all-trans: 0.219 nm
Estimated maximum distance required for P-LINCS: 0.219 nm
Scaling the initial minimum size with 1/0.8 (option -dds) = 1.25
Guess for relative PME load: 0.09
Will use 24 particle-particle and 4 PME only ranks
This is a guess, check the performance at the end of the log file
Using 4 separate PME ranks, as guessed by mdrun
Optimizing the DD grid for 24 cells with a minimum initial size of 0.811 nm
The maximum allowed number of cells is: X 13 Y 13 Z 13
Domain decomposition grid 4 x 3 x 2, separate PME ranks 4
PME domain decomposition: 4 x 1 x 1
Interleaving PP and PME ranks
This rank does only particle-particle work.
Domain decomposition rank 0, coordinates 0 0 0

The initial number of communication pulses is: X 1 Y 1 Z 1
The initial domain decomposition cell size is: X 2.66 nm Y 3.54 nm Z 5.31 nm

The maximum allowed distance for atoms involved in interactions is:
                 non-bonded interactions           1.317 nm
            two-body bonded interactions  (-rdd)   1.317 nm
          multi-body bonded interactions  (-rdd)   1.317 nm
  atoms separated by up to 5 constraints  (-rcon)  2.656 nm

When dynamic load balancing gets turned on, these settings will change to:
The maximum number of communication pulses is: X 1 Y 1 Z 1
The minimum size for domain decomposition cells is 1.317 nm
The requested allowed shrink of DD cells (option -dds) is: 0.80
The allowed shrink of domain decomposition cells is: X 0.50 Y 0.37 Z 0.25
The maximum allowed distance for atoms involved in interactions is:
                 non-bonded interactions           1.317 nm
            two-body bonded interactions  (-rdd)   1.317 nm
          multi-body bonded interactions  (-rdd)   1.317 nm
  atoms separated by up to 5 constraints  (-rcon)  1.317 nm

Using 28 MPI threads
Using 1 OpenMP thread per tMPI thread

Pinning threads with an auto-selected logical core stride of 1
System total charge: 25.000
Will do PME sum in reciprocal space for electrostatic interactions.

++++ PLEASE READ AND CITE THE FOLLOWING REFERENCE ++++
U. Essmann, L. Perera, M. L. Berkowitz, T. Darden, H. Lee and L. G. Pedersen 
A smooth particle mesh Ewald method
J. Chem. Phys. 103 (1995) pp. 8577-8592
-------- -------- --- Thank You --- -------- --------

Using a Gaussian width (1/beta) of 0.384195 nm for Ewald
Potential shift: LJ r^-12: -2.648e-01 r^-6: -5.349e-01, Ewald -8.333e-06
Initialized non-bonded Ewald tables, spacing: 1.02e-03 size: 1176

Generated table with 1158 data points for 1-4 COUL.
Tabscale = 500 points/nm
Generated table with 1158 data points for 1-4 LJ6.
Tabscale = 500 points/nm
Generated table with 1158 data points for 1-4 LJ12.
Tabscale = 500 points/nm


Using SIMD 4x4 nonbonded short-range kernels

Using a dual 4x4 pair-list setup updated with dynamic pruning:
  outer list: updated every 80 steps, buffer 0.117 nm, rlist 1.317 nm
  inner list: updated every 13 steps, buffer 0.001 nm, rlist 1.201 nm
At tolerance 0.005 kJ/mol/ps per atom, equivalent classical 1x1 list would be:
  outer list: updated every 80 steps, buffer 0.261 nm, rlist 1.461 nm
  inner list: updated every 13 steps, buffer 0.051 nm, rlist 1.251 nm
Removing pbc first time

Initializing Parallel LINear Constraint Solver

++++ PLEASE READ AND CITE THE FOLLOWING REFERENCE ++++
B. Hess
P-LINCS: A Parallel Linear Constraint Solver for molecular simulation
J. Chem. Theory Comput. 4 (2008) pp. 116-122
-------- -------- --- Thank You --- -------- --------

The number of constraints is 4900
There are constraints between atoms in different decomposition domains,
will communicate selected coordinates each lincs iteration

++++ PLEASE READ AND CITE THE FOLLOWING REFERENCE ++++
S. Miyamoto and P. A. Kollman
SETTLE: An Analytical Version of the SHAKE and RATTLE Algorithms for Rigid
Water Models
J. Comp. Chem. 13 (1992) pp. 952-962
-------- -------- --- Thank You --- -------- --------


Linking all bonded interactions to atoms


Intra-simulation communication will occur every 10 steps.

++++ PLEASE READ AND CITE THE FOLLOWING REFERENCE ++++
G. Bussi, D. Donadio and M. Parrinello
Canonical sampling through velocity rescaling
J. Chem. Phys. 126 (2007) pp. 014101
-------- -------- --- Thank You --- -------- --------

There are: 117680 Atoms
Atom distribution over 24 domains: av 4903 stddev 90 min 4820 max 5071

Constraining the starting coordinates (step 0)

Constraining the coordinates at t0-dt (step 0)
Center of mass motion removal mode is Linear
We have the following groups for center of mass motion removal:
  0:  rest
RMS relative constraint deviation after constraining: 3.16e-06
Initial temperature: 300.896 K

Started mdrun on rank 0 Fri Jun 24 11:41:55 2022

           Step           Time
              0        0.00000

   Energies (kJ/mol)
           Bond          Angle    Proper Dih.  Improper Dih.          LJ-14
    1.49320e+03    7.04449e+03    2.81357e+04    2.17587e+02    8.03771e+03
     Coulomb-14        LJ (SR)   Coulomb (SR)   Coul. recip.      Potential
    8.64482e+04    2.33141e+05   -2.26101e+06    3.40245e+03   -1.89309e+06
    Kinetic En.   Total Energy  Conserved En.    Temperature Pressure (bar)
    3.00735e+05   -1.59235e+06   -1.59235e+06    3.00948e+02   -4.50132e+03
   Constr. rmsd
    3.23505e-06


DD  step 79 load imb.: force  3.3%  pme mesh/force 2.169
step  480: timed with pme grid 72 72 72, coulomb cutoff 1.200: 232816.4 M-cycles
           Step           Time
            500        1.00000

   Energies (kJ/mol)
           Bond          Angle    Proper Dih.  Improper Dih.          LJ-14
    7.32426e+03    2.15335e+04    3.13190e+04    1.05424e+03    9.37713e+03
     Coulomb-14        LJ (SR)   Coulomb (SR)   Coul. recip.      Potential
    8.61144e+04    2.05947e+05   -1.93254e+06    4.19774e+03   -1.56567e+06
    Kinetic En.   Total Energy  Conserved En.    Temperature Pressure (bar)
    2.95000e+05   -1.27067e+06   -1.58939e+06    2.95209e+02   -2.64661e+02
   Constr. rmsd
    3.34478e-06

step  640: timed with pme grid 60 60 60, coulomb cutoff 1.328: 232665.9 M-cycles
step  800: timed with pme grid 52 52 52, coulomb cutoff 1.532: 232668.3 M-cycles
Writing checkpoint, step 880 at Fri Jun 24 11:58:54 2022


step  960: timed with pme grid 48 48 48, coulomb cutoff 1.660: 236954.8 M-cycles
           Step           Time
           1000        2.00000

   Energies (kJ/mol)
           Bond          Angle    Proper Dih.  Improper Dih.          LJ-14
    7.54403e+03    2.15470e+04    3.14211e+04    1.14701e+03    9.31195e+03
     Coulomb-14        LJ (SR)   Coulomb (SR)   Coul. recip.      Potential
    8.60417e+04    2.05055e+05   -1.92079e+06    1.64169e+03   -1.55708e+06
    Kinetic En.   Total Energy  Conserved En.    Temperature Pressure (bar)
    2.98907e+05   -1.25817e+06   -1.58938e+06    2.99119e+02   -8.95668e+01
   Constr. rmsd
    3.13789e-06

step 1120: timed with pme grid 44 44 44, coulomb cutoff 1.811: 252290.0 M-cycles
step 1120: the maximum allowed grid scaling limits the PME load balancing to a coulomb cut-off of 1.811
step 1280: timed with pme grid 44 44 44, coulomb cutoff 1.811: 253149.6 M-cycles
step 1440: timed with pme grid 48 48 48, coulomb cutoff 1.660: 233908.5 M-cycles
           Step           Time
           1500        3.00000

   Energies (kJ/mol)
           Bond          Angle    Proper Dih.  Improper Dih.          LJ-14
    7.39035e+03    2.17419e+04    3.14447e+04    1.16622e+03    9.27021e+03
     Coulomb-14        LJ (SR)   Coulomb (SR)   Coul. recip.      Potential
    8.61200e+04    2.03928e+05   -1.91883e+06    2.63254e+03   -1.55514e+06
    Kinetic En.   Total Energy  Conserved En.    Temperature Pressure (bar)
    2.99433e+05   -1.25570e+06   -1.58943e+06    2.99645e+02   -1.15197e+02
   Constr. rmsd
    3.18212e-06

Writing checkpoint, step 1520 at Fri Jun 24 12:13:35 2022


step 1600: timed with pme grid 52 52 52, coulomb cutoff 1.532: 235731.8 M-cycles
step 1760: timed with pme grid 56 56 56, coulomb cutoff 1.423: 232356.2 M-cycles
step 1920: timed with pme grid 60 60 60, coulomb cutoff 1.328: 233235.2 M-cycles

DD  step 1999 load imb.: force 13.3%  pme mesh/force 2.019
           Step           Time
           2000        4.00000

   Energies (kJ/mol)
           Bond          Angle    Proper Dih.  Improper Dih.          LJ-14
    7.52093e+03    2.16137e+04    3.15162e+04    1.21324e+03    9.33747e+03
     Coulomb-14        LJ (SR)   Coulomb (SR)   Coul. recip.      Potential
    8.63284e+04    2.00519e+05   -1.91697e+06    5.36701e+03   -1.55356e+06
    Kinetic En.   Total Energy  Conserved En.    Temperature Pressure (bar)
    3.01303e+05   -1.25226e+06   -1.58946e+06    3.01517e+02   -2.47335e+02
   Constr. rmsd
    3.38295e-06

step 2080: timed with pme grid 64 64 64, coulomb cutoff 1.245: 233465.2 M-cycles
Writing checkpoint, step 2160 at Fri Jun 24 12:27:38 2022


step 2240: timed with pme grid 72 72 72, coulomb cutoff 1.200: 233674.3 M-cycles
              optimal pme grid 56 56 56, coulomb cutoff 1.423
           Step           Time
           2500        5.00000

   Energies (kJ/mol)
           Bond          Angle    Proper Dih.  Improper Dih.          LJ-14
    7.34338e+03    2.17498e+04    3.14322e+04    1.20169e+03    9.32784e+03
     Coulomb-14        LJ (SR)   Coulomb (SR)   Coul. recip.      Potential
    8.64891e+04    2.03749e+05   -1.92038e+06    3.36272e+03   -1.55572e+06
    Kinetic En.   Total Energy  Conserved En.    Temperature Pressure (bar)
    2.99947e+05   -1.25578e+06   -1.58941e+06    3.00160e+02   -8.56327e+01
   Constr. rmsd
    3.42780e-06

Writing checkpoint, step 2880 at Fri Jun 24 12:43:22 2022


           Step           Time
           3000        6.00000

   Energies (kJ/mol)
           Bond          Angle    Proper Dih.  Improper Dih.          LJ-14
    7.23993e+03    2.14830e+04    3.11376e+04    1.18065e+03    9.28179e+03
     Coulomb-14        LJ (SR)   Coulomb (SR)   Coul. recip.      Potential
    8.65557e+04    2.01960e+05   -1.91797e+06    3.39875e+03   -1.55573e+06
    Kinetic En.   Total Energy  Conserved En.    Temperature Pressure (bar)
    2.98439e+05   -1.25729e+06   -1.58939e+06    2.98651e+02   -1.97082e+02
   Constr. rmsd
    3.20772e-06

           Step           Time
           3500        7.00000

   Energies (kJ/mol)
           Bond          Angle    Proper Dih.  Improper Dih.          LJ-14
    7.40009e+03    2.17541e+04    3.13732e+04    1.16167e+03    9.35829e+03
     Coulomb-14        LJ (SR)   Coulomb (SR)   Coul. recip.      Potential
    8.58632e+04    2.02764e+05   -1.91853e+06    3.53842e+03   -1.55532e+06
    Kinetic En.   Total Energy  Conserved En.    Temperature Pressure (bar)
    2.99237e+05   -1.25608e+06   -1.58935e+06    2.99449e+02   -1.48153e+02
   Constr. rmsd
    3.20858e-06

Writing checkpoint, step 3520 at Fri Jun 24 12:57:19 2022



DD  step 3999 load imb.: force 11.0%  pme mesh/force 1.700
           Step           Time
           4000        8.00000

   Energies (kJ/mol)
           Bond          Angle    Proper Dih.  Improper Dih.          LJ-14
    7.18338e+03    2.14217e+04    3.14052e+04    1.06840e+03    9.20131e+03
     Coulomb-14        LJ (SR)   Coulomb (SR)   Coul. recip.      Potential
    8.61698e+04    2.03776e+05   -1.92109e+06    3.34850e+03   -1.55752e+06
    Kinetic En.   Total Energy  Conserved En.    Temperature Pressure (bar)
    2.99051e+05   -1.25847e+06   -1.58936e+06    2.99263e+02   -1.41744e+02
   Constr. rmsd
    3.10353e-06

Writing checkpoint, step 4240 at Fri Jun 24 13:13:01 2022


           Step           Time
           4500        9.00000

   Energies (kJ/mol)
           Bond          Angle    Proper Dih.  Improper Dih.          LJ-14
    7.38150e+03    2.19195e+04    3.13072e+04    1.12583e+03    9.39512e+03
     Coulomb-14        LJ (SR)   Coulomb (SR)   Coul. recip.      Potential
    8.66830e+04    2.01596e+05   -1.91482e+06    3.33239e+03   -1.55208e+06
    Kinetic En.   Total Energy  Conserved En.    Temperature Pressure (bar)
    2.99268e+05   -1.25281e+06   -1.58933e+06    2.99481e+02   -1.27930e+02
   Constr. rmsd
    3.47043e-06

Writing checkpoint, step 4960 at Fri Jun 24 13:28:43 2022


           Step           Time
           5000       10.00000

   Energies (kJ/mol)
           Bond          Angle    Proper Dih.  Improper Dih.          LJ-14
    7.43856e+03    2.15676e+04    3.11500e+04    1.10961e+03    9.44299e+03
     Coulomb-14        LJ (SR)   Coulomb (SR)   Coul. recip.      Potential
    8.64849e+04    2.04924e+05   -1.92150e+06    3.40392e+03   -1.55598e+06
    Kinetic En.   Total Energy  Conserved En.    Temperature Pressure (bar)
    3.00138e+05   -1.25584e+06   -1.58932e+06    3.00351e+02    3.12144e+01
   Constr. rmsd
    3.29192e-06

           Step           Time
           5500       11.00000

   Energies (kJ/mol)
           Bond          Angle    Proper Dih.  Improper Dih.          LJ-14
    7.45578e+03    2.17854e+04    3.12594e+04    1.09202e+03    9.28513e+03
     Coulomb-14        LJ (SR)   Coulomb (SR)   Coul. recip.      Potential
    8.62102e+04    2.01819e+05   -1.91635e+06    3.42063e+03   -1.55403e+06
    Kinetic En.   Total Energy  Conserved En.    Temperature Pressure (bar)
    3.00255e+05   -1.25377e+06   -1.58932e+06    3.00468e+02   -2.11809e+02
   Constr. rmsd
    3.32089e-06

Writing checkpoint, step 5600 at Fri Jun 24 13:42:42 2022



DD  step 5999 load imb.: force  9.8%  pme mesh/force 1.702
           Step           Time
           6000       12.00000

   Energies (kJ/mol)
           Bond          Angle    Proper Dih.  Improper Dih.          LJ-14
    7.42855e+03    2.18566e+04    3.15540e+04    1.06267e+03    9.27545e+03
     Coulomb-14        LJ (SR)   Coulomb (SR)   Coul. recip.      Potential
    8.60858e+04    2.03072e+05   -1.91724e+06    3.41737e+03   -1.55349e+06
    Kinetic En.   Total Energy  Conserved En.    Temperature Pressure (bar)
    2.99554e+05   -1.25394e+06   -1.58929e+06    2.99767e+02   -7.53327e+01
   Constr. rmsd
    3.17264e-06

Writing checkpoint, step 6320 at Fri Jun 24 13:58:25 2022


           Step           Time
           6500       13.00000

   Energies (kJ/mol)
           Bond          Angle    Proper Dih.  Improper Dih.          LJ-14
    7.27098e+03    2.15817e+04    3.15002e+04    1.17508e+03    9.18849e+03
     Coulomb-14        LJ (SR)   Coulomb (SR)   Coul. recip.      Potential
    8.61468e+04    2.04146e+05   -1.91919e+06    3.50048e+03   -1.55468e+06
    Kinetic En.   Total Energy  Conserved En.    Temperature Pressure (bar)
    2.98309e+05   -1.25637e+06   -1.58928e+06    2.98521e+02   -1.25716e+02
   Constr. rmsd
    3.26440e-06

Writing checkpoint, step 6960 at Fri Jun 24 14:12:24 2022


           Step           Time
           7000       14.00000

   Energies (kJ/mol)
           Bond          Angle    Proper Dih.  Improper Dih.          LJ-14
    7.33615e+03    2.14539e+04    3.16109e+04    1.17830e+03    9.29347e+03
     Coulomb-14        LJ (SR)   Coulomb (SR)   Coul. recip.      Potential
    8.63101e+04    2.00214e+05   -1.91586e+06    3.28708e+03   -1.55518e+06
    Kinetic En.   Total Energy  Conserved En.    Temperature Pressure (bar)
    2.99094e+05   -1.25608e+06   -1.58929e+06    2.99307e+02   -3.23069e+02
   Constr. rmsd
    3.20826e-06

           Step           Time
           7500       15.00000

   Energies (kJ/mol)
           Bond          Angle    Proper Dih.  Improper Dih.          LJ-14
    7.36023e+03    2.19708e+04    3.16708e+04    1.23964e+03    9.06724e+03
     Coulomb-14        LJ (SR)   Coulomb (SR)   Coul. recip.      Potential
    8.61916e+04    2.04054e+05   -1.91926e+06    3.46507e+03   -1.55424e+06
    Kinetic En.   Total Energy  Conserved En.    Temperature Pressure (bar)
    3.00341e+05   -1.25390e+06   -1.58928e+06    3.00554e+02   -1.96077e+02
   Constr. rmsd
    3.34347e-06

Writing checkpoint, step 7680 at Fri Jun 24 14:28:04 2022



DD  step 7999 load imb.: force 10.5%  pme mesh/force 1.743
           Step           Time
           8000       16.00000

   Energies (kJ/mol)
           Bond          Angle    Proper Dih.  Improper Dih.          LJ-14
    7.53358e+03    2.19692e+04    3.15038e+04    1.17377e+03    9.18905e+03
     Coulomb-14        LJ (SR)   Coulomb (SR)   Coul. recip.      Potential
    8.63549e+04    2.03588e+05   -1.91654e+06    3.34523e+03   -1.55188e+06
    Kinetic En.   Total Energy  Conserved En.    Temperature Pressure (bar)
    3.00024e+05   -1.25186e+06   -1.58921e+06    3.00237e+02   -4.61117e+01
   Constr. rmsd
    3.33825e-06

Writing checkpoint, step 8400 at Fri Jun 24 14:43:46 2022


           Step           Time
           8500       17.00000

   Energies (kJ/mol)
           Bond          Angle    Proper Dih.  Improper Dih.          LJ-14
    7.23713e+03    2.14067e+04    3.14546e+04    1.19109e+03    9.14665e+03
     Coulomb-14        LJ (SR)   Coulomb (SR)   Coul. recip.      Potential
    8.63965e+04    2.01379e+05   -1.91633e+06    3.52269e+03   -1.55459e+06
    Kinetic En.   Total Energy  Conserved En.    Temperature Pressure (bar)
    2.99043e+05   -1.25555e+06   -1.58925e+06    2.99255e+02   -2.47195e+02
   Constr. rmsd
    3.30150e-06

           Step           Time
           9000       18.00000

   Energies (kJ/mol)
           Bond          Angle    Proper Dih.  Improper Dih.          LJ-14
    7.34883e+03    2.18872e+04    3.14761e+04    1.13755e+03    9.23521e+03
     Coulomb-14        LJ (SR)   Coulomb (SR)   Coul. recip.      Potential
    8.60543e+04    2.02814e+05   -1.91938e+06    3.51645e+03   -1.55591e+06
    Kinetic En.   Total Energy  Conserved En.    Temperature Pressure (bar)
    3.00311e+05   -1.25560e+06   -1.58922e+06    3.00525e+02   -2.68501e+02
   Constr. rmsd
    3.21697e-06

Writing checkpoint, step 9040 at Fri Jun 24 14:57:44 2022


           Step           Time
           9500       19.00000

   Energies (kJ/mol)
           Bond          Angle    Proper Dih.  Improper Dih.          LJ-14
    7.47549e+03    2.15994e+04    3.15894e+04    1.21235e+03    9.13135e+03
     Coulomb-14        LJ (SR)   Coulomb (SR)   Coul. recip.      Potential
    8.62554e+04    2.00271e+05   -1.91600e+06    3.51966e+03   -1.55495e+06
    Kinetic En.   Total Energy  Conserved En.    Temperature Pressure (bar)
    3.01092e+05   -1.25386e+06   -1.58925e+06    3.01306e+02   -2.79541e+02
   Constr. rmsd
    3.34031e-06

Writing checkpoint, step 9760 at Fri Jun 24 15:13:25 2022



DD  step 9999 load imb.: force 10.2%  pme mesh/force 1.657
           Step           Time
          10000       20.00000

Writing checkpoint, step 10000 at Fri Jun 24 15:17:49 2022


   Energies (kJ/mol)
           Bond          Angle    Proper Dih.  Improper Dih.          LJ-14
    7.53192e+03    2.20015e+04    3.15468e+04    1.12950e+03    9.18537e+03
     Coulomb-14        LJ (SR)   Coulomb (SR)   Coul. recip.      Potential
    8.63302e+04    2.03829e+05   -1.91852e+06    3.54571e+03   -1.55342e+06
    Kinetic En.   Total Energy  Conserved En.    Temperature Pressure (bar)
    2.99841e+05   -1.25358e+06   -1.58918e+06    3.00054e+02   -4.74988e+01
   Constr. rmsd
    3.36247e-06


Energy conservation over simulation part #1 of length 20 ns, time 0 to 20 ns
  Conserved energy drift: 1.35e-03 kJ/mol/ps per atom


	<======  ###############  ==>
	<====  A V E R A G E S  ====>
	<==  ###############  ======>

	Statistics over 10001 steps using 101 frames

   Energies (kJ/mol)
           Bond          Angle    Proper Dih.  Improper Dih.          LJ-14
    7.33972e+03    2.15159e+04    3.13365e+04    1.13859e+03    9.24590e+03
     Coulomb-14        LJ (SR)   Coulomb (SR)   Coul. recip.      Potential
    8.63017e+04    2.03739e+05   -1.92410e+06    3.48114e+03   -1.56000e+06
    Kinetic En.   Total Energy  Conserved En.    Temperature Pressure (bar)
    2.98387e+05   -1.26161e+06   -1.58934e+06    2.98599e+02   -2.03087e+02
   Constr. rmsd
    0.00000e+00

   Total Virial (kJ/mol)
    1.06542e+05   -1.89147e+02    4.95569e+01
   -1.89082e+02    1.06547e+05   -2.14792e+02
    4.87867e+01   -2.14578e+02    1.07285e+05

   Pressure (bar)
   -1.97668e+02    3.64577e+00   -2.15444e+00
    3.64398e+00   -1.95935e+02    7.73780e+00
   -2.13309e+00    7.73187e+00   -2.15658e+02

      T-Protein          T-RAAT-Water_and_ions
    2.98741e+02    2.97124e+02    2.98591e+02


       P P   -   P M E   L O A D   B A L A N C I N G

 PP/PME load balancing changed the cut-off and PME settings:
           particle-particle                    PME
            rcoulomb  rlist            grid      spacing   1/beta
   initial  1.200 nm  1.201 nm      72  72  72   0.148 nm  0.384 nm
   final    1.423 nm  1.424 nm      56  56  56   0.190 nm  0.455 nm
 cost-ratio           1.67             0.47
 (note that these numbers concern only part of the total PP and PME load)

NOTE: PME load balancing increased the non-bonded workload by more than 50%.
      For better performance, use (more) PME ranks (mdrun -npme),
      or if you are beyond the scaling limit, use fewer total ranks (or nodes).

	M E G A - F L O P S   A C C O U N T I N G

 NB=Group-cutoff nonbonded kernels    NxN=N-by-N cluster Verlet kernels
 RF=Reaction-Field  VdW=Van der Waals  QSTab=quadratic-spline table
 W3=SPC/TIP3p  W4=TIP4p (single or pairs)
 V&F=Potential and force  V=Potential only  F=Force only

 Computing:                               M-Number         M-Flops  % Flops
-----------------------------------------------------------------------------
 Pair Search distance check            9088.081060       81792.730     0.1
 NxN QSTab Elec. + LJ [F]            752213.618176    39867321.763    62.8
 NxN QSTab Elec. + LJ [V&F]            7658.664568      620351.830     1.0
 NxN QSTab Elec. [F]                 620878.402448    21109865.683    33.3
 NxN QSTab Elec. [V&F]                 6320.924696      259157.913     0.4
 1,4 nonbonded interactions             252.685266       22741.674     0.0
 Calc Weights                          3530.753040      127107.109     0.2
 Spread Q Bspline                     75322.731520      150645.463     0.2
 Gather F Bspline                     75322.731520      451936.389     0.7
 3D-FFT                               64890.641266      519125.130     0.8
 Solve PME                               32.187456        2059.997     0.0
 Reset In Box                            14.827680          44.483     0.0
 CG-CoM                                  14.945360          44.836     0.0
 Bonds                                   49.504950        2920.792     0.0
 Angles                                 176.777676       29698.650     0.0
 Propers                                319.071904       73067.466     0.1
 Impropers                               19.201920        3993.999     0.0
 Virial                                  11.994760         215.906     0.0
 Stop-CM                                 12.003360         120.034     0.0
 Calc-Ekin                              235.595360        6361.075     0.0
 Lincs                                   52.926261        3175.576     0.0
 Lincs-Mat                              289.032588        1156.130     0.0
 Constraint-V                          1261.625066       11354.626     0.0
 Constraint-Vir                          12.205313         292.928     0.0
 Settle                                 385.299520      142560.822     0.2
-----------------------------------------------------------------------------
 Total                                                63487113.003   100.0
-----------------------------------------------------------------------------


    D O M A I N   D E C O M P O S I T I O N   S T A T I S T I C S

 av. #atoms communicated per step for force:  2 x 209098.9
 av. #atoms communicated per step for LINCS:  2 x 8480.4


Dynamic load balancing report:
 DLB was off during the run due to low measured imbalance.
 Average load imbalance: 9.7%.
 The balanceable part of the MD step is 42%, load imbalance is computed from this.
 Part of the total run time spent waiting due to load imbalance: 4.1%.
 Average PME mesh/force load: 1.824
 Part of the total run time spent waiting due to PP/PME imbalance: 26.9 %

NOTE: 26.9 % performance was lost because the PME ranks
      had more work to do than the PP ranks.
      You might want to increase the number of PME ranks
      or increase the cut-off and the grid spacing.


     R E A L   C Y C L E   A N D   T I M E   A C C O U N T I N G

On 24 MPI ranks doing PP, and
on 4 MPI ranks doing PME

 Computing:          Num   Num      Call    Wall time         Giga-Cycles
                     Ranks Threads  Count      (s)         total sum    %
-----------------------------------------------------------------------------
 Domain decomp.        24    1        126     427.163      26592.853   2.8
 DD comm. load         24    1          7       0.598         37.255   0.0
 Send X to PME         24    1      10001     788.471      49085.944   5.2
 Neighbor search       24    1        126      37.038       2305.816   0.2
 Comm. coord.          24    1       9875    2218.847     138133.417  14.7
 Force                 24    1      10001    2555.834     159112.396  16.9
 Wait + Comm. F        24    1      10001    2437.155     151724.069  16.1
 PME mesh *             4    1      10001    8867.591      92008.043   9.8
 PME wait for PP *                           4088.312      42419.364   4.5
 Wait + Recv. PME F    24    1      10001    1856.971     115605.004  12.3
 NB X/F buffer ops.    24    1      29751       4.987        310.490   0.0
 Write traj.           24    1         35       9.296        578.740   0.1
 Update                24    1      10001       0.410         25.506   0.0
 Constraints           24    1      10003    2280.005     141940.784  15.1
 Comm. energies        24    1       1001     326.810      20345.420   2.2
 Rest                                          13.379        832.924   0.1
-----------------------------------------------------------------------------
 Total                                      12956.966     941069.055 100.0
-----------------------------------------------------------------------------
(*) Note that with separate PME ranks, the walltime column actually sums to
    twice the total reported, but the cycle count total and % are correct.
-----------------------------------------------------------------------------
 Breakdown of PME mesh computation
-----------------------------------------------------------------------------
 PME redist. X/F        4    1      20002    5818.940      60375.960   6.4
 PME spread             4    1      10001     747.544       7756.345   0.8
 PME gather             4    1      10001     752.713       7809.978   0.8
 PME 3D-FFT             4    1      20002       6.699         69.503   0.0
 PME 3D-FFT Comm.       4    1      20002    1540.840      15987.392   1.7
 PME solve Elec         4    1      10001       0.786          8.155   0.0
-----------------------------------------------------------------------------

               Core t (s)   Wall t (s)        (%)
       Time:   362789.372    12956.966     2800.0
                         3h35:56
                 (ns/day)    (hour/ns)
Performance:        0.133      179.940
Finished mdrun on rank 0 Fri Jun 24 15:17:54 2022

