                      :-) GROMACS - gmx mdrun, 2021.2 (-:

                            GROMACS is written by:
     Andrey Alekseenko              Emile Apol              Rossen Apostolov     
         Paul Bauer           Herman J.C. Berendsen           Par Bjelkmar       
       Christian Blau           Viacheslav Bolnykh             Kevin Boyd        
     Aldert van Buuren           Rudi van Drunen             Anton Feenstra      
    Gilles Gouaillardet             Alan Gray               Gerrit Groenhof      
       Anca Hamuraru            Vincent Hindriksen          M. Eric Irrgang      
      Aleksei Iupinov           Christoph Junghans             Joe Jordan        
    Dimitrios Karkoulis            Peter Kasson                Jiri Kraus        
      Carsten Kutzner              Per Larsson              Justin A. Lemkul     
       Viveca Lindahl            Magnus Lundborg             Erik Marklund       
        Pascal Merz             Pieter Meulenhoff            Teemu Murtola       
        Szilard Pall               Sander Pronk              Roland Schulz       
       Michael Shirts            Alexey Shvetsov             Alfons Sijbers      
       Peter Tieleman              Jon Vincent              Teemu Virolainen     
     Christian Wennberg            Maarten Wolf              Artem Zhmurov       
                           and the project leaders:
        Mark Abraham, Berk Hess, Erik Lindahl, and David van der Spoel

Copyright (c) 1991-2000, University of Groningen, The Netherlands.
Copyright (c) 2001-2019, The GROMACS development team at
Uppsala University, Stockholm University and
the Royal Institute of Technology, Sweden.
check out http://www.gromacs.org for more information.

GROMACS is free software; you can redistribute it and/or modify it
under the terms of the GNU Lesser General Public License
as published by the Free Software Foundation; either version 2.1
of the License, or (at your option) any later version.

GROMACS:      gmx mdrun, version 2021.2
Executable:   /gpfs/opt/apps/gromacs-2021.2/bin/gmx
Data prefix:  /gpfs/opt/apps/gromacs-2021.2
Working dir:  /gpfs/work/tuk27574/fragment_builder
Process ID:   4687
Command line:
  gmx mdrun -s ./combo_folder/RAA/nvt_RAA10.tpr -deffnm ./combo_folder/RAA/combo_nvt_RAA10

GROMACS version:    2021.2
Verified release checksum is d91a739522d82c53dc47c2276b9ac5fae3b2119283e84e3a1c7bed8ce741fda2
Precision:          mixed
Memory model:       64 bit
MPI library:        thread_mpi
OpenMP support:     enabled (GMX_OPENMP_MAX_THREADS = 64)
GPU support:        disabled
SIMD instructions:  SSE4.1
FFT library:        fftw-3.3.3-sse2
RDTSCP usage:       enabled
TNG support:        enabled
Hwloc support:      disabled
Tracing support:    disabled
C compiler:         /gpfs/opt/tools/gcc-8.4.0/bin/gcc GNU 8.4.0
C compiler flags:   -msse4.1 -Wno-missing-field-initializers -fexcess-precision=fast -funroll-all-loops -O3 -DNDEBUG
C++ compiler:       /gpfs/opt/tools/gcc-8.4.0/bin/g++ GNU 8.4.0
C++ compiler flags: -msse4.1 -Wno-missing-field-initializers -fexcess-precision=fast -funroll-all-loops -fopenmp -O3 -DNDEBUG


Running on 1 node with total 28 cores, 28 logical cores
Hardware detected:
  CPU info:
    Vendor: Intel
    Brand:  Intel(R) Xeon(R) CPU E5-2690 v4 @ 2.60GHz
    Family: 6   Model: 79   Stepping: 1
    Features: aes apic avx avx2 clfsh cmov cx8 cx16 f16c fma hle htt intel lahf mmx msr nonstop_tsc pcid pclmuldq pdcm pdpe1gb popcnt pse rdrnd rdtscp rtm sse2 sse3 sse4.1 sse4.2 ssse3 tdt x2apic
  Hardware topology: Basic
    Sockets, cores, and logical processors:
      Socket  0: [   0] [   2] [   4] [   6] [   8] [  10] [  12] [  14] [  16] [  18] [  20] [  22] [  24] [  26]
      Socket  1: [   1] [   3] [   5] [   7] [   9] [  11] [  13] [  15] [  17] [  19] [  21] [  23] [  25] [  27]

Highest SIMD level requested by all nodes in run: AVX2_256
SIMD instructions selected at compile time:       SSE4.1
This program was compiled for different hardware than you are running on,
which could influence performance.

++++ PLEASE READ AND CITE THE FOLLOWING REFERENCE ++++
M. J. Abraham, T. Murtola, R. Schulz, S. Páll, J. C. Smith, B. Hess, E.
Lindahl
GROMACS: High performance molecular simulations through multi-level
parallelism from laptops to supercomputers
SoftwareX 1 (2015) pp. 19-25
-------- -------- --- Thank You --- -------- --------


++++ PLEASE READ AND CITE THE FOLLOWING REFERENCE ++++
S. Páll, M. J. Abraham, C. Kutzner, B. Hess, E. Lindahl
Tackling Exascale Software Challenges in Molecular Dynamics Simulations with
GROMACS
In S. Markidis & E. Laure (Eds.), Solving Software Challenges for Exascale 8759 (2015) pp. 3-27
-------- -------- --- Thank You --- -------- --------


++++ PLEASE READ AND CITE THE FOLLOWING REFERENCE ++++
S. Pronk, S. Páll, R. Schulz, P. Larsson, P. Bjelkmar, R. Apostolov, M. R.
Shirts, J. C. Smith, P. M. Kasson, D. van der Spoel, B. Hess, and E. Lindahl
GROMACS 4.5: a high-throughput and highly parallel open source molecular
simulation toolkit
Bioinformatics 29 (2013) pp. 845-54
-------- -------- --- Thank You --- -------- --------


++++ PLEASE READ AND CITE THE FOLLOWING REFERENCE ++++
B. Hess and C. Kutzner and D. van der Spoel and E. Lindahl
GROMACS 4: Algorithms for highly efficient, load-balanced, and scalable
molecular simulation
J. Chem. Theory Comput. 4 (2008) pp. 435-447
-------- -------- --- Thank You --- -------- --------


++++ PLEASE READ AND CITE THE FOLLOWING REFERENCE ++++
D. van der Spoel, E. Lindahl, B. Hess, G. Groenhof, A. E. Mark and H. J. C.
Berendsen
GROMACS: Fast, Flexible and Free
J. Comp. Chem. 26 (2005) pp. 1701-1719
-------- -------- --- Thank You --- -------- --------


++++ PLEASE READ AND CITE THE FOLLOWING REFERENCE ++++
E. Lindahl and B. Hess and D. van der Spoel
GROMACS 3.0: A package for molecular simulation and trajectory analysis
J. Mol. Mod. 7 (2001) pp. 306-317
-------- -------- --- Thank You --- -------- --------


++++ PLEASE READ AND CITE THE FOLLOWING REFERENCE ++++
H. J. C. Berendsen, D. van der Spoel and R. van Drunen
GROMACS: A message-passing parallel molecular dynamics implementation
Comp. Phys. Comm. 91 (1995) pp. 43-56
-------- -------- --- Thank You --- -------- --------


++++ PLEASE CITE THE DOI FOR THIS VERSION OF GROMACS ++++
https://doi.org/10.5281/zenodo.4723562
-------- -------- --- Thank You --- -------- --------


The number of OpenMP threads was set by environment variable OMP_NUM_THREADS to 1

Input Parameters:
   integrator                     = md
   tinit                          = 0
   dt                             = 0.002
   nsteps                         = 10000
   init-step                      = 0
   simulation-part                = 1
   mts                            = false
   comm-mode                      = Linear
   nstcomm                        = 100
   bd-fric                        = 0
   ld-seed                        = -48321419
   emtol                          = 10
   emstep                         = 0.01
   niter                          = 20
   fcstep                         = 0
   nstcgsteep                     = 1000
   nbfgscorr                      = 10
   rtpi                           = 0.05
   nstxout                        = 0
   nstvout                        = 0
   nstfout                        = 0
   nstlog                         = 500
   nstcalcenergy                  = 100
   nstenergy                      = 500
   nstxout-compressed             = 500
   compressed-x-precision         = 1000
   cutoff-scheme                  = Verlet
   nstlist                        = 20
   pbc                            = xyz
   periodic-molecules             = false
   verlet-buffer-tolerance        = 0.005
   rlist                          = 1.221
   coulombtype                    = PME
   coulomb-modifier               = Potential-shift
   rcoulomb-switch                = 0
   rcoulomb                       = 1.2
   epsilon-r                      = 1
   epsilon-rf                     = inf
   vdw-type                       = Cut-off
   vdw-modifier                   = Force-switch
   rvdw-switch                    = 1
   rvdw                           = 1.2
   DispCorr                       = No
   table-extension                = 1
   fourierspacing                 = 0.16
   fourier-nx                     = 72
   fourier-ny                     = 72
   fourier-nz                     = 72
   pme-order                      = 4
   ewald-rtol                     = 1e-05
   ewald-rtol-lj                  = 0.001
   lj-pme-comb-rule               = Geometric
   ewald-geometry                 = 0
   epsilon-surface                = 0
   tcoupl                         = V-rescale
   nsttcouple                     = 10
   nh-chain-length                = 0
   print-nose-hoover-chain-variables = false
   pcoupl                         = No
   pcoupltype                     = Isotropic
   nstpcouple                     = -1
   tau-p                          = 1
   compressibility (3x3):
      compressibility[    0]={ 0.00000e+00,  0.00000e+00,  0.00000e+00}
      compressibility[    1]={ 0.00000e+00,  0.00000e+00,  0.00000e+00}
      compressibility[    2]={ 0.00000e+00,  0.00000e+00,  0.00000e+00}
   ref-p (3x3):
      ref-p[    0]={ 0.00000e+00,  0.00000e+00,  0.00000e+00}
      ref-p[    1]={ 0.00000e+00,  0.00000e+00,  0.00000e+00}
      ref-p[    2]={ 0.00000e+00,  0.00000e+00,  0.00000e+00}
   refcoord-scaling               = No
   posres-com (3):
      posres-com[0]= 0.00000e+00
      posres-com[1]= 0.00000e+00
      posres-com[2]= 0.00000e+00
   posres-comB (3):
      posres-comB[0]= 0.00000e+00
      posres-comB[1]= 0.00000e+00
      posres-comB[2]= 0.00000e+00
   QMMM                           = false
qm-opts:
   ngQM                           = 0
   constraint-algorithm           = Lincs
   continuation                   = false
   Shake-SOR                      = false
   shake-tol                      = 0.0001
   lincs-order                    = 4
   lincs-iter                     = 1
   lincs-warnangle                = 30
   nwall                          = 0
   wall-type                      = 9-3
   wall-r-linpot                  = -1
   wall-atomtype[0]               = -1
   wall-atomtype[1]               = -1
   wall-density[0]                = 0
   wall-density[1]                = 0
   wall-ewald-zfac                = 3
   pull                           = false
   awh                            = false
   rotation                       = false
   interactiveMD                  = false
   disre                          = No
   disre-weighting                = Conservative
   disre-mixed                    = false
   dr-fc                          = 1000
   dr-tau                         = 0
   nstdisreout                    = 100
   orire-fc                       = 0
   orire-tau                      = 0
   nstorireout                    = 100
   free-energy                    = no
   cos-acceleration               = 0
   deform (3x3):
      deform[    0]={ 0.00000e+00,  0.00000e+00,  0.00000e+00}
      deform[    1]={ 0.00000e+00,  0.00000e+00,  0.00000e+00}
      deform[    2]={ 0.00000e+00,  0.00000e+00,  0.00000e+00}
   simulated-tempering            = false
   swapcoords                     = no
   userint1                       = 0
   userint2                       = 0
   userint3                       = 0
   userint4                       = 0
   userreal1                      = 0
   userreal2                      = 0
   userreal3                      = 0
   userreal4                      = 0
   applied-forces:
     electric-field:
       x:
         E0                       = 0
         omega                    = 0
         t0                       = 0
         sigma                    = 0
       y:
         E0                       = 0
         omega                    = 0
         t0                       = 0
         sigma                    = 0
       z:
         E0                       = 0
         omega                    = 0
         t0                       = 0
         sigma                    = 0
     density-guided-simulation:
       active                     = false
       group                      = protein
       similarity-measure         = inner-product
       atom-spreading-weight      = unity
       force-constant             = 1e+09
       gaussian-transform-spreading-width = 0.2
       gaussian-transform-spreading-range-in-multiples-of-width = 4
       reference-density-filename = reference.mrc
       nst                        = 1
       normalize-densities        = true
       adaptive-force-scaling     = false
       adaptive-force-scaling-time-constant = 4
       shift-vector               = 
       transformation-matrix      = 
grpopts:
   nrdf:     23287.7     449.994      216513
   ref-t:         300         300         300
   tau-t:         0.1         0.1         0.1
annealing:          No          No          No
annealing-npoints:           0           0           0
   acc:	           0           0           0
   nfreeze:           N           N           N
   energygrp-flags[  0]: 0

Changing nstlist from 20 to 80, rlist from 1.221 to 1.317


Initializing Domain Decomposition on 28 ranks
Dynamic load balancing: auto
Minimum cell size due to atom displacement: 0.649 nm
Initial maximum distances in bonded interactions:
    two-body bonded interactions: 0.424 nm, LJ-14, atoms 2530 2538
  multi-body bonded interactions: 0.424 nm, Proper Dih., atoms 2530 2538
Minimum cell size due to bonded interactions: 0.466 nm
Maximum distance for 5 constraints, at 120 deg. angles, all-trans: 0.219 nm
Estimated maximum distance required for P-LINCS: 0.219 nm
Scaling the initial minimum size with 1/0.8 (option -dds) = 1.25
Guess for relative PME load: 0.09
Will use 24 particle-particle and 4 PME only ranks
This is a guess, check the performance at the end of the log file
Using 4 separate PME ranks, as guessed by mdrun
Optimizing the DD grid for 24 cells with a minimum initial size of 0.811 nm
The maximum allowed number of cells is: X 13 Y 13 Z 13
Domain decomposition grid 4 x 3 x 2, separate PME ranks 4
PME domain decomposition: 4 x 1 x 1
Interleaving PP and PME ranks
This rank does only particle-particle work.
Domain decomposition rank 0, coordinates 0 0 0

The initial number of communication pulses is: X 1 Y 1 Z 1
The initial domain decomposition cell size is: X 2.66 nm Y 3.54 nm Z 5.31 nm

The maximum allowed distance for atoms involved in interactions is:
                 non-bonded interactions           1.317 nm
            two-body bonded interactions  (-rdd)   1.317 nm
          multi-body bonded interactions  (-rdd)   1.317 nm
  atoms separated by up to 5 constraints  (-rcon)  2.656 nm

When dynamic load balancing gets turned on, these settings will change to:
The maximum number of communication pulses is: X 1 Y 1 Z 1
The minimum size for domain decomposition cells is 1.317 nm
The requested allowed shrink of DD cells (option -dds) is: 0.80
The allowed shrink of domain decomposition cells is: X 0.50 Y 0.37 Z 0.25
The maximum allowed distance for atoms involved in interactions is:
                 non-bonded interactions           1.317 nm
            two-body bonded interactions  (-rdd)   1.317 nm
          multi-body bonded interactions  (-rdd)   1.317 nm
  atoms separated by up to 5 constraints  (-rcon)  1.317 nm

Using 28 MPI threads
Using 1 OpenMP thread per tMPI thread

Pinning threads with an auto-selected logical core stride of 1
System total charge: 10.000
Will do PME sum in reciprocal space for electrostatic interactions.

++++ PLEASE READ AND CITE THE FOLLOWING REFERENCE ++++
U. Essmann, L. Perera, M. L. Berkowitz, T. Darden, H. Lee and L. G. Pedersen 
A smooth particle mesh Ewald method
J. Chem. Phys. 103 (1995) pp. 8577-8592
-------- -------- --- Thank You --- -------- --------

Using a Gaussian width (1/beta) of 0.384195 nm for Ewald
Potential shift: LJ r^-12: -2.648e-01 r^-6: -5.349e-01, Ewald -8.333e-06
Initialized non-bonded Ewald tables, spacing: 1.02e-03 size: 1176

Generated table with 1158 data points for 1-4 COUL.
Tabscale = 500 points/nm
Generated table with 1158 data points for 1-4 LJ6.
Tabscale = 500 points/nm
Generated table with 1158 data points for 1-4 LJ12.
Tabscale = 500 points/nm


Using SIMD 4x4 nonbonded short-range kernels

Using a dual 4x4 pair-list setup updated with dynamic pruning:
  outer list: updated every 80 steps, buffer 0.117 nm, rlist 1.317 nm
  inner list: updated every 13 steps, buffer 0.001 nm, rlist 1.201 nm
At tolerance 0.005 kJ/mol/ps per atom, equivalent classical 1x1 list would be:
  outer list: updated every 80 steps, buffer 0.261 nm, rlist 1.461 nm
  inner list: updated every 13 steps, buffer 0.051 nm, rlist 1.251 nm
Removing pbc first time

Initializing Parallel LINear Constraint Solver

++++ PLEASE READ AND CITE THE FOLLOWING REFERENCE ++++
B. Hess
P-LINCS: A Parallel Linear Constraint Solver for molecular simulation
J. Chem. Theory Comput. 4 (2008) pp. 116-122
-------- -------- --- Thank You --- -------- --------

The number of constraints is 4720
There are constraints between atoms in different decomposition domains,
will communicate selected coordinates each lincs iteration

++++ PLEASE READ AND CITE THE FOLLOWING REFERENCE ++++
S. Miyamoto and P. A. Kollman
SETTLE: An Analytical Version of the SHAKE and RATTLE Algorithms for Rigid
Water Models
J. Comp. Chem. 13 (1992) pp. 952-962
-------- -------- --- Thank You --- -------- --------


Linking all bonded interactions to atoms


Intra-simulation communication will occur every 10 steps.

++++ PLEASE READ AND CITE THE FOLLOWING REFERENCE ++++
G. Bussi, D. Donadio and M. Parrinello
Canonical sampling through velocity rescaling
J. Chem. Phys. 126 (2007) pp. 014101
-------- -------- --- Thank You --- -------- --------

There are: 117671 Atoms
Atom distribution over 24 domains: av 4902 stddev 119 min 4834 max 5079

Constraining the starting coordinates (step 0)

Constraining the coordinates at t0-dt (step 0)
Center of mass motion removal mode is Linear
We have the following groups for center of mass motion removal:
  0:  rest
RMS relative constraint deviation after constraining: 1.78e-06
Initial temperature: 300.855 K

Started mdrun on rank 0 Fri Jun 24 11:44:59 2022

           Step           Time
              0        0.00000

   Energies (kJ/mol)
           Bond          Angle    Proper Dih.  Improper Dih.          LJ-14
    1.45477e+03    5.96022e+03    2.79186e+04    2.14304e+02    7.94831e+03
     Coulomb-14        LJ (SR)   Coulomb (SR)   Coul. recip.      Potential
    9.54580e+04    2.36809e+05   -2.27619e+06    3.24161e+03   -1.89719e+06
    Kinetic En.   Total Energy  Conserved En.    Temperature Pressure (bar)
    3.00547e+05   -1.59664e+06   -1.59664e+06    3.00914e+02   -4.45996e+03
   Constr. rmsd
    3.24165e-06


DD  step 79 load imb.: force  1.6%  pme mesh/force 2.275
step  480: timed with pme grid 72 72 72, coulomb cutoff 1.200: 232688.5 M-cycles
           Step           Time
            500        1.00000

   Energies (kJ/mol)
           Bond          Angle    Proper Dih.  Improper Dih.          LJ-14
    7.10681e+03    1.97270e+04    3.09148e+04    1.15926e+03    9.25267e+03
     Coulomb-14        LJ (SR)   Coulomb (SR)   Coul. recip.      Potential
    9.53914e+04    2.08271e+05   -1.94485e+06    4.17879e+03   -1.56885e+06
    Kinetic En.   Total Energy  Conserved En.    Temperature Pressure (bar)
    2.93625e+05   -1.27522e+06   -1.59375e+06    2.93984e+02   -1.41375e+02
   Constr. rmsd
    3.32092e-06

step  640: timed with pme grid 60 60 60, coulomb cutoff 1.328: 233471.3 M-cycles
Writing checkpoint, step 720 at Fri Jun 24 12:00:31 2022


step  800: timed with pme grid 52 52 52, coulomb cutoff 1.532: 235630.8 M-cycles
step  960: timed with pme grid 48 48 48, coulomb cutoff 1.660: 234793.5 M-cycles
           Step           Time
           1000        2.00000

   Energies (kJ/mol)
           Bond          Angle    Proper Dih.  Improper Dih.          LJ-14
    7.11812e+03    2.00612e+04    3.10641e+04    1.21225e+03    9.23476e+03
     Coulomb-14        LJ (SR)   Coulomb (SR)   Coul. recip.      Potential
    9.57794e+04    2.04536e+05   -1.92566e+06    1.60029e+03   -1.55506e+06
    Kinetic En.   Total Energy  Conserved En.    Temperature Pressure (bar)
    2.99192e+05   -1.25586e+06   -1.59378e+06    2.99557e+02   -8.29337e+01
   Constr. rmsd
    3.28657e-06

step 1120: timed with pme grid 44 44 44, coulomb cutoff 1.811: 252107.0 M-cycles
step 1120: the maximum allowed grid scaling limits the PME load balancing to a coulomb cut-off of 1.811
step 1280: timed with pme grid 44 44 44, coulomb cutoff 1.811: 251754.7 M-cycles
step 1440: timed with pme grid 48 48 48, coulomb cutoff 1.660: 234943.9 M-cycles
Writing checkpoint, step 1440 at Fri Jun 24 12:17:00 2022


           Step           Time
           1500        3.00000

   Energies (kJ/mol)
           Bond          Angle    Proper Dih.  Improper Dih.          LJ-14
    7.29285e+03    1.98002e+04    3.09576e+04    1.11074e+03    9.28826e+03
     Coulomb-14        LJ (SR)   Coulomb (SR)   Coul. recip.      Potential
    9.57064e+04    2.03785e+05   -1.92692e+06    2.76482e+03   -1.55621e+06
    Kinetic En.   Total Energy  Conserved En.    Temperature Pressure (bar)
    3.00124e+05   -1.25609e+06   -1.59383e+06    3.00490e+02   -1.42907e+02
   Constr. rmsd
    3.21934e-06

step 1600: timed with pme grid 52 52 52, coulomb cutoff 1.532: 233478.7 M-cycles
step 1760: timed with pme grid 56 56 56, coulomb cutoff 1.423: 232908.8 M-cycles
step 1920: timed with pme grid 60 60 60, coulomb cutoff 1.328: 231422.8 M-cycles

DD  step 1999 load imb.: force 11.0%  pme mesh/force 2.027
           Step           Time
           2000        4.00000

   Energies (kJ/mol)
           Bond          Angle    Proper Dih.  Improper Dih.          LJ-14
    7.10944e+03    2.02841e+04    3.09918e+04    1.13842e+03    9.17029e+03
     Coulomb-14        LJ (SR)   Coulomb (SR)   Coul. recip.      Potential
    9.51631e+04    2.05093e+05   -1.92950e+06    5.27723e+03   -1.55528e+06
    Kinetic En.   Total Energy  Conserved En.    Temperature Pressure (bar)
    2.98278e+05   -1.25700e+06   -1.59376e+06    2.98642e+02   -8.82975e+01
   Constr. rmsd
    3.28222e-06

step 2080: timed with pme grid 64 64 64, coulomb cutoff 1.245: 233244.0 M-cycles
Writing checkpoint, step 2080 at Fri Jun 24 12:31:01 2022


step 2240: timed with pme grid 72 72 72, coulomb cutoff 1.200: 233509.5 M-cycles
              optimal pme grid 60 60 60, coulomb cutoff 1.328
           Step           Time
           2500        5.00000

   Energies (kJ/mol)
           Bond          Angle    Proper Dih.  Improper Dih.          LJ-14
    7.13156e+03    2.03943e+04    3.09280e+04    1.16349e+03    9.08163e+03
     Coulomb-14        LJ (SR)   Coulomb (SR)   Coul. recip.      Potential
    9.54276e+04    2.03211e+05   -1.92529e+06    4.24807e+03   -1.55370e+06
    Kinetic En.   Total Energy  Conserved En.    Temperature Pressure (bar)
    2.97374e+05   -1.25633e+06   -1.59366e+06    2.97738e+02   -2.31046e+02
   Constr. rmsd
    3.19742e-06

Writing checkpoint, step 2800 at Fri Jun 24 12:46:44 2022


           Step           Time
           3000        6.00000

   Energies (kJ/mol)
           Bond          Angle    Proper Dih.  Improper Dih.          LJ-14
    7.32238e+03    2.02087e+04    3.11613e+04    1.17646e+03    9.18729e+03
     Coulomb-14        LJ (SR)   Coulomb (SR)   Coul. recip.      Potential
    9.56006e+04    2.02842e+05   -1.92673e+06    4.20971e+03   -1.55502e+06
    Kinetic En.   Total Energy  Conserved En.    Temperature Pressure (bar)
    2.99294e+05   -1.25573e+06   -1.59370e+06    2.99660e+02   -2.30000e+02
   Constr. rmsd
    3.33993e-06

Writing checkpoint, step 3440 at Fri Jun 24 13:00:42 2022


           Step           Time
           3500        7.00000

   Energies (kJ/mol)
           Bond          Angle    Proper Dih.  Improper Dih.          LJ-14
    7.23111e+03    2.02956e+04    3.11459e+04    1.11269e+03    9.26546e+03
     Coulomb-14        LJ (SR)   Coulomb (SR)   Coul. recip.      Potential
    9.53676e+04    2.02611e+05   -1.92364e+06    4.18629e+03   -1.55243e+06
    Kinetic En.   Total Energy  Conserved En.    Temperature Pressure (bar)
    3.01395e+05   -1.25103e+06   -1.59367e+06    3.01764e+02   -1.75324e+02
   Constr. rmsd
    3.36655e-06


DD  step 3999 load imb.: force  3.2%  pme mesh/force 1.916
           Step           Time
           4000        8.00000

   Energies (kJ/mol)
           Bond          Angle    Proper Dih.  Improper Dih.          LJ-14
    7.39898e+03    2.01282e+04    3.09818e+04    1.14097e+03    9.16584e+03
     Coulomb-14        LJ (SR)   Coulomb (SR)   Coul. recip.      Potential
    9.53111e+04    2.02100e+05   -1.92471e+06    4.32896e+03   -1.55416e+06
    Kinetic En.   Total Energy  Conserved En.    Temperature Pressure (bar)
    3.00052e+05   -1.25410e+06   -1.59363e+06    3.00419e+02   -2.80544e+02
   Constr. rmsd
    3.29622e-06

Writing checkpoint, step 4160 at Fri Jun 24 13:16:24 2022


           Step           Time
           4500        9.00000

   Energies (kJ/mol)
           Bond          Angle    Proper Dih.  Improper Dih.          LJ-14
    7.47250e+03    1.98881e+04    3.11668e+04    1.09612e+03    9.26903e+03
     Coulomb-14        LJ (SR)   Coulomb (SR)   Coul. recip.      Potential
    9.56185e+04    2.04654e+05   -1.92750e+06    4.31078e+03   -1.55402e+06
    Kinetic En.   Total Energy  Conserved En.    Temperature Pressure (bar)
    2.99750e+05   -1.25427e+06   -1.59361e+06    3.00117e+02   -1.21542e+02
   Constr. rmsd
    3.25875e-06

Writing checkpoint, step 4800 at Fri Jun 24 13:30:22 2022


           Step           Time
           5000       10.00000

   Energies (kJ/mol)
           Bond          Angle    Proper Dih.  Improper Dih.          LJ-14
    7.16620e+03    2.05273e+04    3.10869e+04    1.15554e+03    9.07199e+03
     Coulomb-14        LJ (SR)   Coulomb (SR)   Coul. recip.      Potential
    9.48839e+04    2.01834e+05   -1.92342e+06    4.36557e+03   -1.55333e+06
    Kinetic En.   Total Energy  Conserved En.    Temperature Pressure (bar)
    2.98468e+05   -1.25486e+06   -1.59359e+06    2.98832e+02   -2.97332e+02
   Constr. rmsd
    3.17986e-06

           Step           Time
           5500       11.00000

   Energies (kJ/mol)
           Bond          Angle    Proper Dih.  Improper Dih.          LJ-14
    7.42323e+03    2.02359e+04    3.12061e+04    1.20643e+03    9.21147e+03
     Coulomb-14        LJ (SR)   Coulomb (SR)   Coul. recip.      Potential
    9.51774e+04    2.03132e+05   -1.92492e+06    4.30371e+03   -1.55302e+06
    Kinetic En.   Total Energy  Conserved En.    Temperature Pressure (bar)
    2.98863e+05   -1.25416e+06   -1.59358e+06    2.99228e+02   -1.63344e+02
   Constr. rmsd
    3.16696e-06

Writing checkpoint, step 5520 at Fri Jun 24 13:46:04 2022



DD  step 5999 load imb.: force  2.8%  pme mesh/force 1.939
           Step           Time
           6000       12.00000

   Energies (kJ/mol)
           Bond          Angle    Proper Dih.  Improper Dih.          LJ-14
    7.23129e+03    2.05031e+04    3.10852e+04    1.24641e+03    9.13951e+03
     Coulomb-14        LJ (SR)   Coulomb (SR)   Coul. recip.      Potential
    9.53405e+04    2.04720e+05   -1.92651e+06    4.23456e+03   -1.55301e+06
    Kinetic En.   Total Energy  Conserved En.    Temperature Pressure (bar)
    2.98774e+05   -1.25424e+06   -1.59357e+06    2.99139e+02   -1.24629e+02
   Constr. rmsd
    3.15757e-06

Writing checkpoint, step 6240 at Fri Jun 24 14:01:47 2022


           Step           Time
           6500       13.00000

   Energies (kJ/mol)
           Bond          Angle    Proper Dih.  Improper Dih.          LJ-14
    7.21556e+03    2.02384e+04    3.09867e+04    1.05720e+03    9.17769e+03
     Coulomb-14        LJ (SR)   Coulomb (SR)   Coul. recip.      Potential
    9.58435e+04    2.03292e+05   -1.92579e+06    4.23164e+03   -1.55374e+06
    Kinetic En.   Total Energy  Conserved En.    Temperature Pressure (bar)
    2.99202e+05   -1.25454e+06   -1.59355e+06    2.99568e+02   -1.60121e+02
   Constr. rmsd
    3.27104e-06

Writing checkpoint, step 6880 at Fri Jun 24 14:15:44 2022


           Step           Time
           7000       14.00000

   Energies (kJ/mol)
           Bond          Angle    Proper Dih.  Improper Dih.          LJ-14
    7.12715e+03    2.02110e+04    3.12207e+04    1.15521e+03    9.05106e+03
     Coulomb-14        LJ (SR)   Coulomb (SR)   Coul. recip.      Potential
    9.53470e+04    2.01131e+05   -1.92444e+06    4.20922e+03   -1.55499e+06
    Kinetic En.   Total Energy  Conserved En.    Temperature Pressure (bar)
    2.99038e+05   -1.25595e+06   -1.59356e+06    2.99403e+02   -2.91157e+02
   Constr. rmsd
    3.04688e-06

           Step           Time
           7500       15.00000

   Energies (kJ/mol)
           Bond          Angle    Proper Dih.  Improper Dih.          LJ-14
    7.43442e+03    2.03246e+04    3.09817e+04    1.19328e+03    9.17050e+03
     Coulomb-14        LJ (SR)   Coulomb (SR)   Coul. recip.      Potential
    9.52779e+04    2.04319e+05   -1.92498e+06    4.32550e+03   -1.55195e+06
    Kinetic En.   Total Energy  Conserved En.    Temperature Pressure (bar)
    3.01241e+05   -1.25071e+06   -1.59357e+06    3.01609e+02   -1.33553e+02
   Constr. rmsd
    3.34554e-06

Writing checkpoint, step 7600 at Fri Jun 24 14:31:27 2022



DD  step 7999 load imb.: force  2.3%  pme mesh/force 1.940
           Step           Time
           8000       16.00000

   Energies (kJ/mol)
           Bond          Angle    Proper Dih.  Improper Dih.          LJ-14
    6.93252e+03    2.01274e+04    3.11254e+04    1.13158e+03    9.19557e+03
     Coulomb-14        LJ (SR)   Coulomb (SR)   Coul. recip.      Potential
    9.59067e+04    2.01815e+05   -1.92669e+06    4.11621e+03   -1.55634e+06
    Kinetic En.   Total Energy  Conserved En.    Temperature Pressure (bar)
    2.99345e+05   -1.25699e+06   -1.59352e+06    2.99711e+02   -2.39932e+02
   Constr. rmsd
    3.20243e-06

Writing checkpoint, step 8240 at Fri Jun 24 14:45:25 2022


           Step           Time
           8500       17.00000

   Energies (kJ/mol)
           Bond          Angle    Proper Dih.  Improper Dih.          LJ-14
    7.42803e+03    2.01348e+04    3.10601e+04    1.09968e+03    9.16342e+03
     Coulomb-14        LJ (SR)   Coulomb (SR)   Coul. recip.      Potential
    9.53384e+04    2.04109e+05   -1.92733e+06    4.33356e+03   -1.55466e+06
    Kinetic En.   Total Energy  Conserved En.    Temperature Pressure (bar)
    2.99692e+05   -1.25497e+06   -1.59352e+06    3.00058e+02   -1.29351e+02
   Constr. rmsd
    3.33003e-06

Writing checkpoint, step 8960 at Fri Jun 24 15:01:06 2022


           Step           Time
           9000       18.00000

   Energies (kJ/mol)
           Bond          Angle    Proper Dih.  Improper Dih.          LJ-14
    7.15184e+03    2.00834e+04    3.09797e+04    1.17586e+03    9.11189e+03
     Coulomb-14        LJ (SR)   Coulomb (SR)   Coul. recip.      Potential
    9.52951e+04    2.03686e+05   -1.92792e+06    4.21126e+03   -1.55622e+06
    Kinetic En.   Total Energy  Conserved En.    Temperature Pressure (bar)
    2.99051e+05   -1.25717e+06   -1.59349e+06    2.99417e+02   -1.76064e+02
   Constr. rmsd
    3.27698e-06

           Step           Time
           9500       19.00000

   Energies (kJ/mol)
           Bond          Angle    Proper Dih.  Improper Dih.          LJ-14
    7.35167e+03    2.02752e+04    3.09990e+04    1.17968e+03    9.26041e+03
     Coulomb-14        LJ (SR)   Coulomb (SR)   Coul. recip.      Potential
    9.50115e+04    2.03403e+05   -1.92750e+06    4.30542e+03   -1.55572e+06
    Kinetic En.   Total Energy  Conserved En.    Temperature Pressure (bar)
    3.00159e+05   -1.25556e+06   -1.59349e+06    3.00526e+02   -1.60182e+02
   Constr. rmsd
    3.27746e-06

Writing checkpoint, step 9680 at Fri Jun 24 15:16:34 2022



DD  step 9999 load imb.: force  5.4%  pme mesh/force 1.871
           Step           Time
          10000       20.00000

Writing checkpoint, step 10000 at Fri Jun 24 15:20:17 2022


   Energies (kJ/mol)
           Bond          Angle    Proper Dih.  Improper Dih.          LJ-14
    7.15993e+03    2.02066e+04    3.09809e+04    1.18756e+03    9.15832e+03
     Coulomb-14        LJ (SR)   Coulomb (SR)   Coul. recip.      Potential
    9.54232e+04    2.03409e+05   -1.92444e+06    4.29704e+03   -1.55262e+06
    Kinetic En.   Total Energy  Conserved En.    Temperature Pressure (bar)
    2.99897e+05   -1.25272e+06   -1.59348e+06    3.00264e+02   -2.08832e+02
   Constr. rmsd
    3.36608e-06


Energy conservation over simulation part #1 of length 20 ns, time 0 to 20 ns
  Conserved energy drift: 1.34e-03 kJ/mol/ps per atom


	<======  ###############  ==>
	<====  A V E R A G E S  ====>
	<==  ###############  ======>

	Statistics over 10001 steps using 101 frames

   Energies (kJ/mol)
           Bond          Angle    Proper Dih.  Improper Dih.          LJ-14
    7.18555e+03    2.00263e+04    3.10608e+04    1.14855e+03    9.15997e+03
     Coulomb-14        LJ (SR)   Coulomb (SR)   Coul. recip.      Potential
    9.53795e+04    2.04539e+05   -1.93260e+06    4.13123e+03   -1.55997e+06
    Kinetic En.   Total Energy  Conserved En.    Temperature Pressure (bar)
    2.98250e+05   -1.26172e+06   -1.59365e+06    2.98615e+02   -2.18363e+02
   Constr. rmsd
    0.00000e+00

   Total Virial (kJ/mol)
    1.07305e+05    2.75184e+02    7.97155e+01
    2.75436e+02    1.07550e+05    3.75106e+02
    7.88151e+01    3.73987e+02    1.07037e+05

   Pressure (bar)
   -2.17934e+02   -7.79292e+00   -2.71612e+00
   -7.79989e+00   -2.26292e+02   -9.73473e+00
   -2.69117e+00   -9.70374e+00   -2.10863e+02

      T-Protein          T-RAAT-Water_and_ions
    2.98920e+02    2.97961e+02    2.98583e+02


       P P   -   P M E   L O A D   B A L A N C I N G

 PP/PME load balancing changed the cut-off and PME settings:
           particle-particle                    PME
            rcoulomb  rlist            grid      spacing   1/beta
   initial  1.200 nm  1.201 nm      72  72  72   0.148 nm  0.384 nm
   final    1.328 nm  1.329 nm      60  60  60   0.177 nm  0.425 nm
 cost-ratio           1.35             0.58
 (note that these numbers concern only part of the total PP and PME load)


	M E G A - F L O P S   A C C O U N T I N G

 NB=Group-cutoff nonbonded kernels    NxN=N-by-N cluster Verlet kernels
 RF=Reaction-Field  VdW=Van der Waals  QSTab=quadratic-spline table
 W3=SPC/TIP3p  W4=TIP4p (single or pairs)
 V&F=Potential and force  V=Potential only  F=Force only

 Computing:                               M-Number         M-Flops  % Flops
-----------------------------------------------------------------------------
 Pair Search distance check            8433.966892       75905.702     0.1
 NxN QSTab Elec. + LJ [F]            663218.008040    35150554.426    62.4
 NxN QSTab Elec. + LJ [V&F]            6754.621720      547124.359     1.0
 NxN QSTab Elec. [F]                 549954.922264    18698467.357    33.2
 NxN QSTab Elec. [V&F]                 5601.372328      229656.265     0.4
 1,4 nonbonded interactions             247.284726       22255.625     0.0
 Calc Weights                          3530.483013      127097.388     0.2
 Spread Q Bspline                     75316.970944      150633.942     0.3
 Gather F Bspline                     75316.970944      451901.826     0.8
 3D-FFT                               76812.654850      614501.239     1.1
 Solve PME                               35.788560        2290.468     0.0
 Reset In Box                            14.826546          44.480     0.0
 CG-CoM                                  14.944217          44.833     0.0
 Bonds                                   48.604860        2867.687     0.0
 Angles                                 172.277226       28942.574     0.1
 Propers                                310.071004       71006.260     0.1
 Impropers                               19.201920        3993.999     0.0
 Virial                                  11.993851         215.889     0.0
 Stop-CM                                 12.002442         120.024     0.0
 Calc-Ekin                              235.577342        6360.588     0.0
 Lincs                                   50.803526        3048.212     0.0
 Lincs-Mat                              272.795052        1091.180     0.0
 Constraint-V                          1260.123026       11341.107     0.0
 Constraint-Vir                          12.212307         293.095     0.0
 Settle                                 386.213959      142899.165     0.3
-----------------------------------------------------------------------------
 Total                                                56342657.691   100.0
-----------------------------------------------------------------------------


    D O M A I N   D E C O M P O S I T I O N   S T A T I S T I C S

 av. #atoms communicated per step for force:  2 x 196645.8
 av. #atoms communicated per step for LINCS:  2 x 8439.7


Dynamic load balancing report:
 DLB was off during the run due to low measured imbalance.
 Average load imbalance: 4.0%.
 The balanceable part of the MD step is 40%, load imbalance is computed from this.
 Part of the total run time spent waiting due to load imbalance: 1.6%.
 Average PME mesh/force load: 2.031
 Part of the total run time spent waiting due to PP/PME imbalance: 30.2 %

NOTE: 30.2 % performance was lost because the PME ranks
      had more work to do than the PP ranks.
      You might want to increase the number of PME ranks
      or increase the cut-off and the grid spacing.


     R E A L   C Y C L E   A N D   T I M E   A C C O U N T I N G

On 24 MPI ranks doing PP, and
on 4 MPI ranks doing PME

 Computing:          Num   Num      Call    Wall time         Giga-Cycles
                     Ranks Threads  Count      (s)         total sum    %
-----------------------------------------------------------------------------
 Domain decomp.        24    1        126     426.965      26580.708   2.8
 DD comm. load         24    1          7       0.617         38.394   0.0
 Send X to PME         24    1      10001     784.843      48860.473   5.2
 Neighbor search       24    1        126      31.936       1988.206   0.2
 Comm. coord.          24    1       9875    2211.666     137687.420  14.7
 Force                 24    1      10001    2330.401     145079.309  15.5
 Wait + Comm. F        24    1      10001    2337.261     145506.349  15.5
 PME mesh *             4    1      10001    8849.910      91825.309   9.8
 PME wait for PP *                           4065.995      42188.134   4.5
 Wait + Recv. PME F    24    1      10001    2157.119     134291.630  14.3
 NB X/F buffer ops.    24    1      29751      15.604        971.397   0.1
 Write traj.           24    1         35       9.160        570.279   0.1
 Update                24    1      10001       0.411         25.559   0.0
 Constraints           24    1      10003    2273.824     141557.073  15.1
 Comm. energies        24    1       1001     325.257      20248.925   2.2
 Rest                                          13.208        822.237   0.1
-----------------------------------------------------------------------------
 Total                                      12918.271     938265.954 100.0
-----------------------------------------------------------------------------
(*) Note that with separate PME ranks, the walltime column actually sums to
    twice the total reported, but the cycle count total and % are correct.
-----------------------------------------------------------------------------
 Breakdown of PME mesh computation
-----------------------------------------------------------------------------
 PME redist. X/F        4    1      20002    5806.625      60248.646   6.4
 PME spread             4    1      10001     745.959       7739.951   0.8
 PME gather             4    1      10001     749.391       7775.561   0.8
 PME 3D-FFT             4    1      20002       9.351         97.024   0.0
 PME 3D-FFT Comm.       4    1      20002    1537.590      15953.795   1.7
 PME solve Elec         4    1      10001       0.934          9.690   0.0
-----------------------------------------------------------------------------

               Core t (s)   Wall t (s)        (%)
       Time:   361708.832    12918.271     2800.0
                         3h35:18
                 (ns/day)    (hour/ns)
Performance:        0.134      179.402
Finished mdrun on rank 0 Fri Jun 24 15:20:18 2022

