                      :-) GROMACS - gmx mdrun, 2021.2 (-:

                            GROMACS is written by:
     Andrey Alekseenko              Emile Apol              Rossen Apostolov     
         Paul Bauer           Herman J.C. Berendsen           Par Bjelkmar       
       Christian Blau           Viacheslav Bolnykh             Kevin Boyd        
     Aldert van Buuren           Rudi van Drunen             Anton Feenstra      
    Gilles Gouaillardet             Alan Gray               Gerrit Groenhof      
       Anca Hamuraru            Vincent Hindriksen          M. Eric Irrgang      
      Aleksei Iupinov           Christoph Junghans             Joe Jordan        
    Dimitrios Karkoulis            Peter Kasson                Jiri Kraus        
      Carsten Kutzner              Per Larsson              Justin A. Lemkul     
       Viveca Lindahl            Magnus Lundborg             Erik Marklund       
        Pascal Merz             Pieter Meulenhoff            Teemu Murtola       
        Szilard Pall               Sander Pronk              Roland Schulz       
       Michael Shirts            Alexey Shvetsov             Alfons Sijbers      
       Peter Tieleman              Jon Vincent              Teemu Virolainen     
     Christian Wennberg            Maarten Wolf              Artem Zhmurov       
                           and the project leaders:
        Mark Abraham, Berk Hess, Erik Lindahl, and David van der Spoel

Copyright (c) 1991-2000, University of Groningen, The Netherlands.
Copyright (c) 2001-2019, The GROMACS development team at
Uppsala University, Stockholm University and
the Royal Institute of Technology, Sweden.
check out http://www.gromacs.org for more information.

GROMACS is free software; you can redistribute it and/or modify it
under the terms of the GNU Lesser General Public License
as published by the Free Software Foundation; either version 2.1
of the License, or (at your option) any later version.

GROMACS:      gmx mdrun, version 2021.2
Executable:   /gpfs/opt/apps/gromacs-2021.2/bin/gmx
Data prefix:  /gpfs/opt/apps/gromacs-2021.2
Working dir:  /gpfs/work/tuk27574/fragment_builder
Process ID:   4227
Command line:
  gmx mdrun -s ./combo_folder/RAA/nvt_RAA45.tpr -deffnm ./combo_folder/RAA/combo_nvt_RAA45

GROMACS version:    2021.2
Verified release checksum is d91a739522d82c53dc47c2276b9ac5fae3b2119283e84e3a1c7bed8ce741fda2
Precision:          mixed
Memory model:       64 bit
MPI library:        thread_mpi
OpenMP support:     enabled (GMX_OPENMP_MAX_THREADS = 64)
GPU support:        disabled
SIMD instructions:  SSE4.1
FFT library:        fftw-3.3.3-sse2
RDTSCP usage:       enabled
TNG support:        enabled
Hwloc support:      disabled
Tracing support:    disabled
C compiler:         /gpfs/opt/tools/gcc-8.4.0/bin/gcc GNU 8.4.0
C compiler flags:   -msse4.1 -Wno-missing-field-initializers -fexcess-precision=fast -funroll-all-loops -O3 -DNDEBUG
C++ compiler:       /gpfs/opt/tools/gcc-8.4.0/bin/g++ GNU 8.4.0
C++ compiler flags: -msse4.1 -Wno-missing-field-initializers -fexcess-precision=fast -funroll-all-loops -fopenmp -O3 -DNDEBUG


Running on 1 node with total 28 cores, 28 logical cores
Hardware detected:
  CPU info:
    Vendor: Intel
    Brand:  Intel(R) Xeon(R) CPU E5-2690 v4 @ 2.60GHz
    Family: 6   Model: 79   Stepping: 1
    Features: aes apic avx avx2 clfsh cmov cx8 cx16 f16c fma hle htt intel lahf mmx msr nonstop_tsc pcid pclmuldq pdcm pdpe1gb popcnt pse rdrnd rdtscp rtm sse2 sse3 sse4.1 sse4.2 ssse3 tdt x2apic
  Hardware topology: Basic
    Sockets, cores, and logical processors:
      Socket  0: [   0] [   2] [   4] [   6] [   8] [  10] [  12] [  14] [  16] [  18] [  20] [  22] [  24] [  26]
      Socket  1: [   1] [   3] [   5] [   7] [   9] [  11] [  13] [  15] [  17] [  19] [  21] [  23] [  25] [  27]

Highest SIMD level requested by all nodes in run: AVX2_256
SIMD instructions selected at compile time:       SSE4.1
This program was compiled for different hardware than you are running on,
which could influence performance.

++++ PLEASE READ AND CITE THE FOLLOWING REFERENCE ++++
M. J. Abraham, T. Murtola, R. Schulz, S. Páll, J. C. Smith, B. Hess, E.
Lindahl
GROMACS: High performance molecular simulations through multi-level
parallelism from laptops to supercomputers
SoftwareX 1 (2015) pp. 19-25
-------- -------- --- Thank You --- -------- --------


++++ PLEASE READ AND CITE THE FOLLOWING REFERENCE ++++
S. Páll, M. J. Abraham, C. Kutzner, B. Hess, E. Lindahl
Tackling Exascale Software Challenges in Molecular Dynamics Simulations with
GROMACS
In S. Markidis & E. Laure (Eds.), Solving Software Challenges for Exascale 8759 (2015) pp. 3-27
-------- -------- --- Thank You --- -------- --------


++++ PLEASE READ AND CITE THE FOLLOWING REFERENCE ++++
S. Pronk, S. Páll, R. Schulz, P. Larsson, P. Bjelkmar, R. Apostolov, M. R.
Shirts, J. C. Smith, P. M. Kasson, D. van der Spoel, B. Hess, and E. Lindahl
GROMACS 4.5: a high-throughput and highly parallel open source molecular
simulation toolkit
Bioinformatics 29 (2013) pp. 845-54
-------- -------- --- Thank You --- -------- --------


++++ PLEASE READ AND CITE THE FOLLOWING REFERENCE ++++
B. Hess and C. Kutzner and D. van der Spoel and E. Lindahl
GROMACS 4: Algorithms for highly efficient, load-balanced, and scalable
molecular simulation
J. Chem. Theory Comput. 4 (2008) pp. 435-447
-------- -------- --- Thank You --- -------- --------


++++ PLEASE READ AND CITE THE FOLLOWING REFERENCE ++++
D. van der Spoel, E. Lindahl, B. Hess, G. Groenhof, A. E. Mark and H. J. C.
Berendsen
GROMACS: Fast, Flexible and Free
J. Comp. Chem. 26 (2005) pp. 1701-1719
-------- -------- --- Thank You --- -------- --------


++++ PLEASE READ AND CITE THE FOLLOWING REFERENCE ++++
E. Lindahl and B. Hess and D. van der Spoel
GROMACS 3.0: A package for molecular simulation and trajectory analysis
J. Mol. Mod. 7 (2001) pp. 306-317
-------- -------- --- Thank You --- -------- --------


++++ PLEASE READ AND CITE THE FOLLOWING REFERENCE ++++
H. J. C. Berendsen, D. van der Spoel and R. van Drunen
GROMACS: A message-passing parallel molecular dynamics implementation
Comp. Phys. Comm. 91 (1995) pp. 43-56
-------- -------- --- Thank You --- -------- --------


++++ PLEASE CITE THE DOI FOR THIS VERSION OF GROMACS ++++
https://doi.org/10.5281/zenodo.4723562
-------- -------- --- Thank You --- -------- --------


The number of OpenMP threads was set by environment variable OMP_NUM_THREADS to 1

Input Parameters:
   integrator                     = md
   tinit                          = 0
   dt                             = 0.002
   nsteps                         = 10000
   init-step                      = 0
   simulation-part                = 1
   mts                            = false
   comm-mode                      = Linear
   nstcomm                        = 100
   bd-fric                        = 0
   ld-seed                        = -2110423
   emtol                          = 10
   emstep                         = 0.01
   niter                          = 20
   fcstep                         = 0
   nstcgsteep                     = 1000
   nbfgscorr                      = 10
   rtpi                           = 0.05
   nstxout                        = 0
   nstvout                        = 0
   nstfout                        = 0
   nstlog                         = 500
   nstcalcenergy                  = 100
   nstenergy                      = 500
   nstxout-compressed             = 500
   compressed-x-precision         = 1000
   cutoff-scheme                  = Verlet
   nstlist                        = 20
   pbc                            = xyz
   periodic-molecules             = false
   verlet-buffer-tolerance        = 0.005
   rlist                          = 1.221
   coulombtype                    = PME
   coulomb-modifier               = Potential-shift
   rcoulomb-switch                = 0
   rcoulomb                       = 1.2
   epsilon-r                      = 1
   epsilon-rf                     = inf
   vdw-type                       = Cut-off
   vdw-modifier                   = Force-switch
   rvdw-switch                    = 1
   rvdw                           = 1.2
   DispCorr                       = No
   table-extension                = 1
   fourierspacing                 = 0.16
   fourier-nx                     = 72
   fourier-ny                     = 72
   fourier-nz                     = 72
   pme-order                      = 4
   ewald-rtol                     = 1e-05
   ewald-rtol-lj                  = 0.001
   lj-pme-comb-rule               = Geometric
   ewald-geometry                 = 0
   epsilon-surface                = 0
   tcoupl                         = V-rescale
   nsttcouple                     = 10
   nh-chain-length                = 0
   print-nose-hoover-chain-variables = false
   pcoupl                         = No
   pcoupltype                     = Isotropic
   nstpcouple                     = -1
   tau-p                          = 1
   compressibility (3x3):
      compressibility[    0]={ 0.00000e+00,  0.00000e+00,  0.00000e+00}
      compressibility[    1]={ 0.00000e+00,  0.00000e+00,  0.00000e+00}
      compressibility[    2]={ 0.00000e+00,  0.00000e+00,  0.00000e+00}
   ref-p (3x3):
      ref-p[    0]={ 0.00000e+00,  0.00000e+00,  0.00000e+00}
      ref-p[    1]={ 0.00000e+00,  0.00000e+00,  0.00000e+00}
      ref-p[    2]={ 0.00000e+00,  0.00000e+00,  0.00000e+00}
   refcoord-scaling               = No
   posres-com (3):
      posres-com[0]= 0.00000e+00
      posres-com[1]= 0.00000e+00
      posres-com[2]= 0.00000e+00
   posres-comB (3):
      posres-comB[0]= 0.00000e+00
      posres-comB[1]= 0.00000e+00
      posres-comB[2]= 0.00000e+00
   QMMM                           = false
qm-opts:
   ngQM                           = 0
   constraint-algorithm           = Lincs
   continuation                   = false
   Shake-SOR                      = false
   shake-tol                      = 0.0001
   lincs-order                    = 4
   lincs-iter                     = 1
   lincs-warnangle                = 30
   nwall                          = 0
   wall-type                      = 9-3
   wall-r-linpot                  = -1
   wall-atomtype[0]               = -1
   wall-atomtype[1]               = -1
   wall-density[0]                = 0
   wall-density[1]                = 0
   wall-ewald-zfac                = 3
   pull                           = false
   awh                            = false
   rotation                       = false
   interactiveMD                  = false
   disre                          = No
   disre-weighting                = Conservative
   disre-mixed                    = false
   dr-fc                          = 1000
   dr-tau                         = 0
   nstdisreout                    = 100
   orire-fc                       = 0
   orire-tau                      = 0
   nstorireout                    = 100
   free-energy                    = no
   cos-acceleration               = 0
   deform (3x3):
      deform[    0]={ 0.00000e+00,  0.00000e+00,  0.00000e+00}
      deform[    1]={ 0.00000e+00,  0.00000e+00,  0.00000e+00}
      deform[    2]={ 0.00000e+00,  0.00000e+00,  0.00000e+00}
   simulated-tempering            = false
   swapcoords                     = no
   userint1                       = 0
   userint2                       = 0
   userint3                       = 0
   userint4                       = 0
   userreal1                      = 0
   userreal2                      = 0
   userreal3                      = 0
   userreal4                      = 0
   applied-forces:
     electric-field:
       x:
         E0                       = 0
         omega                    = 0
         t0                       = 0
         sigma                    = 0
       y:
         E0                       = 0
         omega                    = 0
         t0                       = 0
         sigma                    = 0
       z:
         E0                       = 0
         omega                    = 0
         t0                       = 0
         sigma                    = 0
     density-guided-simulation:
       active                     = false
       group                      = protein
       similarity-measure         = inner-product
       atom-spreading-weight      = unity
       force-constant             = 1e+09
       gaussian-transform-spreading-width = 0.2
       gaussian-transform-spreading-range-in-multiples-of-width = 4
       reference-density-filename = reference.mrc
       nst                        = 1
       normalize-densities        = true
       adaptive-force-scaling     = false
       adaptive-force-scaling-time-constant = 4
       shift-vector               = 
       transformation-matrix      = 
grpopts:
   nrdf:     23287.7     2024.97      215109
   ref-t:         300         300         300
   tau-t:         0.1         0.1         0.1
annealing:          No          No          No
annealing-npoints:           0           0           0
   acc:	           0           0           0
   nfreeze:           N           N           N
   energygrp-flags[  0]: 0

Changing nstlist from 20 to 80, rlist from 1.221 to 1.316


Initializing Domain Decomposition on 28 ranks
Dynamic load balancing: auto
Minimum cell size due to atom displacement: 0.649 nm
Initial maximum distances in bonded interactions:
    two-body bonded interactions: 0.424 nm, LJ-14, atoms 2530 2538
  multi-body bonded interactions: 0.424 nm, Proper Dih., atoms 2530 2538
Minimum cell size due to bonded interactions: 0.466 nm
Maximum distance for 5 constraints, at 120 deg. angles, all-trans: 0.219 nm
Estimated maximum distance required for P-LINCS: 0.219 nm
Scaling the initial minimum size with 1/0.8 (option -dds) = 1.25
Guess for relative PME load: 0.09
Will use 24 particle-particle and 4 PME only ranks
This is a guess, check the performance at the end of the log file
Using 4 separate PME ranks, as guessed by mdrun
Optimizing the DD grid for 24 cells with a minimum initial size of 0.811 nm
The maximum allowed number of cells is: X 13 Y 13 Z 13
Domain decomposition grid 4 x 3 x 2, separate PME ranks 4
PME domain decomposition: 4 x 1 x 1
Interleaving PP and PME ranks
This rank does only particle-particle work.
Domain decomposition rank 0, coordinates 0 0 0

The initial number of communication pulses is: X 1 Y 1 Z 1
The initial domain decomposition cell size is: X 2.66 nm Y 3.54 nm Z 5.31 nm

The maximum allowed distance for atoms involved in interactions is:
                 non-bonded interactions           1.316 nm
            two-body bonded interactions  (-rdd)   1.316 nm
          multi-body bonded interactions  (-rdd)   1.316 nm
  atoms separated by up to 5 constraints  (-rcon)  2.656 nm

When dynamic load balancing gets turned on, these settings will change to:
The maximum number of communication pulses is: X 1 Y 1 Z 1
The minimum size for domain decomposition cells is 1.316 nm
The requested allowed shrink of DD cells (option -dds) is: 0.80
The allowed shrink of domain decomposition cells is: X 0.50 Y 0.37 Z 0.25
The maximum allowed distance for atoms involved in interactions is:
                 non-bonded interactions           1.316 nm
            two-body bonded interactions  (-rdd)   1.316 nm
          multi-body bonded interactions  (-rdd)   1.316 nm
  atoms separated by up to 5 constraints  (-rcon)  1.316 nm

Using 28 MPI threads
Using 1 OpenMP thread per tMPI thread

Pinning threads with an auto-selected logical core stride of 1
System total charge: 45.000
Will do PME sum in reciprocal space for electrostatic interactions.

++++ PLEASE READ AND CITE THE FOLLOWING REFERENCE ++++
U. Essmann, L. Perera, M. L. Berkowitz, T. Darden, H. Lee and L. G. Pedersen 
A smooth particle mesh Ewald method
J. Chem. Phys. 103 (1995) pp. 8577-8592
-------- -------- --- Thank You --- -------- --------

Using a Gaussian width (1/beta) of 0.384195 nm for Ewald
Potential shift: LJ r^-12: -2.648e-01 r^-6: -5.349e-01, Ewald -8.333e-06
Initialized non-bonded Ewald tables, spacing: 1.02e-03 size: 1176

Generated table with 1158 data points for 1-4 COUL.
Tabscale = 500 points/nm
Generated table with 1158 data points for 1-4 LJ6.
Tabscale = 500 points/nm
Generated table with 1158 data points for 1-4 LJ12.
Tabscale = 500 points/nm


Using SIMD 4x4 nonbonded short-range kernels

Using a dual 4x4 pair-list setup updated with dynamic pruning:
  outer list: updated every 80 steps, buffer 0.116 nm, rlist 1.316 nm
  inner list: updated every 13 steps, buffer 0.001 nm, rlist 1.201 nm
At tolerance 0.005 kJ/mol/ps per atom, equivalent classical 1x1 list would be:
  outer list: updated every 80 steps, buffer 0.261 nm, rlist 1.461 nm
  inner list: updated every 13 steps, buffer 0.050 nm, rlist 1.250 nm
Removing pbc first time

Initializing Parallel LINear Constraint Solver

++++ PLEASE READ AND CITE THE FOLLOWING REFERENCE ++++
B. Hess
P-LINCS: A Parallel Linear Constraint Solver for molecular simulation
J. Chem. Theory Comput. 4 (2008) pp. 116-122
-------- -------- --- Thank You --- -------- --------

The number of constraints is 5140
There are constraints between atoms in different decomposition domains,
will communicate selected coordinates each lincs iteration

++++ PLEASE READ AND CITE THE FOLLOWING REFERENCE ++++
S. Miyamoto and P. A. Kollman
SETTLE: An Analytical Version of the SHAKE and RATTLE Algorithms for Rigid
Water Models
J. Comp. Chem. 13 (1992) pp. 952-962
-------- -------- --- Thank You --- -------- --------


Linking all bonded interactions to atoms


Intra-simulation communication will occur every 10 steps.

++++ PLEASE READ AND CITE THE FOLLOWING REFERENCE ++++
G. Bussi, D. Donadio and M. Parrinello
Canonical sampling through velocity rescaling
J. Chem. Phys. 126 (2007) pp. 014101
-------- -------- --- Thank You --- -------- --------

There are: 117634 Atoms
Atom distribution over 24 domains: av 4901 stddev 94 min 4819 max 5067

Constraining the starting coordinates (step 0)

Constraining the coordinates at t0-dt (step 0)
Center of mass motion removal mode is Linear
We have the following groups for center of mass motion removal:
  0:  rest
RMS relative constraint deviation after constraining: 3.92e-06
Initial temperature: 299.94 K

Started mdrun on rank 0 Fri Jun 24 11:41:06 2022

           Step           Time
              0        0.00000

   Energies (kJ/mol)
           Bond          Angle    Proper Dih.  Improper Dih.          LJ-14
    1.52871e+03    8.49760e+03    2.84104e+04    2.14114e+02    8.15185e+03
     Coulomb-14        LJ (SR)   Coulomb (SR)   Coul. recip.      Potential
    7.44516e+04    2.31464e+05   -2.24661e+06    3.77540e+03   -1.89012e+06
    Kinetic En.   Total Energy  Conserved En.    Temperature Pressure (bar)
    2.99829e+05   -1.59029e+06   -1.59029e+06    2.99982e+02   -4.49243e+03
   Constr. rmsd
    3.31969e-06


DD  step 79 load imb.: force  9.4%  pme mesh/force 2.437
step  480: timed with pme grid 72 72 72, coulomb cutoff 1.200: 214085.3 M-cycles
           Step           Time
            500        1.00000

   Energies (kJ/mol)
           Bond          Angle    Proper Dih.  Improper Dih.          LJ-14
    7.33563e+03    2.37480e+04    3.16034e+04    1.15113e+03    9.42895e+03
     Coulomb-14        LJ (SR)   Coulomb (SR)   Coul. recip.      Potential
    7.42957e+04    2.05521e+05   -1.92023e+06    4.10610e+03   -1.56304e+06
    Kinetic En.   Total Energy  Conserved En.    Temperature Pressure (bar)
    2.95794e+05   -1.26724e+06   -1.58732e+06    2.95944e+02   -2.05889e+02
   Constr. rmsd
    3.26943e-06

step  640: timed with pme grid 60 60 60, coulomb cutoff 1.328: 231997.8 M-cycles
step  800: timed with pme grid 52 52 52, coulomb cutoff 1.532: 234340.7 M-cycles
Writing checkpoint, step 880 at Fri Jun 24 11:56:44 2022


step  960: timed with pme grid 48 48 48, coulomb cutoff 1.660: 236823.1 M-cycles
           Step           Time
           1000        2.00000

   Energies (kJ/mol)
           Bond          Angle    Proper Dih.  Improper Dih.          LJ-14
    7.45385e+03    2.37975e+04    3.19569e+04    1.19285e+03    9.40610e+03
     Coulomb-14        LJ (SR)   Coulomb (SR)   Coul. recip.      Potential
    7.39128e+04    2.00675e+05   -1.90274e+06    1.67207e+03   -1.55267e+06
    Kinetic En.   Total Energy  Conserved En.    Temperature Pressure (bar)
    2.98488e+05   -1.25418e+06   -1.58728e+06    2.98640e+02   -1.73471e+02
   Constr. rmsd
    3.42942e-06

step 1120: timed with pme grid 44 44 44, coulomb cutoff 1.811: 251405.7 M-cycles
step 1280: timed with pme grid 48 48 48, coulomb cutoff 1.660: 235843.5 M-cycles
step 1440: timed with pme grid 52 52 52, coulomb cutoff 1.532: 234138.1 M-cycles
           Step           Time
           1500        3.00000

   Energies (kJ/mol)
           Bond          Angle    Proper Dih.  Improper Dih.          LJ-14
    7.73819e+03    2.42317e+04    3.19013e+04    1.20466e+03    9.28324e+03
     Coulomb-14        LJ (SR)   Coulomb (SR)   Coul. recip.      Potential
    7.42649e+04    2.02670e+05   -1.90707e+06    3.41351e+03   -1.55236e+06
    Kinetic En.   Total Energy  Conserved En.    Temperature Pressure (bar)
    2.99999e+05   -1.25236e+06   -1.58732e+06    3.00152e+02   -1.51553e+02
   Constr. rmsd
    3.26487e-06

step 1600: timed with pme grid 56 56 56, coulomb cutoff 1.423: 232114.4 M-cycles
Writing checkpoint, step 1600 at Fri Jun 24 12:12:54 2022


step 1760: timed with pme grid 60 60 60, coulomb cutoff 1.328: 233131.3 M-cycles
step 1920: timed with pme grid 64 64 64, coulomb cutoff 1.245: 233540.7 M-cycles

DD  step 1999 load imb.: force  3.4%  pme mesh/force 2.285
           Step           Time
           2000        4.00000

   Energies (kJ/mol)
           Bond          Angle    Proper Dih.  Improper Dih.          LJ-14
    7.54948e+03    2.36834e+04    3.18567e+04    1.17508e+03    9.39330e+03
     Coulomb-14        LJ (SR)   Coulomb (SR)   Coul. recip.      Potential
    7.42151e+04    2.00717e+05   -1.90891e+06    6.04774e+03   -1.55427e+06
    Kinetic En.   Total Energy  Conserved En.    Temperature Pressure (bar)
    2.99163e+05   -1.25511e+06   -1.58727e+06    2.99316e+02   -2.23676e+02
   Constr. rmsd
    3.33991e-06

step 2080: timed with pme grid 72 72 72, coulomb cutoff 1.200: 233952.7 M-cycles
              optimal pme grid 72 72 72, coulomb cutoff 1.200
Writing checkpoint, step 2240 at Fri Jun 24 12:26:55 2022


           Step           Time
           2500        5.00000

   Energies (kJ/mol)
           Bond          Angle    Proper Dih.  Improper Dih.          LJ-14
    7.37137e+03    2.37003e+04    3.16406e+04    1.05598e+03    9.33986e+03
     Coulomb-14        LJ (SR)   Coulomb (SR)   Coul. recip.      Potential
    7.38127e+04    2.02872e+05   -1.90975e+06    5.93201e+03   -1.55403e+06
    Kinetic En.   Total Energy  Conserved En.    Temperature Pressure (bar)
    2.98342e+05   -1.25569e+06   -1.58727e+06    2.98494e+02   -1.26842e+02
   Constr. rmsd
    3.34368e-06

Writing checkpoint, step 2960 at Fri Jun 24 12:42:37 2022


           Step           Time
           3000        6.00000

   Energies (kJ/mol)
           Bond          Angle    Proper Dih.  Improper Dih.          LJ-14
    7.55185e+03    2.41346e+04    3.16030e+04    1.19738e+03    9.41276e+03
     Coulomb-14        LJ (SR)   Coulomb (SR)   Coul. recip.      Potential
    7.43590e+04    2.01021e+05   -1.90721e+06    6.09507e+03   -1.55184e+06
    Kinetic En.   Total Energy  Conserved En.    Temperature Pressure (bar)
    3.00190e+05   -1.25165e+06   -1.58724e+06    3.00343e+02   -1.49890e+02
   Constr. rmsd
    3.31000e-06

           Step           Time
           3500        7.00000

   Energies (kJ/mol)
           Bond          Angle    Proper Dih.  Improper Dih.          LJ-14
    7.56168e+03    2.37552e+04    3.17771e+04    1.16550e+03    9.29914e+03
     Coulomb-14        LJ (SR)   Coulomb (SR)   Coul. recip.      Potential
    7.42035e+04    2.02129e+05   -1.91022e+06    6.00052e+03   -1.55433e+06
    Kinetic En.   Total Energy  Conserved En.    Temperature Pressure (bar)
    3.00938e+05   -1.25339e+06   -1.58724e+06    3.01092e+02   -1.73333e+02
   Constr. rmsd
    3.40532e-06

Writing checkpoint, step 3600 at Fri Jun 24 12:56:35 2022



DD  step 3999 load imb.: force  2.3%  pme mesh/force 2.260
           Step           Time
           4000        8.00000

   Energies (kJ/mol)
           Bond          Angle    Proper Dih.  Improper Dih.          LJ-14
    7.57415e+03    2.36913e+04    3.17225e+04    1.18153e+03    9.34764e+03
     Coulomb-14        LJ (SR)   Coulomb (SR)   Coul. recip.      Potential
    7.39036e+04    2.00614e+05   -1.90813e+06    5.94919e+03   -1.55414e+06
    Kinetic En.   Total Energy  Conserved En.    Temperature Pressure (bar)
    2.99131e+05   -1.25501e+06   -1.58722e+06    2.99284e+02   -1.87880e+02
   Constr. rmsd
    3.41683e-06

Writing checkpoint, step 4320 at Fri Jun 24 13:12:17 2022


           Step           Time
           4500        9.00000

   Energies (kJ/mol)
           Bond          Angle    Proper Dih.  Improper Dih.          LJ-14
    7.66091e+03    2.36855e+04    3.16810e+04    1.17637e+03    9.45221e+03
     Coulomb-14        LJ (SR)   Coulomb (SR)   Coul. recip.      Potential
    7.40748e+04    1.98894e+05   -1.90651e+06    5.97431e+03   -1.55391e+06
    Kinetic En.   Total Energy  Conserved En.    Temperature Pressure (bar)
    2.98744e+05   -1.25517e+06   -1.58719e+06    2.98896e+02   -2.84819e+02
   Constr. rmsd
    3.24798e-06

           Step           Time
           5000       10.00000

   Energies (kJ/mol)
           Bond          Angle    Proper Dih.  Improper Dih.          LJ-14
    7.63665e+03    2.39472e+04    3.17156e+04    1.13501e+03    9.36954e+03
     Coulomb-14        LJ (SR)   Coulomb (SR)   Coul. recip.      Potential
    7.42210e+04    2.00690e+05   -1.90976e+06    6.11866e+03   -1.55492e+06
    Kinetic En.   Total Energy  Conserved En.    Temperature Pressure (bar)
    2.99753e+05   -1.25517e+06   -1.58716e+06    2.99906e+02   -2.35273e+02
   Constr. rmsd
    3.34871e-06

Writing checkpoint, step 5040 at Fri Jun 24 13:28:00 2022


           Step           Time
           5500       11.00000

   Energies (kJ/mol)
           Bond          Angle    Proper Dih.  Improper Dih.          LJ-14
    7.52807e+03    2.37450e+04    3.16896e+04    1.14992e+03    9.38887e+03
     Coulomb-14        LJ (SR)   Coulomb (SR)   Coul. recip.      Potential
    7.42213e+04    2.01211e+05   -1.90827e+06    6.03836e+03   -1.55330e+06
    Kinetic En.   Total Energy  Conserved En.    Temperature Pressure (bar)
    2.99262e+05   -1.25404e+06   -1.58716e+06    2.99414e+02   -1.78269e+02
   Constr. rmsd
    3.30721e-06

Writing checkpoint, step 5680 at Fri Jun 24 13:41:57 2022



DD  step 5999 load imb.: force  2.6%  pme mesh/force 2.280
           Step           Time
           6000       12.00000

   Energies (kJ/mol)
           Bond          Angle    Proper Dih.  Improper Dih.          LJ-14
    7.64894e+03    2.35638e+04    3.15084e+04    1.18600e+03    9.33910e+03
     Coulomb-14        LJ (SR)   Coulomb (SR)   Coul. recip.      Potential
    7.39236e+04    2.01916e+05   -1.91041e+06    5.98633e+03   -1.55534e+06
    Kinetic En.   Total Energy  Conserved En.    Temperature Pressure (bar)
    2.98723e+05   -1.25662e+06   -1.58715e+06    2.98876e+02   -1.91973e+02
   Constr. rmsd
    3.39768e-06

Writing checkpoint, step 6400 at Fri Jun 24 13:57:37 2022


           Step           Time
           6500       13.00000

   Energies (kJ/mol)
           Bond          Angle    Proper Dih.  Improper Dih.          LJ-14
    7.71457e+03    2.37924e+04    3.15563e+04    1.14178e+03    9.19172e+03
     Coulomb-14        LJ (SR)   Coulomb (SR)   Coul. recip.      Potential
    7.44565e+04    2.01206e+05   -1.90893e+06    5.95171e+03   -1.55392e+06
    Kinetic En.   Total Energy  Conserved En.    Temperature Pressure (bar)
    2.98984e+05   -1.25493e+06   -1.58713e+06    2.99137e+02   -2.09777e+02
   Constr. rmsd
    3.30712e-06

           Step           Time
           7000       14.00000

   Energies (kJ/mol)
           Bond          Angle    Proper Dih.  Improper Dih.          LJ-14
    7.66201e+03    2.37824e+04    3.16465e+04    1.11624e+03    9.45567e+03
     Coulomb-14        LJ (SR)   Coulomb (SR)   Coul. recip.      Potential
    7.41116e+04    1.99910e+05   -1.90724e+06    6.02450e+03   -1.55353e+06
    Kinetic En.   Total Energy  Conserved En.    Temperature Pressure (bar)
    2.98826e+05   -1.25470e+06   -1.58711e+06    2.98978e+02   -2.05935e+02
   Constr. rmsd
    3.16034e-06

Writing checkpoint, step 7040 at Fri Jun 24 14:11:33 2022


           Step           Time
           7500       15.00000

   Energies (kJ/mol)
           Bond          Angle    Proper Dih.  Improper Dih.          LJ-14
    7.67499e+03    2.38491e+04    3.21922e+04    1.27469e+03    9.40065e+03
     Coulomb-14        LJ (SR)   Coulomb (SR)   Coul. recip.      Potential
    7.43210e+04    2.00885e+05   -1.91032e+06    5.89415e+03   -1.55483e+06
    Kinetic En.   Total Energy  Conserved En.    Temperature Pressure (bar)
    3.01118e+05   -1.25371e+06   -1.58708e+06    3.01272e+02   -2.37015e+02
   Constr. rmsd
    3.27605e-06

Writing checkpoint, step 7760 at Fri Jun 24 14:27:13 2022



DD  step 7999 load imb.: force  3.3%  pme mesh/force 2.269
           Step           Time
           8000       16.00000

   Energies (kJ/mol)
           Bond          Angle    Proper Dih.  Improper Dih.          LJ-14
    7.57749e+03    2.36532e+04    3.17964e+04    1.16779e+03    9.34211e+03
     Coulomb-14        LJ (SR)   Coulomb (SR)   Coul. recip.      Potential
    7.42889e+04    2.00704e+05   -1.90754e+06    5.95139e+03   -1.55306e+06
    Kinetic En.   Total Energy  Conserved En.    Temperature Pressure (bar)
    2.99354e+05   -1.25370e+06   -1.58707e+06    2.99506e+02   -2.54056e+02
   Constr. rmsd
    3.51146e-06

Writing checkpoint, step 8480 at Fri Jun 24 14:42:51 2022


           Step           Time
           8500       17.00000

   Energies (kJ/mol)
           Bond          Angle    Proper Dih.  Improper Dih.          LJ-14
    7.76460e+03    2.38045e+04    3.18843e+04    1.11745e+03    9.29733e+03
     Coulomb-14        LJ (SR)   Coulomb (SR)   Coul. recip.      Potential
    7.43091e+04    1.99577e+05   -1.90691e+06    5.87342e+03   -1.55328e+06
    Kinetic En.   Total Energy  Conserved En.    Temperature Pressure (bar)
    3.01275e+05   -1.25201e+06   -1.58706e+06    3.01429e+02   -3.40073e+02
   Constr. rmsd
    3.29658e-06

           Step           Time
           9000       18.00000

   Energies (kJ/mol)
           Bond          Angle    Proper Dih.  Improper Dih.          LJ-14
    7.68430e+03    2.37290e+04    3.18361e+04    1.17011e+03    9.57944e+03
     Coulomb-14        LJ (SR)   Coulomb (SR)   Coul. recip.      Potential
    7.48394e+04    1.99496e+05   -1.90517e+06    6.02275e+03   -1.55081e+06
    Kinetic En.   Total Energy  Conserved En.    Temperature Pressure (bar)
    3.01469e+05   -1.24934e+06   -1.58705e+06    3.01623e+02   -1.78043e+02
   Constr. rmsd
    3.42307e-06

Writing checkpoint, step 9120 at Fri Jun 24 14:56:46 2022


           Step           Time
           9500       19.00000

   Energies (kJ/mol)
           Bond          Angle    Proper Dih.  Improper Dih.          LJ-14
    7.78252e+03    2.38421e+04    3.17026e+04    1.08757e+03    9.42677e+03
     Coulomb-14        LJ (SR)   Coulomb (SR)   Coul. recip.      Potential
    7.39812e+04    1.99507e+05   -1.90685e+06    5.90280e+03   -1.55362e+06
    Kinetic En.   Total Energy  Conserved En.    Temperature Pressure (bar)
    2.99230e+05   -1.25439e+06   -1.58698e+06    2.99383e+02   -2.90804e+02
   Constr. rmsd
    3.31224e-06

Writing checkpoint, step 9840 at Fri Jun 24 15:12:26 2022



DD  step 9999 load imb.: force  3.4%  pme mesh/force 2.284
           Step           Time
          10000       20.00000

Writing checkpoint, step 10000 at Fri Jun 24 15:15:57 2022


   Energies (kJ/mol)
           Bond          Angle    Proper Dih.  Improper Dih.          LJ-14
    7.64360e+03    2.34972e+04    3.16999e+04    1.15124e+03    9.47251e+03
     Coulomb-14        LJ (SR)   Coulomb (SR)   Coul. recip.      Potential
    7.42585e+04    1.99894e+05   -1.90806e+06    6.02620e+03   -1.55442e+06
    Kinetic En.   Total Energy  Conserved En.    Temperature Pressure (bar)
    2.99714e+05   -1.25470e+06   -1.58700e+06    2.99867e+02   -2.76315e+02
   Constr. rmsd
    3.23928e-06


Energy conservation over simulation part #1 of length 20 ns, time 0 to 20 ns
  Conserved energy drift: 1.40e-03 kJ/mol/ps per atom


	<======  ###############  ==>
	<====  A V E R A G E S  ====>
	<==  ###############  ======>

	Statistics over 10001 steps using 101 frames

   Energies (kJ/mol)
           Bond          Angle    Proper Dih.  Improper Dih.          LJ-14
    7.50922e+03    2.35608e+04    3.17083e+04    1.13727e+03    9.38614e+03
     Coulomb-14        LJ (SR)   Coulomb (SR)   Coul. recip.      Potential
    7.42228e+04    2.02020e+05   -1.91412e+06    5.55170e+03   -1.55902e+06
    Kinetic En.   Total Energy  Conserved En.    Temperature Pressure (bar)
    2.98518e+05   -1.26050e+06   -1.58721e+06    2.98670e+02   -2.28557e+02
   Constr. rmsd
    0.00000e+00

   Total Virial (kJ/mol)
    1.07591e+05   -2.86327e+02   -2.63456e+02
   -2.86280e+02    1.07697e+05   -5.64393e+02
   -2.64586e+02   -5.64107e+02    1.07974e+05

   Pressure (bar)
   -2.24119e+02    8.13681e+00    5.55145e+00
    8.13550e+00   -2.26128e+02    1.66891e+01
    5.58278e+00    1.66812e+01   -2.35424e+02

      T-Protein          T-RAAT-Water_and_ions
    2.98813e+02    2.98308e+02    2.98658e+02


	M E G A - F L O P S   A C C O U N T I N G

 NB=Group-cutoff nonbonded kernels    NxN=N-by-N cluster Verlet kernels
 RF=Reaction-Field  VdW=Van der Waals  QSTab=quadratic-spline table
 W3=SPC/TIP3p  W4=TIP4p (single or pairs)
 V&F=Potential and force  V=Potential only  F=Force only

 Computing:                               M-Number         M-Flops  % Flops
-----------------------------------------------------------------------------
 Pair Search distance check            7408.921552       66680.294     0.1
 NxN QSTab Elec. + LJ [F]            548235.547008    29056483.991    61.7
 NxN QSTab Elec. + LJ [V&F]            5600.128208      453610.385     1.0
 NxN QSTab Elec. [F]                 449415.864000    15280139.376    32.4
 NxN QSTab Elec. [V&F]                 4590.489184      188210.057     0.4
 1,4 nonbonded interactions             259.885986       23389.739     0.0
 Calc Weights                          3529.372902      127057.424     0.3
 Spread Q Bspline                     75293.288576      150586.577     0.3
 Gather F Bspline                     75293.288576      451759.731     1.0
 3D-FFT                              126401.380672     1011211.045     2.1
 Solve PME                               48.601664        3110.506     0.0
 Reset In Box                            14.821884          44.466     0.0
 CG-CoM                                  14.939518          44.819     0.0
 Bonds                                   50.705070        2991.599     0.0
 Angles                                 182.778276       30706.750     0.1
 Propers                                331.073104       75815.741     0.2
 Impropers                               19.201920        3993.999     0.0
 Virial                                  11.990114         215.822     0.0
 Stop-CM                                 11.998668         119.987     0.0
 Calc-Ekin                              235.503268        6358.588     0.0
 Lincs                                   55.826155        3349.569     0.0
 Lincs-Mat                              309.142356        1236.569     0.0
 Constraint-V                          1262.761365       11364.852     0.0
 Constraint-Vir                          12.187817         292.508     0.0
 Settle                                 383.745028      141985.660     0.3
-----------------------------------------------------------------------------
 Total                                                47090760.056   100.0
-----------------------------------------------------------------------------


    D O M A I N   D E C O M P O S I T I O N   S T A T I S T I C S

 av. #atoms communicated per step for force:  2 x 178297.7
 av. #atoms communicated per step for LINCS:  2 x 8518.3


Dynamic load balancing report:
 DLB was off during the run due to low measured imbalance.
 Average load imbalance: 3.4%.
 The balanceable part of the MD step is 37%, load imbalance is computed from this.
 Part of the total run time spent waiting due to load imbalance: 1.3%.
 Average PME mesh/force load: 2.274
 Part of the total run time spent waiting due to PP/PME imbalance: 33.4 %

NOTE: 33.4 % performance was lost because the PME ranks
      had more work to do than the PP ranks.
      You might want to increase the number of PME ranks
      or increase the cut-off and the grid spacing.


     R E A L   C Y C L E   A N D   T I M E   A C C O U N T I N G

On 24 MPI ranks doing PP, and
on 4 MPI ranks doing PME

 Computing:          Num   Num      Call    Wall time         Giga-Cycles
                     Ranks Threads  Count      (s)         total sum    %
-----------------------------------------------------------------------------
 Domain decomp.        24    1        126     426.902      26576.492   2.8
 DD comm. load         24    1          7       0.519         32.316   0.0
 Send X to PME         24    1      10001     786.672      48973.652   5.2
 Neighbor search       24    1        126      30.184       1879.102   0.2
 Comm. coord.          24    1       9875    2212.506     137737.927  14.7
 Force                 24    1      10001    1763.062     109758.110  11.7
 Wait + Comm. F        24    1      10001    2302.151     143318.706  15.3
 PME mesh *             4    1      10001    8855.426      91881.328   9.8
 PME wait for PP *                           4038.494      41902.241   4.5
 Wait + Recv. PME F    24    1      10001    2746.765     170997.801  18.3
 NB X/F buffer ops.    24    1      29751       2.661        165.651   0.0
 Write traj.           24    1         35       9.291        578.421   0.1
 Update                24    1      10001       0.411         25.558   0.0
 Constraints           24    1      10003    2274.754     141613.121  15.1
 Comm. energies        24    1       1001     326.788      20343.938   2.2
 Rest                                          12.262        763.342   0.1
-----------------------------------------------------------------------------
 Total                                      12894.927     936558.159 100.0
-----------------------------------------------------------------------------
(*) Note that with separate PME ranks, the walltime column actually sums to
    twice the total reported, but the cycle count total and % are correct.
-----------------------------------------------------------------------------
 Breakdown of PME mesh computation
-----------------------------------------------------------------------------
 PME redist. X/F        4    1      20002    5808.586      60268.206   6.4
 PME spread             4    1      10001     746.309       7743.489   0.8
 PME gather             4    1      10001     749.409       7775.653   0.8
 PME 3D-FFT             4    1      20002      15.517        160.997   0.0
 PME 3D-FFT Comm.       4    1      20002    1534.151      15917.906   1.7
 PME solve Elec         4    1      10001       1.381         14.332   0.0
-----------------------------------------------------------------------------

               Core t (s)   Wall t (s)        (%)
       Time:   361050.416    12894.927     2799.9
                         3h34:54
                 (ns/day)    (hour/ns)
Performance:        0.134      179.078
Finished mdrun on rank 0 Fri Jun 24 15:16:03 2022

