                      :-) GROMACS - gmx mdrun, 2021.2 (-:

                            GROMACS is written by:
     Andrey Alekseenko              Emile Apol              Rossen Apostolov     
         Paul Bauer           Herman J.C. Berendsen           Par Bjelkmar       
       Christian Blau           Viacheslav Bolnykh             Kevin Boyd        
     Aldert van Buuren           Rudi van Drunen             Anton Feenstra      
    Gilles Gouaillardet             Alan Gray               Gerrit Groenhof      
       Anca Hamuraru            Vincent Hindriksen          M. Eric Irrgang      
      Aleksei Iupinov           Christoph Junghans             Joe Jordan        
    Dimitrios Karkoulis            Peter Kasson                Jiri Kraus        
      Carsten Kutzner              Per Larsson              Justin A. Lemkul     
       Viveca Lindahl            Magnus Lundborg             Erik Marklund       
        Pascal Merz             Pieter Meulenhoff            Teemu Murtola       
        Szilard Pall               Sander Pronk              Roland Schulz       
       Michael Shirts            Alexey Shvetsov             Alfons Sijbers      
       Peter Tieleman              Jon Vincent              Teemu Virolainen     
     Christian Wennberg            Maarten Wolf              Artem Zhmurov       
                           and the project leaders:
        Mark Abraham, Berk Hess, Erik Lindahl, and David van der Spoel

Copyright (c) 1991-2000, University of Groningen, The Netherlands.
Copyright (c) 2001-2019, The GROMACS development team at
Uppsala University, Stockholm University and
the Royal Institute of Technology, Sweden.
check out http://www.gromacs.org for more information.

GROMACS is free software; you can redistribute it and/or modify it
under the terms of the GNU Lesser General Public License
as published by the Free Software Foundation; either version 2.1
of the License, or (at your option) any later version.

GROMACS:      gmx mdrun, version 2021.2
Executable:   /gpfs/opt/apps/gromacs-2021.2/bin/gmx
Data prefix:  /gpfs/opt/apps/gromacs-2021.2
Working dir:  /gpfs/work/tuk27574/fragment_builder
Process ID:   1503
Command line:
  gmx mdrun -s ./combo_folder/HAA/nvt_HAA10.tpr -deffnm ./combo_folder/HAA/combo_nvt_HAA10

GROMACS version:    2021.2
Verified release checksum is d91a739522d82c53dc47c2276b9ac5fae3b2119283e84e3a1c7bed8ce741fda2
Precision:          mixed
Memory model:       64 bit
MPI library:        thread_mpi
OpenMP support:     enabled (GMX_OPENMP_MAX_THREADS = 64)
GPU support:        disabled
SIMD instructions:  SSE4.1
FFT library:        fftw-3.3.3-sse2
RDTSCP usage:       enabled
TNG support:        enabled
Hwloc support:      disabled
Tracing support:    disabled
C compiler:         /gpfs/opt/tools/gcc-8.4.0/bin/gcc GNU 8.4.0
C compiler flags:   -msse4.1 -Wno-missing-field-initializers -fexcess-precision=fast -funroll-all-loops -O3 -DNDEBUG
C++ compiler:       /gpfs/opt/tools/gcc-8.4.0/bin/g++ GNU 8.4.0
C++ compiler flags: -msse4.1 -Wno-missing-field-initializers -fexcess-precision=fast -funroll-all-loops -fopenmp -O3 -DNDEBUG


Running on 1 node with total 28 cores, 28 logical cores
Hardware detected:
  CPU info:
    Vendor: Intel
    Brand:  Intel(R) Xeon(R) CPU E5-2690 v4 @ 2.60GHz
    Family: 6   Model: 79   Stepping: 1
    Features: aes apic avx avx2 clfsh cmov cx8 cx16 f16c fma hle htt intel lahf mmx msr nonstop_tsc pcid pclmuldq pdcm pdpe1gb popcnt pse rdrnd rdtscp rtm sse2 sse3 sse4.1 sse4.2 ssse3 tdt x2apic
  Hardware topology: Basic
    Sockets, cores, and logical processors:
      Socket  0: [   0] [   2] [   4] [   6] [   8] [  10] [  12] [  14] [  16] [  18] [  20] [  22] [  24] [  26]
      Socket  1: [   1] [   3] [   5] [   7] [   9] [  11] [  13] [  15] [  17] [  19] [  21] [  23] [  25] [  27]

Highest SIMD level requested by all nodes in run: AVX2_256
SIMD instructions selected at compile time:       SSE4.1
This program was compiled for different hardware than you are running on,
which could influence performance.

++++ PLEASE READ AND CITE THE FOLLOWING REFERENCE ++++
M. J. Abraham, T. Murtola, R. Schulz, S. Páll, J. C. Smith, B. Hess, E.
Lindahl
GROMACS: High performance molecular simulations through multi-level
parallelism from laptops to supercomputers
SoftwareX 1 (2015) pp. 19-25
-------- -------- --- Thank You --- -------- --------


++++ PLEASE READ AND CITE THE FOLLOWING REFERENCE ++++
S. Páll, M. J. Abraham, C. Kutzner, B. Hess, E. Lindahl
Tackling Exascale Software Challenges in Molecular Dynamics Simulations with
GROMACS
In S. Markidis & E. Laure (Eds.), Solving Software Challenges for Exascale 8759 (2015) pp. 3-27
-------- -------- --- Thank You --- -------- --------


++++ PLEASE READ AND CITE THE FOLLOWING REFERENCE ++++
S. Pronk, S. Páll, R. Schulz, P. Larsson, P. Bjelkmar, R. Apostolov, M. R.
Shirts, J. C. Smith, P. M. Kasson, D. van der Spoel, B. Hess, and E. Lindahl
GROMACS 4.5: a high-throughput and highly parallel open source molecular
simulation toolkit
Bioinformatics 29 (2013) pp. 845-54
-------- -------- --- Thank You --- -------- --------


++++ PLEASE READ AND CITE THE FOLLOWING REFERENCE ++++
B. Hess and C. Kutzner and D. van der Spoel and E. Lindahl
GROMACS 4: Algorithms for highly efficient, load-balanced, and scalable
molecular simulation
J. Chem. Theory Comput. 4 (2008) pp. 435-447
-------- -------- --- Thank You --- -------- --------


++++ PLEASE READ AND CITE THE FOLLOWING REFERENCE ++++
D. van der Spoel, E. Lindahl, B. Hess, G. Groenhof, A. E. Mark and H. J. C.
Berendsen
GROMACS: Fast, Flexible and Free
J. Comp. Chem. 26 (2005) pp. 1701-1719
-------- -------- --- Thank You --- -------- --------


++++ PLEASE READ AND CITE THE FOLLOWING REFERENCE ++++
E. Lindahl and B. Hess and D. van der Spoel
GROMACS 3.0: A package for molecular simulation and trajectory analysis
J. Mol. Mod. 7 (2001) pp. 306-317
-------- -------- --- Thank You --- -------- --------


++++ PLEASE READ AND CITE THE FOLLOWING REFERENCE ++++
H. J. C. Berendsen, D. van der Spoel and R. van Drunen
GROMACS: A message-passing parallel molecular dynamics implementation
Comp. Phys. Comm. 91 (1995) pp. 43-56
-------- -------- --- Thank You --- -------- --------


++++ PLEASE CITE THE DOI FOR THIS VERSION OF GROMACS ++++
https://doi.org/10.5281/zenodo.4723562
-------- -------- --- Thank You --- -------- --------


The number of OpenMP threads was set by environment variable OMP_NUM_THREADS to 1

Input Parameters:
   integrator                     = md
   tinit                          = 0
   dt                             = 0.002
   nsteps                         = 10000
   init-step                      = 0
   simulation-part                = 1
   mts                            = false
   comm-mode                      = Linear
   nstcomm                        = 100
   bd-fric                        = 0
   ld-seed                        = -835061161
   emtol                          = 10
   emstep                         = 0.01
   niter                          = 20
   fcstep                         = 0
   nstcgsteep                     = 1000
   nbfgscorr                      = 10
   rtpi                           = 0.05
   nstxout                        = 0
   nstvout                        = 0
   nstfout                        = 0
   nstlog                         = 500
   nstcalcenergy                  = 100
   nstenergy                      = 500
   nstxout-compressed             = 500
   compressed-x-precision         = 1000
   cutoff-scheme                  = Verlet
   nstlist                        = 20
   pbc                            = xyz
   periodic-molecules             = false
   verlet-buffer-tolerance        = 0.005
   rlist                          = 1.221
   coulombtype                    = PME
   coulomb-modifier               = Potential-shift
   rcoulomb-switch                = 0
   rcoulomb                       = 1.2
   epsilon-r                      = 1
   epsilon-rf                     = inf
   vdw-type                       = Cut-off
   vdw-modifier                   = Force-switch
   rvdw-switch                    = 1
   rvdw                           = 1.2
   DispCorr                       = No
   table-extension                = 1
   fourierspacing                 = 0.16
   fourier-nx                     = 72
   fourier-ny                     = 72
   fourier-nz                     = 72
   pme-order                      = 4
   ewald-rtol                     = 1e-05
   ewald-rtol-lj                  = 0.001
   lj-pme-comb-rule               = Geometric
   ewald-geometry                 = 0
   epsilon-surface                = 0
   tcoupl                         = V-rescale
   nsttcouple                     = 10
   nh-chain-length                = 0
   print-nose-hoover-chain-variables = false
   pcoupl                         = No
   pcoupltype                     = Isotropic
   nstpcouple                     = -1
   tau-p                          = 1
   compressibility (3x3):
      compressibility[    0]={ 0.00000e+00,  0.00000e+00,  0.00000e+00}
      compressibility[    1]={ 0.00000e+00,  0.00000e+00,  0.00000e+00}
      compressibility[    2]={ 0.00000e+00,  0.00000e+00,  0.00000e+00}
   ref-p (3x3):
      ref-p[    0]={ 0.00000e+00,  0.00000e+00,  0.00000e+00}
      ref-p[    1]={ 0.00000e+00,  0.00000e+00,  0.00000e+00}
      ref-p[    2]={ 0.00000e+00,  0.00000e+00,  0.00000e+00}
   refcoord-scaling               = No
   posres-com (3):
      posres-com[0]= 0.00000e+00
      posres-com[1]= 0.00000e+00
      posres-com[2]= 0.00000e+00
   posres-comB (3):
      posres-comB[0]= 0.00000e+00
      posres-comB[1]= 0.00000e+00
      posres-comB[2]= 0.00000e+00
   QMMM                           = false
qm-opts:
   ngQM                           = 0
   constraint-algorithm           = Lincs
   continuation                   = false
   Shake-SOR                      = false
   shake-tol                      = 0.0001
   lincs-order                    = 4
   lincs-iter                     = 1
   lincs-warnangle                = 30
   nwall                          = 0
   wall-type                      = 9-3
   wall-r-linpot                  = -1
   wall-atomtype[0]               = -1
   wall-atomtype[1]               = -1
   wall-density[0]                = 0
   wall-density[1]                = 0
   wall-ewald-zfac                = 3
   pull                           = false
   awh                            = false
   rotation                       = false
   interactiveMD                  = false
   disre                          = No
   disre-weighting                = Conservative
   disre-mixed                    = false
   dr-fc                          = 1000
   dr-tau                         = 0
   nstdisreout                    = 100
   orire-fc                       = 0
   orire-tau                      = 0
   nstorireout                    = 100
   free-energy                    = no
   cos-acceleration               = 0
   deform (3x3):
      deform[    0]={ 0.00000e+00,  0.00000e+00,  0.00000e+00}
      deform[    1]={ 0.00000e+00,  0.00000e+00,  0.00000e+00}
      deform[    2]={ 0.00000e+00,  0.00000e+00,  0.00000e+00}
   simulated-tempering            = false
   swapcoords                     = no
   userint1                       = 0
   userint2                       = 0
   userint3                       = 0
   userint4                       = 0
   userreal1                      = 0
   userreal2                      = 0
   userreal3                      = 0
   userreal4                      = 0
   applied-forces:
     electric-field:
       x:
         E0                       = 0
         omega                    = 0
         t0                       = 0
         sigma                    = 0
       y:
         E0                       = 0
         omega                    = 0
         t0                       = 0
         sigma                    = 0
       z:
         E0                       = 0
         omega                    = 0
         t0                       = 0
         sigma                    = 0
     density-guided-simulation:
       active                     = false
       group                      = protein
       similarity-measure         = inner-product
       atom-spreading-weight      = unity
       force-constant             = 1e+09
       gaussian-transform-spreading-width = 0.2
       gaussian-transform-spreading-range-in-multiples-of-width = 4
       reference-density-filename = reference.mrc
       nst                        = 1
       normalize-densities        = true
       adaptive-force-scaling     = false
       adaptive-force-scaling-time-constant = 4
       shift-vector               = 
       transformation-matrix      = 
grpopts:
   nrdf:     23287.7     299.996      216651
   ref-t:         300         300         300
   tau-t:         0.1         0.1         0.1
annealing:          No          No          No
annealing-npoints:           0           0           0
   acc:	           0           0           0
   nfreeze:           N           N           N
   energygrp-flags[  0]: 0

Changing nstlist from 20 to 80, rlist from 1.221 to 1.317


Initializing Domain Decomposition on 28 ranks
Dynamic load balancing: auto
Minimum cell size due to atom displacement: 0.649 nm
Initial maximum distances in bonded interactions:
    two-body bonded interactions: 0.423 nm, LJ-14, atoms 2530 2538
  multi-body bonded interactions: 0.423 nm, Proper Dih., atoms 2530 2538
Minimum cell size due to bonded interactions: 0.466 nm
Maximum distance for 5 constraints, at 120 deg. angles, all-trans: 0.219 nm
Estimated maximum distance required for P-LINCS: 0.219 nm
Scaling the initial minimum size with 1/0.8 (option -dds) = 1.25
Guess for relative PME load: 0.09
Will use 24 particle-particle and 4 PME only ranks
This is a guess, check the performance at the end of the log file
Using 4 separate PME ranks, as guessed by mdrun
Optimizing the DD grid for 24 cells with a minimum initial size of 0.811 nm
The maximum allowed number of cells is: X 13 Y 13 Z 13
Domain decomposition grid 4 x 3 x 2, separate PME ranks 4
PME domain decomposition: 4 x 1 x 1
Interleaving PP and PME ranks
This rank does only particle-particle work.
Domain decomposition rank 0, coordinates 0 0 0

The initial number of communication pulses is: X 1 Y 1 Z 1
The initial domain decomposition cell size is: X 2.66 nm Y 3.54 nm Z 5.31 nm

The maximum allowed distance for atoms involved in interactions is:
                 non-bonded interactions           1.317 nm
            two-body bonded interactions  (-rdd)   1.317 nm
          multi-body bonded interactions  (-rdd)   1.317 nm
  atoms separated by up to 5 constraints  (-rcon)  2.656 nm

When dynamic load balancing gets turned on, these settings will change to:
The maximum number of communication pulses is: X 1 Y 1 Z 1
The minimum size for domain decomposition cells is 1.317 nm
The requested allowed shrink of DD cells (option -dds) is: 0.80
The allowed shrink of domain decomposition cells is: X 0.50 Y 0.37 Z 0.25
The maximum allowed distance for atoms involved in interactions is:
                 non-bonded interactions           1.317 nm
            two-body bonded interactions  (-rdd)   1.317 nm
          multi-body bonded interactions  (-rdd)   1.317 nm
  atoms separated by up to 5 constraints  (-rcon)  1.317 nm

Using 28 MPI threads
Using 1 OpenMP thread per tMPI thread

Pinning threads with an auto-selected logical core stride of 1
System total charge: 0.000
Will do PME sum in reciprocal space for electrostatic interactions.

++++ PLEASE READ AND CITE THE FOLLOWING REFERENCE ++++
U. Essmann, L. Perera, M. L. Berkowitz, T. Darden, H. Lee and L. G. Pedersen 
A smooth particle mesh Ewald method
J. Chem. Phys. 103 (1995) pp. 8577-8592
-------- -------- --- Thank You --- -------- --------

Using a Gaussian width (1/beta) of 0.384195 nm for Ewald
Potential shift: LJ r^-12: -2.648e-01 r^-6: -5.349e-01, Ewald -8.333e-06
Initialized non-bonded Ewald tables, spacing: 1.02e-03 size: 1176

Generated table with 1158 data points for 1-4 COUL.
Tabscale = 500 points/nm
Generated table with 1158 data points for 1-4 LJ6.
Tabscale = 500 points/nm
Generated table with 1158 data points for 1-4 LJ12.
Tabscale = 500 points/nm


Using SIMD 4x4 nonbonded short-range kernels

Using a dual 4x4 pair-list setup updated with dynamic pruning:
  outer list: updated every 80 steps, buffer 0.117 nm, rlist 1.317 nm
  inner list: updated every 13 steps, buffer 0.001 nm, rlist 1.201 nm
At tolerance 0.005 kJ/mol/ps per atom, equivalent classical 1x1 list would be:
  outer list: updated every 80 steps, buffer 0.261 nm, rlist 1.461 nm
  inner list: updated every 13 steps, buffer 0.051 nm, rlist 1.251 nm
Removing pbc first time

Initializing Parallel LINear Constraint Solver

++++ PLEASE READ AND CITE THE FOLLOWING REFERENCE ++++
B. Hess
P-LINCS: A Parallel Linear Constraint Solver for molecular simulation
J. Chem. Theory Comput. 4 (2008) pp. 116-122
-------- -------- --- Thank You --- -------- --------

The number of constraints is 4660
There are constraints between atoms in different decomposition domains,
will communicate selected coordinates each lincs iteration

++++ PLEASE READ AND CITE THE FOLLOWING REFERENCE ++++
S. Miyamoto and P. A. Kollman
SETTLE: An Analytical Version of the SHAKE and RATTLE Algorithms for Rigid
Water Models
J. Comp. Chem. 13 (1992) pp. 952-962
-------- -------- --- Thank You --- -------- --------


Linking all bonded interactions to atoms


Intra-simulation communication will occur every 10 steps.

++++ PLEASE READ AND CITE THE FOLLOWING REFERENCE ++++
G. Bussi, D. Donadio and M. Parrinello
Canonical sampling through velocity rescaling
J. Chem. Phys. 126 (2007) pp. 014101
-------- -------- --- Thank You --- -------- --------

There are: 117670 Atoms
Atom distribution over 24 domains: av 4902 stddev 118 min 4832 max 5077

Constraining the starting coordinates (step 0)

Constraining the coordinates at t0-dt (step 0)
Center of mass motion removal mode is Linear
We have the following groups for center of mass motion removal:
  0:  rest
RMS relative constraint deviation after constraining: 1.64e-06
Initial temperature: 299.917 K

Started mdrun on rank 0 Fri Jun 24 07:04:12 2022

           Step           Time
              0        0.00000

   Energies (kJ/mol)
           Bond          Angle    Proper Dih.  Improper Dih.          LJ-14
    1.46994e+03    6.44792e+03    2.78143e+04    2.16532e+02    7.88314e+03
     Coulomb-14        LJ (SR)   Coulomb (SR)   Coul. recip.      Potential
    1.01118e+05    2.38103e+05   -2.28258e+06    3.11147e+03   -1.89642e+06
    Kinetic En.   Total Energy  Conserved En.    Temperature Pressure (bar)
    2.99591e+05   -1.59683e+06   -1.59683e+06    2.99972e+02   -4.43569e+03
   Constr. rmsd
    3.17461e-06


DD  step 79 load imb.: force  3.6%  pme mesh/force 2.263
step  480: timed with pme grid 72 72 72, coulomb cutoff 1.200: 182441.1 M-cycles
           Step           Time
            500        1.00000

   Energies (kJ/mol)
           Bond          Angle    Proper Dih.  Improper Dih.          LJ-14
    7.06110e+03    2.04311e+04    3.10847e+04    1.19016e+03    9.14182e+03
     Coulomb-14        LJ (SR)   Coulomb (SR)   Coul. recip.      Potential
    1.00918e+05    2.10969e+05   -1.94833e+06    4.17342e+03   -1.56336e+06
    Kinetic En.   Total Energy  Conserved En.    Temperature Pressure (bar)
    2.95018e+05   -1.26834e+06   -1.59401e+06    2.95393e+02   -3.08351e-01
   Constr. rmsd
    3.32196e-06

step  640: timed with pme grid 60 60 60, coulomb cutoff 1.328: 182022.7 M-cycles
step  800: timed with pme grid 52 52 52, coulomb cutoff 1.532: 182389.9 M-cycles
step  960: timed with pme grid 48 48 48, coulomb cutoff 1.660: 184610.1 M-cycles
Writing checkpoint, step 960 at Fri Jun 24 07:20:34 2022


           Step           Time
           1000        2.00000

   Energies (kJ/mol)
           Bond          Angle    Proper Dih.  Improper Dih.          LJ-14
    7.32347e+03    2.06052e+04    3.08612e+04    1.08981e+03    9.19236e+03
     Coulomb-14        LJ (SR)   Coulomb (SR)   Coul. recip.      Potential
    1.01409e+05    2.05748e+05   -1.92931e+06    1.52041e+03   -1.55156e+06
    Kinetic En.   Total Energy  Conserved En.    Temperature Pressure (bar)
    2.98231e+05   -1.25333e+06   -1.59400e+06    2.98610e+02   -3.12806e+01
   Constr. rmsd
    3.06759e-06

step 1120: timed with pme grid 44 44 44, coulomb cutoff 1.811: 199677.5 M-cycles
step 1120: the maximum allowed grid scaling limits the PME load balancing to a coulomb cut-off of 1.811
step 1280: timed with pme grid 44 44 44, coulomb cutoff 1.811: 199270.2 M-cycles
step 1440: timed with pme grid 48 48 48, coulomb cutoff 1.660: 184430.9 M-cycles
           Step           Time
           1500        3.00000

   Energies (kJ/mol)
           Bond          Angle    Proper Dih.  Improper Dih.          LJ-14
    7.61547e+03    2.06157e+04    3.09760e+04    1.14840e+03    8.92177e+03
     Coulomb-14        LJ (SR)   Coulomb (SR)   Coul. recip.      Potential
    1.00774e+05    2.04437e+05   -1.93056e+06    2.66057e+03   -1.55341e+06
    Kinetic En.   Total Energy  Conserved En.    Temperature Pressure (bar)
    2.99956e+05   -1.25346e+06   -1.59403e+06    3.00338e+02   -2.03708e+02
   Constr. rmsd
    3.23755e-06

step 1600: timed with pme grid 52 52 52, coulomb cutoff 1.532: 183564.8 M-cycles
step 1760: timed with pme grid 56 56 56, coulomb cutoff 1.423: 183252.4 M-cycles
Writing checkpoint, step 1760 at Fri Jun 24 07:34:51 2022


step 1920: timed with pme grid 60 60 60, coulomb cutoff 1.328: 182778.8 M-cycles

DD  step 1999 load imb.: force 12.7%  pme mesh/force 2.077
           Step           Time
           2000        4.00000

   Energies (kJ/mol)
           Bond          Angle    Proper Dih.  Improper Dih.          LJ-14
    7.35104e+03    2.04552e+04    3.10067e+04    1.21645e+03    9.18573e+03
     Coulomb-14        LJ (SR)   Coulomb (SR)   Coul. recip.      Potential
    1.01011e+05    2.03953e+05   -1.92991e+06    5.29455e+03   -1.55044e+06
    Kinetic En.   Total Energy  Conserved En.    Temperature Pressure (bar)
    2.97687e+05   -1.25275e+06   -1.59401e+06    2.98065e+02   -1.23056e+02
   Constr. rmsd
    3.25761e-06

step 2080: timed with pme grid 64 64 64, coulomb cutoff 1.245: 182994.9 M-cycles
step 2240: timed with pme grid 72 72 72, coulomb cutoff 1.200: 181387.6 M-cycles
              optimal pme grid 72 72 72, coulomb cutoff 1.200
           Step           Time
           2500        5.00000

   Energies (kJ/mol)
           Bond          Angle    Proper Dih.  Improper Dih.          LJ-14
    7.11573e+03    2.05883e+04    3.11021e+04    1.12718e+03    9.14350e+03
     Coulomb-14        LJ (SR)   Coulomb (SR)   Coul. recip.      Potential
    1.00778e+05    2.02370e+05   -1.92964e+06    5.95892e+03   -1.55146e+06
    Kinetic En.   Total Energy  Conserved En.    Temperature Pressure (bar)
    2.97768e+05   -1.25369e+06   -1.59387e+06    2.98147e+02   -1.28178e+02
   Constr. rmsd
    3.09700e-06

Writing checkpoint, step 2640 at Fri Jun 24 07:49:55 2022


           Step           Time
           3000        6.00000

   Energies (kJ/mol)
           Bond          Angle    Proper Dih.  Improper Dih.          LJ-14
    7.27006e+03    2.05167e+04    3.09205e+04    1.24106e+03    9.23833e+03
     Coulomb-14        LJ (SR)   Coulomb (SR)   Coul. recip.      Potential
    1.00907e+05    2.06612e+05   -1.93594e+06    5.88620e+03   -1.55335e+06
    Kinetic En.   Total Energy  Conserved En.    Temperature Pressure (bar)
    2.99854e+05   -1.25349e+06   -1.59391e+06    3.00236e+02   -3.87770e+01
   Constr. rmsd
    3.34457e-06

           Step           Time
           3500        7.00000

   Energies (kJ/mol)
           Bond          Angle    Proper Dih.  Improper Dih.          LJ-14
    7.59451e+03    2.03204e+04    3.09901e+04    1.17924e+03    9.17555e+03
     Coulomb-14        LJ (SR)   Coulomb (SR)   Coul. recip.      Potential
    1.01342e+05    2.02633e+05   -1.93021e+06    5.82928e+03   -1.55115e+06
    Kinetic En.   Total Energy  Conserved En.    Temperature Pressure (bar)
    2.99553e+05   -1.25160e+06   -1.59385e+06    2.99934e+02   -2.04641e+02
   Constr. rmsd
    3.25330e-06

Writing checkpoint, step 3520 at Fri Jun 24 08:04:58 2022



DD  step 3999 load imb.: force  2.6%  pme mesh/force 2.249
           Step           Time
           4000        8.00000

   Energies (kJ/mol)
           Bond          Angle    Proper Dih.  Improper Dih.          LJ-14
    7.37880e+03    2.06846e+04    3.11017e+04    1.18666e+03    9.03114e+03
     Coulomb-14        LJ (SR)   Coulomb (SR)   Coul. recip.      Potential
    1.00779e+05    2.05565e+05   -1.93499e+06    6.01968e+03   -1.55325e+06
    Kinetic En.   Total Energy  Conserved En.    Temperature Pressure (bar)
    2.99920e+05   -1.25333e+06   -1.59386e+06    3.00301e+02   -1.23651e+02
   Constr. rmsd
    3.38859e-06

Writing checkpoint, step 4400 at Fri Jun 24 08:20:00 2022


           Step           Time
           4500        9.00000

   Energies (kJ/mol)
           Bond          Angle    Proper Dih.  Improper Dih.          LJ-14
    7.37074e+03    2.01566e+04    3.09653e+04    1.10305e+03    8.96722e+03
     Coulomb-14        LJ (SR)   Coulomb (SR)   Coul. recip.      Potential
    1.00592e+05    2.03140e+05   -1.93171e+06    5.91934e+03   -1.55350e+06
    Kinetic En.   Total Energy  Conserved En.    Temperature Pressure (bar)
    2.99913e+05   -1.25358e+06   -1.59389e+06    3.00295e+02   -2.64685e+02
   Constr. rmsd
    3.07130e-06

           Step           Time
           5000       10.00000

   Energies (kJ/mol)
           Bond          Angle    Proper Dih.  Improper Dih.          LJ-14
    7.25129e+03    2.06101e+04    3.10362e+04    1.26816e+03    9.05701e+03
     Coulomb-14        LJ (SR)   Coulomb (SR)   Coul. recip.      Potential
    1.01276e+05    2.05129e+05   -1.93477e+06    5.95942e+03   -1.55318e+06
    Kinetic En.   Total Energy  Conserved En.    Temperature Pressure (bar)
    2.99432e+05   -1.25375e+06   -1.59380e+06    2.99813e+02   -1.14115e+02
   Constr. rmsd
    3.19994e-06

Writing checkpoint, step 5280 at Fri Jun 24 08:35:04 2022


           Step           Time
           5500       11.00000

   Energies (kJ/mol)
           Bond          Angle    Proper Dih.  Improper Dih.          LJ-14
    7.13509e+03    2.00918e+04    3.09660e+04    1.16126e+03    9.22733e+03
     Coulomb-14        LJ (SR)   Coulomb (SR)   Coul. recip.      Potential
    1.00752e+05    2.05441e+05   -1.93334e+06    5.95425e+03   -1.55261e+06
    Kinetic En.   Total Energy  Conserved En.    Temperature Pressure (bar)
    2.98579e+05   -1.25403e+06   -1.59382e+06    2.98959e+02    5.78740e-02
   Constr. rmsd
    3.14917e-06


DD  step 5999 load imb.: force  2.5%  pme mesh/force 2.258
           Step           Time
           6000       12.00000

   Energies (kJ/mol)
           Bond          Angle    Proper Dih.  Improper Dih.          LJ-14
    7.43100e+03    2.09611e+04    3.10521e+04    1.19773e+03    9.00138e+03
     Coulomb-14        LJ (SR)   Coulomb (SR)   Coul. recip.      Potential
    1.01088e+05    2.02434e+05   -1.93028e+06    5.89264e+03   -1.55122e+06
    Kinetic En.   Total Energy  Conserved En.    Temperature Pressure (bar)
    3.00812e+05   -1.25041e+06   -1.59378e+06    3.01195e+02   -2.02882e+02
   Constr. rmsd
    3.27601e-06

Writing checkpoint, step 6160 at Fri Jun 24 08:50:07 2022


           Step           Time
           6500       13.00000

   Energies (kJ/mol)
           Bond          Angle    Proper Dih.  Improper Dih.          LJ-14
    7.26018e+03    2.07262e+04    3.09332e+04    1.18700e+03    9.18993e+03
     Coulomb-14        LJ (SR)   Coulomb (SR)   Coul. recip.      Potential
    1.00521e+05    2.02757e+05   -1.92925e+06    5.92708e+03   -1.55075e+06
    Kinetic En.   Total Energy  Conserved En.    Temperature Pressure (bar)
    2.99978e+05   -1.25077e+06   -1.59380e+06    3.00360e+02   -9.05849e+01
   Constr. rmsd
    3.14532e-06

           Step           Time
           7000       14.00000

   Energies (kJ/mol)
           Bond          Angle    Proper Dih.  Improper Dih.          LJ-14
    7.32862e+03    2.05814e+04    3.07525e+04    1.10927e+03    9.07984e+03
     Coulomb-14        LJ (SR)   Coulomb (SR)   Coul. recip.      Potential
    1.00817e+05    2.03092e+05   -1.93160e+06    6.03990e+03   -1.55280e+06
    Kinetic En.   Total Energy  Conserved En.    Temperature Pressure (bar)
    2.98111e+05   -1.25469e+06   -1.59373e+06    2.98491e+02   -2.01089e+02
   Constr. rmsd
    3.41737e-06

Writing checkpoint, step 7040 at Fri Jun 24 09:05:09 2022


           Step           Time
           7500       15.00000

   Energies (kJ/mol)
           Bond          Angle    Proper Dih.  Improper Dih.          LJ-14
    7.25903e+03    2.02375e+04    3.07182e+04    1.18312e+03    9.27925e+03
     Coulomb-14        LJ (SR)   Coulomb (SR)   Coul. recip.      Potential
    1.00971e+05    2.03645e+05   -1.93067e+06    5.90455e+03   -1.55147e+06
    Kinetic En.   Total Energy  Conserved En.    Temperature Pressure (bar)
    2.99619e+05   -1.25185e+06   -1.59375e+06    3.00001e+02   -1.09257e+02
   Constr. rmsd
    3.20116e-06

Writing checkpoint, step 7920 at Fri Jun 24 09:20:09 2022



DD  step 7999 load imb.: force  2.8%  pme mesh/force 2.263
           Step           Time
           8000       16.00000

   Energies (kJ/mol)
           Bond          Angle    Proper Dih.  Improper Dih.          LJ-14
    7.31777e+03    2.07957e+04    3.08409e+04    1.11255e+03    9.08909e+03
     Coulomb-14        LJ (SR)   Coulomb (SR)   Coul. recip.      Potential
    1.01085e+05    2.04153e+05   -1.93214e+06    5.97863e+03   -1.55177e+06
    Kinetic En.   Total Energy  Conserved En.    Temperature Pressure (bar)
    3.00156e+05   -1.25162e+06   -1.59374e+06    3.00538e+02   -1.81810e+02
   Constr. rmsd
    3.21894e-06

           Step           Time
           8500       17.00000

   Energies (kJ/mol)
           Bond          Angle    Proper Dih.  Improper Dih.          LJ-14
    7.12921e+03    2.04631e+04    3.09152e+04    1.17263e+03    9.04753e+03
     Coulomb-14        LJ (SR)   Coulomb (SR)   Coul. recip.      Potential
    1.00827e+05    2.05804e+05   -1.93356e+06    5.93569e+03   -1.55226e+06
    Kinetic En.   Total Energy  Conserved En.    Temperature Pressure (bar)
    2.99080e+05   -1.25318e+06   -1.59374e+06    2.99461e+02   -7.49183e+01
   Constr. rmsd
    3.39191e-06

Writing checkpoint, step 8800 at Fri Jun 24 09:35:10 2022


           Step           Time
           9000       18.00000

   Energies (kJ/mol)
           Bond          Angle    Proper Dih.  Improper Dih.          LJ-14
    7.31823e+03    2.04005e+04    3.09724e+04    1.14366e+03    9.18147e+03
     Coulomb-14        LJ (SR)   Coulomb (SR)   Coul. recip.      Potential
    1.01089e+05    2.02501e+05   -1.92853e+06    6.02314e+03   -1.54990e+06
    Kinetic En.   Total Energy  Conserved En.    Temperature Pressure (bar)
    3.00115e+05   -1.24979e+06   -1.59369e+06    3.00497e+02   -1.59889e+02
   Constr. rmsd
    3.08684e-06

           Step           Time
           9500       19.00000

   Energies (kJ/mol)
           Bond          Angle    Proper Dih.  Improper Dih.          LJ-14
    7.15854e+03    2.02653e+04    3.10281e+04    1.15514e+03    9.02739e+03
     Coulomb-14        LJ (SR)   Coulomb (SR)   Coul. recip.      Potential
    1.00751e+05    2.06341e+05   -1.93480e+06    6.00483e+03   -1.55307e+06
    Kinetic En.   Total Energy  Conserved En.    Temperature Pressure (bar)
    2.99790e+05   -1.25328e+06   -1.59371e+06    3.00171e+02   -1.98637e+01
   Constr. rmsd
    3.21331e-06

Writing checkpoint, step 9840 at Fri Jun 24 09:49:35 2022



DD  step 9999 load imb.: force  3.7%  pme mesh/force 2.260
           Step           Time
          10000       20.00000

Writing checkpoint, step 10000 at Fri Jun 24 09:51:21 2022


   Energies (kJ/mol)
           Bond          Angle    Proper Dih.  Improper Dih.          LJ-14
    7.43409e+03    2.08168e+04    3.09814e+04    1.18218e+03    9.15586e+03
     Coulomb-14        LJ (SR)   Coulomb (SR)   Coul. recip.      Potential
    1.00911e+05    2.03554e+05   -1.93143e+06    6.08462e+03   -1.55131e+06
    Kinetic En.   Total Energy  Conserved En.    Temperature Pressure (bar)
    3.01370e+05   -1.24994e+06   -1.59365e+06    3.01754e+02   -9.08159e+01
   Constr. rmsd
    3.36589e-06


Energy conservation over simulation part #1 of length 20 ns, time 0 to 20 ns
  Conserved energy drift: 1.35e-03 kJ/mol/ps per atom


	<======  ###############  ==>
	<====  A V E R A G E S  ====>
	<==  ###############  ======>

	Statistics over 10001 steps using 101 frames

   Energies (kJ/mol)
           Bond          Angle    Proper Dih.  Improper Dih.          LJ-14
    7.22941e+03    2.03518e+04    3.09054e+04    1.14249e+03    9.08383e+03
     Coulomb-14        LJ (SR)   Coulomb (SR)   Coul. recip.      Potential
    1.00970e+05    2.05198e+05   -1.93817e+06    5.43488e+03   -1.55785e+06
    Kinetic En.   Total Energy  Conserved En.    Temperature Pressure (bar)
    2.98283e+05   -1.25957e+06   -1.59386e+06    2.98663e+02   -1.91636e+02
   Constr. rmsd
    0.00000e+00

   Total Virial (kJ/mol)
    1.06208e+05   -5.86888e+01    2.97870e+02
   -6.11377e+01    1.05922e+05   -1.94518e+02
    2.96974e+02   -1.92891e+02    1.06900e+05

   Pressure (bar)
   -1.88570e+02    6.27283e-01   -1.07491e+01
    6.95141e-01   -1.79568e+02    6.58868e+00
   -1.07243e+01    6.54359e+00   -2.06770e+02

      T-Protein          T-HAAT-Water_and_ions
    2.98917e+02    2.95602e+02    2.98639e+02


       P P   -   P M E   L O A D   B A L A N C I N G

 PP/PME load balancing changed the cut-off and PME settings:
           particle-particle                    PME
            rcoulomb  rlist            grid      spacing   1/beta
   initial  1.200 nm  1.201 nm      72  72  72   0.148 nm  0.384 nm
   final    1.200 nm  1.201 nm      72  72  72   0.148 nm  0.384 nm
 cost-ratio           1.00             1.00
 (note that these numbers concern only part of the total PP and PME load)


	M E G A - F L O P S   A C C O U N T I N G

 NB=Group-cutoff nonbonded kernels    NxN=N-by-N cluster Verlet kernels
 RF=Reaction-Field  VdW=Van der Waals  QSTab=quadratic-spline table
 W3=SPC/TIP3p  W4=TIP4p (single or pairs)
 V&F=Potential and force  V=Potential only  F=Force only

 Computing:                               M-Number         M-Flops  % Flops
-----------------------------------------------------------------------------
 Pair Search distance check            7526.977180       67742.795     0.1
 NxN QSTab Elec. + LJ [F]            560187.119872    29689917.353    61.5
 NxN QSTab Elec. + LJ [V&F]            5708.562536      462393.565     1.0
 NxN QSTab Elec. [F]                 465019.353824    15810658.030    32.8
 NxN QSTab Elec. [V&F]                 4738.667560      194285.370     0.4
 1,4 nonbonded interactions             245.384536       22084.608     0.0
 Calc Weights                          3530.453010      127096.308     0.3
 Spread Q Bspline                     75316.330880      150632.662     0.3
 Gather F Bspline                     75316.330880      451897.985     0.9
 3D-FFT                              124637.038912      997096.311     2.1
 Solve PME                               48.081984        3077.247     0.0
 Reset In Box                            14.826420          44.479     0.0
 CG-CoM                                  14.944090          44.832     0.0
 Bonds                                   48.604860        2867.687     0.0
 Angles                                 171.177116       28757.755     0.1
 Propers                                307.770774       70479.507     0.1
 Impropers                               19.201920        3993.999     0.0
 Virial                                  11.993750         215.887     0.0
 Stop-CM                                 12.002340         120.023     0.0
 Calc-Ekin                              235.575340        6360.534     0.0
 Lincs                                   50.097788        3005.867     0.0
 Lincs-Mat                              267.928056        1071.712     0.0
 Constraint-V                          1259.863144       11338.768     0.0
 Constraint-Vir                          12.215552         293.173     0.0
 Settle                                 386.597821      143041.194     0.3
-----------------------------------------------------------------------------
 Total                                                48248517.655   100.0
-----------------------------------------------------------------------------


    D O M A I N   D E C O M P O S I T I O N   S T A T I S T I C S

 av. #atoms communicated per step for force:  2 x 180225.6
 av. #atoms communicated per step for LINCS:  2 x 8462.7


Dynamic load balancing report:
 DLB was off during the run due to low measured imbalance.
 Average load imbalance: 4.4%.
 The balanceable part of the MD step is 37%, load imbalance is computed from this.
 Part of the total run time spent waiting due to load imbalance: 1.7%.
 Average PME mesh/force load: 2.231
 Part of the total run time spent waiting due to PP/PME imbalance: 33.0 %

NOTE: 33.0 % performance was lost because the PME ranks
      had more work to do than the PP ranks.
      You might want to increase the number of PME ranks
      or increase the cut-off and the grid spacing.


     R E A L   C Y C L E   A N D   T I M E   A C C O U N T I N G

On 24 MPI ranks doing PP, and
on 4 MPI ranks doing PME

 Computing:          Num   Num      Call    Wall time         Giga-Cycles
                     Ranks Threads  Count      (s)         total sum    %
-----------------------------------------------------------------------------
 Domain decomp.        24    1        126     332.289      20686.568   2.8
 DD comm. load         24    1          7       0.467         29.099   0.0
 Send X to PME         24    1      10001     604.591      37638.688   5.2
 Neighbor search       24    1        126      24.311       1513.497   0.2
 Comm. coord.          24    1       9875    1708.085     106336.523  14.6
 Force                 24    1      10001    1433.593      89248.110  12.3
 Wait + Comm. F        24    1      10001    1793.666     111664.346  15.3
 PME mesh *             4    1      10001    6906.897      71664.607   9.8
 PME wait for PP *                           3121.884      32392.052   4.4
 Wait + Recv. PME F    24    1      10001    2111.154     131429.510  18.0
 NB X/F buffer ops.    24    1      29751       3.003        186.955   0.0
 Write traj.           24    1         32       6.512        405.396   0.1
 Update                24    1      10001       0.406         25.283   0.0
 Constraints           24    1      10003    1750.578     108981.927  15.0
 Comm. energies        24    1       1001     252.341      15709.436   2.2
 Rest                                           9.872        614.563   0.1
-----------------------------------------------------------------------------
 Total                                      10030.868     728548.216 100.0
-----------------------------------------------------------------------------
(*) Note that with separate PME ranks, the walltime column actually sums to
    twice the total reported, but the cycle count total and % are correct.
-----------------------------------------------------------------------------
 Breakdown of PME mesh computation
-----------------------------------------------------------------------------
 PME redist. X/F        4    1      20002    4539.583      47101.821   6.5
 PME spread             4    1      10001     584.128       6060.795   0.8
 PME gather             4    1      10001     587.030       6090.907   0.8
 PME 3D-FFT             4    1      20002      13.245        137.431   0.0
 PME 3D-FFT Comm.       4    1      20002    1181.481      12258.818   1.7
 PME solve Elec         4    1      10001       1.369         14.204   0.0
-----------------------------------------------------------------------------

               Core t (s)   Wall t (s)        (%)
       Time:   280861.136    10030.868     2800.0
                         2h47:10
                 (ns/day)    (hour/ns)
Performance:        0.172      139.304
Finished mdrun on rank 0 Fri Jun 24 09:51:24 2022

